{"total": {"lines":{"total":35801,"covered":18750,"skipped":0,"pct":52.37},"statements":{"total":39519,"covered":20304,"skipped":0,"pct":51.37},"functions":{"total":5944,"covered":3413,"skipped":0,"pct":57.41},"branches":{"total":32634,"covered":12435,"skipped":0,"pct":38.1},"branchesTrue":{"total":0,"covered":0,"skipped":0,"pct":100}}
,"/home/ubuntu/lemondeDeLila/backend/src/app.module.ts": {"lines":{"total":55,"covered":0,"skipped":0,"pct":0},"functions":{"total":3,"covered":0,"skipped":0,"pct":0},"statements":{"total":57,"covered":0,"skipped":0,"pct":0},"branches":{"total":36,"covered":0,"skipped":0,"pct":0}}
,"/home/ubuntu/lemondeDeLila/backend/src/data-source.ts": {"lines":{"total":10,"covered":0,"skipped":0,"pct":0},"functions":{"total":0,"covered":0,"skipped":0,"pct":100},"statements":{"total":10,"covered":0,"skipped":0,"pct":0},"branches":{"total":13,"covered":0,"skipped":0,"pct":0}}
,"/home/ubuntu/lemondeDeLila/backend/src/main.ts": {"lines":{"total":81,"covered":0,"skipped":0,"pct":0},"functions":{"total":11,"covered":0,"skipped":0,"pct":0},"statements":{"total":81,"covered":0,"skipped":0,"pct":0},"branches":{"total":55,"covered":0,"skipped":0,"pct":0}}
,"/home/ubuntu/lemondeDeLila/backend/src/admin/admin.module.ts": {"lines":{"total":45,"covered":0,"skipped":0,"pct":0},"functions":{"total":1,"covered":0,"skipped":0,"pct":0},"statements":{"total":47,"covered":0,"skipped":0,"pct":0},"branches":{"total":4,"covered":0,"skipped":0,"pct":0}}
,"/home/ubuntu/lemondeDeLila/backend/src/admin/controllers/admin-maintenance.controller.ts": {"lines":{"total":27,"covered":0,"skipped":0,"pct":0},"functions":{"total":11,"covered":0,"skipped":0,"pct":0},"statements":{"total":29,"covered":0,"skipped":0,"pct":0},"branches":{"total":4,"covered":0,"skipped":0,"pct":0}}
,"/home/ubuntu/lemondeDeLila/backend/src/admin/controllers/admin-users.controller.ts": {"lines":{"total":26,"covered":0,"skipped":0,"pct":0},"functions":{"total":9,"covered":0,"skipped":0,"pct":0},"statements":{"total":28,"covered":0,"skipped":0,"pct":0},"branches":{"total":20,"covered":0,"skipped":0,"pct":0}}
,"/home/ubuntu/lemondeDeLila/backend/src/admin/dto/admin-ban-user.dto.ts": {"lines":{"total":5,"covered":0,"skipped":0,"pct":0},"functions":{"total":0,"covered":0,"skipped":0,"pct":100},"statements":{"total":5,"covered":0,"skipped":0,"pct":0},"branches":{"total":0,"covered":0,"skipped":0,"pct":100}}
,"/home/ubuntu/lemondeDeLila/backend/src/admin/dto/admin-create-user.dto.ts": {"lines":{"total":8,"covered":0,"skipped":0,"pct":0},"functions":{"total":0,"covered":0,"skipped":0,"pct":100},"statements":{"total":8,"covered":0,"skipped":0,"pct":0},"branches":{"total":0,"covered":0,"skipped":0,"pct":100}}
,"/home/ubuntu/lemondeDeLila/backend/src/admin/dto/admin-list-users.dto.ts": {"lines":{"total":12,"covered":0,"skipped":0,"pct":0},"functions":{"total":2,"covered":0,"skipped":0,"pct":0},"statements":{"total":15,"covered":0,"skipped":0,"pct":0},"branches":{"total":0,"covered":0,"skipped":0,"pct":100}}
,"/home/ubuntu/lemondeDeLila/backend/src/admin/dto/admin-update-user.dto.ts": {"lines":{"total":10,"covered":0,"skipped":0,"pct":0},"functions":{"total":0,"covered":0,"skipped":0,"pct":100},"statements":{"total":10,"covered":0,"skipped":0,"pct":0},"branches":{"total":0,"covered":0,"skipped":0,"pct":100}}
,"/home/ubuntu/lemondeDeLila/backend/src/admin/entities/role-definition.entity.ts": {"lines":{"total":5,"covered":0,"skipped":0,"pct":0},"functions":{"total":0,"covered":0,"skipped":0,"pct":100},"statements":{"total":7,"covered":0,"skipped":0,"pct":0},"branches":{"total":0,"covered":0,"skipped":0,"pct":100}}
,"/home/ubuntu/lemondeDeLila/backend/src/admin/guards/admin-maintenance.guard.ts": {"lines":{"total":31,"covered":0,"skipped":0,"pct":0},"functions":{"total":6,"covered":0,"skipped":0,"pct":0},"statements":{"total":36,"covered":0,"skipped":0,"pct":0},"branches":{"total":46,"covered":0,"skipped":0,"pct":0}}
,"/home/ubuntu/lemondeDeLila/backend/src/admin/services/admin-catalog-invalidation.service.ts": {"lines":{"total":18,"covered":0,"skipped":0,"pct":0},"functions":{"total":4,"covered":0,"skipped":0,"pct":0},"statements":{"total":20,"covered":0,"skipped":0,"pct":0},"branches":{"total":16,"covered":0,"skipped":0,"pct":0}}
,"/home/ubuntu/lemondeDeLila/backend/src/admin/services/admin-maintenance.service.ts": {"lines":{"total":85,"covered":0,"skipped":0,"pct":0},"functions":{"total":25,"covered":0,"skipped":0,"pct":0},"statements":{"total":92,"covered":0,"skipped":0,"pct":0},"branches":{"total":46,"covered":0,"skipped":0,"pct":0}}
,"/home/ubuntu/lemondeDeLila/backend/src/admin/services/admin-users.service.ts": {"lines":{"total":128,"covered":0,"skipped":0,"pct":0},"functions":{"total":15,"covered":0,"skipped":0,"pct":0},"statements":{"total":130,"covered":0,"skipped":0,"pct":0},"branches":{"total":104,"covered":0,"skipped":0,"pct":0}}
,"/home/ubuntu/lemondeDeLila/backend/src/admin/services/role-definitions.service.ts": {"lines":{"total":50,"covered":0,"skipped":0,"pct":0},"functions":{"total":14,"covered":0,"skipped":0,"pct":0},"statements":{"total":54,"covered":0,"skipped":0,"pct":0},"branches":{"total":38,"covered":0,"skipped":0,"pct":0}}
,"/home/ubuntu/lemondeDeLila/backend/src/admin/ws/admin-bots-ws.handler.ts": {"lines":{"total":34,"covered":0,"skipped":0,"pct":0},"functions":{"total":8,"covered":0,"skipped":0,"pct":0},"statements":{"total":36,"covered":0,"skipped":0,"pct":0},"branches":{"total":18,"covered":0,"skipped":0,"pct":0}}
,"/home/ubuntu/lemondeDeLila/backend/src/admin/ws/admin-broadcast-ws.handler.ts": {"lines":{"total":20,"covered":0,"skipped":0,"pct":0},"functions":{"total":3,"covered":0,"skipped":0,"pct":0},"statements":{"total":22,"covered":0,"skipped":0,"pct":0},"branches":{"total":12,"covered":0,"skipped":0,"pct":0}}
,"/home/ubuntu/lemondeDeLila/backend/src/admin/ws/admin-bug-report-comments-ws.handler.ts": {"lines":{"total":19,"covered":0,"skipped":0,"pct":0},"functions":{"total":3,"covered":0,"skipped":0,"pct":0},"statements":{"total":21,"covered":0,"skipped":0,"pct":0},"branches":{"total":12,"covered":0,"skipped":0,"pct":0}}
,"/home/ubuntu/lemondeDeLila/backend/src/admin/ws/admin-bug-report-comments.dto.ts": {"lines":{"total":5,"covered":0,"skipped":0,"pct":0},"functions":{"total":0,"covered":0,"skipped":0,"pct":100},"statements":{"total":5,"covered":0,"skipped":0,"pct":0},"branches":{"total":0,"covered":0,"skipped":0,"pct":100}}
,"/home/ubuntu/lemondeDeLila/backend/src/admin/ws/admin-bug-reports-ws.handler.ts": {"lines":{"total":45,"covered":0,"skipped":0,"pct":0},"functions":{"total":9,"covered":0,"skipped":0,"pct":0},"statements":{"total":49,"covered":0,"skipped":0,"pct":0},"branches":{"total":26,"covered":0,"skipped":0,"pct":0}}
,"/home/ubuntu/lemondeDeLila/backend/src/admin/ws/admin-bug-reports.dto.ts": {"lines":{"total":13,"covered":0,"skipped":0,"pct":0},"functions":{"total":0,"covered":0,"skipped":0,"pct":100},"statements":{"total":13,"covered":0,"skipped":0,"pct":0},"branches":{"total":0,"covered":0,"skipped":0,"pct":100}}
,"/home/ubuntu/lemondeDeLila/backend/src/admin/ws/admin-chat-ws.handler.ts": {"lines":{"total":54,"covered":0,"skipped":0,"pct":0},"functions":{"total":9,"covered":0,"skipped":0,"pct":0},"statements":{"total":57,"covered":0,"skipped":0,"pct":0},"branches":{"total":50,"covered":0,"skipped":0,"pct":0}}
,"/home/ubuntu/lemondeDeLila/backend/src/admin/ws/admin-client-updates-ws.handler.ts": {"lines":{"total":103,"covered":0,"skipped":0,"pct":0},"functions":{"total":13,"covered":0,"skipped":0,"pct":0},"statements":{"total":109,"covered":0,"skipped":0,"pct":0},"branches":{"total":93,"covered":0,"skipped":0,"pct":0}}
,"/home/ubuntu/lemondeDeLila/backend/src/admin/ws/admin-games-ws.handler.ts": {"lines":{"total":78,"covered":0,"skipped":0,"pct":0},"functions":{"total":13,"covered":0,"skipped":0,"pct":0},"statements":{"total":86,"covered":0,"skipped":0,"pct":0},"branches":{"total":60,"covered":0,"skipped":0,"pct":0}}
,"/home/ubuntu/lemondeDeLila/backend/src/admin/ws/admin-logs-ws.handler.ts": {"lines":{"total":32,"covered":0,"skipped":0,"pct":0},"functions":{"total":6,"covered":0,"skipped":0,"pct":0},"statements":{"total":35,"covered":0,"skipped":0,"pct":0},"branches":{"total":20,"covered":0,"skipped":0,"pct":0}}
,"/home/ubuntu/lemondeDeLila/backend/src/admin/ws/admin-mnemo-quiz-ws.handler.ts": {"lines":{"total":79,"covered":0,"skipped":0,"pct":0},"functions":{"total":21,"covered":0,"skipped":0,"pct":0},"statements":{"total":93,"covered":0,"skipped":0,"pct":0},"branches":{"total":68,"covered":0,"skipped":0,"pct":0}}
,"/home/ubuntu/lemondeDeLila/backend/src/admin/ws/admin-mnemo-quiz.dto.ts": {"lines":{"total":28,"covered":0,"skipped":0,"pct":0},"functions":{"total":0,"covered":0,"skipped":0,"pct":100},"statements":{"total":28,"covered":0,"skipped":0,"pct":0},"branches":{"total":0,"covered":0,"skipped":0,"pct":100}}
,"/home/ubuntu/lemondeDeLila/backend/src/admin/ws/admin-perf-ws.handler.ts": {"lines":{"total":12,"covered":0,"skipped":0,"pct":0},"functions":{"total":2,"covered":0,"skipped":0,"pct":0},"statements":{"total":14,"covered":0,"skipped":0,"pct":0},"branches":{"total":10,"covered":0,"skipped":0,"pct":0}}
,"/home/ubuntu/lemondeDeLila/backend/src/admin/ws/admin-profile-settings.dto.ts": {"lines":{"total":6,"covered":0,"skipped":0,"pct":0},"functions":{"total":0,"covered":0,"skipped":0,"pct":100},"statements":{"total":6,"covered":0,"skipped":0,"pct":0},"branches":{"total":0,"covered":0,"skipped":0,"pct":100}}
,"/home/ubuntu/lemondeDeLila/backend/src/admin/ws/admin-profile-ws.handler.ts": {"lines":{"total":15,"covered":0,"skipped":0,"pct":0},"functions":{"total":3,"covered":0,"skipped":0,"pct":0},"statements":{"total":17,"covered":0,"skipped":0,"pct":0},"branches":{"total":10,"covered":0,"skipped":0,"pct":0}}
,"/home/ubuntu/lemondeDeLila/backend/src/admin/ws/admin-roles-ws.handler.ts": {"lines":{"total":33,"covered":0,"skipped":0,"pct":0},"functions":{"total":7,"covered":0,"skipped":0,"pct":0},"statements":{"total":35,"covered":0,"skipped":0,"pct":0},"branches":{"total":14,"covered":0,"skipped":0,"pct":0}}
,"/home/ubuntu/lemondeDeLila/backend/src/admin/ws/admin-rooms-cleanup.dto.ts": {"lines":{"total":8,"covered":0,"skipped":0,"pct":0},"functions":{"total":0,"covered":0,"skipped":0,"pct":100},"statements":{"total":8,"covered":0,"skipped":0,"pct":0},"branches":{"total":0,"covered":0,"skipped":0,"pct":100}}
,"/home/ubuntu/lemondeDeLila/backend/src/admin/ws/admin-rooms-destroy.dto.ts": {"lines":{"total":4,"covered":0,"skipped":0,"pct":0},"functions":{"total":0,"covered":0,"skipped":0,"pct":100},"statements":{"total":4,"covered":0,"skipped":0,"pct":0},"branches":{"total":0,"covered":0,"skipped":0,"pct":100}}
,"/home/ubuntu/lemondeDeLila/backend/src/admin/ws/admin-rooms-list.dto.ts": {"lines":{"total":6,"covered":0,"skipped":0,"pct":0},"functions":{"total":0,"covered":0,"skipped":0,"pct":100},"statements":{"total":6,"covered":0,"skipped":0,"pct":0},"branches":{"total":0,"covered":0,"skipped":0,"pct":100}}
,"/home/ubuntu/lemondeDeLila/backend/src/admin/ws/admin-rooms-settings.dto.ts": {"lines":{"total":8,"covered":0,"skipped":0,"pct":0},"functions":{"total":0,"covered":0,"skipped":0,"pct":100},"statements":{"total":8,"covered":0,"skipped":0,"pct":0},"branches":{"total":0,"covered":0,"skipped":0,"pct":100}}
,"/home/ubuntu/lemondeDeLila/backend/src/admin/ws/admin-rooms-ws.handler.ts": {"lines":{"total":36,"covered":0,"skipped":0,"pct":0},"functions":{"total":6,"covered":0,"skipped":0,"pct":0},"statements":{"total":38,"covered":0,"skipped":0,"pct":0},"branches":{"total":28,"covered":0,"skipped":0,"pct":0}}
,"/home/ubuntu/lemondeDeLila/backend/src/admin/ws/admin-stats-ws.handler.ts": {"lines":{"total":8,"covered":0,"skipped":0,"pct":0},"functions":{"total":2,"covered":0,"skipped":0,"pct":0},"statements":{"total":10,"covered":0,"skipped":0,"pct":0},"branches":{"total":4,"covered":0,"skipped":0,"pct":0}}
,"/home/ubuntu/lemondeDeLila/backend/src/admin/ws/admin-users-ws.handler.ts": {"lines":{"total":36,"covered":0,"skipped":0,"pct":0},"functions":{"total":7,"covered":0,"skipped":0,"pct":0},"statements":{"total":38,"covered":0,"skipped":0,"pct":0},"branches":{"total":20,"covered":0,"skipped":0,"pct":0}}
,"/home/ubuntu/lemondeDeLila/backend/src/admin/ws/admin-ws.dto.ts": {"lines":{"total":115,"covered":0,"skipped":0,"pct":0},"functions":{"total":0,"covered":0,"skipped":0,"pct":100},"statements":{"total":115,"covered":0,"skipped":0,"pct":0},"branches":{"total":0,"covered":0,"skipped":0,"pct":100}}
,"/home/ubuntu/lemondeDeLila/backend/src/admin/ws/admin-ws.registrar.ts": {"lines":{"total":158,"covered":0,"skipped":0,"pct":0},"functions":{"total":65,"covered":0,"skipped":0,"pct":0},"statements":{"total":162,"covered":0,"skipped":0,"pct":0},"branches":{"total":64,"covered":0,"skipped":0,"pct":0}}
,"/home/ubuntu/lemondeDeLila/backend/src/bot/bot.module.ts": {"lines":{"total":11,"covered":0,"skipped":0,"pct":0},"functions":{"total":1,"covered":0,"skipped":0,"pct":0},"statements":{"total":13,"covered":0,"skipped":0,"pct":0},"branches":{"total":0,"covered":0,"skipped":0,"pct":100}}
,"/home/ubuntu/lemondeDeLila/backend/src/bot/entities/bot-name.entity.ts": {"lines":{"total":6,"covered":6,"skipped":0,"pct":100},"functions":{"total":0,"covered":0,"skipped":0,"pct":100},"statements":{"total":8,"covered":8,"skipped":0,"pct":100},"branches":{"total":4,"covered":3,"skipped":0,"pct":75}}
,"/home/ubuntu/lemondeDeLila/backend/src/bot/services/bot.service.ts": {"lines":{"total":133,"covered":9,"skipped":0,"pct":6.76},"functions":{"total":29,"covered":0,"skipped":0,"pct":0},"statements":{"total":141,"covered":11,"skipped":0,"pct":7.8},"branches":{"total":80,"covered":12,"skipped":0,"pct":15}}
,"/home/ubuntu/lemondeDeLila/backend/src/bug-reports/bug-report-comments.service.ts": {"lines":{"total":30,"covered":0,"skipped":0,"pct":0},"functions":{"total":5,"covered":0,"skipped":0,"pct":0},"statements":{"total":37,"covered":0,"skipped":0,"pct":0},"branches":{"total":40,"covered":0,"skipped":0,"pct":0}}
,"/home/ubuntu/lemondeDeLila/backend/src/bug-reports/bug-reports.module.ts": {"lines":{"total":7,"covered":0,"skipped":0,"pct":0},"functions":{"total":0,"covered":0,"skipped":0,"pct":100},"statements":{"total":9,"covered":0,"skipped":0,"pct":0},"branches":{"total":0,"covered":0,"skipped":0,"pct":100}}
,"/home/ubuntu/lemondeDeLila/backend/src/bug-reports/bug-reports.service.ts": {"lines":{"total":36,"covered":0,"skipped":0,"pct":0},"functions":{"total":9,"covered":0,"skipped":0,"pct":0},"statements":{"total":44,"covered":0,"skipped":0,"pct":0},"branches":{"total":36,"covered":0,"skipped":0,"pct":0}}
,"/home/ubuntu/lemondeDeLila/backend/src/bug-reports/entities/bug-report-comment.entity.ts": {"lines":{"total":8,"covered":0,"skipped":0,"pct":0},"functions":{"total":0,"covered":0,"skipped":0,"pct":100},"statements":{"total":10,"covered":0,"skipped":0,"pct":0},"branches":{"total":4,"covered":0,"skipped":0,"pct":0}}
,"/home/ubuntu/lemondeDeLila/backend/src/bug-reports/entities/bug-report.entity.ts": {"lines":{"total":10,"covered":0,"skipped":0,"pct":0},"functions":{"total":0,"covered":0,"skipped":0,"pct":100},"statements":{"total":12,"covered":0,"skipped":0,"pct":0},"branches":{"total":8,"covered":0,"skipped":0,"pct":0}}
,"/home/ubuntu/lemondeDeLila/backend/src/catalog/catalog.module.ts": {"lines":{"total":6,"covered":0,"skipped":0,"pct":0},"functions":{"total":0,"covered":0,"skipped":0,"pct":100},"statements":{"total":8,"covered":0,"skipped":0,"pct":0},"branches":{"total":0,"covered":0,"skipped":0,"pct":100}}
,"/home/ubuntu/lemondeDeLila/backend/src/catalog/services/catalog.service.ts": {"lines":{"total":106,"covered":3,"skipped":0,"pct":2.83},"functions":{"total":26,"covered":0,"skipped":0,"pct":0},"statements":{"total":115,"covered":5,"skipped":0,"pct":4.34},"branches":{"total":83,"covered":3,"skipped":0,"pct":3.61}}
,"/home/ubuntu/lemondeDeLila/backend/src/catalog/ws/catalog-ws.handler.ts": {"lines":{"total":17,"covered":0,"skipped":0,"pct":0},"functions":{"total":5,"covered":0,"skipped":0,"pct":0},"statements":{"total":19,"covered":0,"skipped":0,"pct":0},"branches":{"total":8,"covered":0,"skipped":0,"pct":0}}
,"/home/ubuntu/lemondeDeLila/backend/src/catalog/ws/catalog-ws.registrar.ts": {"lines":{"total":18,"covered":0,"skipped":0,"pct":0},"functions":{"total":8,"covered":0,"skipped":0,"pct":0},"statements":{"total":22,"covered":0,"skipped":0,"pct":0},"branches":{"total":12,"covered":0,"skipped":0,"pct":0}}
,"/home/ubuntu/lemondeDeLila/backend/src/catalog/ws/ws.dto.ts": {"lines":{"total":3,"covered":0,"skipped":0,"pct":0},"functions":{"total":0,"covered":0,"skipped":0,"pct":100},"statements":{"total":3,"covered":0,"skipped":0,"pct":0},"branches":{"total":0,"covered":0,"skipped":0,"pct":100}}
,"/home/ubuntu/lemondeDeLila/backend/src/chat/chat.module.ts": {"lines":{"total":8,"covered":0,"skipped":0,"pct":0},"functions":{"total":0,"covered":0,"skipped":0,"pct":100},"statements":{"total":10,"covered":0,"skipped":0,"pct":0},"branches":{"total":0,"covered":0,"skipped":0,"pct":100}}
,"/home/ubuntu/lemondeDeLila/backend/src/chat/entities/chat-message.entity.ts": {"lines":{"total":10,"covered":9,"skipped":0,"pct":90},"functions":{"total":1,"covered":0,"skipped":0,"pct":0},"statements":{"total":13,"covered":11,"skipped":0,"pct":84.61},"branches":{"total":8,"covered":6,"skipped":0,"pct":75}}
,"/home/ubuntu/lemondeDeLila/backend/src/chat/entities/chat-settings.entity.ts": {"lines":{"total":5,"covered":5,"skipped":0,"pct":100},"functions":{"total":0,"covered":0,"skipped":0,"pct":100},"statements":{"total":7,"covered":7,"skipped":0,"pct":100},"branches":{"total":0,"covered":0,"skipped":0,"pct":100}}
,"/home/ubuntu/lemondeDeLila/backend/src/chat/services/chat-settings.service.ts": {"lines":{"total":59,"covered":11,"skipped":0,"pct":18.64},"functions":{"total":9,"covered":0,"skipped":0,"pct":0},"statements":{"total":61,"covered":12,"skipped":0,"pct":19.67},"branches":{"total":28,"covered":3,"skipped":0,"pct":10.71}}
,"/home/ubuntu/lemondeDeLila/backend/src/chat/services/chat.service.ts": {"lines":{"total":107,"covered":11,"skipped":0,"pct":10.28},"functions":{"total":20,"covered":0,"skipped":0,"pct":0},"statements":{"total":118,"covered":12,"skipped":0,"pct":10.16},"branches":{"total":94,"covered":9,"skipped":0,"pct":9.57}}
,"/home/ubuntu/lemondeDeLila/backend/src/chat/services/chat.validator.ts": {"lines":{"total":9,"covered":3,"skipped":0,"pct":33.33},"functions":{"total":1,"covered":0,"skipped":0,"pct":0},"statements":{"total":11,"covered":5,"skipped":0,"pct":45.45},"branches":{"total":4,"covered":0,"skipped":0,"pct":0}}
,"/home/ubuntu/lemondeDeLila/backend/src/client-updates/client-updates.module.ts": {"lines":{"total":10,"covered":0,"skipped":0,"pct":0},"functions":{"total":0,"covered":0,"skipped":0,"pct":100},"statements":{"total":12,"covered":0,"skipped":0,"pct":0},"branches":{"total":0,"covered":0,"skipped":0,"pct":100}}
,"/home/ubuntu/lemondeDeLila/backend/src/client-updates/controllers/admin-client-updates.controller.ts": {"lines":{"total":29,"covered":0,"skipped":0,"pct":0},"functions":{"total":8,"covered":0,"skipped":0,"pct":0},"statements":{"total":31,"covered":0,"skipped":0,"pct":0},"branches":{"total":30,"covered":0,"skipped":0,"pct":0}}
,"/home/ubuntu/lemondeDeLila/backend/src/client-updates/controllers/ci-client-updates.controller.ts": {"lines":{"total":28,"covered":0,"skipped":0,"pct":0},"functions":{"total":8,"covered":0,"skipped":0,"pct":0},"statements":{"total":30,"covered":0,"skipped":0,"pct":0},"branches":{"total":30,"covered":0,"skipped":0,"pct":0}}
,"/home/ubuntu/lemondeDeLila/backend/src/client-updates/controllers/client-updates.controller.ts": {"lines":{"total":22,"covered":0,"skipped":0,"pct":0},"functions":{"total":3,"covered":0,"skipped":0,"pct":0},"statements":{"total":25,"covered":0,"skipped":0,"pct":0},"branches":{"total":35,"covered":0,"skipped":0,"pct":0}}
,"/home/ubuntu/lemondeDeLila/backend/src/client-updates/dto/client-updates-upload.dto.ts": {"lines":{"total":15,"covered":0,"skipped":0,"pct":0},"functions":{"total":2,"covered":0,"skipped":0,"pct":0},"statements":{"total":15,"covered":0,"skipped":0,"pct":0},"branches":{"total":0,"covered":0,"skipped":0,"pct":100}}
,"/home/ubuntu/lemondeDeLila/backend/src/client-updates/guards/client-updates-upload-token.guard.ts": {"lines":{"total":10,"covered":0,"skipped":0,"pct":0},"functions":{"total":1,"covered":0,"skipped":0,"pct":0},"statements":{"total":12,"covered":0,"skipped":0,"pct":0},"branches":{"total":11,"covered":0,"skipped":0,"pct":0}}
,"/home/ubuntu/lemondeDeLila/backend/src/client-updates/services/client-updates-upload.service.ts": {"lines":{"total":161,"covered":0,"skipped":0,"pct":0},"functions":{"total":25,"covered":0,"skipped":0,"pct":0},"statements":{"total":169,"covered":0,"skipped":0,"pct":0},"branches":{"total":110,"covered":0,"skipped":0,"pct":0}}
,"/home/ubuntu/lemondeDeLila/backend/src/client-updates/services/client-updates.service.ts": {"lines":{"total":247,"covered":0,"skipped":0,"pct":0},"functions":{"total":44,"covered":0,"skipped":0,"pct":0},"statements":{"total":259,"covered":0,"skipped":0,"pct":0},"branches":{"total":154,"covered":0,"skipped":0,"pct":0}}
,"/home/ubuntu/lemondeDeLila/backend/src/common/auth/jwks.controller.ts": {"lines":{"total":21,"covered":0,"skipped":0,"pct":0},"functions":{"total":5,"covered":0,"skipped":0,"pct":0},"statements":{"total":23,"covered":0,"skipped":0,"pct":0},"branches":{"total":6,"covered":0,"skipped":0,"pct":0}}
,"/home/ubuntu/lemondeDeLila/backend/src/common/auth/jwks.module.ts": {"lines":{"total":4,"covered":0,"skipped":0,"pct":0},"functions":{"total":0,"covered":0,"skipped":0,"pct":100},"statements":{"total":6,"covered":0,"skipped":0,"pct":0},"branches":{"total":0,"covered":0,"skipped":0,"pct":100}}
,"/home/ubuntu/lemondeDeLila/backend/src/common/auth/jwt-config.ts": {"lines":{"total":38,"covered":0,"skipped":0,"pct":0},"functions":{"total":6,"covered":0,"skipped":0,"pct":0},"statements":{"total":40,"covered":0,"skipped":0,"pct":0},"branches":{"total":42,"covered":0,"skipped":0,"pct":0}}
,"/home/ubuntu/lemondeDeLila/backend/src/common/errors/game-errors.ts": {"lines":{"total":19,"covered":15,"skipped":0,"pct":78.94},"functions":{"total":8,"covered":4,"skipped":0,"pct":50},"statements":{"total":19,"covered":15,"skipped":0,"pct":78.94},"branches":{"total":6,"covered":0,"skipped":0,"pct":0}}
,"/home/ubuntu/lemondeDeLila/backend/src/common/guards/admin-role.guard.ts": {"lines":{"total":9,"covered":0,"skipped":0,"pct":0},"functions":{"total":1,"covered":0,"skipped":0,"pct":0},"statements":{"total":11,"covered":0,"skipped":0,"pct":0},"branches":{"total":8,"covered":0,"skipped":0,"pct":0}}
,"/home/ubuntu/lemondeDeLila/backend/src/common/guards/http-jwt.guard.ts": {"lines":{"total":38,"covered":0,"skipped":0,"pct":0},"functions":{"total":4,"covered":0,"skipped":0,"pct":0},"statements":{"total":40,"covered":0,"skipped":0,"pct":0},"branches":{"total":34,"covered":0,"skipped":0,"pct":0}}
,"/home/ubuntu/lemondeDeLila/backend/src/common/guards/ws-jwt.guard.ts": {"lines":{"total":55,"covered":0,"skipped":0,"pct":0},"functions":{"total":6,"covered":0,"skipped":0,"pct":0},"statements":{"total":57,"covered":0,"skipped":0,"pct":0},"branches":{"total":62,"covered":0,"skipped":0,"pct":0}}
,"/home/ubuntu/lemondeDeLila/backend/src/common/pubsub/redis-pubsub.transport.ts": {"lines":{"total":25,"covered":3,"skipped":0,"pct":12},"functions":{"total":8,"covered":0,"skipped":0,"pct":0},"statements":{"total":26,"covered":3,"skipped":0,"pct":11.53},"branches":{"total":5,"covered":0,"skipped":0,"pct":0}}
,"/home/ubuntu/lemondeDeLila/backend/src/common/redis/redis-client.factory.ts": {"lines":{"total":8,"covered":3,"skipped":0,"pct":37.5},"functions":{"total":2,"covered":0,"skipped":0,"pct":0},"statements":{"total":10,"covered":5,"skipped":0,"pct":50},"branches":{"total":4,"covered":0,"skipped":0,"pct":0}}
,"/home/ubuntu/lemondeDeLila/backend/src/common/redis/redis.module.ts": {"lines":{"total":3,"covered":0,"skipped":0,"pct":0},"functions":{"total":0,"covered":0,"skipped":0,"pct":100},"statements":{"total":5,"covered":0,"skipped":0,"pct":0},"branches":{"total":0,"covered":0,"skipped":0,"pct":100}}
,"/home/ubuntu/lemondeDeLila/backend/src/common/services/game-logger.module.ts": {"lines":{"total":4,"covered":0,"skipped":0,"pct":0},"functions":{"total":0,"covered":0,"skipped":0,"pct":100},"statements":{"total":6,"covered":0,"skipped":0,"pct":0},"branches":{"total":0,"covered":0,"skipped":0,"pct":100}}
,"/home/ubuntu/lemondeDeLila/backend/src/common/services/game-logger.service.ts": {"lines":{"total":43,"covered":33,"skipped":0,"pct":76.74},"functions":{"total":13,"covered":11,"skipped":0,"pct":84.61},"statements":{"total":45,"covered":35,"skipped":0,"pct":77.77},"branches":{"total":32,"covered":20,"skipped":0,"pct":62.5}}
,"/home/ubuntu/lemondeDeLila/backend/src/common/services/perf-metrics.service.ts": {"lines":{"total":54,"covered":0,"skipped":0,"pct":0},"functions":{"total":16,"covered":0,"skipped":0,"pct":0},"statements":{"total":70,"covered":0,"skipped":0,"pct":0},"branches":{"total":40,"covered":0,"skipped":0,"pct":0}}
,"/home/ubuntu/lemondeDeLila/backend/src/common/services/serv-logger.service.ts": {"lines":{"total":43,"covered":0,"skipped":0,"pct":0},"functions":{"total":11,"covered":0,"skipped":0,"pct":0},"statements":{"total":45,"covered":0,"skipped":0,"pct":0},"branches":{"total":39,"covered":0,"skipped":0,"pct":0}}
,"/home/ubuntu/lemondeDeLila/backend/src/common/session/redis-session-store.ts": {"lines":{"total":15,"covered":0,"skipped":0,"pct":0},"functions":{"total":5,"covered":0,"skipped":0,"pct":0},"statements":{"total":16,"covered":0,"skipped":0,"pct":0},"branches":{"total":4,"covered":0,"skipped":0,"pct":0}}
,"/home/ubuntu/lemondeDeLila/backend/src/common/session/session-store.interface.ts": {"lines":{"total":1,"covered":0,"skipped":0,"pct":0},"functions":{"total":0,"covered":0,"skipped":0,"pct":100},"statements":{"total":1,"covered":0,"skipped":0,"pct":0},"branches":{"total":0,"covered":0,"skipped":0,"pct":100}}
,"/home/ubuntu/lemondeDeLila/backend/src/common/utils/message-sanitizer.ts": {"lines":{"total":12,"covered":2,"skipped":0,"pct":16.66},"functions":{"total":1,"covered":0,"skipped":0,"pct":0},"statements":{"total":12,"covered":2,"skipped":0,"pct":16.66},"branches":{"total":12,"covered":0,"skipped":0,"pct":0}}
,"/home/ubuntu/lemondeDeLila/backend/src/common/utils/mojibake.ts": {"lines":{"total":98,"covered":83,"skipped":0,"pct":84.69},"functions":{"total":18,"covered":13,"skipped":0,"pct":72.22},"statements":{"total":106,"covered":88,"skipped":0,"pct":83.01},"branches":{"total":74,"covered":57,"skipped":0,"pct":77.02}}
,"/home/ubuntu/lemondeDeLila/backend/src/common/utils/playing-logger.ts": {"lines":{"total":17,"covered":12,"skipped":0,"pct":70.58},"functions":{"total":3,"covered":2,"skipped":0,"pct":66.66},"statements":{"total":17,"covered":12,"skipped":0,"pct":70.58},"branches":{"total":8,"covered":2,"skipped":0,"pct":25}}
,"/home/ubuntu/lemondeDeLila/backend/src/common/utils/sanitize-text.ts": {"lines":{"total":9,"covered":8,"skipped":0,"pct":88.88},"functions":{"total":1,"covered":1,"skipped":0,"pct":100},"statements":{"total":10,"covered":8,"skipped":0,"pct":80},"branches":{"total":7,"covered":5,"skipped":0,"pct":71.42}}
,"/home/ubuntu/lemondeDeLila/backend/src/common/utils/seeded-rng.ts": {"lines":{"total":45,"covered":43,"skipped":0,"pct":95.55},"functions":{"total":9,"covered":9,"skipped":0,"pct":100},"statements":{"total":50,"covered":47,"skipped":0,"pct":94},"branches":{"total":37,"covered":30,"skipped":0,"pct":81.08}}
,"/home/ubuntu/lemondeDeLila/backend/src/common/utils/seeded-shuffle.ts": {"lines":{"total":22,"covered":22,"skipped":0,"pct":100},"functions":{"total":4,"covered":4,"skipped":0,"pct":100},"statements":{"total":24,"covered":24,"skipped":0,"pct":100},"branches":{"total":3,"covered":1,"skipped":0,"pct":33.33}}
,"/home/ubuntu/lemondeDeLila/backend/src/common/utils/string-value.utils.ts": {"lines":{"total":8,"covered":5,"skipped":0,"pct":62.5},"functions":{"total":1,"covered":1,"skipped":0,"pct":100},"statements":{"total":8,"covered":5,"skipped":0,"pct":62.5},"branches":{"total":10,"covered":5,"skipped":0,"pct":50}}
,"/home/ubuntu/lemondeDeLila/backend/src/common/utils/version.utils.ts": {"lines":{"total":22,"covered":0,"skipped":0,"pct":0},"functions":{"total":4,"covered":0,"skipped":0,"pct":0},"statements":{"total":28,"covered":0,"skipped":0,"pct":0},"branches":{"total":18,"covered":0,"skipped":0,"pct":0}}
,"/home/ubuntu/lemondeDeLila/backend/src/common/validation/payload-validation.service.ts": {"lines":{"total":11,"covered":4,"skipped":0,"pct":36.36},"functions":{"total":2,"covered":0,"skipped":0,"pct":0},"statements":{"total":13,"covered":6,"skipped":0,"pct":46.15},"branches":{"total":8,"covered":0,"skipped":0,"pct":0}}
,"/home/ubuntu/lemondeDeLila/backend/src/common/validation/validation.module.ts": {"lines":{"total":3,"covered":0,"skipped":0,"pct":0},"functions":{"total":0,"covered":0,"skipped":0,"pct":100},"statements":{"total":5,"covered":0,"skipped":0,"pct":0},"branches":{"total":0,"covered":0,"skipped":0,"pct":100}}
,"/home/ubuntu/lemondeDeLila/backend/src/common/validators/json-content.validator.ts": {"lines":{"total":57,"covered":0,"skipped":0,"pct":0},"functions":{"total":12,"covered":0,"skipped":0,"pct":0},"statements":{"total":58,"covered":0,"skipped":0,"pct":0},"branches":{"total":80,"covered":0,"skipped":0,"pct":0}}
,"/home/ubuntu/lemondeDeLila/backend/src/common/ws/lila-ws.adapter.ts": {"lines":{"total":4,"covered":0,"skipped":0,"pct":0},"functions":{"total":1,"covered":0,"skipped":0,"pct":0},"statements":{"total":4,"covered":0,"skipped":0,"pct":0},"branches":{"total":6,"covered":0,"skipped":0,"pct":0}}
,"/home/ubuntu/lemondeDeLila/backend/src/common/ws/ws-api-hub.service.ts": {"lines":{"total":22,"covered":0,"skipped":0,"pct":0},"functions":{"total":3,"covered":0,"skipped":0,"pct":0},"statements":{"total":27,"covered":0,"skipped":0,"pct":0},"branches":{"total":14,"covered":0,"skipped":0,"pct":0}}
,"/home/ubuntu/lemondeDeLila/backend/src/common/ws/ws-auth.ts": {"lines":{"total":12,"covered":3,"skipped":0,"pct":25},"functions":{"total":2,"covered":0,"skipped":0,"pct":0},"statements":{"total":12,"covered":3,"skipped":0,"pct":25},"branches":{"total":8,"covered":0,"skipped":0,"pct":0}}
,"/home/ubuntu/lemondeDeLila/backend/src/common/ws/ws-capabilities.controller.ts": {"lines":{"total":6,"covered":0,"skipped":0,"pct":0},"functions":{"total":2,"covered":0,"skipped":0,"pct":0},"statements":{"total":8,"covered":0,"skipped":0,"pct":0},"branches":{"total":4,"covered":0,"skipped":0,"pct":0}}
,"/home/ubuntu/lemondeDeLila/backend/src/common/ws/ws-jwt-auth.service.ts": {"lines":{"total":94,"covered":0,"skipped":0,"pct":0},"functions":{"total":18,"covered":0,"skipped":0,"pct":0},"statements":{"total":102,"covered":0,"skipped":0,"pct":0},"branches":{"total":100,"covered":0,"skipped":0,"pct":0}}
,"/home/ubuntu/lemondeDeLila/backend/src/common/ws/ws-route-registry.service.ts": {"lines":{"total":11,"covered":7,"skipped":0,"pct":63.63},"functions":{"total":5,"covered":2,"skipped":0,"pct":40},"statements":{"total":14,"covered":9,"skipped":0,"pct":64.28},"branches":{"total":6,"covered":4,"skipped":0,"pct":66.66}}
,"/home/ubuntu/lemondeDeLila/backend/src/common/ws/ws-routing.module.ts": {"lines":{"total":7,"covered":0,"skipped":0,"pct":0},"functions":{"total":0,"covered":0,"skipped":0,"pct":100},"statements":{"total":9,"covered":0,"skipped":0,"pct":0},"branches":{"total":0,"covered":0,"skipped":0,"pct":100}}
,"/home/ubuntu/lemondeDeLila/backend/src/common/ws/ws-signature.service.ts": {"lines":{"total":60,"covered":0,"skipped":0,"pct":0},"functions":{"total":10,"covered":0,"skipped":0,"pct":0},"statements":{"total":64,"covered":0,"skipped":0,"pct":0},"branches":{"total":58,"covered":0,"skipped":0,"pct":0}}
,"/home/ubuntu/lemondeDeLila/backend/src/common/ws/ws-ticket-auth.service.ts": {"lines":{"total":55,"covered":0,"skipped":0,"pct":0},"functions":{"total":9,"covered":0,"skipped":0,"pct":0},"statements":{"total":59,"covered":0,"skipped":0,"pct":0},"branches":{"total":52,"covered":0,"skipped":0,"pct":0}}
,"/home/ubuntu/lemondeDeLila/backend/src/common/ws/ws-ticket.controller.ts": {"lines":{"total":15,"covered":0,"skipped":0,"pct":0},"functions":{"total":4,"covered":0,"skipped":0,"pct":0},"statements":{"total":17,"covered":0,"skipped":0,"pct":0},"branches":{"total":18,"covered":0,"skipped":0,"pct":0}}
,"/home/ubuntu/lemondeDeLila/backend/src/common/ws/ws-ticket.module.ts": {"lines":{"total":5,"covered":0,"skipped":0,"pct":0},"functions":{"total":0,"covered":0,"skipped":0,"pct":100},"statements":{"total":7,"covered":0,"skipped":0,"pct":0},"branches":{"total":0,"covered":0,"skipped":0,"pct":100}}
,"/home/ubuntu/lemondeDeLila/backend/src/common/ws/ws-ticket.service.ts": {"lines":{"total":48,"covered":0,"skipped":0,"pct":0},"functions":{"total":5,"covered":0,"skipped":0,"pct":0},"statements":{"total":50,"covered":0,"skipped":0,"pct":0},"branches":{"total":39,"covered":0,"skipped":0,"pct":0}}
,"/home/ubuntu/lemondeDeLila/backend/src/database/entities.ts": {"lines":{"total":24,"covered":0,"skipped":0,"pct":0},"functions":{"total":0,"covered":0,"skipped":0,"pct":100},"statements":{"total":24,"covered":0,"skipped":0,"pct":0},"branches":{"total":0,"covered":0,"skipped":0,"pct":100}}
,"/home/ubuntu/lemondeDeLila/backend/src/game/game.module.ts": {"lines":{"total":4,"covered":0,"skipped":0,"pct":0},"functions":{"total":0,"covered":0,"skipped":0,"pct":100},"statements":{"total":6,"covered":0,"skipped":0,"pct":0},"branches":{"total":0,"covered":0,"skipped":0,"pct":100}}
,"/home/ubuntu/lemondeDeLila/backend/src/game/actions/action-service.helper.ts": {"lines":{"total":43,"covered":42,"skipped":0,"pct":97.67},"functions":{"total":11,"covered":11,"skipped":0,"pct":100},"statements":{"total":46,"covered":44,"skipped":0,"pct":95.65},"branches":{"total":49,"covered":43,"skipped":0,"pct":87.75}}
,"/home/ubuntu/lemondeDeLila/backend/src/game/core/core.module.ts": {"lines":{"total":14,"covered":14,"skipped":0,"pct":100},"functions":{"total":1,"covered":1,"skipped":0,"pct":100},"statements":{"total":16,"covered":16,"skipped":0,"pct":100},"branches":{"total":0,"covered":0,"skipped":0,"pct":100}}
,"/home/ubuntu/lemondeDeLila/backend/src/game/core/helpers/game-log-text.helper.ts": {"lines":{"total":11,"covered":11,"skipped":0,"pct":100},"functions":{"total":4,"covered":4,"skipped":0,"pct":100},"statements":{"total":11,"covered":11,"skipped":0,"pct":100},"branches":{"total":10,"covered":6,"skipped":0,"pct":60}}
,"/home/ubuntu/lemondeDeLila/backend/src/game/core/helpers/log-style.helper.ts": {"lines":{"total":15,"covered":12,"skipped":0,"pct":80},"functions":{"total":6,"covered":6,"skipped":0,"pct":100},"statements":{"total":17,"covered":13,"skipped":0,"pct":76.47},"branches":{"total":14,"covered":6,"skipped":0,"pct":42.85}}
,"/home/ubuntu/lemondeDeLila/backend/src/game/core/helpers/pawn-catalog.helper.ts": {"lines":{"total":13,"covered":12,"skipped":0,"pct":92.3},"functions":{"total":3,"covered":3,"skipped":0,"pct":100},"statements":{"total":15,"covered":14,"skipped":0,"pct":93.33},"branches":{"total":16,"covered":13,"skipped":0,"pct":81.25}}
,"/home/ubuntu/lemondeDeLila/backend/src/game/core/helpers/pawn-choice-action.helper.ts": {"lines":{"total":29,"covered":25,"skipped":0,"pct":86.2},"functions":{"total":5,"covered":5,"skipped":0,"pct":100},"statements":{"total":36,"covered":27,"skipped":0,"pct":75},"branches":{"total":50,"covered":31,"skipped":0,"pct":62}}
,"/home/ubuntu/lemondeDeLila/backend/src/game/core/helpers/pawn-move-selection.helper.ts": {"lines":{"total":18,"covered":17,"skipped":0,"pct":94.44},"functions":{"total":8,"covered":8,"skipped":0,"pct":100},"statements":{"total":19,"covered":18,"skipped":0,"pct":94.73},"branches":{"total":15,"covered":12,"skipped":0,"pct":80}}
,"/home/ubuntu/lemondeDeLila/backend/src/game/core/helpers/pawn-pending-rulebook.helper.ts": {"lines":{"total":15,"covered":15,"skipped":0,"pct":100},"functions":{"total":2,"covered":2,"skipped":0,"pct":100},"statements":{"total":15,"covered":15,"skipped":0,"pct":100},"branches":{"total":15,"covered":13,"skipped":0,"pct":86.66}}
,"/home/ubuntu/lemondeDeLila/backend/src/game/core/helpers/pawn-selection.helper.ts": {"lines":{"total":40,"covered":37,"skipped":0,"pct":92.5},"functions":{"total":12,"covered":12,"skipped":0,"pct":100},"statements":{"total":46,"covered":39,"skipped":0,"pct":84.78},"branches":{"total":36,"covered":23,"skipped":0,"pct":63.88}}
,"/home/ubuntu/lemondeDeLila/backend/src/game/core/helpers/payload-validators.helper.ts": {"lines":{"total":39,"covered":36,"skipped":0,"pct":92.3},"functions":{"total":8,"covered":8,"skipped":0,"pct":100},"statements":{"total":42,"covered":38,"skipped":0,"pct":90.47},"branches":{"total":43,"covered":39,"skipped":0,"pct":90.69}}
,"/home/ubuntu/lemondeDeLila/backend/src/game/core/helpers/pending-actions-rulebook.helper.ts": {"lines":{"total":232,"covered":211,"skipped":0,"pct":90.94},"functions":{"total":42,"covered":42,"skipped":0,"pct":100},"statements":{"total":253,"covered":221,"skipped":0,"pct":87.35},"branches":{"total":315,"covered":269,"skipped":0,"pct":85.39}}
,"/home/ubuntu/lemondeDeLila/backend/src/game/core/helpers/pending-pawn-move-rulebook.helper.ts": {"lines":{"total":17,"covered":17,"skipped":0,"pct":100},"functions":{"total":2,"covered":2,"skipped":0,"pct":100},"statements":{"total":17,"covered":17,"skipped":0,"pct":100},"branches":{"total":20,"covered":19,"skipped":0,"pct":95}}
,"/home/ubuntu/lemondeDeLila/backend/src/game/core/helpers/player-id.helper.ts": {"lines":{"total":8,"covered":8,"skipped":0,"pct":100},"functions":{"total":1,"covered":1,"skipped":0,"pct":100},"statements":{"total":10,"covered":10,"skipped":0,"pct":100},"branches":{"total":10,"covered":10,"skipped":0,"pct":100}}
,"/home/ubuntu/lemondeDeLila/backend/src/game/core/services/game-core.service.ts": {"lines":{"total":66,"covered":24,"skipped":0,"pct":36.36},"functions":{"total":14,"covered":4,"skipped":0,"pct":28.57},"statements":{"total":73,"covered":27,"skipped":0,"pct":36.98},"branches":{"total":73,"covered":19,"skipped":0,"pct":26.02}}
,"/home/ubuntu/lemondeDeLila/backend/src/game/engine/engine.module.ts": {"lines":{"total":16,"covered":0,"skipped":0,"pct":0},"functions":{"total":0,"covered":0,"skipped":0,"pct":100},"statements":{"total":18,"covered":0,"skipped":0,"pct":0},"branches":{"total":0,"covered":0,"skipped":0,"pct":100}}
,"/home/ubuntu/lemondeDeLila/backend/src/game/engine/game-plugins.module.ts": {"lines":{"total":54,"covered":46,"skipped":0,"pct":85.18},"functions":{"total":7,"covered":7,"skipped":0,"pct":100},"statements":{"total":57,"covered":47,"skipped":0,"pct":82.45},"branches":{"total":28,"covered":18,"skipped":0,"pct":64.28}}
,"/home/ubuntu/lemondeDeLila/backend/src/game/engine/game-registry.module.ts": {"lines":{"total":10,"covered":0,"skipped":0,"pct":0},"functions":{"total":0,"covered":0,"skipped":0,"pct":100},"statements":{"total":12,"covered":0,"skipped":0,"pct":0},"branches":{"total":0,"covered":0,"skipped":0,"pct":100}}
,"/home/ubuntu/lemondeDeLila/backend/src/game/engine/abstract/abstract-game.service.ts": {"lines":{"total":25,"covered":6,"skipped":0,"pct":24},"functions":{"total":12,"covered":3,"skipped":0,"pct":25},"statements":{"total":30,"covered":8,"skipped":0,"pct":26.66},"branches":{"total":30,"covered":3,"skipped":0,"pct":10}}
,"/home/ubuntu/lemondeDeLila/backend/src/game/engine/abstract/base-presenter.service.ts": {"lines":{"total":45,"covered":28,"skipped":0,"pct":62.22},"functions":{"total":17,"covered":12,"skipped":0,"pct":70.58},"statements":{"total":51,"covered":31,"skipped":0,"pct":60.78},"branches":{"total":33,"covered":18,"skipped":0,"pct":54.54}}
,"/home/ubuntu/lemondeDeLila/backend/src/game/engine/dto/game-action.dto.ts": {"lines":{"total":9,"covered":0,"skipped":0,"pct":0},"functions":{"total":1,"covered":0,"skipped":0,"pct":0},"statements":{"total":9,"covered":0,"skipped":0,"pct":0},"branches":{"total":8,"covered":0,"skipped":0,"pct":0}}
,"/home/ubuntu/lemondeDeLila/backend/src/game/engine/dto/validated-action.dto.ts": {"lines":{"total":68,"covered":63,"skipped":0,"pct":92.64},"functions":{"total":7,"covered":6,"skipped":0,"pct":85.71},"statements":{"total":69,"covered":64,"skipped":0,"pct":92.75},"branches":{"total":52,"covered":41,"skipped":0,"pct":78.84}}
,"/home/ubuntu/lemondeDeLila/backend/src/game/engine/entities/game-catalog-override.entity.ts": {"lines":{"total":12,"covered":12,"skipped":0,"pct":100},"functions":{"total":0,"covered":0,"skipped":0,"pct":100},"statements":{"total":14,"covered":14,"skipped":0,"pct":100},"branches":{"total":0,"covered":0,"skipped":0,"pct":100}}
,"/home/ubuntu/lemondeDeLila/backend/src/game/engine/entities/game-category-assignment.entity.ts": {"lines":{"total":4,"covered":4,"skipped":0,"pct":100},"functions":{"total":0,"covered":0,"skipped":0,"pct":100},"statements":{"total":6,"covered":6,"skipped":0,"pct":100},"branches":{"total":0,"covered":0,"skipped":0,"pct":100}}
,"/home/ubuntu/lemondeDeLila/backend/src/game/engine/entities/game-category.entity.ts": {"lines":{"total":6,"covered":6,"skipped":0,"pct":100},"functions":{"total":0,"covered":0,"skipped":0,"pct":100},"statements":{"total":8,"covered":8,"skipped":0,"pct":100},"branches":{"total":0,"covered":0,"skipped":0,"pct":100}}
,"/home/ubuntu/lemondeDeLila/backend/src/game/engine/gateways/game.gateway.ts": {"lines":{"total":523,"covered":0,"skipped":0,"pct":0},"functions":{"total":59,"covered":0,"skipped":0,"pct":0},"statements":{"total":543,"covered":0,"skipped":0,"pct":0},"branches":{"total":443,"covered":0,"skipped":0,"pct":0}}
,"/home/ubuntu/lemondeDeLila/backend/src/game/engine/services/action-dispatcher.service.ts": {"lines":{"total":22,"covered":0,"skipped":0,"pct":0},"functions":{"total":9,"covered":0,"skipped":0,"pct":0},"statements":{"total":25,"covered":0,"skipped":0,"pct":0},"branches":{"total":12,"covered":0,"skipped":0,"pct":0}}
,"/home/ubuntu/lemondeDeLila/backend/src/game/engine/services/engine-services.module.ts": {"lines":{"total":3,"covered":3,"skipped":0,"pct":100},"functions":{"total":0,"covered":0,"skipped":0,"pct":100},"statements":{"total":5,"covered":5,"skipped":0,"pct":100},"branches":{"total":0,"covered":0,"skipped":0,"pct":100}}
,"/home/ubuntu/lemondeDeLila/backend/src/game/engine/services/game-catalog-overrides.service.ts": {"lines":{"total":66,"covered":5,"skipped":0,"pct":7.57},"functions":{"total":10,"covered":0,"skipped":0,"pct":0},"statements":{"total":72,"covered":7,"skipped":0,"pct":9.72},"branches":{"total":123,"covered":3,"skipped":0,"pct":2.43}}
,"/home/ubuntu/lemondeDeLila/backend/src/game/engine/services/game-categories-fs-mirror.service.ts": {"lines":{"total":159,"covered":5,"skipped":0,"pct":3.14},"functions":{"total":21,"covered":0,"skipped":0,"pct":0},"statements":{"total":179,"covered":7,"skipped":0,"pct":3.91},"branches":{"total":107,"covered":0,"skipped":0,"pct":0}}
,"/home/ubuntu/lemondeDeLila/backend/src/game/engine/services/game-categories.service.ts": {"lines":{"total":153,"covered":8,"skipped":0,"pct":5.22},"functions":{"total":28,"covered":0,"skipped":0,"pct":0},"statements":{"total":168,"covered":9,"skipped":0,"pct":5.35},"branches":{"total":127,"covered":9,"skipped":0,"pct":7.08}}
,"/home/ubuntu/lemondeDeLila/backend/src/game/engine/services/game-content-loader.service.ts": {"lines":{"total":93,"covered":47,"skipped":0,"pct":50.53},"functions":{"total":24,"covered":13,"skipped":0,"pct":54.16},"statements":{"total":107,"covered":50,"skipped":0,"pct":46.72},"branches":{"total":76,"covered":23,"skipped":0,"pct":30.26}}
,"/home/ubuntu/lemondeDeLila/backend/src/game/engine/services/game-content.service.ts": {"lines":{"total":31,"covered":5,"skipped":0,"pct":16.12},"functions":{"total":3,"covered":0,"skipped":0,"pct":0},"statements":{"total":34,"covered":7,"skipped":0,"pct":20.58},"branches":{"total":32,"covered":6,"skipped":0,"pct":18.75}}
,"/home/ubuntu/lemondeDeLila/backend/src/game/engine/services/game-engine-state.store.ts": {"lines":{"total":93,"covered":40,"skipped":0,"pct":43.01},"functions":{"total":18,"covered":7,"skipped":0,"pct":38.88},"statements":{"total":97,"covered":42,"skipped":0,"pct":43.29},"branches":{"total":67,"covered":17,"skipped":0,"pct":25.37}}
,"/home/ubuntu/lemondeDeLila/backend/src/game/engine/services/game-engine.service.ts": {"lines":{"total":1277,"covered":618,"skipped":0,"pct":48.39},"functions":{"total":164,"covered":93,"skipped":0,"pct":56.7},"statements":{"total":1360,"covered":635,"skipped":0,"pct":46.69},"branches":{"total":1467,"covered":557,"skipped":0,"pct":37.96}}
,"/home/ubuntu/lemondeDeLila/backend/src/game/engine/services/game-registry.service.ts": {"lines":{"total":101,"covered":6,"skipped":0,"pct":5.94},"functions":{"total":19,"covered":0,"skipped":0,"pct":0},"statements":{"total":105,"covered":8,"skipped":0,"pct":7.61},"branches":{"total":97,"covered":6,"skipped":0,"pct":6.18}}
,"/home/ubuntu/lemondeDeLila/backend/src/game/engine/shortcuts/shortcut-presets.ts": {"lines":{"total":5,"covered":4,"skipped":0,"pct":80},"functions":{"total":2,"covered":1,"skipped":0,"pct":50},"statements":{"total":5,"covered":4,"skipped":0,"pct":80},"branches":{"total":0,"covered":0,"skipped":0,"pct":100}}
,"/home/ubuntu/lemondeDeLila/backend/src/game/engine/shortcuts/shortcut-utils.ts": {"lines":{"total":12,"covered":9,"skipped":0,"pct":75},"functions":{"total":6,"covered":3,"skipped":0,"pct":50},"statements":{"total":14,"covered":9,"skipped":0,"pct":64.28},"branches":{"total":4,"covered":1,"skipped":0,"pct":25}}
,"/home/ubuntu/lemondeDeLila/backend/src/game/engine/utils/action-id.ts": {"lines":{"total":24,"covered":0,"skipped":0,"pct":0},"functions":{"total":4,"covered":0,"skipped":0,"pct":0},"statements":{"total":27,"covered":0,"skipped":0,"pct":0},"branches":{"total":22,"covered":0,"skipped":0,"pct":0}}
,"/home/ubuntu/lemondeDeLila/backend/src/game/games/les-quatre-vents/a-fond-les-ballons/a-fond-les-ballons.module.ts": {"lines":{"total":12,"covered":12,"skipped":0,"pct":100},"functions":{"total":0,"covered":0,"skipped":0,"pct":100},"statements":{"total":14,"covered":14,"skipped":0,"pct":100},"branches":{"total":0,"covered":0,"skipped":0,"pct":100}}
,"/home/ubuntu/lemondeDeLila/backend/src/game/games/les-quatre-vents/a-fond-les-ballons/a-fond-les-ballons.pawns.ts": {"lines":{"total":25,"covered":0,"skipped":0,"pct":0},"functions":{"total":5,"covered":0,"skipped":0,"pct":0},"statements":{"total":33,"covered":0,"skipped":0,"pct":0},"branches":{"total":32,"covered":0,"skipped":0,"pct":0}}
,"/home/ubuntu/lemondeDeLila/backend/src/game/games/les-quatre-vents/a-fond-les-ballons/a-fond-les-ballons.service.ts": {"lines":{"total":30,"covered":29,"skipped":0,"pct":96.66},"functions":{"total":8,"covered":7,"skipped":0,"pct":87.5},"statements":{"total":32,"covered":31,"skipped":0,"pct":96.87},"branches":{"total":20,"covered":15,"skipped":0,"pct":75}}
,"/home/ubuntu/lemondeDeLila/backend/src/game/games/les-quatre-vents/a-fond-les-ballons/a-fond-les-ballons.shortcuts.ts": {"lines":{"total":3,"covered":3,"skipped":0,"pct":100},"functions":{"total":1,"covered":1,"skipped":0,"pct":100},"statements":{"total":5,"covered":5,"skipped":0,"pct":100},"branches":{"total":0,"covered":0,"skipped":0,"pct":100}}
,"/home/ubuntu/lemondeDeLila/backend/src/game/games/les-quatre-vents/a-fond-les-ballons/actions/a-fond-les-ballons-action.service.ts": {"lines":{"total":413,"covered":279,"skipped":0,"pct":67.55},"functions":{"total":64,"covered":53,"skipped":0,"pct":82.81},"statements":{"total":464,"covered":292,"skipped":0,"pct":62.93},"branches":{"total":452,"covered":193,"skipped":0,"pct":42.69}}
,"/home/ubuntu/lemondeDeLila/backend/src/game/games/les-quatre-vents/a-fond-les-ballons/bots/a-fond-les-ballons-bot.service.ts": {"lines":{"total":12,"covered":12,"skipped":0,"pct":100},"functions":{"total":2,"covered":2,"skipped":0,"pct":100},"statements":{"total":16,"covered":14,"skipped":0,"pct":87.5},"branches":{"total":16,"covered":11,"skipped":0,"pct":68.75}}
,"/home/ubuntu/lemondeDeLila/backend/src/game/games/les-quatre-vents/a-fond-les-ballons/definitions/game.definition.ts": {"lines":{"total":1,"covered":1,"skipped":0,"pct":100},"functions":{"total":0,"covered":0,"skipped":0,"pct":100},"statements":{"total":1,"covered":1,"skipped":0,"pct":100},"branches":{"total":0,"covered":0,"skipped":0,"pct":100}}
,"/home/ubuntu/lemondeDeLila/backend/src/game/games/les-quatre-vents/a-fond-les-ballons/presenter/a-fond-les-ballons-presenter.service.ts": {"lines":{"total":17,"covered":17,"skipped":0,"pct":100},"functions":{"total":5,"covered":5,"skipped":0,"pct":100},"statements":{"total":20,"covered":20,"skipped":0,"pct":100},"branches":{"total":16,"covered":10,"skipped":0,"pct":62.5}}
,"/home/ubuntu/lemondeDeLila/backend/src/game/games/les-quatre-vents/a-fond-les-ballons/rulebook/rulebook.ts": {"lines":{"total":81,"covered":35,"skipped":0,"pct":43.2},"functions":{"total":11,"covered":8,"skipped":0,"pct":72.72},"statements":{"total":91,"covered":40,"skipped":0,"pct":43.95},"branches":{"total":91,"covered":25,"skipped":0,"pct":27.47}}
,"/home/ubuntu/lemondeDeLila/backend/src/game/games/les-quatre-vents/a-fond-les-ballons/setup/a-fond-les-ballons-setup.service.ts": {"lines":{"total":91,"covered":60,"skipped":0,"pct":65.93},"functions":{"total":20,"covered":15,"skipped":0,"pct":75},"statements":{"total":109,"covered":66,"skipped":0,"pct":60.55},"branches":{"total":109,"covered":50,"skipped":0,"pct":45.87}}
,"/home/ubuntu/lemondeDeLila/backend/src/game/games/les-quatre-vents/aventure-sauvage/aventure-sauvage.module.ts": {"lines":{"total":14,"covered":14,"skipped":0,"pct":100},"functions":{"total":0,"covered":0,"skipped":0,"pct":100},"statements":{"total":16,"covered":16,"skipped":0,"pct":100},"branches":{"total":0,"covered":0,"skipped":0,"pct":100}}
,"/home/ubuntu/lemondeDeLila/backend/src/game/games/les-quatre-vents/aventure-sauvage/aventure-sauvage.pawns.ts": {"lines":{"total":23,"covered":4,"skipped":0,"pct":17.39},"functions":{"total":5,"covered":0,"skipped":0,"pct":0},"statements":{"total":31,"covered":5,"skipped":0,"pct":16.12},"branches":{"total":29,"covered":0,"skipped":0,"pct":0}}
,"/home/ubuntu/lemondeDeLila/backend/src/game/games/les-quatre-vents/aventure-sauvage/aventure-sauvage.service.ts": {"lines":{"total":30,"covered":29,"skipped":0,"pct":96.66},"functions":{"total":8,"covered":7,"skipped":0,"pct":87.5},"statements":{"total":32,"covered":31,"skipped":0,"pct":96.87},"branches":{"total":20,"covered":15,"skipped":0,"pct":75}}
,"/home/ubuntu/lemondeDeLila/backend/src/game/games/les-quatre-vents/aventure-sauvage/aventure-sauvage.shortcuts.ts": {"lines":{"total":3,"covered":3,"skipped":0,"pct":100},"functions":{"total":1,"covered":1,"skipped":0,"pct":100},"statements":{"total":5,"covered":5,"skipped":0,"pct":100},"branches":{"total":0,"covered":0,"skipped":0,"pct":100}}
,"/home/ubuntu/lemondeDeLila/backend/src/game/games/les-quatre-vents/aventure-sauvage/actions/aventure-sauvage-action.service.ts": {"lines":{"total":254,"covered":233,"skipped":0,"pct":91.73},"functions":{"total":45,"covered":43,"skipped":0,"pct":95.55},"statements":{"total":293,"covered":248,"skipped":0,"pct":84.64},"branches":{"total":298,"covered":175,"skipped":0,"pct":58.72}}
,"/home/ubuntu/lemondeDeLila/backend/src/game/games/les-quatre-vents/aventure-sauvage/bots/aventure-sauvage-bot.service.ts": {"lines":{"total":9,"covered":9,"skipped":0,"pct":100},"functions":{"total":2,"covered":2,"skipped":0,"pct":100},"statements":{"total":12,"covered":11,"skipped":0,"pct":91.66},"branches":{"total":8,"covered":5,"skipped":0,"pct":62.5}}
,"/home/ubuntu/lemondeDeLila/backend/src/game/games/les-quatre-vents/aventure-sauvage/definitions/game.definition.ts": {"lines":{"total":1,"covered":1,"skipped":0,"pct":100},"functions":{"total":0,"covered":0,"skipped":0,"pct":100},"statements":{"total":1,"covered":1,"skipped":0,"pct":100},"branches":{"total":0,"covered":0,"skipped":0,"pct":100}}
,"/home/ubuntu/lemondeDeLila/backend/src/game/games/les-quatre-vents/aventure-sauvage/presenter/aventure-sauvage-presenter.service.ts": {"lines":{"total":17,"covered":17,"skipped":0,"pct":100},"functions":{"total":5,"covered":5,"skipped":0,"pct":100},"statements":{"total":20,"covered":20,"skipped":0,"pct":100},"branches":{"total":16,"covered":10,"skipped":0,"pct":62.5}}
,"/home/ubuntu/lemondeDeLila/backend/src/game/games/les-quatre-vents/aventure-sauvage/rulebook/rulebook.ts": {"lines":{"total":61,"covered":29,"skipped":0,"pct":47.54},"functions":{"total":7,"covered":5,"skipped":0,"pct":71.42},"statements":{"total":68,"covered":33,"skipped":0,"pct":48.52},"branches":{"total":68,"covered":21,"skipped":0,"pct":30.88}}
,"/home/ubuntu/lemondeDeLila/backend/src/game/games/les-quatre-vents/aventure-sauvage/setup/aventure-sauvage-setup.service.ts": {"lines":{"total":83,"covered":65,"skipped":0,"pct":78.31},"functions":{"total":19,"covered":18,"skipped":0,"pct":94.73},"statements":{"total":93,"covered":70,"skipped":0,"pct":75.26},"branches":{"total":79,"covered":39,"skipped":0,"pct":49.36}}
,"/home/ubuntu/lemondeDeLila/backend/src/game/games/les-quatre-vents/ca-derape/ca-derape.module.ts": {"lines":{"total":10,"covered":10,"skipped":0,"pct":100},"functions":{"total":0,"covered":0,"skipped":0,"pct":100},"statements":{"total":12,"covered":12,"skipped":0,"pct":100},"branches":{"total":0,"covered":0,"skipped":0,"pct":100}}
,"/home/ubuntu/lemondeDeLila/backend/src/game/games/les-quatre-vents/ca-derape/ca-derape.service.ts": {"lines":{"total":30,"covered":29,"skipped":0,"pct":96.66},"functions":{"total":8,"covered":7,"skipped":0,"pct":87.5},"statements":{"total":32,"covered":31,"skipped":0,"pct":96.87},"branches":{"total":20,"covered":15,"skipped":0,"pct":75}}
,"/home/ubuntu/lemondeDeLila/backend/src/game/games/les-quatre-vents/ca-derape/ca-derape.shortcuts.ts": {"lines":{"total":3,"covered":3,"skipped":0,"pct":100},"functions":{"total":1,"covered":1,"skipped":0,"pct":100},"statements":{"total":5,"covered":5,"skipped":0,"pct":100},"branches":{"total":0,"covered":0,"skipped":0,"pct":100}}
,"/home/ubuntu/lemondeDeLila/backend/src/game/games/les-quatre-vents/ca-derape/actions/ca-actions.service.ts": {"lines":{"total":512,"covered":164,"skipped":0,"pct":32.03},"functions":{"total":67,"covered":19,"skipped":0,"pct":28.35},"statements":{"total":556,"covered":170,"skipped":0,"pct":30.57},"branches":{"total":596,"covered":125,"skipped":0,"pct":20.97}}
,"/home/ubuntu/lemondeDeLila/backend/src/game/games/les-quatre-vents/ca-derape/bots/ca-bot.service.ts": {"lines":{"total":7,"covered":7,"skipped":0,"pct":100},"functions":{"total":2,"covered":2,"skipped":0,"pct":100},"statements":{"total":9,"covered":9,"skipped":0,"pct":100},"branches":{"total":4,"covered":3,"skipped":0,"pct":75}}
,"/home/ubuntu/lemondeDeLila/backend/src/game/games/les-quatre-vents/ca-derape/definitions/ca.definition.ts": {"lines":{"total":1,"covered":1,"skipped":0,"pct":100},"functions":{"total":0,"covered":0,"skipped":0,"pct":100},"statements":{"total":1,"covered":1,"skipped":0,"pct":100},"branches":{"total":0,"covered":0,"skipped":0,"pct":100}}
,"/home/ubuntu/lemondeDeLila/backend/src/game/games/les-quatre-vents/ca-derape/presenter/ca-presenter.service.ts": {"lines":{"total":29,"covered":28,"skipped":0,"pct":96.55},"functions":{"total":7,"covered":7,"skipped":0,"pct":100},"statements":{"total":33,"covered":32,"skipped":0,"pct":96.96},"branches":{"total":32,"covered":22,"skipped":0,"pct":68.75}}
,"/home/ubuntu/lemondeDeLila/backend/src/game/games/les-quatre-vents/ca-derape/rulebook/ca.rulebook.ts": {"lines":{"total":78,"covered":20,"skipped":0,"pct":25.64},"functions":{"total":4,"covered":1,"skipped":0,"pct":25},"statements":{"total":83,"covered":22,"skipped":0,"pct":26.5},"branches":{"total":90,"covered":11,"skipped":0,"pct":12.22}}
,"/home/ubuntu/lemondeDeLila/backend/src/game/games/les-quatre-vents/ca-derape/setup/ca.setup.ts": {"lines":{"total":44,"covered":44,"skipped":0,"pct":100},"functions":{"total":12,"covered":12,"skipped":0,"pct":100},"statements":{"total":46,"covered":46,"skipped":0,"pct":100},"branches":{"total":6,"covered":4,"skipped":0,"pct":66.66}}
,"/home/ubuntu/lemondeDeLila/backend/src/game/games/les-quatre-vents/contes-et-cacahuetes/contes.module.ts": {"lines":{"total":12,"covered":12,"skipped":0,"pct":100},"functions":{"total":0,"covered":0,"skipped":0,"pct":100},"statements":{"total":14,"covered":14,"skipped":0,"pct":100},"branches":{"total":0,"covered":0,"skipped":0,"pct":100}}
,"/home/ubuntu/lemondeDeLila/backend/src/game/games/les-quatre-vents/contes-et-cacahuetes/contes.service.ts": {"lines":{"total":30,"covered":29,"skipped":0,"pct":96.66},"functions":{"total":8,"covered":7,"skipped":0,"pct":87.5},"statements":{"total":32,"covered":31,"skipped":0,"pct":96.87},"branches":{"total":20,"covered":15,"skipped":0,"pct":75}}
,"/home/ubuntu/lemondeDeLila/backend/src/game/games/les-quatre-vents/contes-et-cacahuetes/contes.shortcuts.ts": {"lines":{"total":2,"covered":2,"skipped":0,"pct":100},"functions":{"total":1,"covered":1,"skipped":0,"pct":100},"statements":{"total":4,"covered":4,"skipped":0,"pct":100},"branches":{"total":0,"covered":0,"skipped":0,"pct":100}}
,"/home/ubuntu/lemondeDeLila/backend/src/game/games/les-quatre-vents/contes-et-cacahuetes/actions/contes-action.service.ts": {"lines":{"total":737,"covered":374,"skipped":0,"pct":50.74},"functions":{"total":117,"covered":80,"skipped":0,"pct":68.37},"statements":{"total":815,"covered":397,"skipped":0,"pct":48.71},"branches":{"total":655,"covered":249,"skipped":0,"pct":38.01}}
,"/home/ubuntu/lemondeDeLila/backend/src/game/games/les-quatre-vents/contes-et-cacahuetes/bots/contes-bot.service.ts": {"lines":{"total":11,"covered":10,"skipped":0,"pct":90.9},"functions":{"total":2,"covered":2,"skipped":0,"pct":100},"statements":{"total":13,"covered":12,"skipped":0,"pct":92.3},"branches":{"total":14,"covered":11,"skipped":0,"pct":78.57}}
,"/home/ubuntu/lemondeDeLila/backend/src/game/games/les-quatre-vents/contes-et-cacahuetes/definitions/game.definition.ts": {"lines":{"total":1,"covered":1,"skipped":0,"pct":100},"functions":{"total":0,"covered":0,"skipped":0,"pct":100},"statements":{"total":1,"covered":1,"skipped":0,"pct":100},"branches":{"total":0,"covered":0,"skipped":0,"pct":100}}
,"/home/ubuntu/lemondeDeLila/backend/src/game/games/les-quatre-vents/contes-et-cacahuetes/presenter/contes-presenter.service.ts": {"lines":{"total":21,"covered":21,"skipped":0,"pct":100},"functions":{"total":6,"covered":6,"skipped":0,"pct":100},"statements":{"total":24,"covered":24,"skipped":0,"pct":100},"branches":{"total":22,"covered":14,"skipped":0,"pct":63.63}}
,"/home/ubuntu/lemondeDeLila/backend/src/game/games/les-quatre-vents/contes-et-cacahuetes/rulebook/rulebook.ts": {"lines":{"total":111,"covered":33,"skipped":0,"pct":29.72},"functions":{"total":5,"covered":4,"skipped":0,"pct":80},"statements":{"total":120,"covered":39,"skipped":0,"pct":32.5},"branches":{"total":153,"covered":27,"skipped":0,"pct":17.64}}
,"/home/ubuntu/lemondeDeLila/backend/src/game/games/les-quatre-vents/contes-et-cacahuetes/setup/contes-et-cacahuetes-setup.service.ts": {"lines":{"total":42,"covered":41,"skipped":0,"pct":97.61},"functions":{"total":16,"covered":16,"skipped":0,"pct":100},"statements":{"total":48,"covered":47,"skipped":0,"pct":97.91},"branches":{"total":38,"covered":24,"skipped":0,"pct":63.15}}
,"/home/ubuntu/lemondeDeLila/backend/src/game/games/les-quatre-vents/en-attendant-minuit/en-attendant-minuit.module.ts": {"lines":{"total":14,"covered":14,"skipped":0,"pct":100},"functions":{"total":0,"covered":0,"skipped":0,"pct":100},"statements":{"total":16,"covered":16,"skipped":0,"pct":100},"branches":{"total":0,"covered":0,"skipped":0,"pct":100}}
,"/home/ubuntu/lemondeDeLila/backend/src/game/games/les-quatre-vents/en-attendant-minuit/en-attendant-minuit.service.ts": {"lines":{"total":31,"covered":30,"skipped":0,"pct":96.77},"functions":{"total":9,"covered":8,"skipped":0,"pct":88.88},"statements":{"total":33,"covered":32,"skipped":0,"pct":96.96},"branches":{"total":20,"covered":15,"skipped":0,"pct":75}}
,"/home/ubuntu/lemondeDeLila/backend/src/game/games/les-quatre-vents/en-attendant-minuit/minuit.shortcuts.ts": {"lines":{"total":3,"covered":3,"skipped":0,"pct":100},"functions":{"total":1,"covered":1,"skipped":0,"pct":100},"statements":{"total":5,"covered":5,"skipped":0,"pct":100},"branches":{"total":0,"covered":0,"skipped":0,"pct":100}}
,"/home/ubuntu/lemondeDeLila/backend/src/game/games/les-quatre-vents/en-attendant-minuit/actions/minuit-action.service.ts": {"lines":{"total":602,"covered":459,"skipped":0,"pct":76.24},"functions":{"total":108,"covered":86,"skipped":0,"pct":79.62},"statements":{"total":693,"covered":493,"skipped":0,"pct":71.13},"branches":{"total":694,"covered":380,"skipped":0,"pct":54.75}}
,"/home/ubuntu/lemondeDeLila/backend/src/game/games/les-quatre-vents/en-attendant-minuit/bots/minuit-bot.service.ts": {"lines":{"total":7,"covered":7,"skipped":0,"pct":100},"functions":{"total":2,"covered":2,"skipped":0,"pct":100},"statements":{"total":9,"covered":9,"skipped":0,"pct":100},"branches":{"total":4,"covered":3,"skipped":0,"pct":75}}
,"/home/ubuntu/lemondeDeLila/backend/src/game/games/les-quatre-vents/en-attendant-minuit/definitions/minuit.definition.ts": {"lines":{"total":1,"covered":1,"skipped":0,"pct":100},"functions":{"total":0,"covered":0,"skipped":0,"pct":100},"statements":{"total":1,"covered":1,"skipped":0,"pct":100},"branches":{"total":0,"covered":0,"skipped":0,"pct":100}}
,"/home/ubuntu/lemondeDeLila/backend/src/game/games/les-quatre-vents/en-attendant-minuit/presenter/minuit-presenter.service.ts": {"lines":{"total":17,"covered":17,"skipped":0,"pct":100},"functions":{"total":4,"covered":4,"skipped":0,"pct":100},"statements":{"total":20,"covered":20,"skipped":0,"pct":100},"branches":{"total":24,"covered":18,"skipped":0,"pct":75}}
,"/home/ubuntu/lemondeDeLila/backend/src/game/games/les-quatre-vents/en-attendant-minuit/rulebook/rulebook.ts": {"lines":{"total":89,"covered":42,"skipped":0,"pct":47.19},"functions":{"total":9,"covered":4,"skipped":0,"pct":44.44},"statements":{"total":97,"covered":46,"skipped":0,"pct":47.42},"branches":{"total":106,"covered":31,"skipped":0,"pct":29.24}}
,"/home/ubuntu/lemondeDeLila/backend/src/game/games/les-quatre-vents/en-attendant-minuit/setup/minuit-setup.service.ts": {"lines":{"total":75,"covered":71,"skipped":0,"pct":94.66},"functions":{"total":25,"covered":24,"skipped":0,"pct":96},"statements":{"total":88,"covered":79,"skipped":0,"pct":89.77},"branches":{"total":96,"covered":58,"skipped":0,"pct":60.41}}
,"/home/ubuntu/lemondeDeLila/backend/src/game/games/les-quatre-vents/frousse-party/frousse-party.module.ts": {"lines":{"total":15,"covered":15,"skipped":0,"pct":100},"functions":{"total":0,"covered":0,"skipped":0,"pct":100},"statements":{"total":17,"covered":17,"skipped":0,"pct":100},"branches":{"total":0,"covered":0,"skipped":0,"pct":100}}
,"/home/ubuntu/lemondeDeLila/backend/src/game/games/les-quatre-vents/frousse-party/frousse-party.service.ts": {"lines":{"total":30,"covered":29,"skipped":0,"pct":96.66},"functions":{"total":8,"covered":7,"skipped":0,"pct":87.5},"statements":{"total":32,"covered":31,"skipped":0,"pct":96.87},"branches":{"total":20,"covered":15,"skipped":0,"pct":75}}
,"/home/ubuntu/lemondeDeLila/backend/src/game/games/les-quatre-vents/frousse-party/frousse.shortcuts.ts": {"lines":{"total":3,"covered":3,"skipped":0,"pct":100},"functions":{"total":1,"covered":1,"skipped":0,"pct":100},"statements":{"total":5,"covered":5,"skipped":0,"pct":100},"branches":{"total":0,"covered":0,"skipped":0,"pct":100}}
,"/home/ubuntu/lemondeDeLila/backend/src/game/games/les-quatre-vents/frousse-party/pawn-selection.ts": {"lines":{"total":18,"covered":0,"skipped":0,"pct":0},"functions":{"total":8,"covered":0,"skipped":0,"pct":0},"statements":{"total":22,"covered":0,"skipped":0,"pct":0},"branches":{"total":14,"covered":0,"skipped":0,"pct":0}}
,"/home/ubuntu/lemondeDeLila/backend/src/game/games/les-quatre-vents/frousse-party/pawns.utils.ts": {"lines":{"total":18,"covered":6,"skipped":0,"pct":33.33},"functions":{"total":3,"covered":2,"skipped":0,"pct":66.66},"statements":{"total":22,"covered":8,"skipped":0,"pct":36.36},"branches":{"total":28,"covered":4,"skipped":0,"pct":14.28}}
,"/home/ubuntu/lemondeDeLila/backend/src/game/games/les-quatre-vents/frousse-party/actions/frousse-action.service.ts": {"lines":{"total":557,"covered":397,"skipped":0,"pct":71.27},"functions":{"total":59,"covered":48,"skipped":0,"pct":81.35},"statements":{"total":622,"covered":422,"skipped":0,"pct":67.84},"branches":{"total":683,"covered":347,"skipped":0,"pct":50.8}}
,"/home/ubuntu/lemondeDeLila/backend/src/game/games/les-quatre-vents/frousse-party/bots/frousse-bot.service.ts": {"lines":{"total":13,"covered":13,"skipped":0,"pct":100},"functions":{"total":3,"covered":3,"skipped":0,"pct":100},"statements":{"total":15,"covered":15,"skipped":0,"pct":100},"branches":{"total":12,"covered":8,"skipped":0,"pct":66.66}}
,"/home/ubuntu/lemondeDeLila/backend/src/game/games/les-quatre-vents/frousse-party/definitions/frousse.definition.ts": {"lines":{"total":1,"covered":1,"skipped":0,"pct":100},"functions":{"total":0,"covered":0,"skipped":0,"pct":100},"statements":{"total":1,"covered":1,"skipped":0,"pct":100},"branches":{"total":0,"covered":0,"skipped":0,"pct":100}}
,"/home/ubuntu/lemondeDeLila/backend/src/game/games/les-quatre-vents/frousse-party/presenter/frousse-presenter.service.ts": {"lines":{"total":15,"covered":15,"skipped":0,"pct":100},"functions":{"total":5,"covered":5,"skipped":0,"pct":100},"statements":{"total":18,"covered":18,"skipped":0,"pct":100},"branches":{"total":16,"covered":10,"skipped":0,"pct":62.5}}
,"/home/ubuntu/lemondeDeLila/backend/src/game/games/les-quatre-vents/frousse-party/rulebook/rulebook.ts": {"lines":{"total":77,"covered":27,"skipped":0,"pct":35.06},"functions":{"total":10,"covered":3,"skipped":0,"pct":30},"statements":{"total":86,"covered":30,"skipped":0,"pct":34.88},"branches":{"total":96,"covered":17,"skipped":0,"pct":17.7}}
,"/home/ubuntu/lemondeDeLila/backend/src/game/games/les-quatre-vents/frousse-party/setup/frousse-setup.service.ts": {"lines":{"total":38,"covered":35,"skipped":0,"pct":92.1},"functions":{"total":13,"covered":13,"skipped":0,"pct":100},"statements":{"total":46,"covered":40,"skipped":0,"pct":86.95},"branches":{"total":50,"covered":26,"skipped":0,"pct":52}}
,"/home/ubuntu/lemondeDeLila/backend/src/game/games/les-quatre-vents/galopons-ensemble/galopons-ensemble.module.ts": {"lines":{"total":11,"covered":11,"skipped":0,"pct":100},"functions":{"total":0,"covered":0,"skipped":0,"pct":100},"statements":{"total":13,"covered":13,"skipped":0,"pct":100},"branches":{"total":0,"covered":0,"skipped":0,"pct":100}}
,"/home/ubuntu/lemondeDeLila/backend/src/game/games/les-quatre-vents/galopons-ensemble/galopons-ensemble.service.ts": {"lines":{"total":31,"covered":30,"skipped":0,"pct":96.77},"functions":{"total":9,"covered":8,"skipped":0,"pct":88.88},"statements":{"total":33,"covered":32,"skipped":0,"pct":96.96},"branches":{"total":20,"covered":15,"skipped":0,"pct":75}}
,"/home/ubuntu/lemondeDeLila/backend/src/game/games/les-quatre-vents/galopons-ensemble/galopons.shortcuts.ts": {"lines":{"total":3,"covered":3,"skipped":0,"pct":100},"functions":{"total":1,"covered":1,"skipped":0,"pct":100},"statements":{"total":5,"covered":5,"skipped":0,"pct":100},"branches":{"total":0,"covered":0,"skipped":0,"pct":100}}
,"/home/ubuntu/lemondeDeLila/backend/src/game/games/les-quatre-vents/galopons-ensemble/actions/galopons-action.service.ts": {"lines":{"total":316,"covered":204,"skipped":0,"pct":64.55},"functions":{"total":44,"covered":29,"skipped":0,"pct":65.9},"statements":{"total":351,"covered":215,"skipped":0,"pct":61.25},"branches":{"total":359,"covered":162,"skipped":0,"pct":45.12}}
,"/home/ubuntu/lemondeDeLila/backend/src/game/games/les-quatre-vents/galopons-ensemble/bots/galopons-bot.service.ts": {"lines":{"total":7,"covered":7,"skipped":0,"pct":100},"functions":{"total":2,"covered":2,"skipped":0,"pct":100},"statements":{"total":9,"covered":9,"skipped":0,"pct":100},"branches":{"total":4,"covered":3,"skipped":0,"pct":75}}
,"/home/ubuntu/lemondeDeLila/backend/src/game/games/les-quatre-vents/galopons-ensemble/definitions/galopons.definition.ts": {"lines":{"total":1,"covered":1,"skipped":0,"pct":100},"functions":{"total":0,"covered":0,"skipped":0,"pct":100},"statements":{"total":1,"covered":1,"skipped":0,"pct":100},"branches":{"total":0,"covered":0,"skipped":0,"pct":100}}
,"/home/ubuntu/lemondeDeLila/backend/src/game/games/les-quatre-vents/galopons-ensemble/presenter/galopons-presenter.service.ts": {"lines":{"total":18,"covered":18,"skipped":0,"pct":100},"functions":{"total":6,"covered":6,"skipped":0,"pct":100},"statements":{"total":21,"covered":21,"skipped":0,"pct":100},"branches":{"total":32,"covered":19,"skipped":0,"pct":59.37}}
,"/home/ubuntu/lemondeDeLila/backend/src/game/games/les-quatre-vents/galopons-ensemble/rulebook/rulebook.ts": {"lines":{"total":50,"covered":18,"skipped":0,"pct":36},"functions":{"total":3,"covered":1,"skipped":0,"pct":33.33},"statements":{"total":55,"covered":21,"skipped":0,"pct":38.18},"branches":{"total":58,"covered":10,"skipped":0,"pct":17.24}}
,"/home/ubuntu/lemondeDeLila/backend/src/game/games/les-quatre-vents/galopons-ensemble/setup/galopons-setup.service.ts": {"lines":{"total":22,"covered":22,"skipped":0,"pct":100},"functions":{"total":5,"covered":5,"skipped":0,"pct":100},"statements":{"total":24,"covered":24,"skipped":0,"pct":100},"branches":{"total":20,"covered":13,"skipped":0,"pct":65}}
,"/home/ubuntu/lemondeDeLila/backend/src/game/games/les-quatre-vents/mission-galaxie/mission-galaxie.module.ts": {"lines":{"total":11,"covered":11,"skipped":0,"pct":100},"functions":{"total":0,"covered":0,"skipped":0,"pct":100},"statements":{"total":13,"covered":13,"skipped":0,"pct":100},"branches":{"total":0,"covered":0,"skipped":0,"pct":100}}
,"/home/ubuntu/lemondeDeLila/backend/src/game/games/les-quatre-vents/mission-galaxie/mission-galaxie.service.ts": {"lines":{"total":30,"covered":29,"skipped":0,"pct":96.66},"functions":{"total":8,"covered":7,"skipped":0,"pct":87.5},"statements":{"total":32,"covered":31,"skipped":0,"pct":96.87},"branches":{"total":20,"covered":15,"skipped":0,"pct":75}}
,"/home/ubuntu/lemondeDeLila/backend/src/game/games/les-quatre-vents/mission-galaxie/actions/mission-galaxie-action.service.ts": {"lines":{"total":253,"covered":143,"skipped":0,"pct":56.52},"functions":{"total":37,"covered":21,"skipped":0,"pct":56.75},"statements":{"total":279,"covered":149,"skipped":0,"pct":53.4},"branches":{"total":265,"covered":107,"skipped":0,"pct":40.37}}
,"/home/ubuntu/lemondeDeLila/backend/src/game/games/les-quatre-vents/mission-galaxie/bots/mission-galaxie-bot.service.ts": {"lines":{"total":7,"covered":7,"skipped":0,"pct":100},"functions":{"total":2,"covered":2,"skipped":0,"pct":100},"statements":{"total":9,"covered":9,"skipped":0,"pct":100},"branches":{"total":4,"covered":3,"skipped":0,"pct":75}}
,"/home/ubuntu/lemondeDeLila/backend/src/game/games/les-quatre-vents/mission-galaxie/definitions/mission-galaxie.definition.ts": {"lines":{"total":1,"covered":1,"skipped":0,"pct":100},"functions":{"total":0,"covered":0,"skipped":0,"pct":100},"statements":{"total":1,"covered":1,"skipped":0,"pct":100},"branches":{"total":0,"covered":0,"skipped":0,"pct":100}}
,"/home/ubuntu/lemondeDeLila/backend/src/game/games/les-quatre-vents/mission-galaxie/presenter/mission-galaxie-presenter.service.ts": {"lines":{"total":16,"covered":16,"skipped":0,"pct":100},"functions":{"total":5,"covered":5,"skipped":0,"pct":100},"statements":{"total":19,"covered":19,"skipped":0,"pct":100},"branches":{"total":22,"covered":16,"skipped":0,"pct":72.72}}
,"/home/ubuntu/lemondeDeLila/backend/src/game/games/les-quatre-vents/mission-galaxie/rulebook/rulebook.ts": {"lines":{"total":74,"covered":20,"skipped":0,"pct":27.02},"functions":{"total":8,"covered":2,"skipped":0,"pct":25},"statements":{"total":80,"covered":23,"skipped":0,"pct":28.75},"branches":{"total":77,"covered":15,"skipped":0,"pct":19.48}}
,"/home/ubuntu/lemondeDeLila/backend/src/game/games/les-quatre-vents/mission-galaxie/setup/mission-galaxie-setup.service.ts": {"lines":{"total":29,"covered":29,"skipped":0,"pct":100},"functions":{"total":7,"covered":7,"skipped":0,"pct":100},"statements":{"total":31,"covered":31,"skipped":0,"pct":100},"branches":{"total":36,"covered":21,"skipped":0,"pct":58.33}}
,"/home/ubuntu/lemondeDeLila/backend/src/game/games/les-quatre-vents/mission-galaxie/shortcuts/mission-galaxie.shortcuts.ts": {"lines":{"total":3,"covered":3,"skipped":0,"pct":100},"functions":{"total":1,"covered":1,"skipped":0,"pct":100},"statements":{"total":5,"covered":5,"skipped":0,"pct":100},"branches":{"total":0,"covered":0,"skipped":0,"pct":100}}
,"/home/ubuntu/lemondeDeLila/backend/src/game/games/les-quatre-vents/mon-village-mon-histoire/mon-village-mon-histoire.module.ts": {"lines":{"total":11,"covered":11,"skipped":0,"pct":100},"functions":{"total":0,"covered":0,"skipped":0,"pct":100},"statements":{"total":13,"covered":13,"skipped":0,"pct":100},"branches":{"total":0,"covered":0,"skipped":0,"pct":100}}
,"/home/ubuntu/lemondeDeLila/backend/src/game/games/les-quatre-vents/mon-village-mon-histoire/mon-village-mon-histoire.service.ts": {"lines":{"total":30,"covered":29,"skipped":0,"pct":96.66},"functions":{"total":8,"covered":7,"skipped":0,"pct":87.5},"statements":{"total":32,"covered":31,"skipped":0,"pct":96.87},"branches":{"total":20,"covered":15,"skipped":0,"pct":75}}
,"/home/ubuntu/lemondeDeLila/backend/src/game/games/les-quatre-vents/mon-village-mon-histoire/actions/mon-village-action.service.ts": {"lines":{"total":113,"covered":103,"skipped":0,"pct":91.15},"functions":{"total":28,"covered":27,"skipped":0,"pct":96.42},"statements":{"total":129,"covered":112,"skipped":0,"pct":86.82},"branches":{"total":124,"covered":68,"skipped":0,"pct":54.83}}
,"/home/ubuntu/lemondeDeLila/backend/src/game/games/les-quatre-vents/mon-village-mon-histoire/bots/mon-village-bot.service.ts": {"lines":{"total":7,"covered":7,"skipped":0,"pct":100},"functions":{"total":2,"covered":2,"skipped":0,"pct":100},"statements":{"total":9,"covered":9,"skipped":0,"pct":100},"branches":{"total":4,"covered":3,"skipped":0,"pct":75}}
,"/home/ubuntu/lemondeDeLila/backend/src/game/games/les-quatre-vents/mon-village-mon-histoire/definitions/mon-village.definition.ts": {"lines":{"total":1,"covered":1,"skipped":0,"pct":100},"functions":{"total":0,"covered":0,"skipped":0,"pct":100},"statements":{"total":1,"covered":1,"skipped":0,"pct":100},"branches":{"total":0,"covered":0,"skipped":0,"pct":100}}
,"/home/ubuntu/lemondeDeLila/backend/src/game/games/les-quatre-vents/mon-village-mon-histoire/presenter/mon-village-presenter.service.ts": {"lines":{"total":48,"covered":46,"skipped":0,"pct":95.83},"functions":{"total":19,"covered":19,"skipped":0,"pct":100},"statements":{"total":53,"covered":49,"skipped":0,"pct":92.45},"branches":{"total":62,"covered":35,"skipped":0,"pct":56.45}}
,"/home/ubuntu/lemondeDeLila/backend/src/game/games/les-quatre-vents/mon-village-mon-histoire/rulebook/rulebook.ts": {"lines":{"total":27,"covered":12,"skipped":0,"pct":44.44},"functions":{"total":2,"covered":1,"skipped":0,"pct":50},"statements":{"total":29,"covered":12,"skipped":0,"pct":41.37},"branches":{"total":24,"covered":5,"skipped":0,"pct":20.83}}
,"/home/ubuntu/lemondeDeLila/backend/src/game/games/les-quatre-vents/mon-village-mon-histoire/setup/mon-village-setup.service.ts": {"lines":{"total":33,"covered":33,"skipped":0,"pct":100},"functions":{"total":6,"covered":6,"skipped":0,"pct":100},"statements":{"total":36,"covered":36,"skipped":0,"pct":100},"branches":{"total":24,"covered":15,"skipped":0,"pct":62.5}}
,"/home/ubuntu/lemondeDeLila/backend/src/game/games/les-quatre-vents/mon-village-mon-histoire/shortcuts/mon-village.shortcuts.ts": {"lines":{"total":3,"covered":3,"skipped":0,"pct":100},"functions":{"total":1,"covered":1,"skipped":0,"pct":100},"statements":{"total":5,"covered":5,"skipped":0,"pct":100},"branches":{"total":0,"covered":0,"skipped":0,"pct":100}}
,"/home/ubuntu/lemondeDeLila/backend/src/game/games/les-quatre-vents/odyssee-quatre-cieux/odyssee.module.ts": {"lines":{"total":10,"covered":10,"skipped":0,"pct":100},"functions":{"total":0,"covered":0,"skipped":0,"pct":100},"statements":{"total":12,"covered":12,"skipped":0,"pct":100},"branches":{"total":0,"covered":0,"skipped":0,"pct":100}}
,"/home/ubuntu/lemondeDeLila/backend/src/game/games/les-quatre-vents/odyssee-quatre-cieux/odyssee.service.ts": {"lines":{"total":30,"covered":29,"skipped":0,"pct":96.66},"functions":{"total":8,"covered":7,"skipped":0,"pct":87.5},"statements":{"total":32,"covered":31,"skipped":0,"pct":96.87},"branches":{"total":20,"covered":15,"skipped":0,"pct":75}}
,"/home/ubuntu/lemondeDeLila/backend/src/game/games/les-quatre-vents/odyssee-quatre-cieux/odyssee.shortcuts.ts": {"lines":{"total":3,"covered":3,"skipped":0,"pct":100},"functions":{"total":1,"covered":1,"skipped":0,"pct":100},"statements":{"total":5,"covered":5,"skipped":0,"pct":100},"branches":{"total":0,"covered":0,"skipped":0,"pct":100}}
,"/home/ubuntu/lemondeDeLila/backend/src/game/games/les-quatre-vents/odyssee-quatre-cieux/actions/odyssee-action.service.ts": {"lines":{"total":177,"covered":168,"skipped":0,"pct":94.91},"functions":{"total":32,"covered":30,"skipped":0,"pct":93.75},"statements":{"total":200,"covered":178,"skipped":0,"pct":89},"branches":{"total":187,"covered":129,"skipped":0,"pct":68.98}}
,"/home/ubuntu/lemondeDeLila/backend/src/game/games/les-quatre-vents/odyssee-quatre-cieux/bots/odyssee-bot.service.ts": {"lines":{"total":7,"covered":7,"skipped":0,"pct":100},"functions":{"total":2,"covered":2,"skipped":0,"pct":100},"statements":{"total":9,"covered":9,"skipped":0,"pct":100},"branches":{"total":4,"covered":3,"skipped":0,"pct":75}}
,"/home/ubuntu/lemondeDeLila/backend/src/game/games/les-quatre-vents/odyssee-quatre-cieux/definitions/odyssee.definition.ts": {"lines":{"total":1,"covered":1,"skipped":0,"pct":100},"functions":{"total":0,"covered":0,"skipped":0,"pct":100},"statements":{"total":1,"covered":1,"skipped":0,"pct":100},"branches":{"total":0,"covered":0,"skipped":0,"pct":100}}
,"/home/ubuntu/lemondeDeLila/backend/src/game/games/les-quatre-vents/odyssee-quatre-cieux/presenter/odyssee-presenter.service.ts": {"lines":{"total":47,"covered":47,"skipped":0,"pct":100},"functions":{"total":14,"covered":14,"skipped":0,"pct":100},"statements":{"total":53,"covered":51,"skipped":0,"pct":96.22},"branches":{"total":59,"covered":36,"skipped":0,"pct":61.01}}
,"/home/ubuntu/lemondeDeLila/backend/src/game/games/les-quatre-vents/odyssee-quatre-cieux/rulebook/rulebook.ts": {"lines":{"total":43,"covered":19,"skipped":0,"pct":44.18},"functions":{"total":3,"covered":2,"skipped":0,"pct":66.66},"statements":{"total":47,"covered":21,"skipped":0,"pct":44.68},"branches":{"total":48,"covered":13,"skipped":0,"pct":27.08}}
,"/home/ubuntu/lemondeDeLila/backend/src/game/games/les-quatre-vents/odyssee-quatre-cieux/setup/odyssee-setup.service.ts": {"lines":{"total":13,"covered":13,"skipped":0,"pct":100},"functions":{"total":3,"covered":3,"skipped":0,"pct":100},"statements":{"total":16,"covered":16,"skipped":0,"pct":100},"branches":{"total":4,"covered":2,"skipped":0,"pct":50}}
,"/home/ubuntu/lemondeDeLila/backend/src/game/games/les-quatre-vents/panier-express/panier-express.module.ts": {"lines":{"total":24,"covered":24,"skipped":0,"pct":100},"functions":{"total":0,"covered":0,"skipped":0,"pct":100},"statements":{"total":26,"covered":26,"skipped":0,"pct":100},"branches":{"total":0,"covered":0,"skipped":0,"pct":100}}
[...]
,"/home/ubuntu/lemondeDeLila/backend/src/presence/services/presence.service.ts": {"lines":{"total":354,"covered":11,"skipped":0,"pct":3.1},"functions":{"total":46,"covered":0,"skipped":0,"pct":0},"statements":{"total":371,"covered":13,"skipped":0,"pct":3.5},"branches":{"total":332,"covered":15,"skipped":0,"pct":4.51}}
,"/home/ubuntu/lemondeDeLila/backend/src/realtime/realtime.module.ts": {"lines":{"total":12,"covered":0,"skipped":0,"pct":0},"functions":{"total":1,"covered":0,"skipped":0,"pct":0},"statements":{"total":14,"covered":0,"skipped":0,"pct":0},"branches":{"total":4,"covered":0,"skipped":0,"pct":0}}
,"/home/ubuntu/lemondeDeLila/backend/src/realtime/gateways/realtime-api.gateway.ts": {"lines":{"total":104,"covered":0,"skipped":0,"pct":0},"functions":{"total":11,"covered":0,"skipped":0,"pct":0},"statements":{"total":109,"covered":0,"skipped":0,"pct":0},"branches":{"total":86,"covered":0,"skipped":0,"pct":0}}
,"/home/ubuntu/lemondeDeLila/backend/src/realtime/ws/api-capabilities.registrar.ts": {"lines":{"total":9,"covered":0,"skipped":0,"pct":0},"functions":{"total":3,"covered":0,"skipped":0,"pct":0},"statements":{"total":11,"covered":0,"skipped":0,"pct":0},"branches":{"total":8,"covered":0,"skipped":0,"pct":0}}
,"/home/ubuntu/lemondeDeLila/backend/src/room/room.module.ts": {"lines":{"total":29,"covered":0,"skipped":0,"pct":0},"functions":{"total":2,"covered":0,"skipped":0,"pct":0},"statements":{"total":31,"covered":0,"skipped":0,"pct":0},"branches":{"total":0,"covered":0,"skipped":0,"pct":100}}
,"/home/ubuntu/lemondeDeLila/backend/src/room/constants/room-status.constants.ts": {"lines":{"total":1,"covered":1,"skipped":0,"pct":100},"functions":{"total":0,"covered":0,"skipped":0,"pct":100},"statements":{"total":1,"covered":1,"skipped":0,"pct":100},"branches":{"total":0,"covered":0,"skipped":0,"pct":100}}
,"/home/ubuntu/lemondeDeLila/backend/src/room/dto/create-room.dto.ts": {"lines":{"total":6,"covered":0,"skipped":0,"pct":0},"functions":{"total":0,"covered":0,"skipped":0,"pct":100},"statements":{"total":6,"covered":0,"skipped":0,"pct":0},"branches":{"total":0,"covered":0,"skipped":0,"pct":100}}
,"/home/ubuntu/lemondeDeLila/backend/src/room/dto/room-invite.dto.ts": {"lines":{"total":9,"covered":0,"skipped":0,"pct":0},"functions":{"total":0,"covered":0,"skipped":0,"pct":100},"statements":{"total":9,"covered":0,"skipped":0,"pct":0},"branches":{"total":0,"covered":0,"skipped":0,"pct":100}}
,"/home/ubuntu/lemondeDeLila/backend/src/room/dto/rooms-public.dto.ts": {"lines":{"total":5,"covered":0,"skipped":0,"pct":0},"functions":{"total":0,"covered":0,"skipped":0,"pct":100},"statements":{"total":5,"covered":0,"skipped":0,"pct":0},"branches":{"total":0,"covered":0,"skipped":0,"pct":100}}
,"/home/ubuntu/lemondeDeLila/backend/src/room/entities/room-bot.entity.ts": {"lines":{"total":8,"covered":7,"skipped":0,"pct":87.5},"functions":{"total":1,"covered":0,"skipped":0,"pct":0},"statements":{"total":10,"covered":9,"skipped":0,"pct":90},"branches":{"total":8,"covered":5,"skipped":0,"pct":62.5}}
,"/home/ubuntu/lemondeDeLila/backend/src/room/entities/room-maintenance-settings.entity.ts": {"lines":{"total":7,"covered":0,"skipped":0,"pct":0},"functions":{"total":0,"covered":0,"skipped":0,"pct":100},"statements":{"total":9,"covered":0,"skipped":0,"pct":0},"branches":{"total":0,"covered":0,"skipped":0,"pct":100}}
,"/home/ubuntu/lemondeDeLila/backend/src/room/entities/room-participant.entity.ts": {"lines":{"total":12,"covered":10,"skipped":0,"pct":83.33},"functions":{"total":2,"covered":0,"skipped":0,"pct":0},"statements":{"total":14,"covered":12,"skipped":0,"pct":85.71},"branches":{"total":12,"covered":7,"skipped":0,"pct":58.33}}
,"/home/ubuntu/lemondeDeLila/backend/src/room/entities/room.entity.ts": {"lines":{"total":23,"covered":20,"skipped":0,"pct":86.95},"functions":{"total":5,"covered":0,"skipped":0,"pct":0},"statements":{"total":27,"covered":22,"skipped":0,"pct":81.48},"branches":{"total":4,"covered":3,"skipped":0,"pct":75}}
,"/home/ubuntu/lemondeDeLila/backend/src/room/gateways/room-lobby-ws.handler.ts": {"lines":{"total":152,"covered":0,"skipped":0,"pct":0},"functions":{"total":26,"covered":0,"skipped":0,"pct":0},"statements":{"total":160,"covered":0,"skipped":0,"pct":0},"branches":{"total":119,"covered":0,"skipped":0,"pct":0}}
,"/home/ubuntu/lemondeDeLila/backend/src/room/gateways/room-roster.ts": {"lines":{"total":27,"covered":0,"skipped":0,"pct":0},"functions":{"total":8,"covered":0,"skipped":0,"pct":0},"statements":{"total":41,"covered":0,"skipped":0,"pct":0},"branches":{"total":24,"covered":0,"skipped":0,"pct":0}}
,"/home/ubuntu/lemondeDeLila/backend/src/room/gateways/room-ws-params.ts": {"lines":{"total":27,"covered":0,"skipped":0,"pct":0},"functions":{"total":2,"covered":0,"skipped":0,"pct":0},"statements":{"total":28,"covered":0,"skipped":0,"pct":0},"branches":{"total":44,"covered":0,"skipped":0,"pct":0}}
,"/home/ubuntu/lemondeDeLila/backend/src/room/gateways/room-ws.registrar.ts": {"lines":{"total":42,"covered":0,"skipped":0,"pct":0},"functions":{"total":20,"covered":0,"skipped":0,"pct":0},"statements":{"total":44,"covered":0,"skipped":0,"pct":0},"branches":{"total":8,"covered":0,"skipped":0,"pct":0}}
,"/home/ubuntu/lemondeDeLila/backend/src/room/gateways/room.gateway.ts": {"lines":{"total":1006,"covered":0,"skipped":0,"pct":0},"functions":{"total":124,"covered":0,"skipped":0,"pct":0},"statements":{"total":1051,"covered":0,"skipped":0,"pct":0},"branches":{"total":882,"covered":0,"skipped":0,"pct":0}}
,"/home/ubuntu/lemondeDeLila/backend/src/room/services/room-auto-cleanup.service.ts": {"lines":{"total":26,"covered":0,"skipped":0,"pct":0},"functions":{"total":8,"covered":0,"skipped":0,"pct":0},"statements":{"total":28,"covered":0,"skipped":0,"pct":0},"branches":{"total":18,"covered":0,"skipped":0,"pct":0}}
,"/home/ubuntu/lemondeDeLila/backend/src/room/services/room-invite.service.ts": {"lines":{"total":39,"covered":0,"skipped":0,"pct":0},"functions":{"total":7,"covered":0,"skipped":0,"pct":0},"statements":{"total":43,"covered":0,"skipped":0,"pct":0},"branches":{"total":22,"covered":0,"skipped":0,"pct":0}}
,"/home/ubuntu/lemondeDeLila/backend/src/room/services/room-lobby-refresh.binder.ts": {"lines":{"total":8,"covered":0,"skipped":0,"pct":0},"functions":{"total":3,"covered":0,"skipped":0,"pct":0},"statements":{"total":10,"covered":0,"skipped":0,"pct":0},"branches":{"total":8,"covered":0,"skipped":0,"pct":0}}
,"/home/ubuntu/lemondeDeLila/backend/src/room/services/room-lobby-refresh.service.ts": {"lines":{"total":31,"covered":0,"skipped":0,"pct":0},"functions":{"total":6,"covered":0,"skipped":0,"pct":0},"statements":{"total":37,"covered":0,"skipped":0,"pct":0},"branches":{"total":39,"covered":0,"skipped":0,"pct":0}}
,"/home/ubuntu/lemondeDeLila/backend/src/room/services/room-maintenance-settings.service.ts": {"lines":{"total":34,"covered":0,"skipped":0,"pct":0},"functions":{"total":7,"covered":0,"skipped":0,"pct":0},"statements":{"total":37,"covered":0,"skipped":0,"pct":0},"branches":{"total":28,"covered":0,"skipped":0,"pct":0}}
,"/home/ubuntu/lemondeDeLila/backend/src/room/services/room-realtime-tracker.service.ts": {"lines":{"total":24,"covered":2,"skipped":0,"pct":8.33},"functions":{"total":7,"covered":0,"skipped":0,"pct":0},"statements":{"total":26,"covered":4,"skipped":0,"pct":15.38},"branches":{"total":23,"covered":0,"skipped":0,"pct":0}}
,"/home/ubuntu/lemondeDeLila/backend/src/room/services/room.service.ts": {"lines":{"total":457,"covered":17,"skipped":0,"pct":3.71},"functions":{"total":64,"covered":0,"skipped":0,"pct":0},"statements":{"total":481,"covered":19,"skipped":0,"pct":3.95},"branches":{"total":437,"covered":33,"skipped":0,"pct":7.55}}
,"/home/ubuntu/lemondeDeLila/backend/src/room/utils/room-lobby.utils.ts": {"lines":{"total":36,"covered":0,"skipped":0,"pct":0},"functions":{"total":9,"covered":0,"skipped":0,"pct":0},"statements":{"total":39,"covered":0,"skipped":0,"pct":0},"branches":{"total":28,"covered":0,"skipped":0,"pct":0}}
,"/home/ubuntu/lemondeDeLila/backend/src/social/social.module.ts": {"lines":{"total":12,"covered":0,"skipped":0,"pct":0},"functions":{"total":0,"covered":0,"skipped":0,"pct":100},"statements":{"total":14,"covered":0,"skipped":0,"pct":0},"branches":{"total":0,"covered":0,"skipped":0,"pct":100}}
,"/home/ubuntu/lemondeDeLila/backend/src/social/entities/social-profile-settings.entity.ts": {"lines":{"total":5,"covered":0,"skipped":0,"pct":0},"functions":{"total":0,"covered":0,"skipped":0,"pct":100},"statements":{"total":7,"covered":0,"skipped":0,"pct":0},"branches":{"total":0,"covered":0,"skipped":0,"pct":100}}
,"/home/ubuntu/lemondeDeLila/backend/src/social/entities/social-profile.entity.ts": {"lines":{"total":10,"covered":0,"skipped":0,"pct":0},"functions":{"total":1,"covered":0,"skipped":0,"pct":0},"statements":{"total":12,"covered":0,"skipped":0,"pct":0},"branches":{"total":12,"covered":0,"skipped":0,"pct":0}}
,"/home/ubuntu/lemondeDeLila/backend/src/social/entities/social-relationship.entity.ts": {"lines":{"total":11,"covered":0,"skipped":0,"pct":0},"functions":{"total":2,"covered":0,"skipped":0,"pct":0},"statements":{"total":13,"covered":0,"skipped":0,"pct":0},"branches":{"total":16,"covered":0,"skipped":0,"pct":0}}
,"/home/ubuntu/lemondeDeLila/backend/src/social/services/social-profile-settings.service.ts": {"lines":{"total":31,"covered":0,"skipped":0,"pct":0},"functions":{"total":7,"covered":0,"skipped":0,"pct":0},"statements":{"total":34,"covered":0,"skipped":0,"pct":0},"branches":{"total":18,"covered":0,"skipped":0,"pct":0}}
,"/home/ubuntu/lemondeDeLila/backend/src/social/services/social.service.ts": {"lines":{"total":147,"covered":0,"skipped":0,"pct":0},"functions":{"total":28,"covered":0,"skipped":0,"pct":0},"statements":{"total":156,"covered":0,"skipped":0,"pct":0},"branches":{"total":113,"covered":0,"skipped":0,"pct":0}}
,"/home/ubuntu/lemondeDeLila/backend/src/social/ws/social-ws.handler.ts": {"lines":{"total":60,"covered":0,"skipped":0,"pct":0},"functions":{"total":14,"covered":0,"skipped":0,"pct":0},"statements":{"total":62,"covered":0,"skipped":0,"pct":0},"branches":{"total":12,"covered":0,"skipped":0,"pct":0}}
,"/home/ubuntu/lemondeDeLila/backend/src/social/ws/social-ws.registrar.ts": {"lines":{"total":32,"covered":0,"skipped":0,"pct":0},"functions":{"total":15,"covered":0,"skipped":0,"pct":0},"statements":{"total":34,"covered":0,"skipped":0,"pct":0},"branches":{"total":8,"covered":0,"skipped":0,"pct":0}}
,"/home/ubuntu/lemondeDeLila/backend/src/social/ws/ws.dto.ts": {"lines":{"total":12,"covered":0,"skipped":0,"pct":0},"functions":{"total":0,"covered":0,"skipped":0,"pct":100},"statements":{"total":12,"covered":0,"skipped":0,"pct":0},"branches":{"total":0,"covered":0,"skipped":0,"pct":100}}
,"/home/ubuntu/lemondeDeLila/backend/src/sounds/admin-sounds.controller.ts": {"lines":{"total":42,"covered":0,"skipped":0,"pct":0},"functions":{"total":16,"covered":0,"skipped":0,"pct":0},"statements":{"total":45,"covered":0,"skipped":0,"pct":0},"branches":{"total":8,"covered":0,"skipped":0,"pct":0}}
,"/home/ubuntu/lemondeDeLila/backend/src/sounds/sounds.controller.ts": {"lines":{"total":31,"covered":0,"skipped":0,"pct":0},"functions":{"total":5,"covered":0,"skipped":0,"pct":0},"statements":{"total":33,"covered":0,"skipped":0,"pct":0},"branches":{"total":20,"covered":0,"skipped":0,"pct":0}}
,"/home/ubuntu/lemondeDeLila/backend/src/sounds/sounds.module.ts": {"lines":{"total":6,"covered":0,"skipped":0,"pct":0},"functions":{"total":0,"covered":0,"skipped":0,"pct":100},"statements":{"total":8,"covered":0,"skipped":0,"pct":0},"branches":{"total":0,"covered":0,"skipped":0,"pct":100}}
,"/home/ubuntu/lemondeDeLila/backend/src/sounds/sounds.service.ts": {"lines":{"total":456,"covered":0,"skipped":0,"pct":0},"functions":{"total":53,"covered":0,"skipped":0,"pct":0},"statements":{"total":473,"covered":0,"skipped":0,"pct":0},"branches":{"total":226,"covered":0,"skipped":0,"pct":0}}
,"/home/ubuntu/lemondeDeLila/backend/src/sounds/sounds.types.ts": {"lines":{"total":1,"covered":0,"skipped":0,"pct":0},"functions":{"total":0,"covered":0,"skipped":0,"pct":100},"statements":{"total":1,"covered":0,"skipped":0,"pct":0},"branches":{"total":0,"covered":0,"skipped":0,"pct":100}}
,"/home/ubuntu/lemondeDeLila/backend/src/stats/stats.module.ts": {"lines":{"total":11,"covered":0,"skipped":0,"pct":0},"functions":{"total":0,"covered":0,"skipped":0,"pct":100},"statements":{"total":13,"covered":0,"skipped":0,"pct":0},"branches":{"total":0,"covered":0,"skipped":0,"pct":100}}
,"/home/ubuntu/lemondeDeLila/backend/src/stats/entities/game-match-player.entity.ts": {"lines":{"total":12,"covered":10,"skipped":0,"pct":83.33},"functions":{"total":3,"covered":0,"skipped":0,"pct":0},"statements":{"total":15,"covered":12,"skipped":0,"pct":80},"branches":{"total":8,"covered":4,"skipped":0,"pct":50}}
,"/home/ubuntu/lemondeDeLila/backend/src/stats/entities/game-match.entity.ts": {"lines":{"total":17,"covered":15,"skipped":0,"pct":88.23},"functions":{"total":3,"covered":0,"skipped":0,"pct":0},"statements":{"total":20,"covered":17,"skipped":0,"pct":85},"branches":{"total":8,"covered":5,"skipped":0,"pct":62.5}}
,"/home/ubuntu/lemondeDeLila/backend/src/stats/services/game-stats.service.ts": {"lines":{"total":110,"covered":8,"skipped":0,"pct":7.27},"functions":{"total":15,"covered":0,"skipped":0,"pct":0},"statements":{"total":124,"covered":10,"skipped":0,"pct":8.06},"branches":{"total":102,"covered":12,"skipped":0,"pct":11.76}}
,"/home/ubuntu/lemondeDeLila/backend/src/stats/ws/leaderboard-ws.dto.ts": {"lines":{"total":4,"covered":0,"skipped":0,"pct":0},"functions":{"total":0,"covered":0,"skipped":0,"pct":100},"statements":{"total":4,"covered":0,"skipped":0,"pct":0},"branches":{"total":0,"covered":0,"skipped":0,"pct":100}}
,"/home/ubuntu/lemondeDeLila/backend/src/stats/ws/stats-ws.dto.ts": {"lines":{"total":3,"covered":0,"skipped":0,"pct":0},"functions":{"total":0,"covered":0,"skipped":0,"pct":100},"statements":{"total":3,"covered":0,"skipped":0,"pct":0},"branches":{"total":0,"covered":0,"skipped":0,"pct":100}}
,"/home/ubuntu/lemondeDeLila/backend/src/stats/ws/stats-ws.handler.ts": {"lines":{"total":29,"covered":0,"skipped":0,"pct":0},"functions":{"total":5,"covered":0,"skipped":0,"pct":0},"statements":{"total":31,"covered":0,"skipped":0,"pct":0},"branches":{"total":22,"covered":0,"skipped":0,"pct":0}}
,"/home/ubuntu/lemondeDeLila/backend/src/stats/ws/stats-ws.registrar.ts": {"lines":{"total":13,"covered":0,"skipped":0,"pct":0},"functions":{"total":6,"covered":0,"skipped":0,"pct":0},"statements":{"total":16,"covered":0,"skipped":0,"pct":0},"branches":{"total":8,"covered":0,"skipped":0,"pct":0}}
,"/home/ubuntu/lemondeDeLila/backend/src/types/static-modules.d.ts": {"lines":{"total":0,"covered":0,"skipped":0,"pct":100},"functions":{"total":0,"covered":0,"skipped":0,"pct":100},"statements":{"total":0,"covered":0,"skipped":0,"pct":100},"branches":{"total":0,"covered":0,"skipped":0,"pct":100}}
,"/home/ubuntu/lemondeDeLila/backend/src/user/user.module.ts": {"lines":{"total":9,"covered":0,"skipped":0,"pct":0},"functions":{"total":0,"covered":0,"skipped":0,"pct":100},"statements":{"total":11,"covered":0,"skipped":0,"pct":0},"branches":{"total":0,"covered":0,"skipped":0,"pct":100}}
,"/home/ubuntu/lemondeDeLila/backend/src/user/dto/login.dto.ts": {"lines":{"total":4,"covered":0,"skipped":0,"pct":0},"functions":{"total":0,"covered":0,"skipped":0,"pct":100},"statements":{"total":4,"covered":0,"skipped":0,"pct":0},"branches":{"total":0,"covered":0,"skipped":0,"pct":100}}
,"/home/ubuntu/lemondeDeLila/backend/src/user/dto/register.dto.ts": {"lines":{"total":6,"covered":0,"skipped":0,"pct":0},"functions":{"total":0,"covered":0,"skipped":0,"pct":100},"statements":{"total":6,"covered":0,"skipped":0,"pct":0},"branches":{"total":0,"covered":0,"skipped":0,"pct":100}}
,"/home/ubuntu/lemondeDeLila/backend/src/user/entities/user.entity.ts": {"lines":{"total":15,"covered":15,"skipped":0,"pct":100},"functions":{"total":0,"covered":0,"skipped":0,"pct":100},"statements":{"total":17,"covered":17,"skipped":0,"pct":100},"branches":{"total":4,"covered":3,"skipped":0,"pct":75}}
,"/home/ubuntu/lemondeDeLila/backend/src/user/services/user.auth.service.ts": {"lines":{"total":72,"covered":0,"skipped":0,"pct":0},"functions":{"total":8,"covered":0,"skipped":0,"pct":0},"statements":{"total":75,"covered":0,"skipped":0,"pct":0},"branches":{"total":52,"covered":0,"skipped":0,"pct":0}}
,"/home/ubuntu/lemondeDeLila/backend/src/user/services/user.service.ts": {"lines":{"total":11,"covered":0,"skipped":0,"pct":0},"functions":{"total":3,"covered":0,"skipped":0,"pct":0},"statements":{"total":13,"covered":0,"skipped":0,"pct":0},"branches":{"total":6,"covered":0,"skipped":0,"pct":0}}
,"/home/ubuntu/lemondeDeLila/backend/src/user/ws/auth-ws.handler.ts": {"lines":{"total":14,"covered":0,"skipped":0,"pct":0},"functions":{"total":3,"covered":0,"skipped":0,"pct":0},"statements":{"total":16,"covered":0,"skipped":0,"pct":0},"branches":{"total":8,"covered":0,"skipped":0,"pct":0}}
,"/home/ubuntu/lemondeDeLila/backend/src/user/ws/user-ws.handler.ts": {"lines":{"total":12,"covered":0,"skipped":0,"pct":0},"functions":{"total":3,"covered":0,"skipped":0,"pct":0},"statements":{"total":14,"covered":0,"skipped":0,"pct":0},"branches":{"total":8,"covered":0,"skipped":0,"pct":0}}
,"/home/ubuntu/lemondeDeLila/backend/src/user/ws/user-ws.registrar.ts": {"lines":{"total":15,"covered":0,"skipped":0,"pct":0},"functions":{"total":6,"covered":0,"skipped":0,"pct":0},"statements":{"total":18,"covered":0,"skipped":0,"pct":0},"branches":{"total":12,"covered":0,"skipped":0,"pct":0}}
,"/home/ubuntu/lemondeDeLila/backend/src/user/ws/ws.dto.ts": {"lines":{"total":3,"covered":0,"skipped":0,"pct":0},"functions":{"total":0,"covered":0,"skipped":0,"pct":100},"statements":{"total":3,"covered":0,"skipped":0,"pct":0},"branches":{"total":0,"covered":0,"skipped":0,"pct":100}}
,"/home/ubuntu/lemondeDeLila/backend/src/vault/vault.module.ts": {"lines":{"total":14,"covered":0,"skipped":0,"pct":0},"functions":{"total":0,"covered":0,"skipped":0,"pct":100},"statements":{"total":16,"covered":0,"skipped":0,"pct":0},"branches":{"total":0,"covered":0,"skipped":0,"pct":100}}
,"/home/ubuntu/lemondeDeLila/backend/src/vault/entities/vault-room-snapshot.entity.ts": {"lines":{"total":10,"covered":10,"skipped":0,"pct":100},"functions":{"total":0,"covered":0,"skipped":0,"pct":100},"statements":{"total":12,"covered":12,"skipped":0,"pct":100},"branches":{"total":4,"covered":3,"skipped":0,"pct":75}}
,"/home/ubuntu/lemondeDeLila/backend/src/vault/services/vault-room-snapshots.service.ts": {"lines":{"total":210,"covered":0,"skipped":0,"pct":0},"functions":{"total":25,"covered":0,"skipped":0,"pct":0},"statements":{"total":227,"covered":0,"skipped":0,"pct":0},"branches":{"total":227,"covered":0,"skipped":0,"pct":0}}
,"/home/ubuntu/lemondeDeLila/backend/src/vault/ws/vault-ws.dto.ts": {"lines":{"total":8,"covered":0,"skipped":0,"pct":0},"functions":{"total":0,"covered":0,"skipped":0,"pct":100},"statements":{"total":8,"covered":0,"skipped":0,"pct":0},"branches":{"total":0,"covered":0,"skipped":0,"pct":100}}
,"/home/ubuntu/lemondeDeLila/backend/src/vault/ws/vault-ws.handler.ts": {"lines":{"total":27,"covered":0,"skipped":0,"pct":0},"functions":{"total":6,"covered":0,"skipped":0,"pct":0},"statements":{"total":29,"covered":0,"skipped":0,"pct":0},"branches":{"total":8,"covered":0,"skipped":0,"pct":0}}
,"/home/ubuntu/lemondeDeLila/backend/src/vault/ws/vault-ws.registrar.ts": {"lines":{"total":13,"covered":0,"skipped":0,"pct":0},"functions":{"total":7,"covered":0,"skipped":0,"pct":0},"statements":{"total":18,"covered":0,"skipped":0,"pct":0},"branches":{"total":8,"covered":0,"skipped":0,"pct":0}}
}
