TN:
SF:src\app.module.ts
FN:33,(anonymous_1)
FNF:1
FNH:0
FNDA:0,(anonymous_1)
DA:1,0
DA:2,0
DA:3,0
DA:4,0
DA:5,0
DA:6,0
DA:7,0
DA:8,0
DA:9,0
DA:10,0
DA:11,0
DA:12,0
DA:13,0
DA:14,0
DA:15,0
DA:16,0
DA:17,0
DA:18,0
DA:19,0
DA:20,0
DA:21,0
DA:22,0
DA:23,0
DA:24,0
DA:34,0
DA:35,0
DA:45,0
DA:78,0
LF:28
LH:0
BRDA:35,0,0,0
BRDA:35,0,1,0
BRF:2
BRH:0
end_of_record
TN:
SF:src\data-source.ts
FNF:0
FNH:0
DA:1,0
DA:2,0
DA:3,0
DA:4,0
DA:5,0
DA:6,0
DA:7,0
DA:8,0
DA:9,0
DA:18,0
DA:20,0
DA:34,0
LF:12
LH:0
BRDA:13,0,0,0
BRDA:14,1,0,0
BRDA:15,2,0,0
BRDA:16,3,0,0
BRDA:17,4,0,0
BRDA:20,5,0,0
BRDA:20,5,1,0
BRF:7
BRH:0
end_of_record
TN:
SF:src\main.ts
FN:6,bootstrap
FNF:1
FNH:0
FNDA:0,bootstrap
DA:1,0
DA:2,0
DA:3,0
DA:4,0
DA:7,0
DA:8,0
DA:9,0
DA:16,0
DA:18,0
LF:9
LH:0
BRDA:16,0,0,0
BRDA:16,0,1,0
BRF:2
BRH:0
end_of_record
TN:
SF:src\admin\admin.module.ts
FNF:0
FNH:0
DA:1,0
DA:2,0
DA:3,0
DA:4,0
DA:5,0
DA:6,0
DA:7,0
DA:14,0
LF:8
LH:0
BRF:0
BRH:0
end_of_record
TN:
SF:src\admin\controllers\admin-users.controller.ts
FN:24,(anonymous_4)
FN:27,(anonymous_5)
FN:32,(anonymous_6)
FN:37,(anonymous_7)
FN:42,(anonymous_8)
FN:50,(anonymous_9)
FN:55,(anonymous_10)
FN:60,(anonymous_11)
FN:73,(anonymous_12)
FNF:9
FNH:0
FNDA:0,(anonymous_4)
FNDA:0,(anonymous_5)
FNDA:0,(anonymous_6)
FNDA:0,(anonymous_7)
FNDA:0,(anonymous_8)
FNDA:0,(anonymous_9)
FNDA:0,(anonymous_10)
FNDA:0,(anonymous_11)
FNDA:0,(anonymous_12)
DA:1,0
DA:13,0
DA:14,0
DA:15,0
DA:16,0
DA:17,0
DA:18,0
DA:19,0
DA:23,0
DA:24,0
DA:27,0
DA:28,0
DA:32,0
DA:33,0
DA:37,0
DA:38,0
DA:42,0
DA:46,0
DA:50,0
DA:51,0
DA:55,0
DA:56,0
DA:60,0
DA:64,0
DA:73,0
DA:74,0
LF:26
LH:0
BRDA:27,0,0,0
BRDA:27,0,1,0
BRDA:27,1,0,0
BRDA:27,1,1,0
BRDA:37,2,0,0
BRDA:37,2,1,0
BRDA:37,3,0,0
BRDA:37,3,1,0
BRDA:44,4,0,0
BRDA:44,4,1,0
BRDA:44,5,0,0
BRDA:44,5,1,0
BRDA:62,6,0,0
BRDA:62,6,1,0
BRDA:62,7,0,0
BRDA:62,7,1,0
BRDA:24,8,0,0
BRDA:24,8,1,0
BRDA:24,9,0,0
BRDA:24,9,1,0
BRF:20
BRH:0
end_of_record
TN:
SF:src\admin\dto\admin-ban-user.dto.ts
FNF:0
FNH:0
DA:1,0
DA:9,0
DA:11,0
DA:16,0
DA:20,0
LF:5
LH:0
BRF:0
BRH:0
end_of_record
TN:
SF:src\admin\dto\admin-create-user.dto.ts
FNF:0
FNH:0
DA:1,0
DA:12,0
DA:14,0
DA:23,0
DA:28,0
DA:33,0
DA:37,0
DA:41,0
LF:8
LH:0
BRF:0
BRH:0
end_of_record
TN:
SF:src\admin\dto\admin-list-users.dto.ts
FN:13,(anonymous_2)
FN:18,(anonymous_3)
FNF:2
FNH:0
FNDA:0,(anonymous_2)
FNDA:0,(anonymous_3)
DA:1,0
DA:2,0
DA:4,0
DA:7,0
DA:11,0
DA:13,0
DA:16,0
DA:18,0
DA:22,0
LF:9
LH:0
BRF:0
BRH:0
end_of_record
TN:
SF:src\admin\dto\admin-update-user.dto.ts
FNF:0
FNH:0
DA:1,0
DA:13,0
DA:16,0
DA:26,0
DA:31,0
DA:36,0
DA:40,0
DA:44,0
DA:48,0
DA:53,0
LF:10
LH:0
BRF:0
BRH:0
end_of_record
TN:
SF:src\admin\services\admin-users.service.ts
FN:20,(anonymous_13)
FN:24,(anonymous_14)
FN:59,(anonymous_15)
FN:80,(anonymous_16)
FN:105,(anonymous_17)
FN:144,(anonymous_18)
FN:156,(anonymous_19)
FN:189,(anonymous_20)
FN:201,(anonymous_21)
FN:210,(anonymous_22)
FN:217,(anonymous_23)
FN:224,(anonymous_24)
FNF:12
FNH:0
FNDA:0,(anonymous_13)
FNDA:0,(anonymous_14)
FNDA:0,(anonymous_15)
FNDA:0,(anonymous_16)
FNDA:0,(anonymous_17)
FNDA:0,(anonymous_18)
FNDA:0,(anonymous_19)
FNDA:0,(anonymous_20)
FNDA:0,(anonymous_21)
FNDA:0,(anonymous_22)
FNDA:0,(anonymous_23)
FNDA:0,(anonymous_24)
DA:1,0
DA:7,0
DA:8,0
DA:9,0
DA:10,0
DA:11,0
DA:19,0
DA:21,0
DA:25,0
DA:27,0
DA:28,0
DA:45,0
DA:46,0
DA:47,0
DA:49,0
DA:50,0
DA:55,0
DA:56,0
DA:60,0
DA:74,0
DA:75,0
DA:77,0
DA:81,0
DA:82,0
DA:83,0
DA:85,0
DA:86,0
DA:87,0
DA:89,0
DA:97,0
DA:98,0
DA:99,0
DA:106,0
DA:107,0
DA:108,0
DA:110,0
DA:111,0
DA:112,0
DA:114,0
DA:115,0
DA:116,0
DA:118,0
DA:119,0
DA:121,0
DA:122,0
DA:124,0
DA:125,0
DA:127,0
DA:128,0
DA:130,0
DA:131,0
DA:133,0
DA:134,0
DA:135,0
DA:137,0
DA:139,0
DA:140,0
DA:141,0
DA:145,0
DA:146,0
DA:147,0
DA:149,0
DA:150,0
DA:151,0
DA:152,0
DA:153,0
DA:162,0
DA:163,0
DA:164,0
DA:166,0
DA:167,0
DA:169,0
DA:170,0
DA:171,0
DA:172,0
DA:173,0
DA:175,0
DA:176,0
DA:177,0
DA:178,0
DA:180,0
DA:182,0
DA:183,0
DA:184,0
DA:185,0
DA:186,0
DA:190,0
DA:191,0
DA:192,0
DA:194,0
DA:195,0
DA:196,0
DA:197,0
DA:198,0
DA:202,0
DA:203,0
DA:204,0
DA:206,0
DA:207,0
DA:211,0
DA:212,0
DA:213,0
DA:218,0
DA:219,0
DA:220,0
DA:225,0
LF:106
LH:0
BRDA:25,0,0,0
BRDA:25,0,1,0
BRDA:25,1,0,0
BRDA:25,1,1,0
BRDA:27,2,0,0
BRDA:27,2,1,0
BRDA:27,3,0,0
BRDA:27,3,1,0
BRDA:45,4,0,0
BRDA:45,4,1,0
BRDA:49,5,0,0
BRDA:49,5,1,0
BRDA:74,6,0,0
BRDA:74,6,1,0
BRDA:85,7,0,0
BRDA:85,7,1,0
BRDA:87,8,0,0
BRDA:87,8,1,0
BRDA:94,9,0,0
BRDA:94,9,1,0
BRDA:95,10,0,0
BRDA:95,10,1,0
BRDA:101,11,0,0
BRDA:101,11,1,0
BRDA:107,12,0,0
BRDA:107,12,1,0
BRDA:110,13,0,0
BRDA:110,13,1,0
BRDA:110,14,0,0
BRDA:110,14,1,0
BRDA:114,15,0,0
BRDA:114,15,1,0
BRDA:114,16,0,0
BRDA:114,16,1,0
BRDA:118,17,0,0
BRDA:118,17,1,0
BRDA:121,18,0,0
BRDA:121,18,1,0
BRDA:122,19,0,0
BRDA:122,19,1,0
BRDA:124,20,0,0
BRDA:124,20,1,0
BRDA:125,21,0,0
BRDA:125,21,1,0
BRDA:127,22,0,0
BRDA:127,22,1,0
BRDA:130,23,0,0
BRDA:130,23,1,0
BRDA:133,24,0,0
BRDA:133,24,1,0
BRDA:134,25,0,0
BRDA:134,25,1,0
BRDA:146,26,0,0
BRDA:146,26,1,0
BRDA:163,27,0,0
BRDA:163,27,1,0
BRDA:166,28,0,0
BRDA:166,28,1,0
BRDA:166,29,0,0
BRDA:166,29,1,0
BRDA:170,30,0,0
BRDA:170,30,1,0
BRDA:172,31,0,0
BRDA:172,31,1,0
BRDA:176,32,0,0
BRDA:176,32,1,0
BRDA:176,33,0,0
BRDA:176,33,1,0
BRDA:191,34,0,0
BRDA:191,34,1,0
BRDA:203,35,0,0
BRDA:203,35,1,0
BRDA:212,36,0,0
BRDA:212,36,1,0
BRDA:212,37,0,0
BRDA:212,37,1,0
BRDA:219,38,0,0
BRDA:219,38,1,0
BRDA:219,39,0,0
BRDA:219,39,1,0
BRDA:21,40,0,0
BRDA:21,40,1,0
BRDA:21,41,0,0
BRDA:21,41,1,0
BRF:84
BRH:0
end_of_record
TN:
SF:src\bot\bot.module.ts
FN:14,(anonymous_1)
FNF:1
FNH:0
FNDA:0,(anonymous_1)
DA:1,0
DA:2,0
DA:3,0
DA:4,0
DA:5,0
DA:6,0
DA:7,0
DA:8,0
DA:9,0
DA:14,0
DA:19,0
LF:11
LH:0
BRF:0
BRH:0
end_of_record
TN:
SF:src\bot\entities\bot-name.entity.ts
FNF:0
FNH:0
DA:1,1
DA:9,1
DA:11,1
DA:14,1
DA:17,1
DA:20,1
LF:6
LH:6
BRDA:20,0,0,1
BRDA:20,0,1,0
BRDA:20,1,0,1
BRDA:20,1,1,1
BRF:4
BRH:3
end_of_record
TN:
SF:src\bot\services\bot.service.ts
FN:17,(anonymous_4)
FN:25,(anonymous_5)
FN:45,(anonymous_6)
FN:62,(anonymous_7)
FN:67,(anonymous_8)
FN:72,(anonymous_9)
FN:82,(anonymous_10)
FN:87,(anonymous_11)
FN:88,(anonymous_12)
FN:108,(anonymous_13)
FN:119,(anonymous_14)
FN:121,(anonymous_15)
FN:124,(anonymous_16)
FN:128,(anonymous_17)
FN:134,(anonymous_18)
FN:143,(anonymous_19)
FN:147,(anonymous_20)
FN:151,(anonymous_21)
FN:155,(anonymous_22)
FN:161,(anonymous_23)
FN:172,(anonymous_24)
FN:180,(anonymous_25)
FNF:22
FNH:0
FNDA:0,(anonymous_4)
FNDA:0,(anonymous_5)
FNDA:0,(anonymous_6)
FNDA:0,(anonymous_7)
FNDA:0,(anonymous_8)
FNDA:0,(anonymous_9)
FNDA:0,(anonymous_10)
FNDA:0,(anonymous_11)
FNDA:0,(anonymous_12)
FNDA:0,(anonymous_13)
FNDA:0,(anonymous_14)
FNDA:0,(anonymous_15)
FNDA:0,(anonymous_16)
FNDA:0,(anonymous_17)
FNDA:0,(anonymous_18)
FNDA:0,(anonymous_19)
FNDA:0,(anonymous_20)
FNDA:0,(anonymous_21)
FNDA:0,(anonymous_22)
FNDA:0,(anonymous_23)
FNDA:0,(anonymous_24)
FNDA:0,(anonymous_25)
DA:1,1
DA:7,1
DA:8,1
DA:9,1
DA:10,1
DA:11,1
DA:12,1
DA:13,1
DA:16,1
DA:18,0
DA:19,0
DA:21,0
DA:22,0
DA:30,0
DA:31,0
DA:32,0
DA:33,0
DA:35,0
DA:36,0
DA:37,0
DA:38,0
DA:40,0
DA:41,0
DA:42,0
DA:50,0
DA:51,0
DA:52,0
DA:55,0
DA:56,0
DA:58,0
DA:59,0
DA:63,0
DA:64,0
DA:71,0
DA:72,0
DA:73,0
DA:74,0
DA:75,0
DA:76,0
DA:79,0
DA:83,0
DA:84,0
DA:88,0
DA:89,0
DA:90,0
DA:91,0
DA:92,0
DA:93,0
DA:96,0
DA:97,0
DA:98,0
DA:99,0
DA:100,0
DA:101,0
DA:103,0
DA:105,0
DA:109,0
DA:113,0
DA:114,0
DA:115,0
DA:119,0
DA:121,0
DA:125,0
DA:126,0
DA:127,0
DA:128,0
DA:129,0
DA:131,0
DA:135,0
DA:136,0
DA:137,0
DA:138,0
DA:140,0
DA:144,0
DA:148,0
DA:152,0
DA:156,0
DA:162,0
DA:166,0
DA:167,0
DA:169,0
DA:173,0
DA:174,0
DA:181,0
DA:182,0
LF:85
LH:9
BRDA:32,0,0,0
BRDA:32,0,1,0
BRDA:37,1,0,0
BRDA:37,1,1,0
BRDA:55,2,0,0
BRDA:55,2,1,0
BRDA:73,3,0,0
BRDA:73,3,1,0
BRDA:73,4,0,0
BRDA:73,4,1,0
BRDA:75,5,0,0
BRDA:75,5,1,0
BRDA:84,6,0,0
BRDA:84,6,1,0
BRDA:92,7,0,0
BRDA:92,7,1,0
BRDA:96,8,0,0
BRDA:96,8,1,0
BRDA:100,9,0,0
BRDA:100,9,1,0
BRDA:113,10,0,0
BRDA:113,10,1,0
BRDA:127,11,0,0
BRDA:127,11,1,0
BRDA:166,12,0,0
BRDA:166,12,1,0
BRDA:173,13,0,0
BRDA:173,13,1,0
BRDA:173,14,0,0
BRDA:173,14,1,0
BRDA:181,15,0,0
BRDA:181,15,1,0
BRDA:18,16,0,1
BRDA:18,16,1,0
BRDA:18,17,0,1
BRDA:18,17,1,1
BRDA:18,18,0,1
BRDA:18,18,1,0
BRDA:18,19,0,1
BRDA:18,19,1,1
BRDA:19,20,0,1
BRDA:19,20,1,0
BRDA:19,21,0,1
BRDA:19,21,1,1
BRDA:21,22,0,1
BRDA:21,22,1,0
BRDA:21,23,0,1
BRDA:21,23,1,1
BRF:48
BRH:12
end_of_record
TN:
SF:src\catalog\catalog.module.ts
FNF:0
FNH:0
DA:1,0
DA:2,0
DA:3,0
DA:4,0
DA:5,0
DA:12,0
LF:6
LH:0
BRF:0
BRH:0
end_of_record
TN:
SF:src\catalog\services\catalog.service.ts
FN:33,(anonymous_2)
FN:35,(anonymous_3)
FN:40,(anonymous_4)
FN:44,(anonymous_5)
FN:47,(anonymous_6)
FN:51,(anonymous_7)
FN:53,(anonymous_8)
FN:56,(anonymous_9)
FN:61,(anonymous_10)
FN:66,(anonymous_11)
FN:71,(anonymous_12)
FN:76,(anonymous_13)
FN:80,(anonymous_14)
FN:82,(anonymous_15)
FN:100,(anonymous_16)
FN:110,(anonymous_17)
FN:116,(anonymous_18)
FN:125,(anonymous_19)
FN:141,(anonymous_20)
FN:173,(anonymous_21)
FN:174,(anonymous_22)
FN:183,(anonymous_23)
FN:214,(anonymous_24)
FN:227,(anonymous_25)
FN:234,(anonymous_26)
FN:239,(anonymous_27)
FNF:26
FNH:0
FNDA:0,(anonymous_2)
FNDA:0,(anonymous_3)
FNDA:0,(anonymous_4)
FNDA:0,(anonymous_5)
FNDA:0,(anonymous_6)
FNDA:0,(anonymous_7)
FNDA:0,(anonymous_8)
FNDA:0,(anonymous_9)
FNDA:0,(anonymous_10)
FNDA:0,(anonymous_11)
FNDA:0,(anonymous_12)
FNDA:0,(anonymous_13)
FNDA:0,(anonymous_14)
FNDA:0,(anonymous_15)
FNDA:0,(anonymous_16)
FNDA:0,(anonymous_17)
FNDA:0,(anonymous_18)
FNDA:0,(anonymous_19)
FNDA:0,(anonymous_20)
FNDA:0,(anonymous_21)
FNDA:0,(anonymous_22)
FNDA:0,(anonymous_23)
FNDA:0,(anonymous_24)
FNDA:0,(anonymous_25)
FNDA:0,(anonymous_26)
FNDA:0,(anonymous_27)
DA:1,1
DA:2,1
DA:30,1
DA:31,0
DA:33,0
DA:36,0
DA:37,0
DA:39,0
DA:40,0
DA:41,0
DA:45,0
DA:46,0
DA:47,0
DA:48,0
DA:52,0
DA:53,0
DA:57,0
DA:58,0
DA:62,0
DA:63,0
DA:67,0
DA:68,0
DA:69,0
DA:71,0
DA:72,0
DA:77,0
DA:81,0
DA:82,0
DA:83,0
DA:84,0
DA:85,0
DA:86,0
DA:101,0
DA:103,0
DA:106,0
DA:111,0
DA:118,0
DA:122,0
DA:129,0
DA:130,0
DA:131,0
DA:132,0
DA:134,0
DA:135,0
DA:136,0
DA:138,0
DA:145,0
DA:147,0
DA:148,0
DA:149,0
DA:150,0
DA:152,0
DA:153,0
DA:160,0
DA:161,0
DA:162,0
DA:163,0
DA:164,0
DA:173,0
DA:174,0
DA:179,0
DA:184,0
DA:186,0
DA:187,0
DA:188,0
DA:189,0
DA:190,0
DA:197,0
DA:198,0
DA:199,0
DA:200,0
DA:201,0
DA:202,0
DA:211,0
DA:215,0
DA:216,0
DA:217,0
DA:219,0
DA:220,0
DA:221,0
DA:223,0
DA:224,0
DA:228,0
DA:229,0
DA:230,0
DA:232,0
DA:234,0
DA:236,0
DA:237,0
DA:239,0
LF:90
LH:3
BRDA:36,0,0,0
BRDA:36,0,1,0
BRDA:68,1,0,0
BRDA:68,1,1,0
BRDA:83,2,0,0
BRDA:83,2,1,0
BRDA:84,3,0,0
BRDA:84,3,1,0
BRDA:89,4,0,0
BRDA:89,4,1,0
BRDA:90,5,0,0
BRDA:90,5,1,0
BRDA:91,6,0,0
BRDA:91,6,1,0
BRDA:101,7,0,0
BRDA:101,7,1,0
BRDA:131,8,0,0
BRDA:131,8,1,0
BRDA:135,9,0,0
BRDA:135,9,1,0
BRDA:136,10,0,0
BRDA:136,10,1,0
BRDA:148,11,0,0
BRDA:148,11,1,0
BRDA:149,12,0,0
BRDA:149,12,1,0
BRDA:152,13,0,0
BRDA:152,13,1,0
BRDA:160,14,0,0
BRDA:160,14,1,0
BRDA:163,15,0,0
BRDA:163,15,1,0
BRDA:187,16,0,0
BRDA:187,16,1,0
BRDA:189,17,0,0
BRDA:189,17,1,0
BRDA:197,18,0,0
BRDA:197,18,1,0
BRDA:198,19,0,0
BRDA:198,19,1,0
BRDA:201,20,0,0
BRDA:201,20,1,0
BRDA:215,21,0,0
BRDA:215,21,1,0
BRDA:216,22,0,0
BRDA:216,22,1,0
BRDA:219,23,0,0
BRDA:219,23,1,0
BRDA:220,24,0,0
BRDA:220,24,1,0
BRDA:229,25,0,0
BRDA:229,25,1,0
BRDA:236,26,0,0
BRDA:236,26,1,0
BRDA:33,27,0,1
BRDA:33,27,1,0
BRDA:33,28,0,1
BRDA:33,28,1,1
BRF:58
BRH:3
end_of_record
TN:
SF:src\catalog\ws\catalog-ws.handler.ts
FN:8,(anonymous_2)
FN:13,(anonymous_3)
FN:19,(anonymous_4)
FN:24,(anonymous_5)
FN:30,(anonymous_6)
FNF:5
FNH:0
FNDA:0,(anonymous_2)
FNDA:0,(anonymous_3)
FNDA:0,(anonymous_4)
FNDA:0,(anonymous_5)
FNDA:0,(anonymous_6)
DA:1,0
DA:2,0
DA:3,0
DA:4,0
DA:7,0
DA:9,0
DA:10,0
DA:14,0
DA:15,0
DA:16,0
DA:20,0
DA:21,0
DA:25,0
DA:26,0
DA:27,0
DA:31,0
DA:32,0
LF:17
LH:0
BRDA:9,0,0,0
BRDA:9,0,1,0
BRDA:9,1,0,0
BRDA:9,1,1,0
BRDA:9,2,0,0
BRDA:9,2,1,0
BRDA:9,3,0,0
BRDA:9,3,1,0
BRF:8
BRH:0
end_of_record
TN:
SF:src\catalog\ws\catalog-ws.registrar.ts
FN:7,(anonymous_2)
FN:12,(anonymous_3)
FN:13,(anonymous_4)
FN:14,(anonymous_5)
FN:17,(anonymous_6)
FN:20,(anonymous_7)
FNF:6
FNH:0
FNDA:0,(anonymous_2)
FNDA:0,(anonymous_3)
FNDA:0,(anonymous_4)
FNDA:0,(anonymous_5)
FNDA:0,(anonymous_6)
FNDA:0,(anonymous_7)
DA:1,0
DA:2,0
DA:3,0
DA:6,0
DA:8,0
DA:9,0
DA:13,0
DA:14,0
DA:15,0
DA:17,0
DA:18,0
DA:20,0
LF:12
LH:0
BRDA:8,0,0,0
BRDA:8,0,1,0
BRDA:8,1,0,0
BRDA:8,1,1,0
BRDA:8,2,0,0
BRDA:8,2,1,0
BRDA:8,3,0,0
BRDA:8,3,1,0
BRF:8
BRH:0
end_of_record
TN:
SF:src\catalog\ws\ws.dto.ts
FNF:0
FNH:0
DA:1,0
DA:3,0
DA:6,0
LF:3
LH:0
BRF:0
BRH:0
end_of_record
TN:
SF:src\chat\chat.module.ts
FNF:0
FNH:0
DA:1,0
DA:2,0
DA:3,0
DA:4,0
DA:5,0
DA:6,0
DA:13,0
LF:7
LH:0
BRF:0
BRH:0
end_of_record
TN:
SF:src\chat\entities\chat-message.entity.ts
FN:18,(anonymous_2)
FNF:1
FNH:0
FNDA:0,(anonymous_2)
DA:1,1
DA:10,1
DA:14,1
DA:16,1
DA:18,0
DA:20,1
DA:23,1
DA:26,1
DA:29,1
DA:32,1
LF:10
LH:9
BRDA:20,0,0,1
BRDA:20,0,1,0
BRDA:20,1,0,1
BRDA:20,1,1,1
BRDA:29,2,0,1
BRDA:29,2,1,0
BRDA:29,3,0,1
BRDA:29,3,1,1
BRF:8
BRH:6
end_of_record
TN:
SF:src\chat\services\chat.service.ts
FN:13,(anonymous_4)
FN:21,(anonymous_5)
FN:36,(anonymous_6)
FN:55,(anonymous_7)
FN:75,(anonymous_8)
FN:76,(anonymous_9)
FN:79,(anonymous_10)
FNF:7
FNH:0
FNDA:0,(anonymous_4)
FNDA:0,(anonymous_5)
FNDA:0,(anonymous_6)
FNDA:0,(anonymous_7)
FNDA:0,(anonymous_8)
FNDA:0,(anonymous_9)
FNDA:0,(anonymous_10)
DA:1,1
DA:2,1
DA:3,1
DA:4,1
DA:5,1
DA:6,1
DA:7,1
DA:10,1
DA:11,1
DA:15,0
DA:17,0
DA:18,0
DA:22,0
DA:23,0
DA:24,0
DA:26,0
DA:27,0
DA:33,0
DA:40,0
DA:47,0
DA:48,0
DA:51,0
DA:52,0
DA:57,0
DA:58,0
DA:62,0
DA:76,0
DA:80,0
LF:28
LH:9
BRDA:23,0,0,0
BRDA:23,0,1,0
BRDA:37,1,0,0
BRDA:47,2,0,0
BRDA:47,2,1,0
BRDA:57,3,0,0
BRDA:57,3,1,0
BRDA:58,4,0,0
BRDA:58,4,1,0
BRDA:70,5,0,0
BRDA:70,5,1,0
BRDA:15,6,0,1
BRDA:15,6,1,0
BRDA:15,7,0,1
BRDA:15,7,1,1
BRDA:15,8,0,1
BRDA:15,8,1,0
BRDA:15,9,0,1
BRDA:15,9,1,1
BRDA:17,10,0,1
BRDA:17,10,1,0
BRDA:17,11,0,1
BRDA:17,11,1,1
BRF:23
BRH:9
end_of_record
TN:
SF:src\chat\services\chat.validator.ts
FN:7,(anonymous_1)
FNF:1
FNH:0
FNDA:0,(anonymous_1)
DA:1,1
DA:4,1
DA:5,1
DA:8,0
DA:9,0
DA:10,0
DA:12,0
DA:13,0
DA:15,0
DA:16,0
DA:17,0
LF:11
LH:3
BRDA:8,0,0,0
BRDA:8,0,1,0
BRDA:9,1,0,0
BRDA:9,1,1,0
BRDA:12,2,0,0
BRDA:12,2,1,0
BRF:6
BRH:0
end_of_record
TN:
SF:src\common\errors\game-errors.ts
FN:18,(anonymous_0)
FN:31,(anonymous_1)
FN:46,(anonymous_2)
FN:58,(anonymous_3)
FN:70,(anonymous_4)
FN:82,(anonymous_5)
FN:94,(anonymous_6)
FN:102,(anonymous_7)
FNF:8
FNH:3
FNDA:6,(anonymous_0)
FNDA:0,(anonymous_1)
FNDA:6,(anonymous_2)
FNDA:0,(anonymous_3)
FNDA:0,(anonymous_4)
FNDA:0,(anonymous_5)
FNDA:6,(anonymous_6)
FNDA:0,(anonymous_7)
DA:17,2
DA:20,6
DA:21,6
DA:23,6
DA:24,6
DA:25,6
DA:32,0
DA:45,2
DA:50,6
DA:57,2
DA:62,0
DA:69,2
DA:74,0
DA:81,2
DA:86,0
DA:93,2
DA:96,6
DA:99,6
DA:103,0
LF:19
LH:14
BRDA:21,0,0,0
BRDA:48,1,0,0
BRDA:60,2,0,0
BRDA:72,3,0,0
BRDA:84,4,0,0
BRDA:97,5,0,0
BRF:6
BRH:0
end_of_record
TN:
SF:src\common\guards\admin-role.guard.ts
FN:14,(anonymous_1)
FNF:1
FNH:0
FNDA:0,(anonymous_1)
DA:1,0
DA:13,0
DA:15,0
DA:16,0
DA:17,0
DA:18,0
DA:19,0
DA:20,0
DA:22,0
LF:9
LH:0
BRDA:16,0,0,0
BRDA:16,0,1,0
BRDA:17,1,0,0
BRDA:17,1,1,0
BRDA:18,2,0,0
BRDA:18,2,1,0
BRDA:19,3,0,0
BRDA:19,3,1,0
BRF:8
BRH:0
end_of_record
TN:
SF:src\common\guards\http-jwt.guard.ts
FN:11,(anonymous_10)
FN:19,(anonymous_11)
FN:39,(anonymous_12)
FNF:3
FNH:0
FNDA:0,(anonymous_10)
FNDA:0,(anonymous_11)
FNDA:0,(anonymous_12)
DA:1,0
DA:7,0
DA:10,0
DA:12,0
DA:13,0
DA:14,0
DA:15,0
DA:16,0
DA:20,0
DA:21,0
DA:23,0
DA:25,0
DA:26,0
DA:28,0
DA:29,0
DA:34,0
DA:36,0
DA:40,0
DA:41,0
DA:42,0
DA:44,0
DA:45,0
DA:47,0
LF:23
LH:0
BRDA:20,0,0,0
BRDA:20,0,1,0
BRDA:23,1,0,0
BRDA:23,1,1,0
BRDA:25,2,0,0
BRDA:25,2,1,0
BRDA:25,3,0,0
BRDA:25,3,1,0
BRDA:29,4,0,0
BRDA:29,4,1,0
BRDA:30,5,0,0
BRDA:30,5,1,0
BRDA:30,5,2,0
BRDA:41,6,0,0
BRDA:41,6,1,0
BRF:15
BRH:0
end_of_record
TN:
SF:src\common\guards\ws-jwt.guard.ts
FN:12,(anonymous_10)
FN:29,(anonymous_11)
FN:47,(anonymous_12)
FN:57,(anonymous_13)
FN:69,(anonymous_14)
FNF:5
FNH:0
FNDA:0,(anonymous_10)
FNDA:0,(anonymous_11)
FNDA:0,(anonymous_12)
FNDA:0,(anonymous_13)
FNDA:0,(anonymous_14)
DA:1,0
DA:7,0
DA:11,0
DA:13,0
DA:14,0
DA:15,0
DA:17,0
DA:24,0
DA:25,0
DA:26,0
DA:30,0
DA:31,0
DA:33,0
DA:34,0
DA:35,0
DA:36,0
DA:41,0
DA:44,0
DA:48,0
DA:49,0
DA:51,0
DA:52,0
DA:54,0
DA:58,0
DA:59,0
DA:61,0
DA:62,0
DA:63,0
DA:65,0
DA:70,0
DA:71,0
DA:73,0
DA:74,0
DA:75,0
DA:77,0
DA:78,0
DA:80,0
LF:37
LH:0
BRDA:14,0,0,0
BRDA:14,0,1,0
BRDA:17,1,0,0
BRDA:17,1,1,0
BRDA:17,1,2,0
BRDA:17,1,3,0
BRDA:17,1,4,0
BRDA:17,1,5,0
BRDA:17,1,6,0
BRDA:21,2,0,0
BRDA:21,2,1,0
BRDA:30,3,0,0
BRDA:30,3,1,0
BRDA:33,4,0,0
BRDA:33,4,1,0
BRDA:34,5,0,0
BRDA:34,5,1,0
BRDA:34,6,0,0
BRDA:34,6,1,0
BRDA:36,7,0,0
BRDA:36,7,1,0
BRDA:37,8,0,0
BRDA:37,8,1,0
BRDA:37,8,2,0
BRDA:48,9,0,0
BRDA:48,9,1,0
BRDA:51,10,0,0
BRDA:51,10,1,0
BRDA:51,11,0,0
BRDA:51,11,1,0
BRDA:58,12,0,0
BRDA:58,12,1,0
BRDA:58,13,0,0
BRDA:58,13,1,0
BRDA:70,14,0,0
BRDA:70,14,1,0
BRDA:74,15,0,0
BRDA:74,15,1,0
BRF:38
BRH:0
end_of_record
TN:
SF:src\common\services\game-logger.module.ts
FNF:0
FNH:0
DA:1,0
DA:2,0
DA:13,0
LF:3
LH:0
BRF:0
BRH:0
end_of_record
TN:
SF:src\common\services\game-logger.service.ts
FN:24,(anonymous_11)
FN:39,(anonymous_12)
FN:67,(anonymous_13)
FN:97,(anonymous_14)
FN:107,(anonymous_15)
FN:117,(anonymous_16)
FN:127,(anonymous_17)
FN:147,(anonymous_18)
FN:162,(anonymous_19)
FN:177,(anonymous_20)
FN:196,(anonymous_21)
FN:211,(anonymous_22)
FNF:12
FNH:0
FNDA:0,(anonymous_11)
FNDA:0,(anonymous_12)
FNDA:0,(anonymous_13)
FNDA:0,(anonymous_14)
FNDA:0,(anonymous_15)
FNDA:0,(anonymous_16)
FNDA:0,(anonymous_17)
FNDA:0,(anonymous_18)
FNDA:0,(anonymous_19)
FNDA:0,(anonymous_20)
FNDA:0,(anonymous_21)
FNDA:0,(anonymous_22)
DA:1,1
DA:2,1
DA:3,1
DA:21,1
DA:25,0
DA:40,0
DA:43,0
DA:68,0
DA:73,0
DA:74,0
DA:81,0
DA:82,0
DA:87,0
DA:88,0
DA:91,0
DA:98,0
DA:108,0
DA:118,0
DA:134,0
DA:152,0
DA:167,0
DA:182,0
DA:186,0
DA:201,0
DA:212,0
LF:25
LH:4
BRDA:26,0,0,0
BRDA:26,0,1,0
BRDA:40,1,0,0
BRDA:40,1,1,0
BRDA:70,2,0,0
BRDA:70,2,1,0
BRDA:73,3,0,0
BRDA:73,3,1,0
BRDA:81,4,0,0
BRDA:81,4,1,0
BRDA:87,5,0,0
BRDA:87,5,1,0
BRDA:100,6,0,0
BRDA:100,6,1,0
BRDA:110,7,0,0
BRDA:110,7,1,0
BRDA:120,8,0,0
BRDA:120,8,1,0
BRDA:182,9,0,0
BRDA:182,9,1,0
BRDA:182,10,0,0
BRDA:182,10,1,0
BRF:22
BRH:0
end_of_record
TN:
SF:src\common\session\in-memory-session-store.ts
FN:9,(anonymous_0)
FN:13,(anonymous_1)
FN:17,(anonymous_2)
FNF:3
FNH:0
FNDA:0,(anonymous_0)
FNDA:0,(anonymous_1)
FNDA:0,(anonymous_2)
DA:6,0
DA:7,0
DA:10,0
DA:14,0
DA:18,0
LF:5
LH:0
BRDA:14,0,0,0
BRDA:14,0,1,0
BRF:2
BRH:0
end_of_record
TN:
SF:src\common\session\redis-session-store.ts
FN:10,(anonymous_0)
FN:17,(anonymous_1)
FN:26,(anonymous_2)
FN:36,(anonymous_3)
FNF:4
FNH:0
FNDA:0,(anonymous_0)
FNDA:0,(anonymous_1)
FNDA:0,(anonymous_2)
FNDA:0,(anonymous_3)
DA:6,0
DA:8,0
DA:13,0
DA:14,0
DA:18,0
DA:27,0
DA:28,0
DA:29,0
DA:30,0
DA:32,0
DA:37,0
LF:11
LH:0
BRDA:28,0,0,0
BRDA:28,0,1,0
BRF:2
BRH:0
end_of_record
TN:
SF:src\common\session\session-store.interface.ts
FNF:0
FNH:0
DA:1,0
LF:1
LH:0
BRF:0
BRH:0
end_of_record
TN:
SF:src\common\utils\damenature-logger.ts
FN:7,dameNatureLog
FNF:1
FNH:1
FNDA:122,dameNatureLog
DA:1,2
DA:2,2
DA:4,2
DA:5,2
DA:7,2
DA:11,122
DA:12,122
DA:13,122
DA:23,122
LF:9
LH:9
BRF:0
BRH:0
end_of_record
TN:
SF:src\common\utils\mojibake.ts
FN:3,readTextFileWithFallback
FN:14,fixMojibakeString
FN:15,(anonymous_11)
FN:27,(anonymous_12)
FN:74,(anonymous_13)
FN:88,fixMojibakeDeep
FN:93,(anonymous_15)
FN:98,(anonymous_16)
FN:106,readJsonFileWithFallback
FNF:9
FNH:9
FNDA:20,readTextFileWithFallback
FNDA:1498,fixMojibakeString
FNDA:1502,(anonymous_11)
FNDA:2,(anonymous_12)
FNDA:4,(anonymous_13)
FNDA:2130,fixMojibakeDeep
FNDA:1058,(anonymous_15)
FNDA:1052,(anonymous_16)
FNDA:20,readJsonFileWithFallback
DA:1,4
DA:3,4
DA:4,20
DA:7,20
DA:8,20
DA:9,0
DA:14,4
DA:15,1498
DA:16,1502
DA:21,1502
DA:22,1502
DA:24,1498
DA:25,1498
DA:27,2
DA:28,2
DA:57,2
DA:58,2
DA:59,104
DA:60,104
DA:61,102
DA:62,2
DA:63,2
DA:65,0
DA:68,2
DA:71,2
DA:74,4
DA:76,2
DA:77,2
DA:78,2
DA:79,4
DA:80,4
DA:81,0
DA:82,0
DA:85,2
DA:88,4
DA:89,2130
DA:90,1498
DA:92,632
DA:93,1058
DA:95,454
DA:96,408
DA:97,408
DA:98,408
DA:99,1052
DA:101,408
DA:103,46
DA:106,4
DA:107,20
DA:108,20
DA:109,20
LF:50
LH:46
BRDA:7,0,0,20
BRDA:7,0,1,20
BRDA:8,1,0,20
BRDA:8,1,1,0
BRDA:17,2,0,1502
BRDA:17,2,1,1500
BRDA:21,3,0,1502
BRDA:21,3,1,1498
BRDA:25,4,0,1496
BRDA:25,4,1,2
BRDA:59,5,0,104
BRDA:59,5,1,0
BRDA:60,6,0,102
BRDA:60,6,1,2
BRDA:62,7,0,2
BRDA:62,7,1,0
BRDA:74,8,0,4
BRDA:74,8,1,4
BRDA:80,9,0,0
BRDA:80,9,1,4
BRDA:89,10,0,1498
BRDA:89,10,1,632
BRDA:92,11,0,178
BRDA:92,11,1,454
BRDA:95,12,0,408
BRDA:95,12,1,46
BRDA:95,13,0,454
BRDA:95,13,1,454
BRF:28
BRH:24
end_of_record
TN:
SF:src\common\utils\playing-logger.ts
FN:6,playingLog
FN:27,resolveLogPath
FN:41,ensureDir
FNF:3
FNH:2
FNDA:31,playingLog
FNDA:11,resolveLogPath
FNDA:0,ensureDir
DA:1,11
DA:2,11
DA:4,11
DA:6,11
DA:10,31
DA:11,31
DA:21,31
DA:28,11
DA:30,11
DA:31,11
DA:33,11
DA:38,11
DA:42,0
DA:43,0
DA:44,0
DA:46,0
DA:48,0
LF:17
LH:12
BRDA:33,0,0,11
BRDA:33,0,1,0
BRDA:33,1,0,11
BRDA:33,1,1,0
BRDA:35,2,0,0
BRDA:35,2,1,0
BRDA:43,3,0,0
BRDA:43,3,1,0
BRF:8
BRH:2
end_of_record
TN:
SF:src\common\utils\sanitize-text.ts
FN:1,sanitizeText
FNF:1
FNH:1
FNDA:5,sanitizeText
DA:1,2
DA:2,5
DA:3,5
LF:3
LH:3
BRDA:2,0,0,0
BRDA:2,0,1,5
BRF:2
BRH:1
end_of_record
TN:
SF:src\common\utils\seeded-rng.ts
FN:6,normalizeSeed
FN:12,mulberry32
FN:14,(anonymous_2)
FN:23,ensureSeededRng
FN:31,nextRngFloat
FN:42,nextRngInt
FNF:6
FNH:6
FNDA:24,normalizeSeed
FNDA:12,mulberry32
FNDA:12,(anonymous_2)
FNDA:12,ensureSeededRng
FNDA:12,nextRngFloat
FNDA:12,nextRngInt
DA:7,24
DA:8,24
DA:9,22
DA:13,12
DA:14,12
DA:15,12
DA:16,12
DA:17,12
DA:18,12
DA:19,12
DA:23,11
DA:24,12
DA:26,12
DA:27,12
DA:28,12
DA:31,11
DA:35,12
DA:36,12
DA:37,12
DA:38,12
DA:39,12
DA:42,11
DA:46,12
DA:47,12
DA:48,0
DA:50,12
DA:51,12
LF:27
LH:26
BRDA:7,0,0,22
BRDA:7,0,1,2
BRDA:8,1,0,2
BRDA:8,1,1,22
BRDA:24,2,0,12
BRDA:24,2,1,1
BRDA:26,3,0,12
BRDA:26,3,1,1
BRDA:27,4,0,12
BRDA:27,4,1,1
BRDA:47,5,0,0
BRDA:47,5,1,12
BRDA:47,6,0,12
BRDA:47,6,1,12
BRF:14
BRH:13
end_of_record
TN:
SF:src\common\utils\seeded-shuffle.ts
FN:1,fnv1a32
FN:10,mulberry32
FN:12,(anonymous_2)
FN:21,seededShuffle
FNF:4
FNH:4
FNDA:1092,fnv1a32
FNDA:1092,mulberry32
FNDA:7072,(anonymous_2)
FNDA:1092,seededShuffle
DA:2,1092
DA:3,1092
DA:4,34216
DA:5,34216
DA:7,1092
DA:11,1092
DA:12,1092
DA:13,7072
DA:14,7072
DA:15,7072
DA:16,7072
DA:17,7072
DA:21,11
DA:26,1092
DA:27,1092
DA:28,1092
DA:29,1092
DA:30,7072
DA:31,7072
DA:32,7072
DA:33,7072
DA:35,1092
LF:22
LH:22
BRDA:24,0,0,0
BRDA:27,1,0,1092
BRDA:27,1,1,0
BRF:3
BRH:1
end_of_record
TN:
SF:src\common\validation\payload-validation.service.ts
FN:7,(anonymous_1)
FN:18,(anonymous_2)
FNF:2
FNH:0
FNDA:0,(anonymous_1)
FNDA:0,(anonymous_2)
DA:1,0
DA:2,0
DA:3,0
DA:6,0
DA:8,0
DA:11,0
DA:16,0
DA:17,0
DA:18,0
DA:21,0
DA:23,0
LF:11
LH:0
BRDA:8,0,0,0
BRDA:8,0,1,0
BRDA:16,1,0,0
BRDA:16,1,1,0
BRDA:18,2,0,0
BRDA:18,2,1,0
BRDA:21,3,0,0
BRDA:21,3,1,0
BRF:8
BRH:0
end_of_record
TN:
SF:src\common\validation\validation.module.ts
FNF:0
FNH:0
DA:1,0
DA:2,0
DA:9,0
LF:3
LH:0
BRF:0
BRH:0
end_of_record
TN:
SF:src\common\validators\json-content.validator.ts
FN:14,(anonymous_0)
FN:16,(anonymous_1)
FN:51,(anonymous_2)
FN:56,(anonymous_3)
FN:92,(anonymous_4)
FN:97,(anonymous_5)
FN:137,(anonymous_6)
FN:142,(anonymous_7)
FN:196,(anonymous_8)
FN:215,(anonymous_9)
FN:217,(anonymous_10)
FN:227,createGameContentValidators
FNF:12
FNH:0
FNDA:0,(anonymous_0)
FNDA:0,(anonymous_1)
FNDA:0,(anonymous_2)
FNDA:0,(anonymous_3)
FNDA:0,(anonymous_4)
FNDA:0,(anonymous_5)
FNDA:0,(anonymous_6)
FNDA:0,(anonymous_7)
FNDA:0,(anonymous_8)
FNDA:0,(anonymous_9)
FNDA:0,(anonymous_10)
FNDA:0,createGameContentValidators
DA:1,0
DA:13,0
DA:14,0
DA:17,0
DA:18,0
DA:24,0
DA:26,0
DA:27,0
DA:33,0
DA:34,0
DA:50,0
DA:52,0
DA:53,0
DA:57,0
DA:58,0
DA:64,0
DA:66,0
DA:67,0
DA:73,0
DA:74,0
DA:91,0
DA:93,0
DA:94,0
DA:98,0
DA:99,0
DA:105,0
DA:107,0
DA:108,0
DA:114,0
DA:115,0
DA:117,0
DA:118,0
DA:136,0
DA:138,0
DA:139,0
DA:143,0
DA:144,0
DA:150,0
DA:152,0
DA:153,0
DA:159,0
DA:160,0
DA:162,0
DA:163,0
DA:174,0
DA:175,0
DA:176,0
DA:195,0
DA:197,0
DA:203,0
DA:214,0
DA:215,0
DA:218,0
DA:219,0
DA:227,0
DA:233,0
LF:56
LH:0
BRDA:17,0,0,0
BRDA:17,0,1,0
BRDA:17,1,0,0
BRDA:17,1,1,0
BRDA:19,2,0,0
BRDA:19,2,1,0
BRDA:26,3,0,0
BRDA:26,3,1,0
BRDA:28,4,0,0
BRDA:28,4,1,0
BRDA:33,5,0,0
BRDA:33,5,1,0
BRDA:35,6,0,0
BRDA:35,6,1,0
BRDA:53,7,0,0
BRDA:57,8,0,0
BRDA:57,8,1,0
BRDA:57,9,0,0
BRDA:57,9,1,0
BRDA:59,10,0,0
BRDA:59,10,1,0
BRDA:66,11,0,0
BRDA:66,11,1,0
BRDA:68,12,0,0
BRDA:68,12,1,0
BRDA:73,13,0,0
BRDA:73,13,1,0
BRDA:75,14,0,0
BRDA:75,14,1,0
BRDA:98,15,0,0
BRDA:98,15,1,0
BRDA:98,16,0,0
BRDA:98,16,1,0
BRDA:100,17,0,0
BRDA:100,17,1,0
BRDA:107,18,0,0
BRDA:107,18,1,0
BRDA:107,19,0,0
BRDA:107,19,1,0
BRDA:109,20,0,0
BRDA:109,20,1,0
BRDA:114,21,0,0
BRDA:114,21,1,0
BRDA:115,22,0,0
BRDA:115,22,1,0
BRDA:117,23,0,0
BRDA:117,23,1,0
BRDA:119,24,0,0
BRDA:119,24,1,0
BRDA:143,25,0,0
BRDA:143,25,1,0
BRDA:143,26,0,0
BRDA:143,26,1,0
BRDA:145,27,0,0
BRDA:145,27,1,0
BRDA:152,28,0,0
BRDA:152,28,1,0
BRDA:154,29,0,0
BRDA:154,29,1,0
BRDA:162,30,0,0
BRDA:162,30,1,0
BRDA:162,31,0,0
BRDA:162,31,1,0
BRDA:164,32,0,0
BRDA:164,32,1,0
BRDA:175,33,0,0
BRDA:175,33,1,0
BRDA:177,34,0,0
BRDA:177,34,1,0
BRDA:197,35,0,0
BRDA:197,35,1,0
BRDA:198,36,0,0
BRDA:198,36,1,0
BRDA:198,36,2,0
BRDA:198,36,3,0
BRDA:198,36,4,0
BRDA:198,36,5,0
BRDA:204,37,0,0
BRDA:204,37,1,0
BRDA:231,38,0,0
BRF:80
BRH:0
end_of_record
TN:
SF:src\common\ws\ws-auth.ts
FN:6,requireUser
FNF:1
FNH:0
FNDA:0,requireUser
DA:1,0
DA:6,0
DA:7,0
DA:8,0
DA:10,0
LF:5
LH:0
BRDA:7,0,0,0
BRDA:7,0,1,0
BRF:2
BRH:0
end_of_record
TN:
SF:src\common\ws\ws-jwt-auth.service.ts
FN:9,(anonymous_11)
FN:11,(anonymous_12)
FN:24,(anonymous_13)
FN:33,(anonymous_14)
FN:42,(anonymous_15)
FN:54,(anonymous_16)
FN:66,(anonymous_17)
FNF:7
FNH:0
FNDA:0,(anonymous_11)
FNDA:0,(anonymous_12)
FNDA:0,(anonymous_13)
FNDA:0,(anonymous_14)
FNDA:0,(anonymous_15)
FNDA:0,(anonymous_16)
FNDA:0,(anonymous_17)
DA:1,0
DA:2,0
DA:3,0
DA:8,0
DA:9,0
DA:13,0
DA:14,0
DA:16,0
DA:18,0
DA:19,0
DA:21,0
DA:25,0
DA:26,0
DA:27,0
DA:29,0
DA:34,0
DA:35,0
DA:36,0
DA:38,0
DA:43,0
DA:44,0
DA:45,0
DA:46,0
DA:47,0
DA:48,0
DA:51,0
DA:55,0
DA:56,0
DA:58,0
DA:59,0
DA:60,0
DA:62,0
DA:68,0
DA:69,0
DA:70,0
DA:72,0
LF:36
LH:0
BRDA:13,0,0,0
BRDA:13,0,1,0
BRDA:13,0,2,0
BRDA:13,0,3,0
BRDA:14,1,0,0
BRDA:14,1,1,0
BRDA:14,1,2,0
BRDA:16,2,0,0
BRDA:16,2,1,0
BRDA:18,3,0,0
BRDA:18,3,1,0
BRDA:34,4,0,0
BRDA:34,4,1,0
BRDA:43,5,0,0
BRDA:43,5,1,0
BRDA:44,6,0,0
BRDA:44,6,1,0
BRDA:45,7,0,0
BRDA:45,7,1,0
BRDA:45,8,0,0
BRDA:45,8,1,0
BRDA:47,9,0,0
BRDA:47,9,1,0
BRDA:47,10,0,0
BRDA:47,10,1,0
BRDA:55,11,0,0
BRDA:55,11,1,0
BRDA:55,12,0,0
BRDA:55,12,1,0
BRDA:68,13,0,0
BRDA:68,13,1,0
BRDA:69,14,0,0
BRDA:69,14,1,0
BRDA:9,15,0,0
BRDA:9,15,1,0
BRDA:9,16,0,0
BRDA:9,16,1,0
BRF:37
BRH:0
end_of_record
TN:
SF:src\common\ws\ws-route-registry.service.ts
FN:24,(anonymous_1)
FN:34,(anonymous_2)
FNF:2
FNH:0
FNDA:0,(anonymous_1)
FNDA:0,(anonymous_2)
DA:1,0
DA:21,0
DA:22,0
DA:25,0
DA:26,0
DA:28,0
DA:29,0
DA:31,0
DA:35,0
LF:9
LH:0
BRDA:25,0,0,0
BRDA:25,0,1,0
BRDA:25,1,0,0
BRDA:25,1,1,0
BRDA:28,2,0,0
BRDA:28,2,1,0
BRF:6
BRH:0
end_of_record
TN:
SF:src\common\ws\ws-routing.module.ts
FNF:0
FNH:0
DA:1,0
DA:2,0
DA:3,0
DA:10,0
LF:4
LH:0
BRF:0
BRH:0
end_of_record
TN:
SF:src\game\game.module.ts
FNF:0
FNH:0
DA:1,0
DA:2,0
DA:3,0
DA:8,0
LF:4
LH:0
BRF:0
BRH:0
end_of_record
TN:
SF:src\game\core\core.module.ts
FNF:0
FNH:0
DA:1,10
DA:2,10
DA:3,10
DA:4,10
DA:5,10
DA:6,10
DA:7,10
DA:8,10
DA:9,10
DA:10,10
DA:11,10
DA:12,10
DA:30,10
LF:13
LH:13
BRF:0
BRH:0
end_of_record
TN:
SF:src\game\core\services\game-core.service.ts
FN:13,(anonymous_1)
FN:44,(anonymous_2)
FN:55,(anonymous_3)
FN:65,(anonymous_4)
FN:67,(anonymous_5)
FN:77,(anonymous_6)
FN:90,(anonymous_7)
FN:94,(anonymous_8)
FNF:8
FNH:2
FNDA:0,(anonymous_1)
FNDA:91,(anonymous_2)
FNDA:80,(anonymous_3)
FNDA:0,(anonymous_4)
FNDA:0,(anonymous_5)
FNDA:0,(anonymous_6)
FNDA:0,(anonymous_7)
FNDA:0,(anonymous_8)
DA:1,11
DA:8,11
DA:9,11
DA:12,11
DA:14,0
DA:15,0
DA:20,0
DA:21,0
DA:23,0
DA:24,0
DA:27,0
DA:45,91
DA:56,80
DA:60,80
DA:61,80
DA:62,80
DA:66,0
DA:67,0
DA:68,0
DA:77,0
DA:78,0
DA:87,0
DA:91,0
DA:98,0
LF:24
LH:9
BRDA:14,0,0,0
BRDA:14,0,1,0
BRDA:16,1,0,0
BRDA:16,1,1,0
BRDA:24,2,0,0
BRDA:24,2,1,0
BRDA:36,3,0,0
BRDA:36,3,1,0
BRDA:47,4,0,91
BRDA:47,4,1,29
BRDA:48,5,0,91
BRDA:48,5,1,0
BRDA:49,6,0,62
BRDA:49,6,1,29
BRDA:50,7,0,91
BRDA:50,7,1,0
BRDA:51,8,0,5
BRDA:51,8,1,86
BRDA:91,9,0,0
BRDA:91,9,1,0
BRF:20
BRH:8
end_of_record
TN:
SF:src\game\engine\engine.module.ts
FNF:0
FNH:0
DA:1,0
DA:2,0
DA:3,0
DA:4,0
DA:5,0
DA:6,0
DA:7,0
DA:8,0
DA:9,0
DA:22,0
LF:10
LH:0
BRF:0
BRH:0
end_of_record
TN:
SF:src\game\engine\game-plugins.module.ts
FN:11,(anonymous_10)
FN:17,(anonymous_11)
FN:26,(anonymous_12)
FN:43,(anonymous_13)
FN:60,(anonymous_14)
FN:85,(anonymous_15)
FN:89,(anonymous_16)
FNF:7
FNH:0
FNDA:0,(anonymous_10)
FNDA:0,(anonymous_11)
FNDA:0,(anonymous_12)
FNDA:0,(anonymous_13)
FNDA:0,(anonymous_14)
FNDA:0,(anonymous_15)
FNDA:0,(anonymous_16)
DA:1,0
DA:2,0
DA:3,0
DA:8,0
DA:9,0
DA:12,0
DA:13,0
DA:14,0
DA:16,0
DA:17,0
DA:20,0
DA:27,0
DA:28,0
DA:29,0
DA:32,0
DA:34,0
DA:35,0
DA:36,0
DA:37,0
DA:38,0
DA:40,0
DA:44,0
DA:45,0
DA:52,0
DA:53,0
DA:54,0
DA:57,0
DA:61,0
DA:62,0
DA:63,0
DA:64,0
DA:65,0
DA:66,0
DA:67,0
DA:68,0
DA:69,0
DA:70,0
DA:72,0
DA:73,0
DA:74,0
DA:78,0
DA:82,0
DA:86,0
DA:87,0
DA:88,0
DA:89,0
DA:91,0
DA:92,0
DA:94,0
DA:96,0
DA:99,0
LF:51
LH:0
BRDA:13,0,0,0
BRDA:13,0,1,0
BRDA:28,1,0,0
BRDA:28,1,1,0
BRDA:46,2,0,0
BRDA:46,2,1,0
BRDA:53,3,0,0
BRDA:53,3,1,0
BRDA:53,4,0,0
BRDA:53,4,1,0
BRDA:68,5,0,0
BRDA:68,5,1,0
BRDA:72,6,0,0
BRDA:72,6,1,0
BRDA:73,7,0,0
BRDA:73,7,1,0
BRDA:74,8,0,0
BRDA:74,8,1,0
BRDA:75,9,0,0
BRDA:75,9,1,0
BRDA:89,10,0,0
BRDA:89,10,1,0
BRDA:91,11,0,0
BRDA:91,11,1,0
BRDA:97,12,0,0
BRDA:97,12,1,0
BRF:26
BRH:0
end_of_record
TN:
SF:src\game\engine\game-registry.module.ts
FNF:0
FNH:0
DA:1,10
DA:2,10
DA:9,10
LF:3
LH:3
BRF:0
BRH:0
end_of_record
TN:
SF:src\game\engine\dto\game-action.dto.ts
FN:30,(anonymous_2)
FNF:1
FNH:0
FNDA:0,(anonymous_2)
DA:1,0
DA:2,0
DA:14,0
DA:16,0
DA:20,0
DA:24,0
DA:27,0
DA:30,0
DA:31,0
LF:9
LH:0
BRDA:20,0,0,0
BRDA:20,0,1,0
BRDA:20,1,0,0
BRDA:20,1,1,0
BRDA:24,2,0,0
BRDA:24,2,1,0
BRDA:24,3,0,0
BRDA:24,3,1,0
BRF:8
BRH:0
end_of_record
TN:
SF:src\game\engine\dto\validated-action.dto.ts
FN:47,(anonymous_2)
FN:59,validateAction
FN:90,validateActions
FN:135,formatValidationErrors
FN:153,sanitizeAction
FN:174,sanitizePayload
FN:207,(anonymous_8)
FNF:7
FNH:6
FNDA:0,(anonymous_2)
FNDA:11,validateAction
FNDA:3,validateActions
FNDA:4,formatValidationErrors
FNDA:5,sanitizeAction
FNDA:11,sanitizePayload
FNDA:100,(anonymous_8)
DA:1,2
DA:12,2
DA:13,2
DA:18,2
DA:25,2
DA:31,2
DA:35,2
DA:39,2
DA:45,2
DA:47,0
DA:48,2
DA:59,2
DA:63,11
DA:64,11
DA:70,11
DA:71,4
DA:72,4
DA:79,7
DA:90,2
DA:94,3
DA:95,1
DA:102,2
DA:103,2
DA:105,2
DA:106,4
DA:107,4
DA:111,3
DA:113,1
DA:114,1
DA:116,0
DA:121,2
DA:122,1
DA:129,1
DA:136,4
DA:138,4
DA:139,4
DA:140,4
DA:142,4
DA:143,0
DA:147,4
DA:153,2
DA:156,5
DA:160,5
DA:161,5
DA:164,5
DA:165,0
DA:168,5
DA:178,11
DA:179,11
DA:181,11
DA:182,1
DA:185,10
DA:187,10
DA:189,12
DA:190,2
DA:194,10
DA:195,10
DA:196,1
DA:200,9
DA:201,6
DA:205,3
DA:207,1
DA:208,100
DA:209,0
DA:211,100
DA:215,2
DA:219,10
LF:67
LH:62
BRDA:35,0,0,0
BRDA:35,0,1,2
BRDA:35,1,0,2
BRDA:35,1,1,0
BRDA:39,2,0,0
BRDA:39,2,1,2
BRDA:39,3,0,2
BRDA:39,3,1,0
BRDA:61,4,0,7
BRDA:70,5,0,4
BRDA:70,5,1,7
BRDA:92,6,0,3
BRDA:94,7,0,1
BRDA:94,7,1,2
BRDA:113,8,0,1
BRDA:113,8,1,0
BRDA:121,9,0,1
BRDA:121,9,1,1
BRDA:139,10,0,4
BRDA:139,10,1,0
BRDA:142,11,0,0
BRDA:142,11,1,4
BRDA:142,12,0,4
BRDA:142,12,1,4
BRDA:160,13,0,5
BRDA:160,13,1,0
BRDA:160,14,0,5
BRDA:160,14,1,5
BRDA:164,15,0,0
BRDA:164,15,1,5
BRDA:164,16,0,5
BRDA:164,16,1,0
BRDA:176,17,0,5
BRDA:181,18,0,1
BRDA:181,18,1,10
BRDA:189,19,0,2
BRDA:189,19,1,10
BRDA:195,20,0,1
BRDA:195,20,1,9
BRDA:195,21,0,10
BRDA:195,21,1,10
BRDA:200,22,0,6
BRDA:200,22,1,3
BRDA:200,23,0,9
BRDA:200,23,1,9
BRDA:200,23,2,7
BRDA:205,24,0,1
BRDA:205,24,1,2
BRDA:208,25,0,0
BRDA:208,25,1,100
BRDA:208,26,0,100
BRDA:208,26,1,100
BRF:52
BRH:41
end_of_record
TN:
SF:src\game\engine\gateways\game.gateway.ts
FN:37,(anonymous_2)
FN:41,(anonymous_3)
FN:51,(anonymous_4)
FN:63,(anonymous_5)
FN:64,(anonymous_6)
FN:66,(anonymous_7)
FN:67,(anonymous_8)
FN:84,(anonymous_9)
FN:104,(anonymous_10)
FN:150,(anonymous_11)
FN:164,(anonymous_12)
FN:185,(anonymous_13)
FN:205,(anonymous_14)
FN:217,(anonymous_15)
FN:254,(anonymous_16)
FN:273,(anonymous_17)
FN:278,(anonymous_18)
FN:292,(anonymous_19)
FN:313,(anonymous_20)
FN:318,(anonymous_21)
FNF:20
FNH:0
FNDA:0,(anonymous_2)
FNDA:0,(anonymous_3)
FNDA:0,(anonymous_4)
FNDA:0,(anonymous_5)
FNDA:0,(anonymous_6)
FNDA:0,(anonymous_7)
FNDA:0,(anonymous_8)
FNDA:0,(anonymous_9)
FNDA:0,(anonymous_10)
FNDA:0,(anonymous_11)
FNDA:0,(anonymous_12)
FNDA:0,(anonymous_13)
FNDA:0,(anonymous_14)
FNDA:0,(anonymous_15)
FNDA:0,(anonymous_16)
FNDA:0,(anonymous_17)
FNDA:0,(anonymous_18)
FNDA:0,(anonymous_19)
FNDA:0,(anonymous_20)
FNDA:0,(anonymous_21)
DA:1,0
DA:2,0
DA:8,0
DA:9,0
DA:12,0
DA:13,0
DA:24,0
DA:28,0
DA:30,0
DA:31,0
DA:32,0
DA:33,0
DA:34,0
DA:35,0
DA:38,0
DA:39,0
DA:41,0
DA:42,0
DA:45,0
DA:52,0
DA:53,0
DA:54,0
DA:55,0
DA:57,0
DA:63,0
DA:64,0
DA:66,0
DA:67,0
DA:68,0
DA:69,0
DA:70,0
DA:71,0
DA:72,0
DA:74,0
DA:75,0
DA:80,0
DA:81,0
DA:85,0
DA:86,0
DA:87,0
DA:88,0
DA:89,0
DA:90,0
DA:91,0
DA:92,0
DA:96,0
DA:97,0
DA:98,0
DA:99,0
DA:101,0
DA:105,0
DA:106,0
DA:107,0
DA:108,0
DA:110,0
DA:111,0
DA:112,0
DA:113,0
DA:115,0
DA:116,0
DA:117,0
DA:118,0
DA:119,0
DA:121,0
DA:122,0
DA:124,0
DA:125,0
DA:127,0
DA:128,0
DA:130,0
DA:131,0
DA:133,0
DA:134,0
DA:137,0
DA:138,0
DA:146,0
DA:151,0
DA:152,0
DA:153,0
DA:154,0
DA:159,0
DA:160,0
DA:161,0
DA:165,0
DA:166,0
DA:167,0
DA:168,0
DA:169,0
DA:171,0
DA:172,0
DA:177,0
DA:182,0
DA:186,0
DA:187,0
DA:188,0
DA:189,0
DA:191,0
DA:192,0
DA:195,0
DA:202,0
DA:206,0
DA:207,0
DA:208,0
DA:209,0
DA:212,0
DA:213,0
DA:214,0
DA:218,0
DA:219,0
DA:220,0
DA:221,0
DA:222,0
DA:223,0
DA:224,0
DA:225,0
DA:227,0
DA:228,0
DA:229,0
DA:230,0
DA:232,0
DA:233,0
DA:234,0
DA:235,0
DA:236,0
DA:238,0
DA:239,0
DA:241,0
DA:244,0
DA:260,0
DA:261,0
DA:262,0
DA:264,0
DA:265,0
DA:266,0
DA:268,0
DA:269,0
DA:270,0
DA:274,0
DA:275,0
DA:279,0
DA:280,0
DA:281,0
DA:283,0
DA:284,0
DA:285,0
DA:293,0
DA:294,0
DA:295,0
DA:296,0
DA:297,0
DA:298,0
DA:299,0
DA:301,0
DA:303,0
DA:304,0
DA:306,0
DA:307,0
DA:309,0
DA:314,0
DA:315,0
DA:319,0
LF:161
LH:0
BRDA:53,0,0,0
BRDA:53,0,1,0
BRDA:68,1,0,0
BRDA:68,1,1,0
BRDA:69,2,0,0
BRDA:69,2,1,0
BRDA:70,3,0,0
BRDA:70,3,1,0
BRDA:86,4,0,0
BRDA:86,4,1,0
BRDA:86,5,0,0
BRDA:86,5,1,0
BRDA:89,6,0,0
BRDA:89,6,1,0
BRDA:91,7,0,0
BRDA:91,7,1,0
BRDA:97,8,0,0
BRDA:97,8,1,0
BRDA:106,9,0,0
BRDA:106,9,1,0
BRDA:110,10,0,0
BRDA:110,10,1,0
BRDA:110,11,0,0
BRDA:110,11,1,0
BRDA:116,12,0,0
BRDA:116,12,1,0
BRDA:119,13,0,0
BRDA:119,13,1,0
BRDA:119,13,2,0
BRDA:119,13,3,0
BRDA:119,13,4,0
BRDA:137,14,0,0
BRDA:137,14,1,0
BRDA:139,15,0,0
BRDA:139,15,1,0
BRDA:140,16,0,0
BRDA:140,16,1,0
BRDA:141,17,0,0
BRDA:141,17,1,0
BRDA:144,18,0,0
BRDA:144,18,1,0
BRDA:151,19,0,0
BRDA:151,19,1,0
BRDA:151,19,2,0
BRDA:152,20,0,0
BRDA:152,20,1,0
BRDA:165,21,0,0
BRDA:165,21,1,0
BRDA:165,21,2,0
BRDA:166,22,0,0
BRDA:166,22,1,0
BRDA:166,22,2,0
BRDA:167,23,0,0
BRDA:167,23,1,0
BRDA:167,24,0,0
BRDA:167,24,1,0
BRDA:186,25,0,0
BRDA:186,25,1,0
BRDA:186,25,2,0
BRDA:187,26,0,0
BRDA:187,26,1,0
BRDA:187,26,2,0
BRDA:188,27,0,0
BRDA:188,27,1,0
BRDA:188,28,0,0
BRDA:188,28,1,0
BRDA:192,29,0,0
BRDA:192,29,1,0
BRDA:206,30,0,0
BRDA:206,30,1,0
BRDA:206,30,2,0
BRDA:207,31,0,0
BRDA:207,31,1,0
BRDA:207,31,2,0
BRDA:208,32,0,0
BRDA:208,32,1,0
BRDA:208,33,0,0
BRDA:208,33,1,0
BRDA:220,34,0,0
BRDA:220,34,1,0
BRDA:223,35,0,0
BRDA:223,35,1,0
BRDA:228,36,0,0
BRDA:228,36,1,0
BRDA:229,37,0,0
BRDA:229,37,1,0
BRDA:232,38,0,0
BRDA:232,38,1,0
BRDA:233,39,0,0
BRDA:233,39,1,0
BRDA:247,40,0,0
BRDA:247,40,1,0
BRDA:248,41,0,0
BRDA:248,41,1,0
BRDA:249,42,0,0
BRDA:249,42,1,0
BRDA:250,43,0,0
BRDA:250,43,1,0
BRDA:260,44,0,0
BRDA:260,44,1,0
BRDA:260,45,0,0
BRDA:260,45,1,0
BRDA:265,46,0,0
BRDA:265,46,1,0
BRDA:274,47,0,0
BRDA:274,47,1,0
BRDA:279,48,0,0
BRDA:279,48,1,0
BRDA:294,49,0,0
BRDA:294,49,1,0
BRDA:296,50,0,0
BRDA:296,50,1,0
BRDA:298,51,0,0
BRDA:298,51,1,0
BRDA:298,52,0,0
BRDA:298,52,1,0
BRDA:298,52,2,0
BRDA:303,53,0,0
BRDA:303,53,1,0
BRDA:28,54,0,0
BRDA:28,54,1,0
BRDA:28,55,0,0
BRDA:28,55,1,0
BRDA:38,56,0,0
BRDA:38,56,1,0
BRDA:38,57,0,0
BRDA:38,57,1,0
BRDA:38,58,0,0
BRDA:38,58,1,0
BRDA:38,59,0,0
BRDA:38,59,1,0
BRF:131
BRH:0
end_of_record
TN:
SF:src\game\engine\services\game-content.service.ts
FN:13,(anonymous_11)
FN:15,(anonymous_12)
FN:31,(anonymous_13)
FNF:3
FNH:0
FNDA:0,(anonymous_11)
FNDA:0,(anonymous_12)
FNDA:0,(anonymous_13)
DA:1,0
DA:2,0
DA:3,0
DA:6,0
DA:7,0
DA:11,0
DA:13,0
DA:16,0
DA:17,0
DA:18,0
DA:19,0
DA:21,0
DA:24,0
DA:25,0
DA:30,0
DA:31,0
DA:32,0
DA:33,0
DA:34,0
DA:35,0
DA:36,0
DA:38,0
DA:44,0
DA:45,0
DA:46,0
DA:48,0
LF:26
LH:0
BRDA:16,0,0,0
BRDA:16,0,1,0
BRDA:17,1,0,0
BRDA:17,1,1,0
BRDA:18,2,0,0
BRDA:18,2,1,0
BRDA:19,3,0,0
BRDA:19,3,1,0
BRDA:21,4,0,0
BRDA:21,4,1,0
BRDA:24,5,0,0
BRDA:24,5,1,0
BRDA:32,6,0,0
BRDA:32,6,1,0
BRDA:32,7,0,0
BRDA:32,7,1,0
BRDA:35,8,0,0
BRDA:35,8,1,0
BRDA:45,9,0,0
BRDA:45,9,1,0
BRDA:13,10,0,0
BRDA:13,10,1,0
BRDA:13,11,0,0
BRDA:13,11,1,0
BRF:24
BRH:0
end_of_record
TN:
SF:src\game\engine\services\game-engine-state.store.ts
FN:9,(anonymous_1)
FN:13,(anonymous_2)
FN:17,(anonymous_3)
FN:21,(anonymous_4)
FN:25,(anonymous_5)
FN:32,(anonymous_6)
FNF:6
FNH:0
FNDA:0,(anonymous_1)
FNDA:0,(anonymous_2)
FNDA:0,(anonymous_3)
FNDA:0,(anonymous_4)
FNDA:0,(anonymous_5)
FNDA:0,(anonymous_6)
DA:1,1
DA:6,1
DA:7,0
DA:10,0
DA:14,0
DA:18,0
DA:22,0
DA:29,0
DA:36,0
DA:37,0
DA:38,0
DA:40,0
DA:44,0
DA:46,0
LF:14
LH:2
BRDA:37,0,0,0
BRDA:37,0,1,0
BRDA:37,1,0,0
BRDA:37,1,1,0
BRDA:40,2,0,0
BRDA:40,2,1,0
BRDA:41,3,0,0
BRDA:41,3,1,0
BRDA:41,4,0,0
BRDA:41,4,1,0
BRF:10
BRH:0
end_of_record
TN:
SF:src\game\engine\services\game-engine.service.ts
FN:49,(anonymous_2)
FN:53,(anonymous_3)
FN:64,(anonymous_4)
FN:70,(anonymous_5)
FN:78,(anonymous_6)
FN:87,(anonymous_7)
FN:102,(anonymous_8)
FN:166,(anonymous_9)
FN:212,(anonymous_10)
FN:219,(anonymous_11)
FN:230,(anonymous_12)
FN:262,(anonymous_13)
FN:284,(anonymous_14)
FN:297,(anonymous_15)
FN:374,(anonymous_16)
FN:378,(anonymous_17)
FN:383,(anonymous_18)
FN:398,(anonymous_19)
FN:442,(anonymous_20)
FN:461,(anonymous_21)
FN:465,(anonymous_22)
FN:473,(anonymous_23)
FN:476,(anonymous_24)
FN:480,(anonymous_25)
FN:499,(anonymous_26)
FN:531,(anonymous_27)
FN:559,(anonymous_28)
FN:563,(anonymous_29)
FN:580,(anonymous_30)
FN:592,(anonymous_31)
FN:605,(anonymous_32)
FN:612,(anonymous_33)
FN:627,(anonymous_34)
FN:631,(anonymous_35)
FN:647,(anonymous_36)
FN:689,(anonymous_37)
FN:731,(anonymous_38)
FN:739,(anonymous_39)
FN:823,(anonymous_40)
FN:837,(anonymous_41)
FN:849,(anonymous_42)
FN:858,(anonymous_43)
FNF:42
FNH:5
FNDA:0,(anonymous_2)
FNDA:1,(anonymous_3)
FNDA:0,(anonymous_4)
FNDA:1,(anonymous_5)
FNDA:0,(anonymous_6)
FNDA:0,(anonymous_7)
FNDA:1,(anonymous_8)
FNDA:0,(anonymous_9)
FNDA:0,(anonymous_10)
FNDA:0,(anonymous_11)
FNDA:0,(anonymous_12)
FNDA:0,(anonymous_13)
FNDA:0,(anonymous_14)
FNDA:0,(anonymous_15)
FNDA:0,(anonymous_16)
FNDA:0,(anonymous_17)
FNDA:0,(anonymous_18)
FNDA:0,(anonymous_19)
FNDA:0,(anonymous_20)
FNDA:0,(anonymous_21)
FNDA:0,(anonymous_22)
FNDA:0,(anonymous_23)
FNDA:0,(anonymous_24)
FNDA:0,(anonymous_25)
FNDA:0,(anonymous_26)
FNDA:0,(anonymous_27)
FNDA:0,(anonymous_28)
FNDA:0,(anonymous_29)
FNDA:0,(anonymous_30)
FNDA:0,(anonymous_31)
FNDA:0,(anonymous_32)
FNDA:0,(anonymous_33)
FNDA:1,(anonymous_34)
FNDA:0,(anonymous_35)
FNDA:0,(anonymous_36)
FNDA:0,(anonymous_37)
FNDA:0,(anonymous_38)
FNDA:0,(anonymous_39)
FNDA:0,(anonymous_40)
FNDA:0,(anonymous_41)
FNDA:0,(anonymous_42)
FNDA:1,(anonymous_43)
DA:1,1
DA:7,1
DA:9,1
DA:15,1
DA:18,1
DA:19,1
DA:20,1
DA:21,1
DA:22,1
DA:23,1
DA:27,1
DA:32,1
DA:35,1
DA:41,1
DA:43,1
DA:44,1
DA:45,1
DA:46,1
DA:47,1
DA:50,0
DA:54,1
DA:55,1
DA:56,1
DA:57,1
DA:58,1
DA:59,1
DA:60,1
DA:61,1
DA:67,0
DA:74,1
DA:75,0
DA:83,0
DA:84,0
DA:92,0
DA:93,0
DA:94,0
DA:99,0
DA:107,1
DA:108,1
DA:110,0
DA:111,0
DA:112,0
DA:114,0
DA:116,1
DA:117,1
DA:120,1
DA:121,1
DA:123,0
DA:124,0
DA:125,0
DA:126,0
DA:130,0
DA:136,0
DA:142,0
DA:143,0
DA:144,0
DA:149,0
DA:150,0
DA:153,0
DA:154,0
DA:155,0
DA:157,0
DA:158,0
DA:159,0
DA:166,0
DA:173,0
DA:174,0
DA:175,0
DA:180,0
DA:181,0
DA:183,0
DA:184,0
DA:185,0
DA:190,0
DA:191,0
DA:193,0
DA:198,0
DA:199,0
DA:202,0
DA:203,0
DA:208,0
DA:209,0
DA:219,0
DA:220,0
DA:237,0
DA:245,0
DA:246,0
DA:248,0
DA:249,0
DA:251,0
DA:252,0
DA:253,0
DA:255,0
DA:256,0
DA:260,0
DA:261,0
DA:262,0
DA:265,0
DA:266,0
DA:267,0
DA:268,0
DA:272,0
DA:273,0
DA:277,0
DA:278,0
DA:284,0
DA:293,0
DA:297,0
DA:316,0
DA:317,0
DA:321,0
DA:322,0
DA:323,0
DA:324,0
DA:327,0
DA:328,0
DA:329,0
DA:330,0
DA:331,0
DA:335,0
DA:336,0
DA:337,0
DA:338,0
DA:341,0
DA:342,0
DA:343,0
DA:344,0
DA:345,0
DA:347,0
DA:358,0
DA:371,0
DA:378,0
DA:379,0
DA:387,0
DA:388,0
DA:393,0
DA:394,0
DA:396,0
DA:397,0
DA:398,0
DA:400,0
DA:401,0
DA:405,0
DA:408,0
DA:410,0
DA:413,0
DA:418,0
DA:424,0
DA:425,0
DA:433,0
DA:434,0
DA:435,0
DA:438,0
DA:442,0
DA:456,0
DA:457,0
DA:458,0
DA:462,0
DA:463,0
DA:464,0
DA:465,0
DA:466,0
DA:467,0
DA:470,0
DA:474,0
DA:475,0
DA:476,0
DA:477,0
DA:485,0
DA:486,0
DA:487,0
DA:494,0
DA:495,0
DA:497,0
DA:498,0
DA:499,0
DA:500,0
DA:501,0
DA:502,0
DA:504,0
DA:505,0
DA:506,0
DA:508,0
DA:510,0
DA:511,0
DA:512,0
DA:513,0
DA:523,0
DA:524,0
DA:526,0
DA:532,0
DA:533,0
DA:534,0
DA:536,0
DA:537,0
DA:539,0
DA:540,0
DA:541,0
DA:545,0
DA:555,0
DA:557,0
DA:559,0
DA:569,0
DA:570,0
DA:572,0
DA:573,0
DA:575,0
DA:577,0
DA:580,0
DA:581,0
DA:582,0
DA:583,0
DA:587,0
DA:588,0
DA:594,0
DA:595,0
DA:597,0
DA:598,0
DA:600,0
DA:602,0
DA:605,0
DA:606,0
DA:607,0
DA:608,0
DA:616,0
DA:617,0
DA:618,0
DA:619,0
DA:621,0
DA:628,1
DA:637,0
DA:638,0
DA:639,0
DA:643,0
DA:644,0
DA:652,0
DA:654,0
DA:657,0
DA:658,0
DA:660,0
DA:661,0
DA:665,0
DA:666,0
DA:668,0
DA:669,0
DA:670,0
DA:672,0
DA:680,0
DA:685,0
DA:686,0
DA:695,0
DA:696,0
DA:697,0
DA:698,0
DA:699,0
DA:700,0
DA:702,0
DA:703,0
DA:708,0
DA:709,0
DA:715,0
DA:716,0
DA:725,0
DA:727,0
DA:731,0
DA:734,0
DA:735,0
DA:736,0
DA:737,0
DA:738,0
DA:740,0
DA:744,0
DA:753,0
DA:758,0
DA:759,0
DA:760,0
DA:761,0
DA:763,0
DA:764,0
DA:767,0
DA:768,0
DA:773,0
DA:774,0
DA:775,0
DA:776,0
DA:777,0
DA:779,0
DA:784,0
DA:785,0
DA:789,0
DA:790,0
DA:791,0
DA:797,0
DA:798,0
DA:799,0
DA:800,0
DA:807,0
DA:808,0
DA:814,0
DA:817,0
DA:820,0
DA:829,0
DA:830,0
DA:831,0
DA:834,0
DA:841,0
DA:842,0
DA:843,0
DA:844,0
DA:846,0
DA:850,0
DA:851,0
DA:852,0
DA:859,1
DA:860,1
DA:861,1
DA:865,1
DA:866,1
LF:318
LH:40
BRDA:94,0,0,0
BRDA:94,0,1,0
BRDA:96,1,0,0
BRDA:96,1,1,0
BRDA:111,2,0,0
BRDA:111,2,1,0
BRDA:116,3,0,1
BRDA:116,3,1,0
BRDA:117,4,0,1
BRDA:117,4,1,0
BRDA:117,5,0,1
BRDA:117,5,1,1
BRDA:124,6,0,0
BRDA:124,6,1,0
BRDA:125,7,0,0
BRDA:125,7,1,0
BRDA:126,8,0,0
BRDA:126,8,1,0
BRDA:130,9,0,0
BRDA:130,9,1,0
BRDA:131,10,0,0
BRDA:131,10,1,0
BRDA:131,10,2,0
BRDA:131,10,3,0
BRDA:131,10,4,0
BRDA:154,11,0,0
BRDA:154,11,1,0
BRDA:155,12,0,0
BRDA:155,12,1,0
BRDA:157,13,0,0
BRDA:157,13,1,0
BRDA:157,14,0,0
BRDA:157,14,1,0
BRDA:158,15,0,0
BRDA:158,15,1,0
BRDA:164,16,0,0
BRDA:164,16,1,0
BRDA:166,17,0,0
BRDA:166,17,1,0
BRDA:173,18,0,0
BRDA:173,18,1,0
BRDA:173,19,0,0
BRDA:173,19,1,0
BRDA:183,20,0,0
BRDA:183,20,1,0
BRDA:183,21,0,0
BRDA:183,21,1,0
BRDA:217,22,0,0
BRDA:235,23,0,0
BRDA:245,24,0,0
BRDA:245,24,1,0
BRDA:248,25,0,0
BRDA:248,25,1,0
BRDA:248,26,0,0
BRDA:248,26,1,0
BRDA:252,27,0,0
BRDA:252,27,1,0
BRDA:252,28,0,0
BRDA:252,28,1,0
BRDA:252,28,2,0
BRDA:255,29,0,0
BRDA:255,29,1,0
BRDA:255,30,0,0
BRDA:255,30,1,0
BRDA:260,31,0,0
BRDA:260,31,1,0
BRDA:265,32,0,0
BRDA:265,32,1,0
BRDA:266,33,0,0
BRDA:266,33,1,0
BRDA:266,34,0,0
BRDA:266,34,1,0
BRDA:267,35,0,0
BRDA:267,35,1,0
BRDA:272,36,0,0
BRDA:272,36,1,0
BRDA:277,37,0,0
BRDA:277,37,1,0
BRDA:282,38,0,0
BRDA:282,38,1,0
BRDA:287,39,0,0
BRDA:287,39,1,0
BRDA:289,40,0,0
BRDA:289,40,1,0
BRDA:307,41,0,0
BRDA:307,41,1,0
BRDA:307,41,2,0
BRDA:316,42,0,0
BRDA:316,42,1,0
BRDA:335,43,0,0
BRDA:335,43,1,0
BRDA:335,44,0,0
BRDA:335,44,1,0
BRDA:349,45,0,0
BRDA:349,45,1,0
BRDA:361,46,0,0
BRDA:361,46,1,0
BRDA:365,47,0,0
BRDA:365,47,1,0
BRDA:367,48,0,0
BRDA:367,48,1,0
BRDA:397,49,0,0
BRDA:397,49,1,0
BRDA:400,50,0,0
BRDA:400,50,1,0
BRDA:400,51,0,0
BRDA:400,51,1,0
BRDA:405,52,0,0
BRDA:405,52,1,0
BRDA:408,53,0,0
BRDA:408,53,1,0
BRDA:408,54,0,0
BRDA:408,54,1,0
BRDA:410,55,0,0
BRDA:410,55,1,0
BRDA:410,56,0,0
BRDA:410,56,1,0
BRDA:413,57,0,0
BRDA:413,57,1,0
BRDA:414,58,0,0
BRDA:414,58,1,0
BRDA:414,58,2,0
BRDA:424,59,0,0
BRDA:424,59,1,0
BRDA:424,60,0,0
BRDA:424,60,1,0
BRDA:428,61,0,0
BRDA:428,61,1,0
BRDA:448,62,0,0
BRDA:448,62,1,0
BRDA:457,63,0,0
BRDA:457,63,1,0
BRDA:462,64,0,0
BRDA:462,64,1,0
BRDA:466,65,0,0
BRDA:466,65,1,0
BRDA:474,66,0,0
BRDA:474,66,1,0
BRDA:475,67,0,0
BRDA:475,67,1,0
BRDA:486,68,0,0
BRDA:486,68,1,0
BRDA:487,69,0,0
BRDA:487,69,1,0
BRDA:488,70,0,0
BRDA:488,70,1,0
BRDA:488,70,2,0
BRDA:488,70,3,0
BRDA:488,70,4,0
BRDA:498,71,0,0
BRDA:498,71,1,0
BRDA:500,72,0,0
BRDA:500,72,1,0
BRDA:500,73,0,0
BRDA:500,73,1,0
BRDA:504,74,0,0
BRDA:504,74,1,0
BRDA:504,75,0,0
BRDA:504,75,1,0
BRDA:508,76,0,0
BRDA:508,76,1,0
BRDA:517,77,0,0
BRDA:517,77,1,0
BRDA:523,78,0,0
BRDA:523,78,1,0
BRDA:524,79,0,0
BRDA:524,79,1,0
BRDA:532,80,0,0
BRDA:532,80,1,0
BRDA:533,81,0,0
BRDA:533,81,1,0
BRDA:536,82,0,0
BRDA:536,82,1,0
BRDA:536,83,0,0
BRDA:536,83,1,0
BRDA:539,84,0,0
BRDA:539,84,1,0
BRDA:540,85,0,0
BRDA:540,85,1,0
BRDA:541,86,0,0
BRDA:541,86,1,0
BRDA:542,87,0,0
BRDA:542,87,1,0
BRDA:566,88,0,0
BRDA:572,89,0,0
BRDA:572,89,1,0
BRDA:577,90,0,0
BRDA:577,90,1,0
BRDA:582,91,0,0
BRDA:582,91,1,0
BRDA:582,92,0,0
BRDA:582,92,1,0
BRDA:587,93,0,0
BRDA:587,93,1,0
BRDA:587,94,0,0
BRDA:587,94,1,0
BRDA:587,94,2,0
BRDA:597,95,0,0
BRDA:597,95,1,0
BRDA:602,96,0,0
BRDA:602,96,1,0
BRDA:607,97,0,0
BRDA:607,97,1,0
BRDA:607,98,0,0
BRDA:607,98,1,0
BRDA:607,98,2,0
BRDA:618,99,0,0
BRDA:618,99,1,0
BRDA:637,100,0,0
BRDA:637,100,1,0
BRDA:641,101,0,0
BRDA:641,101,1,0
BRDA:654,102,0,0
BRDA:654,102,1,0
BRDA:657,103,0,0
BRDA:657,103,1,0
BRDA:660,104,0,0
BRDA:660,104,1,0
BRDA:669,105,0,0
BRDA:669,105,1,0
BRDA:695,106,0,0
BRDA:695,106,1,0
BRDA:696,107,0,0
BRDA:696,107,1,0
BRDA:697,108,0,0
BRDA:697,108,1,0
BRDA:698,109,0,0
BRDA:698,109,1,0
BRDA:699,110,0,0
BRDA:699,110,1,0
BRDA:702,111,0,0
BRDA:702,111,1,0
BRDA:715,112,0,0
BRDA:715,112,1,0
BRDA:720,113,0,0
BRDA:720,113,1,0
BRDA:721,114,0,0
BRDA:721,114,1,0
BRDA:722,115,0,0
BRDA:722,115,1,0
BRDA:735,116,0,0
BRDA:735,116,1,0
BRDA:735,117,0,0
BRDA:735,117,1,0
BRDA:737,118,0,0
BRDA:737,118,1,0
BRDA:739,119,0,0
BRDA:739,119,1,0
BRDA:740,120,0,0
BRDA:740,120,1,0
BRDA:746,121,0,0
BRDA:746,121,1,0
BRDA:748,122,0,0
BRDA:748,122,1,0
BRDA:749,123,0,0
BRDA:749,123,1,0
BRDA:750,124,0,0
BRDA:750,124,1,0
BRDA:763,125,0,0
BRDA:763,125,1,0
BRDA:767,126,0,0
BRDA:767,126,1,0
BRDA:767,127,0,0
BRDA:767,127,1,0
BRDA:774,128,0,0
BRDA:774,128,1,0
BRDA:775,129,0,0
BRDA:775,129,1,0
BRDA:784,130,0,0
BRDA:784,130,1,0
BRDA:790,131,0,0
BRDA:790,131,1,0
BRDA:798,132,0,0
BRDA:798,132,1,0
BRDA:803,133,0,0
BRDA:803,133,1,0
BRDA:807,134,0,0
BRDA:807,134,1,0
BRDA:807,135,0,0
BRDA:807,135,1,0
BRDA:814,136,0,0
BRDA:814,136,1,0
BRDA:831,137,0,0
BRDA:831,137,1,0
BRDA:841,138,0,0
BRDA:841,138,1,0
BRDA:842,139,0,0
BRDA:842,139,1,0
BRDA:843,140,0,0
BRDA:843,140,1,0
BRDA:850,141,0,0
BRDA:850,141,1,0
BRDA:851,142,0,0
BRDA:851,142,1,0
BRDA:851,143,0,0
BRDA:851,143,1,0
BRDA:853,144,0,0
BRDA:853,144,1,0
BRDA:54,145,0,1
BRDA:54,145,1,0
BRDA:54,146,0,1
BRDA:54,146,1,1
BRDA:54,147,0,1
BRDA:54,147,1,0
BRDA:54,148,0,1
BRDA:54,148,1,1
BRDA:55,149,0,1
BRDA:55,149,1,0
BRDA:55,150,0,1
BRDA:55,150,1,1
BRDA:56,151,0,1
BRDA:56,151,1,0
BRDA:56,152,0,1
BRDA:56,152,1,1
BRDA:57,153,0,1
BRDA:57,153,1,0
BRDA:57,154,0,1
BRDA:57,154,1,1
BRDA:58,155,0,1
BRDA:58,155,1,0
BRDA:58,156,0,1
BRDA:58,156,1,1
BRDA:59,157,0,1
BRDA:59,157,1,0
BRDA:59,158,0,1
BRDA:59,158,1,1
BRDA:60,159,0,1
BRDA:60,159,1,0
BRDA:60,160,0,1
BRDA:60,160,1,1
BRF:330
BRH:28
end_of_record
TN:
SF:src\game\engine\services\game-registry.service.ts
FN:18,(anonymous_11)
FN:25,(anonymous_12)
FN:29,(anonymous_13)
FN:33,(anonymous_14)
FN:37,(anonymous_15)
FN:54,(anonymous_16)
FN:65,(anonymous_17)
FN:71,(anonymous_18)
FN:89,(anonymous_19)
FN:107,(anonymous_20)
FN:127,(anonymous_21)
FN:164,(anonymous_22)
FN:173,(anonymous_23)
FNF:13
FNH:3
FNDA:10,(anonymous_11)
FNDA:30,(anonymous_12)
FNDA:10,(anonymous_13)
FNDA:0,(anonymous_14)
FNDA:0,(anonymous_15)
FNDA:0,(anonymous_16)
FNDA:0,(anonymous_17)
FNDA:0,(anonymous_18)
FNDA:0,(anonymous_19)
FNDA:0,(anonymous_20)
FNDA:0,(anonymous_21)
FNDA:0,(anonymous_22)
FNDA:0,(anonymous_23)
DA:1,11
DA:2,11
DA:3,11
DA:10,11
DA:11,10
DA:13,10
DA:14,10
DA:15,10
DA:16,10
DA:19,10
DA:20,10
DA:21,10
DA:25,30
DA:27,10
DA:29,10
DA:34,0
DA:38,0
DA:39,0
DA:42,0
DA:44,0
DA:45,0
DA:46,0
DA:50,0
DA:51,0
DA:55,0
DA:57,0
DA:60,0
DA:61,0
DA:64,0
DA:65,0
DA:66,0
DA:67,0
DA:68,0
DA:72,0
DA:73,0
DA:74,0
DA:76,0
DA:90,0
DA:91,0
DA:92,0
DA:93,0
DA:96,0
DA:97,0
DA:98,0
DA:99,0
DA:100,0
DA:101,0
DA:104,0
DA:108,0
DA:109,0
DA:110,0
DA:111,0
DA:112,0
DA:115,0
DA:116,0
DA:117,0
DA:118,0
DA:119,0
DA:120,0
DA:124,0
DA:131,0
DA:132,0
DA:133,0
DA:134,0
DA:135,0
DA:136,0
DA:139,0
DA:142,0
DA:143,0
DA:144,0
DA:145,0
DA:147,0
DA:159,0
DA:160,0
DA:165,0
DA:166,0
DA:169,0
DA:174,0
LF:78
LH:15
BRDA:22,0,0,0
BRDA:22,0,1,10
BRDA:28,1,0,10
BRDA:28,1,1,0
BRDA:29,2,0,10
BRDA:29,2,1,10
BRDA:38,3,0,0
BRDA:38,3,1,0
BRDA:45,4,0,0
BRDA:45,4,1,0
BRDA:45,5,0,0
BRDA:45,5,1,0
BRDA:55,6,0,0
BRDA:55,6,1,0
BRDA:57,7,0,0
BRDA:57,7,1,0
BRDA:60,8,0,0
BRDA:60,8,1,0
BRDA:73,9,0,0
BRDA:73,9,1,0
BRDA:78,10,0,0
BRDA:78,10,1,0
BRDA:79,11,0,0
BRDA:79,11,1,0
BRDA:80,12,0,0
BRDA:80,12,1,0
BRDA:81,13,0,0
BRDA:81,13,1,0
BRDA:82,14,0,0
BRDA:82,14,1,0
BRDA:83,15,0,0
BRDA:83,15,1,0
BRDA:91,16,0,0
BRDA:91,16,1,0
BRDA:91,17,0,0
BRDA:91,17,1,0
BRDA:100,18,0,0
BRDA:100,18,1,0
BRDA:117,19,0,0
BRDA:117,19,1,0
BRDA:119,20,0,0
BRDA:119,20,1,0
BRDA:119,21,0,0
BRDA:119,21,1,0
BRDA:137,22,0,0
BRDA:137,22,1,0
BRDA:137,22,2,0
BRDA:140,23,0,0
BRDA:140,23,1,0
BRDA:140,23,2,0
BRDA:142,24,0,0
BRDA:142,24,1,0
BRDA:142,24,2,0
BRDA:143,25,0,0
BRDA:143,25,1,0
BRDA:149,26,0,0
BRDA:149,26,1,0
BRDA:149,27,0,0
BRDA:149,27,1,0
BRDA:151,28,0,0
BRDA:151,28,1,0
BRDA:152,29,0,0
BRDA:152,29,1,0
BRDA:152,29,2,0
BRDA:165,30,0,0
BRDA:165,30,1,0
BRF:66
BRH:4
end_of_record
TN:
SF:src\game\games\actions\vents-infinis\mission-nemesis\mission-nemesis.module.ts
FNF:0
FNH:0
DA:1,1
DA:2,1
DA:3,1
DA:4,1
DA:5,1
DA:6,1
DA:7,1
DA:8,1
DA:21,1
LF:9
LH:9
BRF:0
BRH:0
end_of_record
TN:
SF:src\game\games\actions\vents-infinis\mission-nemesis\mission-nemesis.service.ts
FN:25,(anonymous_11)
FN:33,(anonymous_12)
FN:37,(anonymous_13)
FN:41,(anonymous_14)
FN:49,(anonymous_15)
FN:56,(anonymous_16)
FN:64,(anonymous_17)
FNF:7
FNH:3
FNDA:1,(anonymous_11)
FNDA:0,(anonymous_12)
FNDA:1,(anonymous_13)
FNDA:0,(anonymous_14)
FNDA:0,(anonymous_15)
FNDA:0,(anonymous_16)
FNDA:1,(anonymous_17)
DA:1,1
DA:8,1
DA:9,1
DA:10,1
DA:11,1
DA:12,1
DA:13,1
DA:16,1
DA:17,1
DA:18,1
DA:19,1
DA:20,1
DA:21,1
DA:22,1
DA:23,1
DA:26,1
DA:27,1
DA:28,1
DA:29,1
DA:30,1
DA:34,0
DA:38,1
DA:45,0
DA:46,0
DA:53,0
DA:61,0
DA:65,1
LF:27
LH:22
BRDA:26,0,0,1
BRDA:26,0,1,0
BRDA:26,1,0,1
BRDA:26,1,1,1
BRDA:26,2,0,1
BRDA:26,2,1,0
BRDA:26,3,0,1
BRDA:26,3,1,1
BRDA:27,4,0,1
BRDA:27,4,1,0
BRDA:27,5,0,1
BRDA:27,5,1,1
BRDA:28,6,0,1
BRDA:28,6,1,0
BRDA:28,7,0,1
BRDA:28,7,1,1
BRDA:29,8,0,1
BRDA:29,8,1,0
BRDA:29,9,0,1
BRDA:29,9,1,1
BRF:20
BRH:15
end_of_record
TN:
SF:src\game\games\actions\vents-infinis\mission-nemesis\actions\mission-nemesis-action.service.ts
FN:7,(anonymous_1)
FNF:1
FNH:0
FNDA:0,(anonymous_1)
DA:1,1
DA:6,1
DA:11,0
LF:3
LH:2
BRF:0
BRH:0
end_of_record
TN:
SF:src\game\games\actions\vents-infinis\mission-nemesis\definitions\game.definition.ts
FNF:0
FNH:0
DA:2,0
DA:8,0
LF:2
LH:0
BRF:0
BRH:0
end_of_record
TN:
SF:src\game\games\actions\vents-infinis\mission-nemesis\definitions\rules.definition.ts
FNF:0
FNH:0
DA:2,0
DA:4,0
LF:2
LH:0
BRF:0
BRH:0
end_of_record
TN:
SF:src\game\games\actions\vents-infinis\mission-nemesis\definitions\victory.definition.ts
FNF:0
FNH:0
DA:1,0
LF:1
LH:0
BRF:0
BRH:0
end_of_record
TN:
SF:src\game\games\actions\vents-infinis\mission-nemesis\phases\mission-nemesis-phase.service.ts
FN:6,(anonymous_1)
FNF:1
FNH:0
FNDA:0,(anonymous_1)
DA:1,1
DA:5,1
DA:7,0
LF:3
LH:2
BRF:0
BRH:0
end_of_record
TN:
SF:src\game\games\actions\vents-infinis\mission-nemesis\presenter\mission-nemesis-presenter.service.ts
FN:8,(anonymous_1)
FNF:1
FNH:1
FNDA:1,(anonymous_1)
DA:1,1
DA:7,1
DA:9,1
DA:10,1
LF:4
LH:4
BRDA:9,0,0,1
BRDA:9,0,1,0
BRDA:14,1,0,1
BRDA:14,1,1,0
BRF:4
BRH:2
end_of_record
TN:
SF:src\game\games\actions\vents-infinis\mission-nemesis\rulebook\rulebook.ts
FN:4,getAvailableActions
FN:11,validateAction
FNF:2
FNH:0
FNDA:0,getAvailableActions
FNDA:0,validateAction
DA:4,1
DA:8,0
DA:11,1
DA:15,0
LF:4
LH:2
BRDA:15,0,0,0
BRDA:15,0,1,0
BRF:2
BRH:0
end_of_record
TN:
SF:src\game\games\actions\vents-infinis\mission-nemesis\setup\mission-nemesis-setup.service.ts
FN:7,(anonymous_1)
FNF:1
FNH:1
FNDA:1,(anonymous_1)
DA:1,1
DA:6,1
DA:8,1
DA:14,1
LF:4
LH:4
BRDA:9,0,0,1
BRDA:9,0,1,1
BRDA:16,1,0,1
BRDA:16,1,1,1
BRF:4
BRH:4
end_of_record
TN:
SF:src\game\games\jeux-de-cartes\vents-dansants\dame-nature\dame-nature.module.ts
FNF:0
FNH:0
DA:1,2
DA:2,2
DA:3,2
DA:4,2
DA:5,2
DA:6,2
DA:7,2
DA:8,2
DA:9,2
DA:10,2
DA:11,2
DA:12,2
DA:13,2
DA:14,2
DA:15,2
DA:16,2
DA:17,2
DA:18,2
DA:53,2
LF:19
LH:19
BRF:0
BRH:0
end_of_record
TN:
SF:src\game\games\jeux-de-cartes\vents-dansants\dame-nature\dame-nature.service.ts
FN:90,(anonymous_11)
FN:106,(anonymous_12)
FN:121,(anonymous_13)
FN:125,(anonymous_14)
FN:161,(anonymous_15)
FN:165,(anonymous_16)
FN:178,(anonymous_17)
FN:184,(anonymous_18)
FN:209,(anonymous_19)
FN:358,(anonymous_20)
FN:365,(anonymous_21)
FN:375,(anonymous_22)
FN:387,(anonymous_23)
FN:399,(anonymous_24)
FN:408,(anonymous_25)
FN:430,(anonymous_26)
FN:438,(anonymous_27)
FN:441,(anonymous_28)
FN:443,(anonymous_29)
FN:469,(anonymous_30)
FN:489,(anonymous_31)
FN:492,(anonymous_32)
FN:553,(anonymous_33)
FN:555,(anonymous_34)
FN:568,(anonymous_35)
FN:596,(anonymous_36)
FN:664,(anonymous_37)
FN:665,(anonymous_38)
FN:687,(anonymous_39)
FN:699,(anonymous_40)
FN:713,(anonymous_41)
FN:746,(anonymous_42)
FN:762,(anonymous_43)
FN:802,(anonymous_44)
FN:807,(anonymous_45)
FN:811,(anonymous_46)
FN:819,(anonymous_47)
FN:842,(anonymous_48)
FN:846,(anonymous_49)
FN:885,(anonymous_50)
FN:890,(anonymous_51)
FN:904,(anonymous_52)
FN:905,(anonymous_53)
FN:918,(anonymous_54)
FN:937,(anonymous_55)
FN:943,(anonymous_56)
FN:950,(anonymous_57)
FN:953,(anonymous_58)
FN:994,(anonymous_59)
FN:1006,(anonymous_60)
FN:1019,(anonymous_61)
FN:1022,(anonymous_62)
FN:1067,(anonymous_63)
FN:1069,(anonymous_64)
FN:1073,(anonymous_65)
FN:1083,(anonymous_66)
FN:1087,(anonymous_67)
FN:1094,(anonymous_68)
FN:1106,(anonymous_69)
FN:1132,(anonymous_70)
FNF:60
FNH:47
FNDA:2,(anonymous_11)
FNDA:69,(anonymous_12)
FNDA:0,(anonymous_13)
FNDA:14,(anonymous_14)
FNDA:28,(anonymous_15)
FNDA:14,(anonymous_16)
FNDA:35,(anonymous_17)
FNDA:35,(anonymous_18)
FNDA:35,(anonymous_19)
FNDA:0,(anonymous_20)
FNDA:27,(anonymous_21)
FNDA:0,(anonymous_22)
FNDA:0,(anonymous_23)
FNDA:6,(anonymous_24)
FNDA:7,(anonymous_25)
FNDA:4,(anonymous_26)
FNDA:5,(anonymous_27)
FNDA:4,(anonymous_28)
FNDA:18,(anonymous_29)
FNDA:4,(anonymous_30)
FNDA:4,(anonymous_31)
FNDA:8,(anonymous_32)
FNDA:2,(anonymous_33)
FNDA:2,(anonymous_34)
FNDA:2,(anonymous_35)
FNDA:2,(anonymous_36)
FNDA:1,(anonymous_37)
FNDA:1,(anonymous_38)
FNDA:9,(anonymous_39)
FNDA:11,(anonymous_40)
FNDA:5,(anonymous_41)
FNDA:7,(anonymous_42)
FNDA:35,(anonymous_43)
FNDA:62,(anonymous_44)
FNDA:136,(anonymous_45)
FNDA:29,(anonymous_46)
FNDA:12,(anonymous_47)
FNDA:35,(anonymous_48)
FNDA:35,(anonymous_49)
FNDA:35,(anonymous_50)
FNDA:1,(anonymous_51)
FNDA:1,(anonymous_52)
FNDA:2,(anonymous_53)
FNDA:1,(anonymous_54)
FNDA:0,(anonymous_55)
FNDA:0,(anonymous_56)
FNDA:0,(anonymous_57)
FNDA:0,(anonymous_58)
FNDA:0,(anonymous_59)
FNDA:0,(anonymous_60)
FNDA:0,(anonymous_61)
FNDA:0,(anonymous_62)
FNDA:50,(anonymous_63)
FNDA:58,(anonymous_64)
FNDA:10,(anonymous_65)
FNDA:1,(anonymous_66)
FNDA:4,(anonymous_67)
FNDA:4,(anonymous_68)
FNDA:8,(anonymous_69)
FNDA:0,(anonymous_70)
DA:1,2
DA:2,2
DA:12,2
DA:14,2
DA:15,2
DA:16,2
DA:20,2
DA:24,2
DA:25,2
DA:26,2
DA:27,2
DA:28,2
DA:29,2
DA:31,2
DA:32,2
DA:33,2
DA:34,2
DA:35,2
DA:36,2
DA:79,2
DA:80,2
DA:81,2
DA:82,2
DA:83,2
DA:84,2
DA:85,2
DA:86,2
DA:88,2
DA:91,2
DA:92,2
DA:93,2
DA:94,2
DA:95,2
DA:96,2
DA:97,2
DA:98,2
DA:99,2
DA:100,2
DA:101,2
DA:102,2
DA:103,2
DA:111,69
DA:112,69
DA:122,0
DA:127,14
DA:128,14
DA:134,14
DA:138,14
DA:139,14
DA:157,14
DA:161,28
DA:163,14
DA:164,14
DA:165,14
DA:167,14
DA:175,14
DA:182,35
DA:183,35
DA:184,35
DA:185,35
DA:187,35
DA:189,35
DA:193,0
DA:194,0
DA:195,0
DA:204,35
DA:206,35
DA:213,35
DA:215,35
DA:217,35
DA:218,35
DA:220,35
DA:225,1
DA:227,35
DA:228,35
DA:229,35
DA:230,35
DA:231,35
DA:233,35
DA:237,35
DA:238,35
DA:240,35
DA:241,35
DA:242,0
DA:249,0
DA:251,35
DA:252,20
DA:259,20
DA:261,15
DA:266,0
DA:273,0
DA:275,15
DA:276,15
DA:278,0
DA:284,0
DA:288,15
DA:290,6
DA:296,6
DA:297,6
DA:299,4
DA:300,4
DA:302,4
DA:308,4
DA:309,4
DA:311,0
DA:317,0
DA:318,0
DA:320,0
DA:321,0
DA:326,0
DA:329,1
DA:330,1
DA:336,1
DA:341,1
DA:344,0
DA:350,0
DA:351,0
DA:353,0
DA:355,15
DA:362,0
DA:369,27
DA:380,0
DA:392,0
DA:404,6
DA:405,6
DA:406,6
DA:408,7
DA:409,6
DA:411,0
DA:412,0
DA:414,6
DA:415,6
DA:416,6
DA:421,6
DA:422,6
DA:424,6
DA:425,1
DA:427,5
DA:435,4
DA:436,4
DA:438,5
DA:439,4
DA:440,4
DA:441,4
DA:442,4
DA:443,18
DA:444,4
DA:446,4
DA:447,4
DA:448,4
DA:449,4
DA:450,4
DA:456,4
DA:461,4
DA:462,4
DA:466,4
DA:474,4
DA:475,4
DA:477,4
DA:481,4
DA:486,4
DA:487,4
DA:489,4
DA:491,4
DA:492,8
DA:494,4
DA:496,0
DA:509,4
DA:510,4
DA:511,0
DA:514,4
DA:515,4
DA:516,1
DA:528,3
DA:529,1
DA:541,2
DA:542,0
DA:552,2
DA:553,2
DA:555,2
DA:556,2
DA:557,0
DA:567,2
DA:568,2
DA:570,2
DA:571,0
DA:583,2
DA:588,2
DA:596,2
DA:597,2
DA:598,1
DA:611,1
DA:612,0
DA:613,0
DA:617,0
DA:625,0
DA:630,0
DA:639,0
DA:642,1
DA:647,1
DA:659,1
DA:664,1
DA:665,1
DA:666,1
DA:667,1
DA:670,1
DA:674,1
DA:684,1
DA:688,9
DA:689,9
DA:691,9
DA:692,9
DA:694,0
DA:696,9
DA:698,9
DA:699,11
DA:701,9
DA:702,9
DA:703,9
DA:704,5
DA:707,4
DA:708,0
DA:712,4
DA:713,5
DA:715,4
DA:720,4
DA:740,4
DA:746,7
DA:747,4
DA:748,4
DA:758,4
DA:759,4
DA:763,35
DA:765,35
DA:766,35
DA:767,35
DA:803,62
DA:804,62
DA:808,136
DA:812,29
DA:813,29
DA:814,29
DA:816,0
DA:830,12
DA:831,12
DA:832,12
DA:833,12
DA:843,35
DA:847,35
DA:848,0
DA:849,0
DA:850,0
DA:851,0
DA:876,0
DA:882,0
DA:886,35
DA:887,35
DA:896,1
DA:897,1
DA:898,1
DA:899,1
DA:900,0
DA:902,1
DA:903,1
DA:904,1
DA:905,2
DA:906,1
DA:907,0
DA:908,0
DA:910,1
DA:911,1
DA:912,1
DA:913,1
DA:917,1
DA:918,1
DA:919,1
DA:926,1
DA:935,1
DA:937,0
DA:938,0
DA:942,0
DA:943,0
DA:944,0
DA:945,0
DA:946,0
DA:948,0
DA:949,0
DA:950,0
DA:952,0
DA:953,0
DA:954,0
DA:955,0
DA:956,0
DA:957,0
DA:963,0
DA:967,0
DA:968,0
DA:969,0
DA:970,0
DA:978,0
DA:985,0
DA:990,0
DA:994,0
DA:995,0
DA:1003,0
DA:1012,0
DA:1013,0
DA:1014,0
DA:1015,0
DA:1016,0
DA:1018,0
DA:1019,0
DA:1021,0
DA:1022,0
DA:1023,0
DA:1025,0
DA:1026,0
DA:1027,0
DA:1033,0
DA:1034,0
DA:1040,0
DA:1045,0
DA:1051,0
DA:1056,0
DA:1064,0
DA:1068,50
DA:1069,58
DA:1070,50
DA:1078,10
DA:1079,10
DA:1080,10
DA:1084,1
DA:1091,4
DA:1096,4
DA:1097,4
DA:1098,4
DA:1099,4
DA:1103,4
DA:1107,8
DA:1108,8
DA:1109,8
DA:1110,8
DA:1113,0
DA:1114,0
DA:1119,0
DA:1126,0
DA:1129,0
DA:1139,0
LF:348
LH:247
BRDA:111,0,0,69
BRDA:111,0,1,0
BRDA:113,1,0,69
BRDA:113,1,1,69
BRDA:114,2,0,69
BRDA:114,2,1,0
BRDA:115,3,0,69
BRDA:115,3,1,0
BRDA:116,4,0,69
BRDA:116,4,1,0
BRDA:129,5,0,14
BRDA:129,5,1,14
BRDA:131,6,0,0
BRDA:131,6,1,14
BRDA:131,7,0,14
BRDA:131,7,1,0
BRDA:138,8,0,14
BRDA:138,8,1,0
BRDA:142,9,0,14
BRDA:142,9,1,0
BRDA:147,10,0,14
BRDA:147,10,1,0
BRDA:150,11,0,14
BRDA:150,11,1,14
BRDA:152,12,0,14
BRDA:152,12,1,0
BRDA:163,13,0,14
BRDA:163,13,1,0
BRDA:169,14,0,14
BRDA:169,14,1,0
BRDA:171,15,0,14
BRDA:171,15,1,0
BRDA:172,16,0,14
BRDA:172,16,1,0
BRDA:189,17,0,0
BRDA:189,17,1,35
BRDA:190,18,0,35
BRDA:190,18,1,35
BRDA:194,19,0,0
BRDA:194,19,1,0
BRDA:196,20,0,0
BRDA:196,20,1,0
BRDA:197,21,0,0
BRDA:197,21,1,0
BRDA:213,22,0,0
BRDA:213,22,1,35
BRDA:220,23,0,1
BRDA:220,23,1,34
BRDA:221,24,0,35
BRDA:221,24,1,35
BRDA:221,24,2,1
BRDA:227,25,0,35
BRDA:227,25,1,0
BRDA:233,26,0,35
BRDA:233,26,1,35
BRDA:233,26,2,35
BRDA:237,27,0,35
BRDA:237,27,1,1
BRDA:237,27,2,1
BRDA:240,28,0,35
BRDA:240,28,1,20
BRDA:240,28,2,0
BRDA:241,29,0,0
BRDA:241,29,1,35
BRDA:241,30,0,35
BRDA:241,30,1,1
BRDA:241,31,0,1
BRDA:241,31,1,1
BRDA:251,32,0,20
BRDA:251,32,1,15
BRDA:251,33,0,35
BRDA:251,33,1,20
BRDA:251,33,2,20
BRDA:261,34,0,0
BRDA:261,34,1,15
BRDA:262,35,0,15
BRDA:262,35,1,1
BRDA:262,35,2,0
BRDA:264,36,0,0
BRDA:264,36,1,0
BRDA:276,37,0,0
BRDA:276,37,1,15
BRDA:276,38,0,15
BRDA:276,38,1,0
BRDA:288,39,0,6
BRDA:288,39,1,4
BRDA:288,39,2,4
BRDA:288,39,3,0
BRDA:288,39,4,0
BRDA:288,39,5,1
BRDA:288,39,6,0
BRDA:288,39,7,0
BRDA:294,40,0,6
BRDA:294,40,1,0
BRDA:306,41,0,4
BRDA:306,41,1,0
BRDA:315,42,0,0
BRDA:315,42,1,0
BRDA:320,43,0,0
BRDA:320,43,1,0
BRDA:329,44,0,1
BRDA:329,44,1,0
BRDA:334,45,0,1
BRDA:334,45,1,0
BRDA:348,46,0,0
BRDA:348,46,1,0
BRDA:404,47,0,6
BRDA:404,47,1,0
BRDA:406,48,0,6
BRDA:406,48,1,0
BRDA:408,49,0,6
BRDA:408,49,1,0
BRDA:409,50,0,0
BRDA:409,50,1,6
BRDA:417,51,0,6
BRDA:417,51,1,6
BRDA:419,52,0,6
BRDA:419,52,1,0
BRDA:421,53,0,6
BRDA:421,53,1,0
BRDA:424,54,0,1
BRDA:424,54,1,5
BRDA:436,55,0,4
BRDA:436,55,1,0
BRDA:438,56,0,4
BRDA:438,56,1,0
BRDA:440,57,0,0
BRDA:440,57,1,4
BRDA:440,58,0,4
BRDA:440,58,1,4
BRDA:442,59,0,0
BRDA:442,59,1,4
BRDA:446,60,0,4
BRDA:446,60,1,0
BRDA:464,61,0,4
BRDA:464,61,1,1
BRDA:477,62,0,4
BRDA:477,62,1,0
BRDA:477,62,2,0
BRDA:481,63,0,4
BRDA:481,63,1,1
BRDA:481,63,2,1
BRDA:481,63,3,1
BRDA:481,63,4,1
BRDA:487,64,0,4
BRDA:487,64,1,0
BRDA:489,65,0,4
BRDA:489,65,1,0
BRDA:491,66,0,4
BRDA:491,66,1,0
BRDA:494,67,0,0
BRDA:494,67,1,4
BRDA:494,68,0,4
BRDA:494,68,1,4
BRDA:494,68,2,4
BRDA:502,69,0,0
BRDA:502,69,1,0
BRDA:502,69,2,0
BRDA:509,70,0,4
BRDA:509,70,1,0
BRDA:510,71,0,0
BRDA:510,71,1,4
BRDA:515,72,0,1
BRDA:515,72,1,3
BRDA:522,73,0,1
BRDA:522,73,1,1
BRDA:522,73,2,0
BRDA:528,74,0,1
BRDA:528,74,1,2
BRDA:535,75,0,1
BRDA:535,75,1,1
BRDA:535,75,2,0
BRDA:541,76,0,0
BRDA:541,76,1,2
BRDA:545,77,0,0
BRDA:545,77,1,0
BRDA:545,77,2,0
BRDA:555,78,0,2
BRDA:555,78,1,0
BRDA:556,79,0,0
BRDA:556,79,1,2
BRDA:560,80,0,0
BRDA:560,80,1,0
BRDA:560,80,2,0
BRDA:567,81,0,2
BRDA:567,81,1,0
BRDA:568,82,0,2
BRDA:568,82,1,0
BRDA:570,83,0,0
BRDA:570,83,1,2
BRDA:570,84,0,2
BRDA:570,84,1,2
BRDA:577,85,0,0
BRDA:577,85,1,0
BRDA:577,85,2,0
BRDA:592,86,0,2
BRDA:592,86,1,0
BRDA:592,87,0,0
BRDA:592,87,1,0
BRDA:594,88,0,2
BRDA:594,88,1,0
BRDA:597,89,0,1
BRDA:597,89,1,1
BRDA:604,90,0,1
BRDA:604,90,1,1
BRDA:604,90,2,0
BRDA:611,91,0,0
BRDA:611,91,1,1
BRDA:626,92,0,0
BRDA:626,92,1,0
BRDA:626,92,2,0
BRDA:636,93,0,0
BRDA:636,93,1,0
BRDA:660,94,0,1
BRDA:660,94,1,1
BRDA:660,94,2,0
BRDA:665,95,0,1
BRDA:665,95,1,0
BRDA:667,96,0,1
BRDA:667,96,1,0
BRDA:680,97,0,1
BRDA:680,97,1,0
BRDA:689,98,0,0
BRDA:689,98,1,9
BRDA:691,99,0,9
BRDA:691,99,1,0
BRDA:692,100,0,0
BRDA:692,100,1,9
BRDA:692,101,0,9
BRDA:692,101,1,9
BRDA:696,102,0,9
BRDA:696,102,1,0
BRDA:698,103,0,9
BRDA:698,103,1,0
BRDA:701,104,0,9
BRDA:701,104,1,0
BRDA:703,105,0,5
BRDA:703,105,1,4
BRDA:703,106,0,9
BRDA:703,106,1,9
BRDA:707,107,0,0
BRDA:707,107,1,4
BRDA:707,108,0,4
BRDA:707,108,1,0
BRDA:712,109,0,4
BRDA:712,109,1,0
BRDA:717,110,0,4
BRDA:717,110,1,0
BRDA:730,111,0,4
BRDA:730,111,1,0
BRDA:747,112,0,4
BRDA:747,112,1,0
BRDA:765,113,0,35
BRDA:765,113,1,0
BRDA:766,114,0,35
BRDA:766,114,1,0
BRDA:774,115,0,35
BRDA:774,115,1,0
BRDA:774,115,2,0
BRDA:776,116,0,35
BRDA:776,116,1,0
BRDA:777,117,0,35
BRDA:777,117,1,0
BRDA:778,118,0,35
BRDA:778,118,1,0
BRDA:779,119,0,35
BRDA:779,119,1,0
BRDA:781,120,0,35
BRDA:781,120,1,0
BRDA:783,121,0,0
BRDA:783,121,1,0
BRDA:791,122,0,35
BRDA:791,122,1,8
BRDA:792,123,0,35
BRDA:792,123,1,35
BRDA:793,124,0,35
BRDA:793,124,1,35
BRDA:794,125,0,35
BRDA:794,125,1,15
BRDA:813,126,0,29
BRDA:813,126,1,0
BRDA:813,127,0,29
BRDA:813,127,1,29
BRDA:814,128,0,29
BRDA:814,128,1,0
BRDA:830,129,0,12
BRDA:830,129,1,0
BRDA:847,130,0,35
BRDA:847,130,1,0
BRDA:848,131,0,0
BRDA:848,131,1,0
BRDA:848,132,0,0
BRDA:848,132,1,0
BRDA:850,133,0,0
BRDA:850,133,1,0
BRDA:855,134,0,0
BRDA:855,134,1,0
BRDA:857,135,0,0
BRDA:857,135,1,0
BRDA:861,136,0,0
BRDA:861,136,1,0
BRDA:863,137,0,0
BRDA:863,137,1,0
BRDA:863,138,0,0
BRDA:863,138,1,0
BRDA:866,139,0,0
BRDA:866,139,1,0
BRDA:878,140,0,0
BRDA:878,140,1,0
BRDA:880,141,0,0
BRDA:880,141,1,0
BRDA:887,142,0,0
BRDA:887,142,1,35
BRDA:896,143,0,1
BRDA:896,143,1,0
BRDA:898,144,0,0
BRDA:898,144,1,1
BRDA:899,145,0,0
BRDA:899,145,1,1
BRDA:899,146,0,1
BRDA:899,146,1,1
BRDA:906,147,0,0
BRDA:906,147,1,1
BRDA:906,148,0,1
BRDA:906,148,1,1
BRDA:911,149,0,1
BRDA:911,149,1,0
BRDA:912,150,0,1
BRDA:912,150,1,0
BRDA:924,151,0,1
BRDA:924,151,1,0
BRDA:932,152,0,1
BRDA:932,152,1,0
BRDA:938,153,0,0
BRDA:938,153,1,0
BRDA:942,154,0,0
BRDA:942,154,1,0
BRDA:948,155,0,0
BRDA:948,155,1,0
BRDA:952,156,0,0
BRDA:952,156,1,0
BRDA:969,157,0,0
BRDA:969,157,1,0
BRDA:991,158,0,0
BRDA:991,158,1,0
BRDA:1000,159,0,0
BRDA:1000,159,1,0
BRDA:1012,160,0,0
BRDA:1012,160,1,0
BRDA:1014,161,0,0
BRDA:1014,161,1,0
BRDA:1015,162,0,0
BRDA:1015,162,1,0
BRDA:1015,163,0,0
BRDA:1015,163,1,0
BRDA:1021,164,0,0
BRDA:1021,164,1,0
BRDA:1023,165,0,0
BRDA:1023,165,1,0
BRDA:1024,166,0,0
BRDA:1024,166,1,0
BRDA:1033,167,0,0
BRDA:1033,167,1,0
BRDA:1036,168,0,0
BRDA:1036,168,1,0
BRDA:1042,169,0,0
BRDA:1042,169,1,0
BRDA:1042,170,0,0
BRDA:1042,170,1,0
BRDA:1042,170,2,0
BRDA:1047,171,0,0
BRDA:1047,171,1,0
BRDA:1053,172,0,0
BRDA:1053,172,1,0
BRDA:1053,173,0,0
BRDA:1053,173,1,0
BRDA:1053,173,2,0
BRDA:1062,174,0,0
BRDA:1062,174,1,0
BRDA:1070,175,0,50
BRDA:1070,175,1,0
BRDA:1078,176,0,10
BRDA:1078,176,1,0
BRDA:1096,177,0,4
BRDA:1096,177,1,0
BRDA:1097,178,0,4
BRDA:1097,178,1,0
BRDA:1107,179,0,0
BRDA:1107,179,1,8
BRDA:1107,180,0,8
BRDA:1107,180,1,0
BRDA:1109,181,0,8
BRDA:1109,181,1,0
BRDA:1109,182,0,8
BRDA:1109,182,1,0
BRDA:1113,183,0,0
BRDA:1113,183,1,0
BRDA:1117,184,0,0
BRDA:1117,184,1,0
BRDA:1126,185,0,0
BRDA:1126,185,1,0
BRDA:1136,186,0,0
BRDA:91,187,0,2
BRDA:91,187,1,0
BRDA:91,188,0,2
BRDA:91,188,1,2
BRDA:91,189,0,2
BRDA:91,189,1,0
BRDA:91,190,0,2
BRDA:91,190,1,2
BRDA:92,191,0,2
BRDA:92,191,1,0
BRDA:92,192,0,2
BRDA:92,192,1,2
BRDA:93,193,0,2
BRDA:93,193,1,0
BRDA:93,194,0,2
BRDA:93,194,1,2
BRDA:94,195,0,2
BRDA:94,195,1,0
BRDA:94,196,0,2
BRDA:94,196,1,2
BRDA:95,197,0,2
BRDA:95,197,1,0
BRDA:95,198,0,2
BRDA:95,198,1,2
BRDA:96,199,0,2
BRDA:96,199,1,0
BRDA:96,200,0,2
BRDA:96,200,1,2
BRDA:97,201,0,2
BRDA:97,201,1,0
BRDA:97,202,0,2
BRDA:97,202,1,2
BRDA:98,203,0,2
BRDA:98,203,1,0
BRDA:98,204,0,2
BRDA:98,204,1,2
BRDA:99,205,0,2
BRDA:99,205,1,0
BRDA:99,206,0,2
BRDA:99,206,1,2
BRDA:100,207,0,2
BRDA:100,207,1,0
BRDA:100,208,0,2
BRDA:100,208,1,2
BRDA:101,209,0,2
BRDA:101,209,1,0
BRDA:101,210,0,2
BRDA:101,210,1,2
BRDA:102,211,0,2
BRDA:102,211,1,0
BRDA:102,212,0,2
BRDA:102,212,1,2
BRF:454
BRH:223
end_of_record
TN:
SF:src\game\games\jeux-de-cartes\vents-dansants\dame-nature\actions\dame-nature-action.service.ts
FN:16,(anonymous_2)
FN:24,(anonymous_3)
FN:39,(anonymous_4)
FN:204,(anonymous_5)
FN:218,(anonymous_6)
FN:250,(anonymous_7)
FN:274,(anonymous_8)
FN:278,(anonymous_9)
FN:313,(anonymous_10)
FN:355,(anonymous_11)
FNF:10
FNH:7
FNDA:2,(anonymous_2)
FNDA:14,(anonymous_3)
FNDA:6,(anonymous_4)
FNDA:1,(anonymous_5)
FNDA:5,(anonymous_6)
FNDA:0,(anonymous_7)
FNDA:0,(anonymous_8)
FNDA:0,(anonymous_9)
FNDA:2,(anonymous_10)
FNDA:1,(anonymous_11)
DA:1,2
DA:3,2
DA:4,2
DA:9,2
DA:10,2
DA:11,2
DA:12,2
DA:15,2
DA:17,2
DA:18,2
DA:19,2
DA:20,2
DA:21,2
DA:29,14
DA:30,14
DA:51,6
DA:52,0
DA:61,6
DA:62,6
DA:72,6
DA:73,0
DA:77,0
DA:82,0
DA:89,0
DA:91,6
DA:92,2
DA:96,2
DA:102,2
DA:103,2
DA:113,2
DA:115,4
DA:117,1
DA:118,0
DA:119,0
DA:125,0
DA:135,0
DA:137,1
DA:138,1
DA:149,1
DA:153,1
DA:161,1
DA:163,3
DA:164,3
DA:165,3
DA:170,3
DA:174,3
DA:175,3
DA:176,3
DA:177,1
DA:185,1
DA:191,3
DA:201,3
DA:215,1
DA:229,5
DA:230,5
DA:231,5
DA:232,5
DA:233,5
DA:234,5
DA:235,5
DA:236,5
DA:237,5
DA:238,5
DA:240,5
DA:241,5
DA:242,3
DA:247,5
DA:259,0
DA:260,0
DA:261,0
DA:272,0
DA:274,0
DA:275,0
DA:277,0
DA:278,0
DA:279,0
DA:280,0
DA:281,0
DA:282,0
DA:283,0
DA:287,0
DA:288,0
DA:289,0
DA:290,0
DA:298,0
DA:304,0
DA:306,0
DA:310,0
DA:320,2
DA:322,2
DA:323,2
DA:324,2
DA:325,2
DA:326,2
DA:330,2
DA:341,2
DA:342,0
DA:347,0
DA:352,2
DA:360,1
DA:361,1
DA:362,1
LF:102
LH:70
BRDA:29,0,0,14
BRDA:29,0,1,0
BRDA:31,1,0,14
BRDA:31,1,1,14
BRDA:32,2,0,14
BRDA:32,2,1,0
BRDA:33,3,0,14
BRDA:33,3,1,0
BRDA:34,4,0,14
BRDA:34,4,1,0
BRDA:51,5,0,0
BRDA:51,5,1,6
BRDA:51,6,0,6
BRDA:51,6,1,0
BRDA:72,7,0,0
BRDA:72,7,1,6
BRDA:91,8,0,2
BRDA:91,8,1,4
BRDA:100,9,0,2
BRDA:100,9,1,0
BRDA:110,10,0,2
BRDA:110,10,1,0
BRDA:115,11,0,1
BRDA:115,11,1,3
BRDA:117,12,0,0
BRDA:117,12,1,1
BRDA:122,13,0,0
BRDA:122,13,1,0
BRDA:123,14,0,0
BRDA:123,14,1,0
BRDA:131,15,0,0
BRDA:131,15,1,0
BRDA:144,16,0,1
BRDA:144,16,1,0
BRDA:145,17,0,1
BRDA:145,17,1,0
BRDA:159,18,0,1
BRDA:159,18,1,0
BRDA:176,19,0,1
BRDA:176,19,1,2
BRDA:232,20,0,10
BRDA:232,20,1,0
BRDA:235,21,0,0
BRDA:235,21,1,5
BRDA:241,22,0,3
BRDA:241,22,1,2
BRDA:260,23,0,0
BRDA:260,23,1,0
BRDA:260,24,0,0
BRDA:260,24,1,0
BRDA:260,24,2,0
BRDA:267,25,0,0
BRDA:267,25,1,0
BRDA:275,26,0,0
BRDA:275,26,1,0
BRDA:277,27,0,0
BRDA:277,27,1,0
BRDA:289,28,0,0
BRDA:289,28,1,0
BRDA:317,29,0,0
BRDA:320,30,0,2
BRDA:320,30,1,0
BRDA:324,31,0,2
BRDA:324,31,1,0
BRDA:324,32,0,2
BRDA:324,32,1,2
BRDA:325,33,0,2
BRDA:325,33,1,0
BRDA:341,34,0,0
BRDA:341,34,1,2
BRDA:360,35,0,1
BRDA:360,35,1,0
BRDA:17,36,0,2
BRDA:17,36,1,0
BRDA:17,37,0,2
BRDA:17,37,1,2
BRDA:17,38,0,2
BRDA:17,38,1,0
BRDA:17,39,0,2
BRDA:17,39,1,2
BRDA:18,40,0,2
BRDA:18,40,1,0
BRDA:18,41,0,2
BRDA:18,41,1,2
BRDA:19,42,0,2
BRDA:19,42,1,0
BRDA:19,43,0,2
BRDA:19,43,1,2
BRDA:20,44,0,2
BRDA:20,44,1,0
BRDA:20,45,0,2
BRDA:20,45,1,2
BRF:92
BRH:47
end_of_record
TN:
SF:src\game\games\jeux-de-cartes\vents-dansants\dame-nature\actions\dame-nature-books.service.ts
FN:8,(anonymous_2)
FN:10,(anonymous_3)
FN:23,(anonymous_4)
FN:24,(anonymous_5)
FN:25,(anonymous_6)
FN:35,(anonymous_7)
FNF:6
FNH:6
FNDA:2,(anonymous_2)
FNDA:3,(anonymous_3)
FNDA:237,(anonymous_4)
FNDA:66,(anonymous_5)
FNDA:315,(anonymous_6)
FNDA:5,(anonymous_7)
DA:1,2
DA:3,2
DA:7,2
DA:8,2
DA:20,3
DA:21,3
DA:22,3
DA:23,237
DA:24,60
DA:25,315
DA:27,60
DA:28,1
DA:31,3
DA:32,2
DA:34,1
DA:35,5
DA:36,1
DA:37,1
LF:18
LH:18
BRDA:27,0,0,1
BRDA:27,0,1,59
BRDA:27,1,0,60
BRDA:27,1,1,1
BRDA:31,2,0,2
BRDA:31,2,1,1
BRDA:8,3,0,2
BRDA:8,3,1,0
BRDA:8,4,0,2
BRDA:8,4,1,2
BRF:10
BRH:9
end_of_record
TN:
SF:src\game\games\jeux-de-cartes\vents-dansants\dame-nature\actions\dame-nature-pollution.service.ts
FN:11,(anonymous_1)
FN:15,(anonymous_2)
FN:35,(anonymous_3)
FNF:3
FNH:3
FNDA:8,(anonymous_1)
FNDA:2,(anonymous_2)
FNDA:2,(anonymous_3)
DA:1,2
DA:10,2
DA:12,8
DA:25,2
DA:26,2
DA:27,2
DA:28,2
DA:32,2
DA:33,2
DA:34,2
DA:35,2
DA:37,2
LF:12
LH:12
BRDA:12,0,0,8
BRDA:12,0,1,5
BRDA:12,1,0,8
BRDA:12,1,1,0
BRDA:18,2,0,0
BRDA:26,3,0,2
BRDA:26,3,1,2
BRDA:26,4,0,2
BRDA:26,4,1,0
BRDA:29,5,0,2
BRDA:29,5,1,0
BRDA:35,6,0,2
BRDA:35,6,1,0
BRF:13
BRH:8
end_of_record
TN:
SF:src\game\games\jeux-de-cartes\vents-dansants\dame-nature\bots\dame-nature-bot.service.ts
FN:13,(anonymous_2)
FN:18,(anonymous_3)
FN:27,(anonymous_4)
FN:28,(anonymous_5)
FN:33,(anonymous_6)
FN:35,(anonymous_7)
FN:73,(anonymous_8)
FN:80,(anonymous_9)
FN:81,(anonymous_10)
FN:82,(anonymous_11)
FN:86,(anonymous_12)
FN:91,(anonymous_13)
FN:94,(anonymous_14)
FN:97,(anonymous_15)
FN:98,(anonymous_16)
FN:102,(anonymous_17)
FN:103,(anonymous_18)
FN:106,(anonymous_19)
FN:118,(anonymous_20)
FN:184,(anonymous_21)
FN:189,(anonymous_22)
FNF:21
FNH:18
FNDA:2,(anonymous_2)
FNDA:3,(anonymous_3)
FNDA:6,(anonymous_4)
FNDA:6,(anonymous_5)
FNDA:0,(anonymous_6)
FNDA:0,(anonymous_7)
FNDA:7,(anonymous_8)
FNDA:5,(anonymous_9)
FNDA:2,(anonymous_10)
FNDA:5,(anonymous_11)
FNDA:0,(anonymous_12)
FNDA:3,(anonymous_13)
FNDA:7,(anonymous_14)
FNDA:13,(anonymous_15)
FNDA:7,(anonymous_16)
FNDA:20,(anonymous_17)
FNDA:15,(anonymous_18)
FNDA:17,(anonymous_19)
FNDA:5,(anonymous_20)
FNDA:4,(anonymous_21)
FNDA:3,(anonymous_22)
DA:1,2
DA:2,2
DA:4,2
DA:12,2
DA:14,2
DA:15,2
DA:22,3
DA:23,3
DA:25,3
DA:26,3
DA:27,6
DA:28,6
DA:29,3
DA:30,3
DA:31,3
DA:33,0
DA:36,0
DA:37,0
DA:39,0
DA:43,0
DA:48,3
DA:56,3
DA:57,3
DA:59,3
DA:60,0
DA:72,3
DA:73,3
DA:74,7
DA:75,5
DA:76,7
DA:77,7
DA:79,3
DA:80,5
DA:81,2
DA:82,5
DA:85,3
DA:86,0
DA:88,3
DA:91,3
DA:92,3
DA:93,3
DA:94,7
DA:95,5
DA:97,13
DA:98,7
DA:100,5
DA:102,20
DA:103,15
DA:105,5
DA:106,17
DA:108,5
DA:110,2
DA:112,3
DA:116,3
DA:117,3
DA:118,1
DA:119,5
DA:120,5
DA:121,5
DA:122,5
DA:123,5
DA:124,5
DA:125,5
DA:127,1
DA:128,1
DA:129,1
DA:142,2
DA:143,2
DA:145,2
DA:146,2
DA:147,0
DA:156,2
DA:157,2
DA:158,2
DA:175,2
DA:177,2
DA:185,4
DA:187,2
DA:188,2
DA:189,3
DA:192,2
DA:194,0
LF:82
LH:73
BRDA:22,0,0,3
BRDA:22,0,1,0
BRDA:23,1,0,0
BRDA:23,1,1,3
BRDA:25,2,0,3
BRDA:25,2,1,3
BRDA:32,3,0,3
BRDA:32,3,1,0
BRDA:33,4,0,0
BRDA:33,4,1,0
BRDA:36,5,0,0
BRDA:36,5,1,0
BRDA:37,6,0,0
BRDA:37,6,1,0
BRDA:39,7,0,0
BRDA:39,7,1,0
BRDA:39,7,2,0
BRDA:39,7,3,0
BRDA:48,8,0,1
BRDA:48,8,1,2
BRDA:56,9,0,3
BRDA:56,9,1,0
BRDA:59,10,0,0
BRDA:59,10,1,3
BRDA:59,11,0,3
BRDA:59,11,1,3
BRDA:74,12,0,5
BRDA:74,12,1,2
BRDA:80,13,0,5
BRDA:80,13,1,0
BRDA:86,14,0,0
BRDA:86,14,1,0
BRDA:86,15,0,0
BRDA:86,15,1,0
BRDA:88,16,0,3
BRDA:88,16,1,0
BRDA:92,17,0,0
BRDA:92,17,1,3
BRDA:96,18,0,5
BRDA:96,18,1,0
BRDA:101,19,0,5
BRDA:101,19,1,0
BRDA:106,20,0,17
BRDA:106,20,1,1
BRDA:108,21,0,1
BRDA:108,21,1,4
BRDA:110,22,0,2
BRDA:110,22,1,0
BRDA:116,23,0,3
BRDA:116,23,1,3
BRDA:116,23,2,1
BRDA:116,24,0,3
BRDA:116,24,1,0
BRDA:117,25,0,1
BRDA:117,25,1,2
BRDA:118,26,0,1
BRDA:118,26,1,0
BRDA:119,27,0,0
BRDA:119,27,1,5
BRDA:119,28,0,5
BRDA:119,28,1,0
BRDA:120,29,0,0
BRDA:120,29,1,5
BRDA:120,30,0,5
BRDA:120,30,1,0
BRDA:121,31,0,0
BRDA:121,31,1,5
BRDA:122,32,0,5
BRDA:122,32,1,0
BRDA:123,33,0,5
BRDA:123,33,1,0
BRDA:124,34,0,0
BRDA:124,34,1,5
BRDA:127,35,0,1
BRDA:127,35,1,0
BRDA:128,36,0,1
BRDA:128,36,1,0
BRDA:143,37,0,2
BRDA:143,37,1,0
BRDA:143,38,0,2
BRDA:143,38,1,2
BRDA:143,38,2,2
BRDA:145,39,0,2
BRDA:145,39,1,0
BRDA:146,40,0,0
BRDA:146,40,1,2
BRDA:157,41,0,2
BRDA:157,41,1,0
BRDA:185,42,0,2
BRDA:185,42,1,2
BRDA:187,43,0,2
BRDA:187,43,1,0
BRDA:192,44,0,2
BRDA:192,44,1,0
BRDA:14,45,0,2
BRDA:14,45,1,0
BRDA:14,46,0,2
BRDA:14,46,1,2
BRDA:14,47,0,2
BRDA:14,47,1,0
BRDA:14,48,0,2
BRDA:14,48,1,2
BRF:102
BRH:57
end_of_record
TN:
SF:src\game\games\jeux-de-cartes\vents-dansants\dame-nature\definitions\game.definition.ts
FNF:0
FNH:0
DA:2,2
DA:16,2
LF:2
LH:2
BRF:0
BRH:0
end_of_record
TN:
SF:src\game\games\jeux-de-cartes\vents-dansants\dame-nature\definitions\rules.definition.ts
FN:15,(anonymous_0)
FNF:1
FNH:0
FNDA:0,(anonymous_0)
DA:3,2
DA:5,2
DA:15,0
LF:3
LH:2
BRF:0
BRH:0
end_of_record
TN:
SF:src\game\games\jeux-de-cartes\vents-dansants\dame-nature\definitions\victory.definition.ts
FN:12,(anonymous_0)
FN:17,(anonymous_1)
FN:33,(anonymous_2)
FN:37,(anonymous_3)
FNF:4
FNH:4
FNDA:58,(anonymous_0)
FNDA:116,(anonymous_1)
FNDA:58,(anonymous_2)
FNDA:36,(anonymous_3)
DA:7,2
DA:13,58
DA:14,58
DA:15,58
DA:16,58
DA:17,116
DA:20,58
DA:21,0
DA:27,58
DA:34,58
DA:35,58
DA:36,58
DA:37,36
DA:39,58
DA:40,58
DA:41,0
DA:47,58
LF:17
LH:15
BRDA:14,0,0,0
BRDA:14,0,1,58
BRDA:15,1,0,58
BRDA:15,1,1,0
BRDA:17,2,0,116
BRDA:17,2,1,0
BRDA:20,3,0,0
BRDA:20,3,1,58
BRDA:35,4,0,0
BRDA:35,4,1,58
BRDA:36,5,0,58
BRDA:36,5,1,0
BRDA:39,6,0,36
BRDA:39,6,1,22
BRDA:40,7,0,0
BRDA:40,7,1,58
BRF:16
BRH:9
end_of_record
TN:
SF:src\game\games\jeux-de-cartes\vents-dansants\dame-nature\phases\dame-nature-phase.service.ts
FN:16,(anonymous_2)
FN:22,(anonymous_3)
FN:34,(anonymous_4)
FNF:3
FNH:3
FNDA:2,(anonymous_2)
FNDA:15,(anonymous_3)
FNDA:50,(anonymous_4)
DA:1,2
DA:4,2
DA:5,2
DA:6,2
DA:7,2
DA:9,2
DA:12,2
DA:14,2
DA:17,2
DA:18,2
DA:19,2
DA:24,15
DA:25,15
DA:26,15
DA:27,15
DA:31,15
DA:35,50
DA:36,50
DA:37,50
DA:38,50
DA:41,0
DA:42,0
DA:47,0
LF:23
LH:20
BRDA:24,0,0,15
BRDA:24,0,1,0
BRDA:25,1,0,15
BRDA:25,1,1,0
BRDA:35,2,0,0
BRDA:35,2,1,50
BRDA:35,3,0,50
BRDA:35,3,1,0
BRDA:37,4,0,50
BRDA:37,4,1,0
BRDA:37,5,0,50
BRDA:37,5,1,0
BRDA:41,6,0,0
BRDA:41,6,1,0
BRDA:45,7,0,0
BRDA:45,7,1,0
BRDA:17,8,0,2
BRDA:17,8,1,0
BRDA:17,9,0,2
BRDA:17,9,1,2
BRDA:17,10,0,2
BRDA:17,10,1,0
BRDA:17,11,0,2
BRDA:17,11,1,2
BRDA:18,12,0,2
BRDA:18,12,1,0
BRDA:18,13,0,2
BRDA:18,13,1,2
BRF:28
BRH:15
end_of_record
TN:
SF:src\game\games\jeux-de-cartes\vents-dansants\dame-nature\presenter\dame-nature-presenter.service.ts
FN:18,(anonymous_11)
FN:20,(anonymous_12)
FN:42,(anonymous_13)
FN:43,(anonymous_14)
FN:44,(anonymous_15)
FN:47,(anonymous_16)
FN:67,(anonymous_17)
FN:72,(anonymous_18)
FN:73,(anonymous_19)
FN:140,(anonymous_20)
FN:143,(anonymous_21)
FN:152,(anonymous_22)
FN:154,(anonymous_23)
FN:170,(anonymous_24)
FN:195,(anonymous_25)
FN:196,(anonymous_26)
FN:197,(anonymous_27)
FN:200,(anonymous_28)
FN:221,(anonymous_29)
FN:225,(anonymous_30)
FN:228,(anonymous_31)
FN:295,(anonymous_32)
FN:298,(anonymous_33)
FN:307,(anonymous_34)
FN:309,(anonymous_35)
FNF:25
FNH:20
FNDA:2,(anonymous_11)
FNDA:1,(anonymous_12)
FNDA:0,(anonymous_13)
FNDA:0,(anonymous_14)
FNDA:0,(anonymous_15)
FNDA:2,(anonymous_16)
FNDA:1,(anonymous_17)
FNDA:0,(anonymous_18)
FNDA:0,(anonymous_19)
FNDA:2,(anonymous_20)
FNDA:3,(anonymous_21)
FNDA:20,(anonymous_22)
FNDA:79,(anonymous_23)
FNDA:4,(anonymous_24)
FNDA:24,(anonymous_25)
FNDA:270,(anonymous_26)
FNDA:24,(anonymous_27)
FNDA:8,(anonymous_28)
FNDA:5,(anonymous_29)
FNDA:5,(anonymous_30)
FNDA:12,(anonymous_31)
FNDA:8,(anonymous_32)
FNDA:19,(anonymous_33)
FNDA:80,(anonymous_34)
FNDA:316,(anonymous_35)
DA:1,2
DA:7,2
DA:8,2
DA:9,2
DA:14,2
DA:17,2
DA:18,2
DA:21,1
DA:22,1
DA:23,1
DA:25,1
DA:26,1
DA:27,1
DA:29,1
DA:33,1
DA:40,1
DA:41,1
DA:42,1
DA:43,0
DA:44,1
DA:45,0
DA:47,1
DA:48,2
DA:49,2
DA:59,1
DA:62,1
DA:66,1
DA:67,1
DA:70,1
DA:72,0
DA:73,0
DA:80,1
DA:85,1
DA:90,0
DA:95,0
DA:101,1
DA:110,1
DA:132,1
DA:140,2
DA:143,3
DA:152,20
DA:154,79
DA:174,4
DA:175,4
DA:176,4
DA:178,4
DA:179,4
DA:180,4
DA:182,4
DA:186,4
DA:193,4
DA:194,4
DA:195,4
DA:196,270
DA:197,4
DA:198,24
DA:200,4
DA:201,8
DA:202,8
DA:212,4
DA:215,4
DA:220,4
DA:221,5
DA:224,4
DA:225,5
DA:227,4
DA:228,12
DA:235,4
DA:240,4
DA:245,0
DA:250,0
DA:256,4
DA:265,4
DA:287,4
DA:295,8
DA:298,19
DA:307,80
DA:309,316
LF:78
LH:70
BRDA:21,0,0,1
BRDA:21,0,1,0
BRDA:22,1,0,1
BRDA:22,1,1,0
BRDA:23,2,0,1
BRDA:23,2,1,0
BRDA:25,3,0,1
BRDA:25,3,1,1
BRDA:25,4,0,1
BRDA:25,4,1,0
BRDA:25,5,0,1
BRDA:25,5,1,0
BRDA:26,6,0,1
BRDA:26,6,1,1
BRDA:27,7,0,1
BRDA:27,7,1,1
BRDA:29,8,0,1
BRDA:29,8,1,1
BRDA:29,8,2,1
BRDA:31,9,0,1
BRDA:31,9,1,0
BRDA:33,10,0,1
BRDA:33,10,1,0
BRDA:43,11,0,0
BRDA:43,11,1,0
BRDA:48,12,0,2
BRDA:48,12,1,2
BRDA:52,13,0,0
BRDA:52,13,1,2
BRDA:52,14,0,2
BRDA:52,14,1,0
BRDA:52,15,0,0
BRDA:52,15,1,0
BRDA:53,16,0,0
BRDA:53,16,1,2
BRDA:53,17,0,2
BRDA:53,17,1,0
BRDA:53,18,0,0
BRDA:53,18,1,0
BRDA:54,19,0,2
BRDA:54,19,1,0
BRDA:54,20,0,0
BRDA:54,20,1,0
BRDA:55,21,0,2
BRDA:55,21,1,0
BRDA:62,22,0,0
BRDA:62,22,1,1
BRDA:62,23,0,1
BRDA:62,23,1,0
BRDA:66,24,0,1
BRDA:66,24,1,0
BRDA:67,25,0,1
BRDA:67,25,1,0
BRDA:70,26,0,0
BRDA:70,26,1,1
BRDA:70,27,0,1
BRDA:70,27,1,0
BRDA:70,27,2,0
BRDA:71,28,0,0
BRDA:71,28,1,0
BRDA:85,29,0,0
BRDA:85,29,1,1
BRDA:86,30,0,1
BRDA:86,30,1,0
BRDA:86,30,2,0
BRDA:101,31,0,0
BRDA:101,31,1,1
BRDA:102,32,0,1
BRDA:102,32,1,0
BRDA:102,32,2,0
BRDA:110,33,0,0
BRDA:110,33,1,1
BRDA:114,34,0,0
BRDA:114,34,1,0
BRDA:114,34,2,0
BRDA:117,35,0,0
BRDA:117,35,1,0
BRDA:123,36,0,0
BRDA:123,36,1,1
BRDA:146,37,0,3
BRDA:146,37,1,1
BRDA:160,38,0,0
BRDA:160,38,1,1
BRDA:160,39,0,0
BRDA:160,39,1,0
BRDA:162,40,0,0
BRDA:162,40,1,1
BRDA:162,41,0,0
BRDA:162,41,1,0
BRDA:174,42,0,4
BRDA:174,42,1,0
BRDA:175,43,0,4
BRDA:175,43,1,0
BRDA:176,44,0,4
BRDA:176,44,1,0
BRDA:178,45,0,4
BRDA:178,45,1,3
BRDA:178,46,0,4
BRDA:178,46,1,0
BRDA:178,47,0,4
BRDA:178,47,1,0
BRDA:179,48,0,4
BRDA:179,48,1,4
BRDA:180,49,0,4
BRDA:180,49,1,4
BRDA:182,50,0,4
BRDA:182,50,1,4
BRDA:182,50,2,4
BRDA:184,51,0,4
BRDA:184,51,1,0
BRDA:186,52,0,4
BRDA:186,52,1,0
BRDA:196,53,0,24
BRDA:196,53,1,0
BRDA:201,54,0,8
BRDA:201,54,1,8
[...]
FNH:0
DA:1,0
DA:9,0
DA:12,0
DA:16,0
DA:19,0
DA:22,0
DA:25,0
LF:7
LH:0
BRF:0
BRH:0
end_of_record
TN:
SF:src\room\dto\rooms-public.dto.ts
FNF:0
FNH:0
DA:1,0
DA:9,0
DA:13,0
DA:16,0
DA:19,0
LF:5
LH:0
BRF:0
BRH:0
end_of_record
TN:
SF:src\room\entities\room-bot.entity.ts
FN:16,(anonymous_2)
FNF:1
FNH:0
FNDA:0,(anonymous_2)
DA:1,1
DA:9,1
DA:12,1
DA:14,1
DA:16,0
DA:18,1
DA:21,1
DA:24,1
LF:8
LH:7
BRDA:18,0,0,0
BRDA:18,0,1,1
BRDA:18,1,0,1
BRDA:18,1,1,0
BRDA:24,2,0,1
BRDA:24,2,1,0
BRDA:24,3,0,1
BRDA:24,3,1,1
BRF:8
BRH:5
end_of_record
TN:
SF:src\room\entities\room-participant.entity.ts
FN:17,(anonymous_2)
FN:21,(anonymous_3)
FNF:2
FNH:0
FNDA:0,(anonymous_2)
FNDA:0,(anonymous_3)
DA:1,1
DA:9,1
DA:10,1
DA:13,1
DA:15,1
DA:17,0
DA:19,1
DA:21,0
DA:23,1
DA:26,1
DA:29,1
DA:32,1
LF:12
LH:10
BRDA:19,0,0,0
BRDA:19,0,1,1
BRDA:19,1,0,1
BRDA:19,1,1,0
BRDA:23,2,0,1
BRDA:23,2,1,0
BRDA:23,3,0,1
BRDA:23,3,1,1
BRDA:29,4,0,1
BRDA:29,4,1,0
BRDA:29,5,0,1
BRDA:29,5,1,1
BRF:12
BRH:8
end_of_record
TN:
SF:src\room\entities\room.entity.ts
FN:34,(anonymous_2)
FN:44,(anonymous_3)
FN:44,(anonymous_4)
FN:47,(anonymous_5)
FN:47,(anonymous_6)
FNF:5
FNH:0
FNDA:0,(anonymous_2)
FNDA:0,(anonymous_3)
FNDA:0,(anonymous_4)
FNDA:0,(anonymous_5)
FNDA:0,(anonymous_6)
DA:1,1
DA:10,1
DA:11,1
DA:12,1
DA:15,1
DA:17,1
DA:20,1
DA:23,1
DA:26,1
DA:29,1
DA:32,1
DA:34,0
DA:36,1
DA:39,1
DA:42,1
DA:44,0
DA:45,1
DA:47,0
DA:48,1
LF:19
LH:16
BRDA:39,0,0,1
BRDA:39,0,1,0
BRDA:39,1,0,1
BRDA:39,1,1,1
BRF:4
BRH:3
end_of_record
TN:
SF:src\room\gateways\room-directory-ws.handler.ts
FN:30,(anonymous_4)
FN:41,(anonymous_5)
FN:45,(anonymous_6)
FN:53,(anonymous_7)
FN:77,(anonymous_8)
FN:88,(anonymous_9)
FN:105,(anonymous_10)
FN:120,(anonymous_11)
FN:170,(anonymous_12)
FNF:9
FNH:0
FNDA:0,(anonymous_4)
FNDA:0,(anonymous_5)
FNDA:0,(anonymous_6)
FNDA:0,(anonymous_7)
FNDA:0,(anonymous_8)
FNDA:0,(anonymous_9)
FNDA:0,(anonymous_10)
FNDA:0,(anonymous_11)
FNDA:0,(anonymous_12)
DA:1,0
DA:6,0
DA:7,0
DA:8,0
DA:10,0
DA:11,0
DA:12,0
DA:13,0
DA:14,0
DA:18,0
DA:22,0
DA:23,0
DA:24,0
DA:25,0
DA:26,0
DA:29,0
DA:31,0
DA:32,0
DA:33,0
DA:34,0
DA:35,0
DA:36,0
DA:38,0
DA:42,0
DA:43,0
DA:44,0
DA:45,0
DA:47,0
DA:48,0
DA:53,0
DA:54,0
DA:67,0
DA:68,0
DA:70,0
DA:71,0
DA:74,0
DA:78,0
DA:79,0
DA:80,0
DA:81,0
DA:82,0
DA:89,0
DA:90,0
DA:91,0
DA:92,0
DA:93,0
DA:98,0
DA:99,0
DA:106,0
DA:107,0
DA:108,0
DA:109,0
DA:110,0
DA:114,0
DA:121,0
DA:122,0
DA:123,0
DA:127,0
DA:128,0
DA:130,0
DA:131,0
DA:133,0
DA:134,0
DA:136,0
DA:143,0
DA:144,0
DA:149,0
DA:151,0
DA:152,0
DA:164,0
DA:171,0
DA:172,0
DA:173,0
DA:174,0
DA:175,0
DA:184,0
DA:185,0
DA:187,0
DA:188,0
DA:189,0
DA:199,0
DA:205,0
DA:206,0
DA:207,0
DA:208,0
DA:214,0
LF:86
LH:0
BRDA:47,0,0,0
BRDA:47,0,1,0
BRDA:47,1,0,0
BRDA:47,1,1,0
BRDA:67,2,0,0
BRDA:67,2,1,0
BRDA:92,3,0,0
BRDA:92,3,1,0
BRDA:109,4,0,0
BRDA:109,4,1,0
BRDA:127,5,0,0
BRDA:127,5,1,0
BRDA:130,6,0,0
BRDA:130,6,1,0
BRDA:130,7,0,0
BRDA:130,7,1,0
BRDA:133,8,0,0
BRDA:133,8,1,0
BRDA:143,9,0,0
BRDA:143,9,1,0
BRDA:151,10,0,0
BRDA:151,10,1,0
BRDA:174,11,0,0
BRDA:174,11,1,0
BRDA:184,12,0,0
BRDA:184,12,1,0
BRDA:187,13,0,0
BRDA:187,13,1,0
BRDA:31,14,0,0
BRDA:31,14,1,0
BRDA:31,15,0,0
BRDA:31,15,1,0
BRDA:31,16,0,0
BRDA:31,16,1,0
BRDA:31,17,0,0
BRDA:31,17,1,0
BRDA:32,18,0,0
BRDA:32,18,1,0
BRDA:32,19,0,0
BRDA:32,19,1,0
BRDA:33,20,0,0
BRDA:33,20,1,0
BRDA:33,21,0,0
BRDA:33,21,1,0
BRDA:34,22,0,0
BRDA:34,22,1,0
BRDA:34,23,0,0
BRDA:34,23,1,0
BRDA:35,24,0,0
BRDA:35,24,1,0
BRDA:35,25,0,0
BRDA:35,25,1,0
BRDA:36,26,0,0
BRDA:36,26,1,0
BRDA:36,27,0,0
BRDA:36,27,1,0
BRF:56
BRH:0
end_of_record
TN:
SF:src\room\gateways\room-ws.registrar.ts
FN:7,(anonymous_2)
FN:12,(anonymous_3)
FN:13,(anonymous_4)
FN:16,(anonymous_5)
FN:19,(anonymous_6)
FN:22,(anonymous_7)
FN:25,(anonymous_8)
FN:28,(anonymous_9)
FNF:8
FNH:0
FNDA:0,(anonymous_2)
FNDA:0,(anonymous_3)
FNDA:0,(anonymous_4)
FNDA:0,(anonymous_5)
FNDA:0,(anonymous_6)
FNDA:0,(anonymous_7)
FNDA:0,(anonymous_8)
FNDA:0,(anonymous_9)
DA:1,0
DA:2,0
DA:3,0
DA:6,0
DA:8,0
DA:9,0
DA:13,0
DA:14,0
DA:16,0
DA:17,0
DA:19,0
DA:20,0
DA:22,0
DA:23,0
DA:25,0
DA:26,0
DA:28,0
DA:29,0
LF:18
LH:0
BRDA:8,0,0,0
BRDA:8,0,1,0
BRDA:8,1,0,0
BRDA:8,1,1,0
BRDA:8,2,0,0
BRDA:8,2,1,0
BRDA:8,3,0,0
BRDA:8,3,1,0
BRF:8
BRH:0
end_of_record
TN:
SF:src\room\gateways\room.gateway.ts
FN:30,(anonymous_4)
FN:38,(anonymous_5)
FN:49,(anonymous_6)
FN:76,(anonymous_7)
FN:113,(anonymous_8)
FN:114,(anonymous_9)
FN:121,(anonymous_10)
FN:142,(anonymous_11)
FN:145,(anonymous_12)
FN:151,(anonymous_13)
FN:169,(anonymous_14)
FN:179,(anonymous_15)
FN:210,(anonymous_16)
FN:215,(anonymous_17)
FN:230,(anonymous_18)
FN:252,(anonymous_19)
FN:286,(anonymous_20)
FN:292,(anonymous_21)
FN:298,(anonymous_22)
FN:307,(anonymous_23)
FN:317,(anonymous_24)
FN:332,(anonymous_25)
FN:391,(anonymous_26)
FN:426,(anonymous_27)
FN:458,(anonymous_28)
FN:470,(anonymous_29)
FN:480,(anonymous_30)
FN:489,(anonymous_31)
FN:32,(anonymous_32)
FNF:29
FNH:0
FNDA:0,(anonymous_4)
FNDA:0,(anonymous_5)
FNDA:0,(anonymous_6)
FNDA:0,(anonymous_7)
FNDA:0,(anonymous_8)
FNDA:0,(anonymous_9)
FNDA:0,(anonymous_10)
FNDA:0,(anonymous_11)
FNDA:0,(anonymous_12)
FNDA:0,(anonymous_13)
FNDA:0,(anonymous_14)
FNDA:0,(anonymous_15)
FNDA:0,(anonymous_16)
FNDA:0,(anonymous_17)
FNDA:0,(anonymous_18)
FNDA:0,(anonymous_19)
FNDA:0,(anonymous_20)
FNDA:0,(anonymous_21)
FNDA:0,(anonymous_22)
FNDA:0,(anonymous_23)
FNDA:0,(anonymous_24)
FNDA:0,(anonymous_25)
FNDA:0,(anonymous_26)
FNDA:0,(anonymous_27)
FNDA:0,(anonymous_28)
FNDA:0,(anonymous_29)
FNDA:0,(anonymous_30)
FNDA:0,(anonymous_31)
FNDA:0,(anonymous_32)
DA:1,0
DA:8,0
DA:9,0
DA:10,0
DA:11,0
DA:12,0
DA:13,0
DA:21,0
DA:25,0
DA:27,0
DA:28,0
DA:31,0
DA:32,0
DA:33,0
DA:35,0
DA:38,0
DA:39,0
DA:40,0
DA:43,0
DA:44,0
DA:45,0
DA:50,0
DA:51,0
DA:52,0
DA:53,0
DA:54,0
DA:57,0
DA:58,0
DA:59,0
DA:60,0
DA:61,0
DA:62,0
DA:63,0
DA:64,0
DA:67,0
DA:68,0
DA:70,0
DA:72,0
DA:73,0
DA:74,0
DA:76,0
DA:77,0
DA:78,0
DA:79,0
DA:80,0
DA:82,0
DA:83,0
DA:87,0
DA:88,0
DA:92,0
DA:100,0
DA:101,0
DA:108,0
DA:109,0
DA:111,0
DA:113,0
DA:114,0
DA:116,0
DA:117,0
DA:122,0
DA:123,0
DA:124,0
DA:125,0
DA:126,0
DA:127,0
DA:128,0
DA:129,0
DA:130,0
DA:131,0
DA:133,0
DA:137,0
DA:138,0
DA:144,0
DA:145,0
DA:151,0
DA:152,0
DA:153,0
DA:154,0
DA:155,0
DA:157,0
DA:158,0
DA:159,0
DA:160,0
DA:162,0
DA:170,0
DA:171,0
DA:172,0
DA:173,0
DA:185,0
DA:190,0
DA:191,0
DA:192,0
DA:193,0
DA:194,0
DA:195,0
DA:197,0
DA:198,0
DA:200,0
DA:201,0
DA:202,0
DA:211,0
DA:212,0
DA:216,0
DA:217,0
DA:219,0
DA:220,0
DA:222,0
DA:223,0
DA:231,0
DA:232,0
DA:233,0
DA:234,0
DA:235,0
DA:236,0
DA:237,0
DA:239,0
DA:241,0
DA:242,0
DA:244,0
DA:245,0
DA:246,0
DA:248,0
DA:257,0
DA:258,0
DA:259,0
DA:261,0
DA:262,0
DA:264,0
DA:265,0
DA:267,0
DA:268,0
DA:270,0
DA:271,0
DA:273,0
DA:274,0
DA:276,0
DA:277,0
DA:279,0
DA:280,0
DA:282,0
DA:287,0
DA:288,0
DA:289,0
DA:293,0
DA:294,0
DA:295,0
DA:299,0
DA:300,0
DA:301,0
DA:308,0
DA:309,0
DA:310,0
DA:314,0
DA:318,0
DA:319,0
DA:324,0
DA:329,0
DA:337,0
DA:338,0
DA:339,0
DA:340,0
DA:342,0
DA:343,0
DA:346,0
DA:347,0
DA:348,0
DA:349,0
DA:352,0
DA:354,0
DA:361,0
DA:363,0
DA:364,0
DA:368,0
DA:371,0
DA:372,0
DA:374,0
DA:377,0
DA:388,0
DA:397,0
DA:398,0
DA:399,0
DA:401,0
DA:407,0
DA:408,0
DA:415,0
DA:416,0
DA:417,0
DA:423,0
DA:428,0
DA:429,0
DA:430,0
DA:431,0
DA:432,0
DA:433,0
DA:434,0
DA:435,0
DA:436,0
DA:437,0
DA:442,0
DA:448,0
DA:450,0
DA:451,0
DA:455,0
DA:459,0
DA:460,0
DA:461,0
DA:462,0
DA:463,0
DA:464,0
DA:467,0
DA:471,0
DA:472,0
DA:473,0
DA:474,0
DA:475,0
DA:477,0
DA:481,0
DA:482,0
DA:483,0
DA:484,0
DA:485,0
DA:487,0
DA:489,0
DA:490,0
DA:492,0
LF:225
LH:0
BRDA:44,0,0,0
BRDA:44,0,1,0
BRDA:52,1,0,0
BRDA:52,1,1,0
BRDA:57,2,0,0
BRDA:57,2,1,0
BRDA:57,3,0,0
BRDA:57,3,1,0
BRDA:58,4,0,0
BRDA:58,4,1,0
BRDA:59,5,0,0
BRDA:59,5,1,0
BRDA:60,6,0,0
BRDA:60,6,1,0
BRDA:62,7,0,0
BRDA:62,7,1,0
BRDA:76,8,0,0
BRDA:76,8,1,0
BRDA:78,9,0,0
BRDA:78,9,1,0
BRDA:78,10,0,0
BRDA:78,10,1,0
BRDA:79,11,0,0
BRDA:79,11,1,0
BRDA:100,12,0,0
BRDA:100,12,1,0
BRDA:108,13,0,0
BRDA:108,13,1,0
BRDA:116,14,0,0
BRDA:116,14,1,0
BRDA:124,15,0,0
BRDA:124,15,1,0
BRDA:127,16,0,0
BRDA:127,16,1,0
BRDA:129,17,0,0
BRDA:129,17,1,0
BRDA:137,18,0,0
BRDA:137,18,1,0
BRDA:144,19,0,0
BRDA:144,19,1,0
BRDA:153,20,0,0
BRDA:153,20,1,0
BRDA:159,21,0,0
BRDA:159,21,1,0
BRDA:164,22,0,0
BRDA:164,22,1,0
BRDA:187,23,0,0
BRDA:187,23,1,0
BRDA:191,24,0,0
BRDA:191,24,1,0
BRDA:193,25,0,0
BRDA:193,25,1,0
BRDA:211,26,0,0
BRDA:211,26,1,0
BRDA:216,27,0,0
BRDA:216,27,1,0
BRDA:232,28,0,0
BRDA:232,28,1,0
BRDA:234,29,0,0
BRDA:234,29,1,0
BRDA:236,30,0,0
BRDA:236,30,1,0
BRDA:236,31,0,0
BRDA:236,31,1,0
BRDA:236,31,2,0
BRDA:241,32,0,0
BRDA:241,32,1,0
BRDA:258,33,0,0
BRDA:258,33,1,0
BRDA:259,34,0,0
BRDA:259,34,1,0
BRDA:259,34,2,0
BRDA:259,34,3,0
BRDA:259,34,4,0
BRDA:259,34,5,0
BRDA:259,34,6,0
BRDA:259,34,7,0
BRDA:308,35,0,0
BRDA:308,35,1,0
BRDA:318,36,0,0
BRDA:318,36,1,0
BRDA:318,36,2,0
BRDA:337,37,0,0
BRDA:337,37,1,0
BRDA:339,38,0,0
BRDA:339,38,1,0
BRDA:339,39,0,0
BRDA:339,39,1,0
BRDA:342,40,0,0
BRDA:342,40,1,0
BRDA:347,41,0,0
BRDA:347,41,1,0
BRDA:348,42,0,0
BRDA:348,42,1,0
BRDA:354,43,0,0
BRDA:354,43,1,0
BRDA:354,43,2,0
BRDA:354,43,3,0
BRDA:354,43,4,0
BRDA:354,43,5,0
BRDA:361,44,0,0
BRDA:361,44,1,0
BRDA:363,45,0,0
BRDA:363,45,1,0
BRDA:371,46,0,0
BRDA:371,46,1,0
BRDA:382,47,0,0
BRDA:382,47,1,0
BRDA:397,48,0,0
BRDA:397,48,1,0
BRDA:398,49,0,0
BRDA:398,49,1,0
BRDA:399,50,0,0
BRDA:399,50,1,0
BRDA:399,50,2,0
BRDA:401,51,0,0
BRDA:401,51,1,0
BRDA:403,52,0,0
BRDA:403,52,1,0
BRDA:407,53,0,0
BRDA:407,53,1,0
BRDA:420,54,0,0
BRDA:420,54,1,0
BRDA:428,55,0,0
BRDA:428,55,1,0
BRDA:428,55,2,0
BRDA:428,55,3,0
BRDA:429,56,0,0
BRDA:429,56,1,0
BRDA:429,56,2,0
BRDA:436,57,0,0
BRDA:436,57,1,0
BRDA:438,58,0,0
BRDA:438,58,1,0
BRDA:438,58,2,0
BRDA:443,59,0,0
BRDA:443,59,1,0
BRDA:443,59,2,0
BRDA:443,59,3,0
BRDA:450,60,0,0
BRDA:450,60,1,0
BRDA:452,61,0,0
BRDA:452,61,1,0
BRDA:459,62,0,0
BRDA:459,62,1,0
BRDA:460,63,0,0
BRDA:460,63,1,0
BRDA:461,64,0,0
BRDA:461,64,1,0
BRDA:461,65,0,0
BRDA:461,65,1,0
BRDA:463,66,0,0
BRDA:463,66,1,0
BRDA:463,67,0,0
BRDA:463,67,1,0
BRDA:473,68,0,0
BRDA:473,68,1,0
BRDA:474,69,0,0
BRDA:474,69,1,0
BRDA:483,70,0,0
BRDA:483,70,1,0
BRDA:484,71,0,0
BRDA:484,71,1,0
BRDA:489,72,0,0
BRDA:489,72,1,0
BRDA:490,73,0,0
BRDA:490,73,1,0
BRDA:25,74,0,0
BRDA:25,74,1,0
BRDA:25,75,0,0
BRDA:25,75,1,0
BRDA:151,76,0,0
BRDA:151,76,1,0
BRDA:151,77,0,0
BRDA:151,77,1,0
BRDA:31,78,0,0
BRDA:31,78,1,0
BRDA:31,79,0,0
BRDA:31,79,1,0
BRDA:31,80,0,0
BRDA:31,80,1,0
BRDA:31,81,0,0
BRDA:31,81,1,0
BRDA:33,82,0,0
BRDA:33,82,1,0
BRDA:33,83,0,0
BRDA:33,83,1,0
BRDA:34,84,0,0
BRDA:34,84,1,0
BRDA:34,85,0,0
BRDA:34,85,1,0
BRF:191
BRH:0
end_of_record
TN:
SF:src\room\services\room-invite.service.ts
FN:18,(anonymous_1)
FN:32,(anonymous_2)
FN:42,(anonymous_3)
FN:52,(anonymous_4)
FN:59,(anonymous_5)
FN:63,(anonymous_6)
FNF:6
FNH:0
FNDA:0,(anonymous_1)
FNDA:0,(anonymous_2)
FNDA:0,(anonymous_3)
FNDA:0,(anonymous_4)
FNDA:0,(anonymous_5)
FNDA:0,(anonymous_6)
DA:1,0
DA:2,0
DA:14,0
DA:15,0
DA:16,0
DA:19,0
DA:20,0
DA:28,0
DA:29,0
DA:33,0
DA:34,0
DA:35,0
DA:36,0
DA:37,0
DA:39,0
DA:43,0
DA:44,0
DA:45,0
DA:46,0
DA:49,0
DA:53,0
DA:54,0
DA:55,0
DA:56,0
DA:60,0
DA:64,0
DA:65,0
DA:66,0
DA:67,0
LF:29
LH:0
BRDA:33,0,0,0
BRDA:33,0,1,0
BRDA:34,1,0,0
BRDA:34,1,1,0
BRDA:35,2,0,0
BRDA:35,2,1,0
BRDA:45,3,0,0
BRDA:45,3,1,0
BRDA:45,4,0,0
BRDA:45,4,1,0
BRDA:54,5,0,0
BRDA:54,5,1,0
BRDA:66,6,0,0
BRDA:66,6,1,0
BRF:14
BRH:0
end_of_record
TN:
SF:src\room\services\room.service.ts
FN:26,(anonymous_4)
FN:30,(anonymous_5)
FN:37,(anonymous_6)
FN:49,(anonymous_7)
FN:84,(anonymous_8)
FN:129,(anonymous_9)
FN:183,(anonymous_10)
FN:191,(anonymous_11)
FN:205,(anonymous_12)
FN:222,(anonymous_13)
FN:230,(anonymous_14)
FN:241,(anonymous_15)
FN:251,(anonymous_16)
FN:258,(anonymous_17)
FN:259,(anonymous_18)
FN:260,(anonymous_19)
FN:266,(anonymous_20)
FN:277,(anonymous_21)
FN:285,(anonymous_22)
FN:293,(anonymous_23)
FN:304,(anonymous_24)
FN:310,(anonymous_25)
FN:314,(anonymous_26)
FN:42,(anonymous_27)
FN:44,(anonymous_28)
FNF:25
FNH:0
FNDA:0,(anonymous_4)
FNDA:0,(anonymous_5)
FNDA:0,(anonymous_6)
FNDA:0,(anonymous_7)
FNDA:0,(anonymous_8)
FNDA:0,(anonymous_9)
FNDA:0,(anonymous_10)
FNDA:0,(anonymous_11)
FNDA:0,(anonymous_12)
FNDA:0,(anonymous_13)
FNDA:0,(anonymous_14)
FNDA:0,(anonymous_15)
FNDA:0,(anonymous_16)
FNDA:0,(anonymous_17)
FNDA:0,(anonymous_18)
FNDA:0,(anonymous_19)
FNDA:0,(anonymous_20)
FNDA:0,(anonymous_21)
FNDA:0,(anonymous_22)
FNDA:0,(anonymous_23)
FNDA:0,(anonymous_24)
FNDA:0,(anonymous_25)
FNDA:0,(anonymous_26)
FNDA:0,(anonymous_27)
FNDA:0,(anonymous_28)
DA:1,1
DA:7,1
DA:8,1
DA:9,1
DA:10,1
DA:11,1
DA:12,1
DA:14,1
DA:15,1
DA:16,1
DA:17,1
DA:20,1
DA:27,0
DA:31,0
DA:32,0
DA:38,0
DA:40,0
DA:41,0
DA:42,0
DA:43,0
DA:44,0
DA:45,0
DA:46,0
DA:56,0
DA:57,0
DA:58,0
DA:60,0
DA:61,0
DA:62,0
DA:63,0
DA:65,0
DA:74,0
DA:75,0
DA:80,0
DA:81,0
DA:89,0
DA:90,0
DA:91,0
DA:93,0
DA:94,0
DA:96,0
DA:97,0
DA:98,0
DA:99,0
DA:100,0
DA:102,0
DA:105,0
DA:107,0
DA:109,0
DA:114,0
DA:118,0
DA:120,0
DA:134,0
DA:135,0
DA:136,0
DA:139,0
DA:140,0
DA:141,0
DA:143,0
DA:144,0
DA:145,0
DA:148,0
DA:149,0
DA:151,0
DA:153,0
DA:154,0
DA:155,0
DA:156,0
DA:157,0
DA:159,0
DA:160,0
DA:162,0
DA:163,0
DA:168,0
DA:169,0
DA:170,0
DA:172,0
DA:173,0
DA:178,0
DA:180,0
DA:184,0
DA:185,0
DA:186,0
DA:187,0
DA:188,0
DA:192,0
DA:193,0
DA:194,0
DA:195,0
DA:196,0
DA:197,0
DA:199,0
DA:200,0
DA:201,0
DA:202,0
DA:206,0
DA:207,0
DA:208,0
DA:209,0
DA:211,0
DA:212,0
DA:213,0
DA:214,0
DA:215,0
DA:223,0
DA:224,0
DA:225,0
DA:226,0
DA:227,0
DA:231,0
DA:235,0
DA:236,0
DA:238,0
DA:242,0
DA:251,0
DA:258,0
DA:259,0
DA:260,0
DA:267,0
DA:271,0
DA:272,0
DA:274,0
DA:278,0
DA:279,0
DA:280,0
DA:282,0
DA:286,0
DA:287,0
DA:295,0
DA:296,0
DA:298,0
DA:299,0
DA:305,0
DA:311,0
DA:315,0
DA:318,0
DA:319,0
DA:320,0
DA:322,0
DA:323,0
LF:140
LH:12
BRDA:54,0,0,0
BRDA:57,1,0,0
BRDA:57,1,1,0
BRDA:57,2,0,0
BRDA:57,2,1,0
BRDA:62,3,0,0
BRDA:62,3,1,0
BRDA:66,4,0,0
BRDA:66,4,1,0
BRDA:66,5,0,0
BRDA:66,5,1,0
BRDA:68,6,0,0
BRDA:68,6,1,0
BRDA:68,7,0,0
BRDA:68,7,1,0
BRDA:90,8,0,0
BRDA:90,8,1,0
BRDA:90,9,0,0
BRDA:90,9,1,0
BRDA:93,10,0,0
BRDA:93,10,1,0
BRDA:99,11,0,0
BRDA:99,11,1,0
BRDA:105,12,0,0
BRDA:105,12,1,0
BRDA:139,13,0,0
BRDA:139,13,1,0
BRDA:143,14,0,0
BRDA:143,14,1,0
BRDA:149,15,0,0
BRDA:149,15,1,0
BRDA:156,16,0,0
BRDA:156,16,1,0
BRDA:162,17,0,0
BRDA:162,17,1,0
BRDA:162,18,0,0
BRDA:162,18,1,0
BRDA:168,19,0,0
BRDA:168,19,1,0
BRDA:196,20,0,0
BRDA:196,20,1,0
BRDA:200,21,0,0
BRDA:200,21,1,0
BRDA:208,22,0,0
BRDA:208,22,1,0
BRDA:235,23,0,0
BRDA:235,23,1,0
BRDA:251,24,0,0
BRDA:251,24,1,0
BRDA:254,25,0,0
BRDA:254,25,1,0
BRDA:257,26,0,0
BRDA:257,26,1,0
BRDA:260,27,0,0
BRDA:260,27,1,0
BRDA:271,28,0,0
BRDA:271,28,1,0
BRDA:279,29,0,0
BRDA:279,29,1,0
BRDA:286,30,0,0
BRDA:286,30,1,0
BRDA:286,31,0,0
BRDA:286,31,1,0
BRDA:295,32,0,0
BRDA:295,32,1,0
BRDA:298,33,0,0
BRDA:298,33,1,0
BRDA:322,34,0,0
BRDA:322,34,1,0
BRDA:38,35,0,1
BRDA:38,35,1,0
BRDA:38,36,0,1
BRDA:38,36,1,1
BRDA:38,37,0,1
BRDA:38,37,1,0
BRDA:38,38,0,1
BRDA:38,38,1,1
BRDA:40,39,0,1
BRDA:40,39,1,0
BRDA:40,40,0,1
BRDA:40,40,1,1
BRDA:41,41,0,1
BRDA:41,41,1,0
BRDA:41,42,0,1
BRDA:41,42,1,1
BRDA:43,43,0,1
BRDA:43,43,1,0
BRDA:43,44,0,1
BRDA:43,44,1,1
BRDA:45,45,0,1
BRDA:45,45,1,0
BRDA:45,46,0,1
BRDA:45,46,1,1
BRF:93
BRH:18
end_of_record
TN:
SF:src\room\utils\room-directory.utils.ts
FN:15,isRoomOpenStatus
FN:22,countActiveParticipants
FN:23,(anonymous_2)
FN:26,buildPublicRoomList
FN:35,(anonymous_4)
FN:55,(anonymous_5)
FN:84,(anonymous_6)
FN:85,(anonymous_7)
FNF:8
FNH:8
FNDA:9,isRoomOpenStatus
FNDA:16,countActiveParticipants
FNDA:8,(anonymous_2)
FNDA:6,buildPublicRoomList
FNDA:12,(anonymous_4)
FNDA:7,(anonymous_5)
FNDA:1,(anonymous_6)
FNDA:6,(anonymous_7)
DA:1,1
DA:16,9
DA:17,9
DA:23,16
DA:26,1
DA:33,6
DA:34,6
DA:36,12
DA:37,0
DA:39,12
DA:40,1
DA:42,11
DA:43,1
DA:45,10
DA:46,1
DA:48,9
DA:49,0
DA:51,9
DA:52,9
DA:53,9
DA:56,7
DA:57,7
DA:58,7
DA:72,6
DA:73,6
DA:74,7
DA:75,7
DA:76,7
DA:77,1
DA:79,6
DA:83,6
DA:84,1
DA:85,6
DA:87,6
LF:34
LH:32
BRDA:16,0,0,9
BRDA:16,0,1,0
BRDA:23,1,0,16
BRDA:23,1,1,0
BRDA:36,2,0,0
BRDA:36,2,1,12
BRDA:36,3,0,12
BRDA:36,3,1,12
BRDA:39,4,0,1
BRDA:39,4,1,11
BRDA:39,5,0,12
BRDA:39,5,1,2
BRDA:42,6,0,1
BRDA:42,6,1,10
BRDA:45,7,0,1
BRDA:45,7,1,9
BRDA:48,8,0,0
BRDA:48,8,1,9
BRDA:52,9,0,9
BRDA:52,9,1,0
BRDA:57,10,0,7
BRDA:57,10,1,0
BRDA:66,11,0,0
BRDA:66,11,1,7
BRDA:74,12,0,7
BRDA:74,12,1,0
BRDA:76,13,0,1
BRDA:76,13,1,6
BRF:28
BRH:20
end_of_record
TN:
SF:src\user\user.module.ts
FNF:0
FNH:0
DA:1,0
DA:2,0
DA:3,0
DA:4,0
DA:5,0
DA:6,0
DA:7,0
DA:8,0
DA:21,0
LF:9
LH:0
BRF:0
BRH:0
end_of_record
TN:
SF:src\user\dto\login.dto.ts
FNF:0
FNH:0
DA:1,0
DA:3,0
DA:5,0
DA:9,0
LF:4
LH:0
BRF:0
BRH:0
end_of_record
TN:
SF:src\user\dto\register.dto.ts
FNF:0
FNH:0
DA:1,0
DA:10,0
DA:12,0
DA:21,0
DA:25,0
DA:29,0
LF:6
LH:0
BRF:0
BRH:0
end_of_record
TN:
SF:src\user\entities\user.entity.ts
FNF:0
FNH:0
DA:1,1
DA:9,1
DA:11,1
DA:14,1
DA:17,1
DA:20,1
DA:23,1
DA:26,1
DA:29,1
DA:32,1
DA:35,1
DA:38,1
DA:41,1
LF:13
LH:13
BRDA:41,0,0,1
BRDA:41,0,1,0
BRDA:41,1,0,1
BRDA:41,1,1,1
BRF:4
BRH:3
end_of_record
TN:
SF:src\user\services\user.auth.service.ts
FN:18,(anonymous_13)
FN:25,(anonymous_14)
FN:50,(anonymous_15)
FN:100,(anonymous_16)
FN:132,(anonymous_17)
FNF:5
FNH:0
FNDA:0,(anonymous_13)
FNDA:0,(anonymous_14)
FNDA:0,(anonymous_15)
FNDA:0,(anonymous_16)
FNDA:0,(anonymous_17)
DA:1,0
DA:7,0
DA:8,0
DA:9,0
DA:10,0
DA:11,0
DA:14,0
DA:19,0
DA:21,0
DA:22,0
DA:30,0
DA:31,0
DA:32,0
DA:34,0
DA:35,0
DA:38,0
DA:39,0
DA:47,0
DA:51,0
DA:52,0
DA:53,0
DA:55,0
DA:56,0
DA:60,0
DA:61,0
DA:62,0
DA:65,0
DA:66,0
DA:68,0
DA:69,0
DA:71,0
DA:72,0
DA:74,0
DA:75,0
DA:76,0
DA:77,0
DA:82,0
DA:97,0
DA:101,0
DA:123,0
DA:124,0
DA:126,0
DA:127,0
DA:128,0
DA:133,0
DA:134,0
DA:135,0
LF:47
LH:0
BRDA:21,0,0,0
BRDA:21,0,1,0
BRDA:22,1,0,0
BRDA:22,1,1,0
BRDA:34,2,0,0
BRDA:34,2,1,0
BRDA:34,3,0,0
BRDA:34,3,1,0
BRDA:52,4,0,0
BRDA:52,4,1,0
BRDA:55,5,0,0
BRDA:55,5,1,0
BRDA:56,6,0,0
BRDA:56,6,1,0
BRDA:68,7,0,0
BRDA:68,7,1,0
BRDA:71,8,0,0
BRDA:71,8,1,0
BRDA:74,9,0,0
BRDA:74,9,1,0
BRDA:74,10,0,0
BRDA:74,10,1,0
BRDA:76,11,0,0
BRDA:76,11,1,0
BRDA:85,12,0,0
BRDA:85,12,1,0
BRDA:123,13,0,0
BRDA:123,13,1,0
BRDA:127,14,0,0
BRDA:127,14,1,0
BRDA:134,15,0,0
BRDA:134,15,1,0
BRDA:19,16,0,0
BRDA:19,16,1,0
BRDA:19,17,0,0
BRDA:19,17,1,0
BRF:36
BRH:0
end_of_record
TN:
SF:src\user\services\user.service.ts
FN:8,(anonymous_4)
FN:12,(anonymous_5)
FN:27,(anonymous_6)
FNF:3
FNH:0
FNDA:0,(anonymous_4)
FNDA:0,(anonymous_5)
FNDA:0,(anonymous_6)
DA:1,0
DA:2,0
DA:3,0
DA:4,0
DA:7,0
DA:9,0
DA:13,0
DA:28,0
DA:40,0
DA:41,0
DA:43,0
LF:11
LH:0
BRDA:40,0,0,0
BRDA:40,0,1,0
BRDA:9,1,0,0
BRDA:9,1,1,0
BRDA:9,2,0,0
BRDA:9,2,1,0
BRF:6
BRH:0
end_of_record
TN:
SF:src\user\ws\auth-ws.handler.ts
FN:9,(anonymous_2)
FN:14,(anonymous_3)
FN:20,(anonymous_4)
FNF:3
FNH:0
FNDA:0,(anonymous_2)
FNDA:0,(anonymous_3)
FNDA:0,(anonymous_4)
DA:1,0
DA:2,0
DA:3,0
DA:4,0
DA:5,0
DA:8,0
DA:10,0
DA:11,0
DA:15,0
DA:16,0
DA:17,0
DA:21,0
DA:22,0
DA:23,0
LF:14
LH:0
BRDA:10,0,0,0
BRDA:10,0,1,0
BRDA:10,1,0,0
BRDA:10,1,1,0
BRDA:10,2,0,0
BRDA:10,2,1,0
BRDA:10,3,0,0
BRDA:10,3,1,0
BRF:8
BRH:0
end_of_record
TN:
SF:src\user\ws\user-ws.handler.ts
FN:8,(anonymous_2)
FN:13,(anonymous_3)
FN:18,(anonymous_4)
FNF:3
FNH:0
FNDA:0,(anonymous_2)
FNDA:0,(anonymous_3)
FNDA:0,(anonymous_4)
DA:1,0
DA:2,0
DA:3,0
DA:4,0
DA:7,0
DA:9,0
DA:10,0
DA:14,0
DA:15,0
DA:19,0
DA:20,0
DA:21,0
LF:12
LH:0
BRDA:9,0,0,0
BRDA:9,0,1,0
BRDA:9,1,0,0
BRDA:9,1,1,0
BRDA:9,2,0,0
BRDA:9,2,1,0
BRDA:9,3,0,0
BRDA:9,3,1,0
BRF:8
BRH:0
end_of_record
TN:
SF:src\user\ws\user-ws.registrar.ts
FN:8,(anonymous_2)
FN:14,(anonymous_3)
FN:15,(anonymous_4)
FN:18,(anonymous_5)
FN:21,(anonymous_6)
FN:22,(anonymous_7)
FNF:6
FNH:0
FNDA:0,(anonymous_2)
FNDA:0,(anonymous_3)
FNDA:0,(anonymous_4)
FNDA:0,(anonymous_5)
FNDA:0,(anonymous_6)
FNDA:0,(anonymous_7)
DA:1,0
DA:2,0
DA:3,0
DA:4,0
DA:7,0
DA:9,0
DA:10,0
DA:11,0
DA:15,0
DA:16,0
DA:18,0
DA:19,0
DA:21,0
DA:22,0
DA:23,0
LF:15
LH:0
BRDA:9,0,0,0
BRDA:9,0,1,0
BRDA:9,1,0,0
BRDA:9,1,1,0
BRDA:9,2,0,0
BRDA:9,2,1,0
BRDA:9,3,0,0
BRDA:9,3,1,0
BRDA:10,4,0,0
BRDA:10,4,1,0
BRDA:10,5,0,0
BRDA:10,5,1,0
BRF:12
BRH:0
end_of_record
TN:
SF:src\user\ws\ws.dto.ts
FNF:0
FNH:0
DA:1,0
DA:3,0
DA:6,0
LF:3
LH:0
BRF:0
BRH:0
end_of_record
