TN:
SF:src\app.module.ts
FN:56,(anonymous_10)
FN:65,(anonymous_11)
FNF:2
FNH:0
FNDA:0,(anonymous_10)
FNDA:0,(anonymous_11)
DA:1,0
DA:2,0
DA:3,0
DA:4,0
DA:5,0
DA:6,0
DA:7,0
DA:8,0
DA:9,0
DA:10,0
DA:11,0
DA:12,0
DA:13,0
DA:14,0
DA:15,0
DA:16,0
DA:17,0
DA:18,0
DA:19,0
DA:20,0
DA:21,0
DA:22,0
DA:23,0
DA:56,0
DA:66,0
DA:67,0
DA:77,0
DA:109,0
LF:28
LH:0
BRDA:67,0,0,0
BRDA:67,0,1,0
BRF:2
BRH:0
end_of_record
TN:
SF:src\data-source.ts
FNF:0
FNH:0
DA:1,0
DA:2,0
DA:3,0
DA:12,0
DA:14,0
DA:28,0
LF:6
LH:0
BRDA:7,0,0,0
BRDA:8,1,0,0
BRDA:9,2,0,0
BRDA:10,3,0,0
BRDA:11,4,0,0
BRDA:14,5,0,0
BRDA:14,5,1,0
BRF:7
BRH:0
end_of_record
TN:
SF:src\main.ts
FN:9,bootstrap
FN:18,(anonymous_2)
FNF:2
FNH:0
FNDA:0,bootstrap
FNDA:0,(anonymous_2)
DA:1,0
DA:2,0
DA:3,0
DA:4,0
DA:5,0
DA:6,0
DA:7,0
DA:10,0
DA:11,0
DA:12,0
DA:13,0
DA:14,0
DA:15,0
DA:18,0
DA:21,0
DA:25,0
DA:26,0
DA:33,0
DA:34,0
DA:36,0
LF:20
LH:0
BRDA:15,0,0,0
BRDA:15,0,1,0
BRDA:22,1,0,0
BRDA:22,1,1,0
BRDA:22,2,0,0
BRDA:22,2,1,0
BRF:6
BRH:0
end_of_record
TN:
SF:src\admin\admin.module.ts
FNF:0
FNH:0
DA:1,0
DA:2,0
DA:3,0
DA:4,0
DA:5,0
DA:6,0
DA:7,0
DA:14,0
LF:8
LH:0
BRF:0
BRH:0
end_of_record
TN:
SF:src\admin\controllers\admin-users.controller.ts
FN:24,(anonymous_4)
FN:27,(anonymous_5)
FN:32,(anonymous_6)
FN:37,(anonymous_7)
FN:42,(anonymous_8)
FN:50,(anonymous_9)
FN:55,(anonymous_10)
FN:60,(anonymous_11)
FN:73,(anonymous_12)
FNF:9
FNH:0
FNDA:0,(anonymous_4)
FNDA:0,(anonymous_5)
FNDA:0,(anonymous_6)
FNDA:0,(anonymous_7)
FNDA:0,(anonymous_8)
FNDA:0,(anonymous_9)
FNDA:0,(anonymous_10)
FNDA:0,(anonymous_11)
FNDA:0,(anonymous_12)
DA:1,0
DA:13,0
DA:14,0
DA:15,0
DA:16,0
DA:17,0
DA:18,0
DA:19,0
DA:23,0
DA:24,0
DA:27,0
DA:28,0
DA:32,0
DA:33,0
DA:37,0
DA:38,0
DA:42,0
DA:46,0
DA:50,0
DA:51,0
DA:55,0
DA:56,0
DA:60,0
DA:64,0
DA:73,0
DA:74,0
LF:26
LH:0
BRDA:27,0,0,0
BRDA:27,0,1,0
BRDA:27,1,0,0
BRDA:27,1,1,0
BRDA:37,2,0,0
BRDA:37,2,1,0
BRDA:37,3,0,0
BRDA:37,3,1,0
BRDA:44,4,0,0
BRDA:44,4,1,0
BRDA:44,5,0,0
BRDA:44,5,1,0
BRDA:62,6,0,0
BRDA:62,6,1,0
BRDA:62,7,0,0
BRDA:62,7,1,0
BRDA:24,8,0,0
BRDA:24,8,1,0
BRDA:24,9,0,0
BRDA:24,9,1,0
BRF:20
BRH:0
end_of_record
TN:
SF:src\admin\dto\admin-ban-user.dto.ts
FNF:0
FNH:0
DA:1,0
DA:9,0
DA:11,0
DA:16,0
DA:20,0
LF:5
LH:0
BRF:0
BRH:0
end_of_record
TN:
SF:src\admin\dto\admin-create-user.dto.ts
FNF:0
FNH:0
DA:1,0
DA:12,0
DA:14,0
DA:23,0
DA:28,0
DA:33,0
DA:37,0
DA:41,0
LF:8
LH:0
BRF:0
BRH:0
end_of_record
TN:
SF:src\admin\dto\admin-list-users.dto.ts
FN:13,(anonymous_2)
FN:18,(anonymous_3)
FNF:2
FNH:0
FNDA:0,(anonymous_2)
FNDA:0,(anonymous_3)
DA:1,0
DA:2,0
DA:4,0
DA:7,0
DA:11,0
DA:13,0
DA:16,0
DA:18,0
DA:22,0
LF:9
LH:0
BRF:0
BRH:0
end_of_record
TN:
SF:src\admin\dto\admin-update-user.dto.ts
FNF:0
FNH:0
DA:1,0
DA:13,0
DA:16,0
DA:26,0
DA:31,0
DA:36,0
DA:40,0
DA:44,0
DA:48,0
DA:53,0
LF:10
LH:0
BRF:0
BRH:0
end_of_record
TN:
SF:src\admin\services\admin-users.service.ts
FN:20,(anonymous_13)
FN:24,(anonymous_14)
FN:59,(anonymous_15)
FN:80,(anonymous_16)
FN:105,(anonymous_17)
FN:144,(anonymous_18)
FN:156,(anonymous_19)
FN:189,(anonymous_20)
FN:201,(anonymous_21)
FN:210,(anonymous_22)
FN:217,(anonymous_23)
FN:224,(anonymous_24)
FNF:12
FNH:0
FNDA:0,(anonymous_13)
FNDA:0,(anonymous_14)
FNDA:0,(anonymous_15)
FNDA:0,(anonymous_16)
FNDA:0,(anonymous_17)
FNDA:0,(anonymous_18)
FNDA:0,(anonymous_19)
FNDA:0,(anonymous_20)
FNDA:0,(anonymous_21)
FNDA:0,(anonymous_22)
FNDA:0,(anonymous_23)
FNDA:0,(anonymous_24)
DA:1,0
DA:7,0
DA:8,0
DA:9,0
DA:10,0
DA:11,0
DA:19,0
DA:21,0
DA:25,0
DA:27,0
DA:28,0
DA:45,0
DA:46,0
DA:47,0
DA:49,0
DA:50,0
DA:55,0
DA:56,0
DA:60,0
DA:74,0
DA:75,0
DA:77,0
DA:81,0
DA:82,0
DA:83,0
DA:85,0
DA:86,0
DA:87,0
DA:89,0
DA:97,0
DA:98,0
DA:99,0
DA:106,0
DA:107,0
DA:108,0
DA:110,0
DA:111,0
DA:112,0
DA:114,0
DA:115,0
DA:116,0
DA:118,0
DA:119,0
DA:121,0
DA:122,0
DA:124,0
DA:125,0
DA:127,0
DA:128,0
DA:130,0
DA:131,0
DA:133,0
DA:134,0
DA:135,0
DA:137,0
DA:139,0
DA:140,0
DA:141,0
DA:145,0
DA:146,0
DA:147,0
DA:149,0
DA:150,0
DA:151,0
DA:152,0
DA:153,0
DA:162,0
DA:163,0
DA:164,0
DA:166,0
DA:167,0
DA:169,0
DA:170,0
DA:171,0
DA:172,0
DA:173,0
DA:175,0
DA:176,0
DA:177,0
DA:178,0
DA:180,0
DA:182,0
DA:183,0
DA:184,0
DA:185,0
DA:186,0
DA:190,0
DA:191,0
DA:192,0
DA:194,0
DA:195,0
DA:196,0
DA:197,0
DA:198,0
DA:202,0
DA:203,0
DA:204,0
DA:206,0
DA:207,0
DA:211,0
DA:212,0
DA:213,0
DA:218,0
DA:219,0
DA:220,0
DA:225,0
LF:106
LH:0
BRDA:25,0,0,0
BRDA:25,0,1,0
BRDA:25,1,0,0
BRDA:25,1,1,0
BRDA:27,2,0,0
BRDA:27,2,1,0
BRDA:27,3,0,0
BRDA:27,3,1,0
BRDA:45,4,0,0
BRDA:45,4,1,0
BRDA:49,5,0,0
BRDA:49,5,1,0
BRDA:74,6,0,0
BRDA:74,6,1,0
BRDA:85,7,0,0
BRDA:85,7,1,0
BRDA:87,8,0,0
BRDA:87,8,1,0
BRDA:94,9,0,0
BRDA:94,9,1,0
BRDA:95,10,0,0
BRDA:95,10,1,0
BRDA:101,11,0,0
BRDA:101,11,1,0
BRDA:107,12,0,0
BRDA:107,12,1,0
BRDA:110,13,0,0
BRDA:110,13,1,0
BRDA:110,14,0,0
BRDA:110,14,1,0
BRDA:114,15,0,0
BRDA:114,15,1,0
BRDA:114,16,0,0
BRDA:114,16,1,0
BRDA:118,17,0,0
BRDA:118,17,1,0
BRDA:121,18,0,0
BRDA:121,18,1,0
BRDA:122,19,0,0
BRDA:122,19,1,0
BRDA:124,20,0,0
BRDA:124,20,1,0
BRDA:125,21,0,0
BRDA:125,21,1,0
BRDA:127,22,0,0
BRDA:127,22,1,0
BRDA:130,23,0,0
BRDA:130,23,1,0
BRDA:133,24,0,0
BRDA:133,24,1,0
BRDA:134,25,0,0
BRDA:134,25,1,0
BRDA:146,26,0,0
BRDA:146,26,1,0
BRDA:163,27,0,0
BRDA:163,27,1,0
BRDA:166,28,0,0
BRDA:166,28,1,0
BRDA:166,29,0,0
BRDA:166,29,1,0
BRDA:170,30,0,0
BRDA:170,30,1,0
BRDA:172,31,0,0
BRDA:172,31,1,0
BRDA:176,32,0,0
BRDA:176,32,1,0
BRDA:176,33,0,0
BRDA:176,33,1,0
BRDA:191,34,0,0
BRDA:191,34,1,0
BRDA:203,35,0,0
BRDA:203,35,1,0
BRDA:212,36,0,0
BRDA:212,36,1,0
BRDA:212,37,0,0
BRDA:212,37,1,0
BRDA:219,38,0,0
BRDA:219,38,1,0
BRDA:219,39,0,0
BRDA:219,39,1,0
BRDA:21,40,0,0
BRDA:21,40,1,0
BRDA:21,41,0,0
BRDA:21,41,1,0
BRF:84
BRH:0
end_of_record
TN:
SF:src\bot\bot.module.ts
FN:14,(anonymous_1)
FNF:1
FNH:0
FNDA:0,(anonymous_1)
DA:1,0
DA:2,0
DA:3,0
DA:4,0
DA:5,0
DA:6,0
DA:7,0
DA:8,0
DA:9,0
DA:14,0
DA:19,0
LF:11
LH:0
BRF:0
BRH:0
end_of_record
TN:
SF:src\bot\entities\bot-name.entity.ts
FNF:0
FNH:0
DA:1,1
DA:9,1
DA:11,1
DA:14,1
DA:17,1
DA:20,1
LF:6
LH:6
BRDA:20,0,0,1
BRDA:20,0,1,0
BRDA:20,1,0,1
BRDA:20,1,1,1
BRF:4
BRH:3
end_of_record
TN:
SF:src\bot\services\bot.service.ts
FN:17,(anonymous_4)
FN:25,(anonymous_5)
FN:45,(anonymous_6)
FN:62,(anonymous_7)
FN:67,(anonymous_8)
FN:72,(anonymous_9)
FN:82,(anonymous_10)
FN:87,(anonymous_11)
FN:88,(anonymous_12)
FN:108,(anonymous_13)
FN:119,(anonymous_14)
FN:121,(anonymous_15)
FN:124,(anonymous_16)
FN:128,(anonymous_17)
FN:134,(anonymous_18)
FN:143,(anonymous_19)
FN:147,(anonymous_20)
FN:151,(anonymous_21)
FN:155,(anonymous_22)
FN:161,(anonymous_23)
FN:172,(anonymous_24)
FN:180,(anonymous_25)
FNF:22
FNH:0
FNDA:0,(anonymous_4)
FNDA:0,(anonymous_5)
FNDA:0,(anonymous_6)
FNDA:0,(anonymous_7)
FNDA:0,(anonymous_8)
FNDA:0,(anonymous_9)
FNDA:0,(anonymous_10)
FNDA:0,(anonymous_11)
FNDA:0,(anonymous_12)
FNDA:0,(anonymous_13)
FNDA:0,(anonymous_14)
FNDA:0,(anonymous_15)
FNDA:0,(anonymous_16)
FNDA:0,(anonymous_17)
FNDA:0,(anonymous_18)
FNDA:0,(anonymous_19)
FNDA:0,(anonymous_20)
FNDA:0,(anonymous_21)
FNDA:0,(anonymous_22)
FNDA:0,(anonymous_23)
FNDA:0,(anonymous_24)
FNDA:0,(anonymous_25)
DA:1,1
DA:7,1
DA:8,1
DA:9,1
DA:10,1
DA:11,1
DA:12,1
DA:13,1
DA:16,1
DA:18,0
DA:19,0
DA:21,0
DA:22,0
DA:30,0
DA:31,0
DA:32,0
DA:33,0
DA:35,0
DA:36,0
DA:37,0
DA:38,0
DA:40,0
DA:41,0
DA:42,0
DA:50,0
DA:51,0
DA:52,0
DA:55,0
DA:56,0
DA:58,0
DA:59,0
DA:63,0
DA:64,0
DA:71,0
DA:72,0
DA:73,0
DA:74,0
DA:75,0
DA:76,0
DA:79,0
DA:83,0
DA:84,0
DA:88,0
DA:89,0
DA:90,0
DA:91,0
DA:92,0
DA:93,0
DA:96,0
DA:97,0
DA:98,0
DA:99,0
DA:100,0
DA:101,0
DA:103,0
DA:105,0
DA:109,0
DA:113,0
DA:114,0
DA:115,0
DA:119,0
DA:121,0
DA:125,0
DA:126,0
DA:127,0
DA:128,0
DA:129,0
DA:131,0
DA:135,0
DA:136,0
DA:137,0
DA:138,0
DA:140,0
DA:144,0
DA:148,0
DA:152,0
DA:156,0
DA:162,0
DA:166,0
DA:167,0
DA:169,0
DA:173,0
DA:174,0
DA:181,0
DA:182,0
LF:85
LH:9
BRDA:32,0,0,0
BRDA:32,0,1,0
BRDA:37,1,0,0
BRDA:37,1,1,0
BRDA:55,2,0,0
BRDA:55,2,1,0
BRDA:73,3,0,0
BRDA:73,3,1,0
BRDA:73,4,0,0
BRDA:73,4,1,0
BRDA:75,5,0,0
BRDA:75,5,1,0
BRDA:84,6,0,0
BRDA:84,6,1,0
BRDA:92,7,0,0
BRDA:92,7,1,0
BRDA:96,8,0,0
BRDA:96,8,1,0
BRDA:100,9,0,0
BRDA:100,9,1,0
BRDA:113,10,0,0
BRDA:113,10,1,0
BRDA:127,11,0,0
BRDA:127,11,1,0
BRDA:166,12,0,0
BRDA:166,12,1,0
BRDA:173,13,0,0
BRDA:173,13,1,0
BRDA:173,14,0,0
BRDA:173,14,1,0
BRDA:181,15,0,0
BRDA:181,15,1,0
BRDA:18,16,0,1
BRDA:18,16,1,0
BRDA:18,17,0,1
BRDA:18,17,1,1
BRDA:18,18,0,1
BRDA:18,18,1,0
BRDA:18,19,0,1
BRDA:18,19,1,1
BRDA:19,20,0,1
BRDA:19,20,1,0
BRDA:19,21,0,1
BRDA:19,21,1,1
BRDA:21,22,0,1
BRDA:21,22,1,0
BRDA:21,23,0,1
BRDA:21,23,1,1
BRF:48
BRH:12
end_of_record
TN:
SF:src\catalog\catalog.module.ts
FNF:0
FNH:0
DA:1,0
DA:2,0
DA:3,0
DA:4,0
DA:5,0
DA:12,0
LF:6
LH:0
BRF:0
BRH:0
end_of_record
TN:
SF:src\catalog\services\catalog.service.ts
FN:35,(anonymous_2)
FN:41,(anonymous_3)
FN:49,(anonymous_4)
FN:57,(anonymous_5)
FN:60,(anonymous_6)
FN:64,(anonymous_7)
FN:66,(anonymous_8)
FN:69,(anonymous_9)
FN:74,(anonymous_10)
FN:79,(anonymous_11)
FN:84,(anonymous_12)
FN:89,(anonymous_13)
FN:94,(anonymous_14)
FN:96,(anonymous_15)
FN:114,(anonymous_16)
FN:124,(anonymous_17)
FN:130,(anonymous_18)
FN:139,(anonymous_19)
FN:155,(anonymous_20)
FN:187,(anonymous_21)
FN:188,(anonymous_22)
FN:197,(anonymous_23)
FN:228,(anonymous_24)
FN:241,(anonymous_25)
FN:248,(anonymous_26)
FN:253,(anonymous_27)
FNF:26
FNH:0
FNDA:0,(anonymous_2)
FNDA:0,(anonymous_3)
FNDA:0,(anonymous_4)
FNDA:0,(anonymous_5)
FNDA:0,(anonymous_6)
FNDA:0,(anonymous_7)
FNDA:0,(anonymous_8)
FNDA:0,(anonymous_9)
FNDA:0,(anonymous_10)
FNDA:0,(anonymous_11)
FNDA:0,(anonymous_12)
FNDA:0,(anonymous_13)
FNDA:0,(anonymous_14)
FNDA:0,(anonymous_15)
FNDA:0,(anonymous_16)
FNDA:0,(anonymous_17)
FNDA:0,(anonymous_18)
FNDA:0,(anonymous_19)
FNDA:0,(anonymous_20)
FNDA:0,(anonymous_21)
FNDA:0,(anonymous_22)
FNDA:0,(anonymous_23)
FNDA:0,(anonymous_24)
FNDA:0,(anonymous_25)
FNDA:0,(anonymous_26)
FNDA:0,(anonymous_27)
DA:1,1
DA:2,1
DA:30,1
DA:31,0
DA:32,0
DA:35,0
DA:36,0
DA:37,0
DA:42,0
DA:46,0
DA:48,0
DA:49,0
DA:50,0
DA:54,0
DA:58,0
DA:59,0
DA:60,0
DA:61,0
DA:65,0
DA:66,0
DA:70,0
DA:71,0
DA:75,0
DA:76,0
DA:80,0
DA:81,0
DA:82,0
DA:84,0
DA:85,0
DA:90,0
DA:91,0
DA:95,0
DA:96,0
DA:97,0
DA:98,0
DA:99,0
DA:100,0
DA:115,0
DA:117,0
DA:120,0
DA:125,0
DA:132,0
DA:136,0
DA:143,0
DA:144,0
DA:145,0
DA:146,0
DA:148,0
DA:149,0
DA:150,0
DA:152,0
DA:159,0
DA:161,0
DA:162,0
DA:163,0
DA:164,0
DA:166,0
DA:167,0
DA:174,0
DA:175,0
DA:176,0
DA:177,0
DA:178,0
DA:187,0
DA:188,0
DA:193,0
DA:198,0
DA:200,0
DA:201,0
DA:202,0
DA:203,0
DA:204,0
DA:211,0
DA:212,0
DA:213,0
DA:214,0
DA:215,0
DA:216,0
DA:225,0
DA:229,0
DA:230,0
DA:231,0
DA:233,0
DA:234,0
DA:235,0
DA:237,0
DA:238,0
DA:242,0
DA:243,0
DA:244,0
DA:246,0
DA:248,0
DA:250,0
DA:251,0
DA:253,0
LF:95
LH:3
BRDA:36,0,0,0
BRDA:36,0,1,0
BRDA:38,1,0,0
BRDA:38,1,1,0
BRDA:38,2,0,0
BRDA:38,2,1,0
BRDA:42,3,0,0
BRDA:42,3,1,0
BRDA:43,4,0,0
BRDA:43,4,1,0
BRDA:43,4,2,0
BRDA:51,5,0,0
BRDA:51,5,1,0
BRDA:81,6,0,0
BRDA:81,6,1,0
BRDA:97,7,0,0
BRDA:97,7,1,0
BRDA:98,8,0,0
BRDA:98,8,1,0
BRDA:103,9,0,0
BRDA:103,9,1,0
BRDA:104,10,0,0
BRDA:104,10,1,0
BRDA:105,11,0,0
BRDA:105,11,1,0
BRDA:115,12,0,0
BRDA:115,12,1,0
BRDA:145,13,0,0
BRDA:145,13,1,0
BRDA:149,14,0,0
BRDA:149,14,1,0
BRDA:150,15,0,0
BRDA:150,15,1,0
BRDA:162,16,0,0
BRDA:162,16,1,0
BRDA:163,17,0,0
BRDA:163,17,1,0
BRDA:166,18,0,0
BRDA:166,18,1,0
BRDA:174,19,0,0
BRDA:174,19,1,0
BRDA:177,20,0,0
BRDA:177,20,1,0
BRDA:201,21,0,0
BRDA:201,21,1,0
BRDA:203,22,0,0
BRDA:203,22,1,0
BRDA:211,23,0,0
BRDA:211,23,1,0
BRDA:212,24,0,0
BRDA:212,24,1,0
BRDA:215,25,0,0
BRDA:215,25,1,0
BRDA:229,26,0,0
BRDA:229,26,1,0
BRDA:230,27,0,0
BRDA:230,27,1,0
BRDA:233,28,0,0
BRDA:233,28,1,0
BRDA:234,29,0,0
BRDA:234,29,1,0
BRDA:243,30,0,0
BRDA:243,30,1,0
BRDA:250,31,0,0
BRDA:250,31,1,0
BRDA:35,32,0,1
BRDA:35,32,1,0
BRDA:35,33,0,1
BRDA:35,33,1,1
BRF:69
BRH:3
end_of_record
TN:
SF:src\catalog\ws\catalog-ws.handler.ts
FN:8,(anonymous_2)
FN:13,(anonymous_3)
FN:19,(anonymous_4)
FN:24,(anonymous_5)
FN:30,(anonymous_6)
FNF:5
FNH:0
FNDA:0,(anonymous_2)
FNDA:0,(anonymous_3)
FNDA:0,(anonymous_4)
FNDA:0,(anonymous_5)
FNDA:0,(anonymous_6)
DA:1,0
DA:2,0
DA:3,0
DA:4,0
DA:7,0
DA:9,0
DA:10,0
DA:14,0
DA:15,0
DA:16,0
DA:20,0
DA:21,0
DA:25,0
DA:26,0
DA:27,0
DA:31,0
DA:32,0
LF:17
LH:0
BRDA:9,0,0,0
BRDA:9,0,1,0
BRDA:9,1,0,0
BRDA:9,1,1,0
BRDA:9,2,0,0
BRDA:9,2,1,0
BRDA:9,3,0,0
BRDA:9,3,1,0
BRF:8
BRH:0
end_of_record
TN:
SF:src\catalog\ws\catalog-ws.registrar.ts
FN:7,(anonymous_2)
FN:12,(anonymous_3)
FN:13,(anonymous_4)
FN:14,(anonymous_5)
FN:17,(anonymous_6)
FN:20,(anonymous_7)
FNF:6
FNH:0
FNDA:0,(anonymous_2)
FNDA:0,(anonymous_3)
FNDA:0,(anonymous_4)
FNDA:0,(anonymous_5)
FNDA:0,(anonymous_6)
FNDA:0,(anonymous_7)
DA:1,0
DA:2,0
DA:3,0
DA:6,0
DA:8,0
DA:9,0
DA:13,0
DA:14,0
DA:15,0
DA:17,0
DA:18,0
DA:20,0
LF:12
LH:0
BRDA:8,0,0,0
BRDA:8,0,1,0
BRDA:8,1,0,0
BRDA:8,1,1,0
BRDA:8,2,0,0
BRDA:8,2,1,0
BRDA:8,3,0,0
BRDA:8,3,1,0
BRF:8
BRH:0
end_of_record
TN:
SF:src\catalog\ws\ws.dto.ts
FNF:0
FNH:0
DA:1,0
DA:3,0
DA:6,0
LF:3
LH:0
BRF:0
BRH:0
end_of_record
TN:
SF:src\chat\chat.module.ts
FNF:0
FNH:0
DA:1,0
DA:2,0
DA:3,0
DA:4,0
DA:5,0
DA:6,0
DA:13,0
LF:7
LH:0
BRF:0
BRH:0
end_of_record
TN:
SF:src\chat\entities\chat-message.entity.ts
FN:18,(anonymous_2)
FNF:1
FNH:0
FNDA:0,(anonymous_2)
DA:1,1
DA:10,1
DA:14,1
DA:16,1
DA:18,0
DA:20,1
DA:23,1
DA:26,1
DA:29,1
DA:32,1
LF:10
LH:9
BRDA:20,0,0,1
BRDA:20,0,1,0
BRDA:20,1,0,1
BRDA:20,1,1,1
BRDA:29,2,0,1
BRDA:29,2,1,0
BRDA:29,3,0,1
BRDA:29,3,1,1
BRF:8
BRH:6
end_of_record
TN:
SF:src\chat\services\chat.service.ts
FN:13,(anonymous_4)
FN:21,(anonymous_5)
FN:36,(anonymous_6)
FN:55,(anonymous_7)
FN:75,(anonymous_8)
FN:76,(anonymous_9)
FN:79,(anonymous_10)
FNF:7
FNH:0
FNDA:0,(anonymous_4)
FNDA:0,(anonymous_5)
FNDA:0,(anonymous_6)
FNDA:0,(anonymous_7)
FNDA:0,(anonymous_8)
FNDA:0,(anonymous_9)
FNDA:0,(anonymous_10)
DA:1,1
DA:2,1
DA:3,1
DA:4,1
DA:5,1
DA:6,1
DA:7,1
DA:10,1
DA:11,1
DA:15,0
DA:17,0
DA:18,0
DA:22,0
DA:23,0
DA:24,0
DA:26,0
DA:27,0
DA:33,0
DA:40,0
DA:47,0
DA:48,0
DA:51,0
DA:52,0
DA:57,0
DA:58,0
DA:62,0
DA:76,0
DA:80,0
LF:28
LH:9
BRDA:23,0,0,0
BRDA:23,0,1,0
BRDA:37,1,0,0
BRDA:47,2,0,0
BRDA:47,2,1,0
BRDA:57,3,0,0
BRDA:57,3,1,0
BRDA:58,4,0,0
BRDA:58,4,1,0
BRDA:70,5,0,0
BRDA:70,5,1,0
BRDA:15,6,0,1
BRDA:15,6,1,0
BRDA:15,7,0,1
BRDA:15,7,1,1
BRDA:15,8,0,1
BRDA:15,8,1,0
BRDA:15,9,0,1
BRDA:15,9,1,1
BRDA:17,10,0,1
BRDA:17,10,1,0
BRDA:17,11,0,1
BRDA:17,11,1,1
BRF:23
BRH:9
end_of_record
TN:
SF:src\chat\services\chat.validator.ts
FN:9,(anonymous_1)
FNF:1
FNH:0
FNDA:0,(anonymous_1)
DA:1,1
DA:2,1
DA:8,1
DA:10,0
DA:14,0
DA:15,0
DA:17,0
DA:18,0
DA:20,0
LF:9
LH:3
BRDA:14,0,0,0
BRDA:14,0,1,0
BRDA:17,1,0,0
BRDA:17,1,1,0
BRF:4
BRH:0
end_of_record
TN:
SF:src\common\errors\game-errors.ts
FN:18,(anonymous_0)
FN:31,(anonymous_1)
FN:46,(anonymous_2)
FN:58,(anonymous_3)
FN:70,(anonymous_4)
FN:82,(anonymous_5)
FN:94,(anonymous_6)
FN:102,(anonymous_7)
FNF:8
FNH:3
FNDA:7,(anonymous_0)
FNDA:0,(anonymous_1)
FNDA:6,(anonymous_2)
FNDA:0,(anonymous_3)
FNDA:0,(anonymous_4)
FNDA:0,(anonymous_5)
FNDA:6,(anonymous_6)
FNDA:0,(anonymous_7)
DA:17,11
DA:20,7
DA:21,7
DA:23,7
DA:24,7
DA:25,7
DA:32,0
DA:45,11
DA:50,6
DA:57,11
DA:62,0
DA:69,11
DA:74,0
DA:81,11
DA:86,0
DA:93,11
DA:96,6
DA:99,6
DA:103,0
LF:19
LH:14
BRDA:21,0,0,0
BRDA:48,1,0,0
BRDA:60,2,0,0
BRDA:72,3,0,0
BRDA:84,4,0,0
BRDA:97,5,0,0
BRF:6
BRH:0
end_of_record
TN:
SF:src\common\guards\admin-role.guard.ts
FN:14,(anonymous_1)
FNF:1
FNH:0
FNDA:0,(anonymous_1)
DA:1,0
DA:13,0
DA:15,0
DA:16,0
DA:17,0
DA:18,0
DA:19,0
DA:20,0
DA:22,0
LF:9
LH:0
BRDA:16,0,0,0
BRDA:16,0,1,0
BRDA:17,1,0,0
BRDA:17,1,1,0
BRDA:18,2,0,0
BRDA:18,2,1,0
BRDA:19,3,0,0
BRDA:19,3,1,0
BRF:8
BRH:0
end_of_record
TN:
SF:src\common\guards\http-jwt.guard.ts
FN:12,(anonymous_11)
FN:14,(anonymous_12)
FN:22,(anonymous_13)
FN:42,(anonymous_14)
FNF:4
FNH:4
FNDA:1,(anonymous_11)
FNDA:1,(anonymous_12)
FNDA:1,(anonymous_13)
FNDA:1,(anonymous_14)
DA:1,1
DA:7,1
DA:8,1
DA:11,1
DA:12,1
DA:15,1
DA:16,1
DA:17,1
DA:18,1
DA:19,1
DA:23,1
DA:24,0
DA:26,1
DA:28,1
DA:29,0
DA:31,1
DA:32,1
DA:37,0
DA:39,1
DA:43,1
DA:44,1
DA:45,0
DA:47,1
DA:48,1
DA:50,0
LF:25
LH:20
BRDA:23,0,0,0
BRDA:23,0,1,1
BRDA:26,1,0,1
BRDA:26,1,1,0
BRDA:28,2,0,0
BRDA:28,2,1,1
BRDA:28,3,0,1
BRDA:28,3,1,1
BRDA:32,4,0,0
BRDA:32,4,1,1
BRDA:33,5,0,1
BRDA:33,5,1,1
BRDA:33,5,2,1
BRDA:44,6,0,0
BRDA:44,6,1,1
BRDA:12,7,0,1
BRDA:12,7,1,0
BRDA:12,8,0,1
BRDA:12,8,1,1
BRF:19
BRH:13
end_of_record
TN:
SF:src\common\guards\ws-jwt.guard.ts
FN:13,(anonymous_11)
FN:15,(anonymous_12)
FN:32,(anonymous_13)
FN:50,(anonymous_14)
FN:60,(anonymous_15)
FN:72,(anonymous_16)
FNF:6
FNH:5
FNDA:1,(anonymous_11)
FNDA:1,(anonymous_12)
FNDA:4,(anonymous_13)
FNDA:0,(anonymous_14)
FNDA:1,(anonymous_15)
FNDA:1,(anonymous_16)
DA:1,1
DA:7,1
DA:8,1
DA:12,1
DA:13,1
DA:16,1
DA:17,1
DA:18,1
DA:20,1
DA:27,1
DA:28,1
DA:29,1
DA:33,4
DA:34,0
DA:36,4
DA:37,4
DA:38,0
DA:39,0
DA:44,0
DA:47,4
DA:51,0
DA:52,0
DA:54,0
DA:55,0
DA:57,0
DA:61,1
DA:62,0
DA:64,1
DA:65,1
DA:66,1
DA:68,0
DA:73,1
DA:74,0
DA:76,1
DA:77,1
DA:78,0
DA:80,1
DA:81,1
DA:83,0
LF:39
LH:25
BRDA:17,0,0,1
BRDA:17,0,1,0
BRDA:20,1,0,1
BRDA:20,1,1,1
BRDA:20,1,2,1
BRDA:20,1,3,1
BRDA:20,1,4,1
BRDA:20,1,5,0
BRDA:20,1,6,0
BRDA:24,2,0,1
BRDA:24,2,1,0
BRDA:33,3,0,0
BRDA:33,3,1,4
BRDA:36,4,0,4
BRDA:36,4,1,4
BRDA:37,5,0,0
BRDA:37,5,1,4
BRDA:37,6,0,4
BRDA:37,6,1,0
BRDA:39,7,0,0
BRDA:39,7,1,0
BRDA:40,8,0,0
BRDA:40,8,1,0
BRDA:40,8,2,0
BRDA:51,9,0,0
BRDA:51,9,1,0
BRDA:54,10,0,0
BRDA:54,10,1,0
BRDA:54,11,0,0
BRDA:54,11,1,0
BRDA:61,12,0,0
BRDA:61,12,1,1
BRDA:61,13,0,1
BRDA:61,13,1,1
BRDA:73,14,0,0
BRDA:73,14,1,1
BRDA:77,15,0,0
BRDA:77,15,1,1
BRDA:13,16,0,1
BRDA:13,16,1,0
BRDA:13,17,0,1
BRDA:13,17,1,1
BRF:42
BRH:20
end_of_record
TN:
SF:src\common\pubsub\redis-pubsub.transport.ts
FN:7,(anonymous_0)
FN:12,(anonymous_1)
FN:16,(anonymous_2)
FN:20,(anonymous_3)
FN:21,(anonymous_4)
FN:31,(anonymous_5)
FNF:6
FNH:0
FNDA:0,(anonymous_0)
FNDA:0,(anonymous_1)
FNDA:0,(anonymous_2)
FNDA:0,(anonymous_3)
FNDA:0,(anonymous_4)
FNDA:0,(anonymous_5)
DA:1,1
DA:3,1
DA:7,0
DA:8,0
DA:9,0
DA:13,0
DA:17,0
DA:21,0
DA:22,0
DA:23,0
DA:24,0
DA:32,0
LF:12
LH:2
BRF:0
BRH:0
end_of_record
TN:
SF:src\common\services\game-logger.module.ts
FNF:0
FNH:0
DA:1,0
DA:2,0
DA:13,0
LF:3
LH:0
BRF:0
BRH:0
end_of_record
TN:
SF:src\common\services\game-logger.service.ts
FN:27,(anonymous_11)
FN:40,(anonymous_12)
FN:78,(anonymous_13)
FN:93,(anonymous_14)
FN:123,(anonymous_15)
FN:133,(anonymous_16)
FN:143,(anonymous_17)
FN:153,(anonymous_18)
FN:173,(anonymous_19)
FN:188,(anonymous_20)
FN:203,(anonymous_21)
FN:222,(anonymous_22)
FN:237,(anonymous_23)
FNF:13
FNH:11
FNDA:16,(anonymous_11)
FNDA:0,(anonymous_12)
FNDA:0,(anonymous_13)
FNDA:5,(anonymous_14)
FNDA:4,(anonymous_15)
FNDA:2,(anonymous_16)
FNDA:3,(anonymous_17)
FNDA:1,(anonymous_18)
FNDA:1,(anonymous_19)
FNDA:1,(anonymous_20)
FNDA:3,(anonymous_21)
FNDA:1,(anonymous_22)
FNDA:17,(anonymous_23)
DA:1,2
DA:2,2
DA:3,2
DA:4,2
DA:5,2
DA:6,2
DA:24,2
DA:27,16
DA:28,16
DA:29,16
DA:30,16
DA:35,16
DA:41,0
DA:44,0
DA:50,16
DA:51,0
DA:66,16
DA:79,0
DA:80,0
DA:81,0
DA:83,0
DA:86,0
DA:94,5
DA:99,5
DA:100,1
DA:107,4
DA:108,1
DA:113,3
DA:114,0
DA:117,5
DA:124,4
DA:134,2
DA:144,3
DA:160,1
DA:178,1
DA:193,1
DA:208,3
DA:212,3
DA:227,1
DA:238,17
LF:40
LH:31
BRDA:30,0,0,0
BRDA:30,0,1,16
BRDA:32,1,0,0
BRDA:32,1,1,0
BRDA:41,2,0,0
BRDA:41,2,1,0
BRDA:50,3,0,0
BRDA:50,3,1,16
BRDA:96,4,0,5
BRDA:96,4,1,1
BRDA:99,5,0,1
BRDA:99,5,1,4
BRDA:107,6,0,1
BRDA:107,6,1,3
BRDA:113,7,0,0
BRDA:113,7,1,3
BRDA:126,8,0,4
BRDA:126,8,1,2
BRDA:136,9,0,2
BRDA:136,9,1,0
BRDA:146,10,0,3
BRDA:146,10,1,0
BRDA:208,11,0,2
BRDA:208,11,1,1
BRDA:208,12,0,3
BRDA:208,12,1,2
BRDA:27,13,0,2
BRDA:27,13,1,0
BRDA:27,14,0,2
BRDA:27,14,1,2
BRF:30
BRH:20
end_of_record
TN:
SF:src\common\session\redis-session-store.ts
FN:10,(anonymous_0)
FN:17,(anonymous_1)
FN:26,(anonymous_2)
FN:36,(anonymous_3)
FNF:4
FNH:0
FNDA:0,(anonymous_0)
FNDA:0,(anonymous_1)
FNDA:0,(anonymous_2)
FNDA:0,(anonymous_3)
DA:6,0
DA:8,0
DA:13,0
DA:14,0
DA:18,0
DA:27,0
DA:28,0
DA:29,0
DA:30,0
DA:32,0
DA:37,0
LF:11
LH:0
BRDA:28,0,0,0
BRDA:28,0,1,0
BRF:2
BRH:0
end_of_record
TN:
SF:src\common\session\session-store.interface.ts
FNF:0
FNH:0
DA:1,0
LF:1
LH:0
BRF:0
BRH:0
end_of_record
TN:
SF:src\common\utils\damenature-logger.ts
FN:7,dameNatureLog
FNF:1
FNH:1
FNDA:127,dameNatureLog
DA:1,2
DA:2,2
DA:4,2
DA:5,2
DA:7,2
DA:11,127
DA:12,127
DA:13,127
DA:23,127
LF:9
LH:9
BRF:0
BRH:0
end_of_record
TN:
SF:src\common\utils\message-sanitizer.ts
FN:9,sanitizeMessage
FNF:1
FNH:0
FNDA:0,sanitizeMessage
DA:1,1
DA:9,1
DA:14,0
DA:15,0
DA:16,0
DA:17,0
DA:19,0
DA:20,0
DA:22,0
DA:23,0
DA:24,0
DA:26,0
LF:12
LH:2
BRDA:11,0,0,0
BRDA:13,1,0,0
BRDA:13,2,0,0
BRDA:13,3,0,0
BRDA:15,4,0,0
BRDA:15,4,1,0
BRDA:16,5,0,0
BRDA:16,5,1,0
BRDA:19,6,0,0
BRDA:19,6,1,0
BRDA:23,7,0,0
BRDA:23,7,1,0
BRF:12
BRH:0
end_of_record
TN:
SF:src\common\utils\mojibake.ts
FN:3,readTextFileWithFallback
FN:14,fixMojibakeString
FN:15,(anonymous_11)
FN:27,(anonymous_12)
FN:74,(anonymous_13)
FN:88,fixMojibakeDeep
FN:93,(anonymous_15)
FN:98,(anonymous_16)
FN:106,readJsonFileWithFallback
FNF:9
FNH:9
FNDA:30,readTextFileWithFallback
FNDA:1524,fixMojibakeString
FNDA:1554,(anonymous_11)
FNDA:15,(anonymous_12)
FNDA:30,(anonymous_13)
FNDA:2186,fixMojibakeDeep
FNDA:1075,(anonymous_15)
FNDA:1077,(anonymous_16)
FNDA:26,readJsonFileWithFallback
DA:1,5
DA:3,5
DA:4,30
DA:7,28
DA:8,28
DA:9,0
DA:14,5
DA:15,1524
DA:16,1554
DA:21,1554
DA:22,1554
DA:24,1524
DA:25,1524
DA:27,15
DA:28,15
DA:57,15
DA:58,15
DA:59,204
DA:60,204
DA:61,201
DA:62,3
DA:63,2
DA:65,1
DA:68,15
DA:71,15
DA:74,30
DA:76,15
DA:77,15
DA:78,15
DA:79,30
DA:80,30
DA:81,13
DA:82,13
DA:85,15
DA:88,5
DA:89,2186
DA:90,1518
DA:92,668
DA:93,1075
DA:95,484
DA:96,422
DA:97,422
DA:98,422
DA:99,1077
DA:101,422
DA:103,62
DA:106,5
DA:107,26
DA:108,25
DA:109,24
LF:50
LH:49
BRDA:7,0,0,28
BRDA:7,0,1,27
BRDA:8,1,0,28
BRDA:8,1,1,0
BRDA:17,2,0,1554
BRDA:17,2,1,1540
BRDA:21,3,0,1554
BRDA:21,3,1,1548
BRDA:25,4,0,1509
BRDA:25,4,1,15
BRDA:59,5,0,204
BRDA:59,5,1,0
BRDA:60,6,0,201
BRDA:60,6,1,3
BRDA:62,7,0,2
BRDA:62,7,1,1
BRDA:74,8,0,30
BRDA:74,8,1,30
BRDA:80,9,0,13
BRDA:80,9,1,17
BRDA:89,10,0,1518
BRDA:89,10,1,668
BRDA:92,11,0,184
BRDA:92,11,1,484
BRDA:95,12,0,422
BRDA:95,12,1,62
BRDA:95,13,0,484
BRDA:95,13,1,480
BRF:28
BRH:26
end_of_record
TN:
SF:src\common\utils\playing-logger.ts
FN:6,playingLog
FN:27,resolveLogPath
FN:41,ensureDir
FNF:3
FNH:2
FNDA:31,playingLog
FNDA:11,resolveLogPath
FNDA:0,ensureDir
DA:1,11
DA:2,11
DA:4,11
DA:6,11
DA:10,31
DA:11,31
DA:21,31
DA:28,11
DA:30,11
DA:31,11
DA:33,11
DA:38,11
DA:42,0
DA:43,0
DA:44,0
DA:46,0
DA:48,0
LF:17
LH:12
BRDA:33,0,0,11
BRDA:33,0,1,0
BRDA:33,1,0,11
BRDA:33,1,1,0
BRDA:35,2,0,0
BRDA:35,2,1,0
BRDA:43,3,0,0
BRDA:43,3,1,0
BRF:8
BRH:2
end_of_record
TN:
SF:src\common\utils\sanitize-text.ts
FN:1,sanitizeText
FNF:1
FNH:1
FNDA:5,sanitizeText
DA:1,2
DA:2,5
DA:3,5
LF:3
LH:3
BRDA:2,0,0,0
BRDA:2,0,1,5
BRF:2
BRH:1
end_of_record
TN:
SF:src\common\utils\seeded-rng.ts
FN:6,normalizeSeed
FN:12,mulberry32
FN:14,(anonymous_2)
FN:23,ensureSeededRng
FN:31,nextRngFloat
FN:42,nextRngInt
FNF:6
FNH:6
FNDA:24,normalizeSeed
FNDA:12,mulberry32
FNDA:12,(anonymous_2)
FNDA:12,ensureSeededRng
FNDA:12,nextRngFloat
FNDA:12,nextRngInt
DA:7,24
DA:8,24
DA:9,22
DA:13,12
DA:14,12
DA:15,12
DA:16,12
DA:17,12
DA:18,12
DA:19,12
DA:23,11
DA:24,12
DA:26,12
DA:27,12
DA:28,12
DA:31,11
DA:35,12
DA:36,12
DA:37,12
DA:38,12
DA:39,12
DA:42,11
DA:46,12
DA:47,12
DA:48,0
DA:50,12
DA:51,12
LF:27
LH:26
BRDA:7,0,0,22
BRDA:7,0,1,2
BRDA:8,1,0,2
BRDA:8,1,1,22
BRDA:24,2,0,12
BRDA:24,2,1,1
BRDA:26,3,0,12
BRDA:26,3,1,1
BRDA:27,4,0,12
BRDA:27,4,1,1
BRDA:47,5,0,0
BRDA:47,5,1,12
BRDA:47,6,0,12
BRDA:47,6,1,12
BRF:14
BRH:13
end_of_record
TN:
SF:src\common\utils\seeded-shuffle.ts
FN:1,fnv1a32
FN:10,mulberry32
FN:12,(anonymous_2)
FN:21,seededShuffle
FNF:4
FNH:4
FNDA:1092,fnv1a32
FNDA:1092,mulberry32
FNDA:7072,(anonymous_2)
FNDA:1092,seededShuffle
DA:2,1092
DA:3,1092
DA:4,34216
DA:5,34216
DA:7,1092
DA:11,1092
DA:12,1092
DA:13,7072
DA:14,7072
DA:15,7072
DA:16,7072
DA:17,7072
DA:21,11
DA:26,1092
DA:27,1092
DA:28,1092
DA:29,1092
DA:30,7072
DA:31,7072
DA:32,7072
DA:33,7072
DA:35,1092
LF:22
LH:22
BRDA:24,0,0,0
BRDA:27,1,0,1092
BRDA:27,1,1,0
BRF:3
BRH:1
end_of_record
TN:
SF:src\common\validation\payload-validation.service.ts
FN:7,(anonymous_1)
FN:18,(anonymous_2)
FNF:2
FNH:0
FNDA:0,(anonymous_1)
FNDA:0,(anonymous_2)
DA:1,0
DA:2,0
DA:3,0
DA:6,0
DA:8,0
DA:11,0
DA:16,0
DA:17,0
DA:18,0
DA:21,0
DA:23,0
LF:11
LH:0
BRDA:8,0,0,0
BRDA:8,0,1,0
BRDA:16,1,0,0
BRDA:16,1,1,0
BRDA:18,2,0,0
BRDA:18,2,1,0
BRDA:21,3,0,0
BRDA:21,3,1,0
BRF:8
BRH:0
end_of_record
TN:
SF:src\common\validation\validation.module.ts
FNF:0
FNH:0
DA:1,0
DA:2,0
DA:9,0
LF:3
LH:0
BRF:0
BRH:0
end_of_record
TN:
SF:src\common\validators\json-content.validator.ts
FN:14,(anonymous_0)
FN:16,(anonymous_1)
FN:51,(anonymous_2)
FN:56,(anonymous_3)
FN:92,(anonymous_4)
FN:97,(anonymous_5)
FN:137,(anonymous_6)
FN:142,(anonymous_7)
FN:196,(anonymous_8)
FN:215,(anonymous_9)
FN:217,(anonymous_10)
FN:227,createGameContentValidators
FNF:12
FNH:0
FNDA:0,(anonymous_0)
FNDA:0,(anonymous_1)
FNDA:0,(anonymous_2)
FNDA:0,(anonymous_3)
FNDA:0,(anonymous_4)
FNDA:0,(anonymous_5)
FNDA:0,(anonymous_6)
FNDA:0,(anonymous_7)
FNDA:0,(anonymous_8)
FNDA:0,(anonymous_9)
FNDA:0,(anonymous_10)
FNDA:0,createGameContentValidators
DA:1,0
DA:13,0
DA:14,0
DA:17,0
DA:18,0
DA:24,0
DA:26,0
DA:27,0
DA:33,0
DA:34,0
DA:50,0
DA:52,0
DA:53,0
DA:57,0
DA:58,0
DA:64,0
DA:66,0
DA:67,0
DA:73,0
DA:74,0
DA:91,0
DA:93,0
DA:94,0
DA:98,0
DA:99,0
DA:105,0
DA:107,0
DA:108,0
DA:114,0
DA:115,0
DA:117,0
DA:118,0
DA:136,0
DA:138,0
DA:139,0
DA:143,0
DA:144,0
DA:150,0
DA:152,0
DA:153,0
DA:159,0
DA:160,0
DA:162,0
DA:163,0
DA:174,0
DA:175,0
DA:176,0
DA:195,0
DA:197,0
DA:203,0
DA:214,0
DA:215,0
DA:218,0
DA:219,0
DA:227,0
DA:233,0
LF:56
LH:0
BRDA:17,0,0,0
BRDA:17,0,1,0
BRDA:17,1,0,0
BRDA:17,1,1,0
BRDA:19,2,0,0
BRDA:19,2,1,0
BRDA:26,3,0,0
BRDA:26,3,1,0
BRDA:28,4,0,0
BRDA:28,4,1,0
BRDA:33,5,0,0
BRDA:33,5,1,0
BRDA:35,6,0,0
BRDA:35,6,1,0
BRDA:53,7,0,0
BRDA:57,8,0,0
BRDA:57,8,1,0
BRDA:57,9,0,0
BRDA:57,9,1,0
BRDA:59,10,0,0
BRDA:59,10,1,0
BRDA:66,11,0,0
BRDA:66,11,1,0
BRDA:68,12,0,0
BRDA:68,12,1,0
BRDA:73,13,0,0
BRDA:73,13,1,0
BRDA:75,14,0,0
BRDA:75,14,1,0
BRDA:98,15,0,0
BRDA:98,15,1,0
BRDA:98,16,0,0
BRDA:98,16,1,0
BRDA:100,17,0,0
BRDA:100,17,1,0
BRDA:107,18,0,0
BRDA:107,18,1,0
BRDA:107,19,0,0
BRDA:107,19,1,0
BRDA:109,20,0,0
BRDA:109,20,1,0
BRDA:114,21,0,0
BRDA:114,21,1,0
BRDA:115,22,0,0
BRDA:115,22,1,0
BRDA:117,23,0,0
BRDA:117,23,1,0
BRDA:119,24,0,0
BRDA:119,24,1,0
BRDA:143,25,0,0
BRDA:143,25,1,0
BRDA:143,26,0,0
BRDA:143,26,1,0
BRDA:145,27,0,0
BRDA:145,27,1,0
BRDA:152,28,0,0
BRDA:152,28,1,0
BRDA:154,29,0,0
BRDA:154,29,1,0
BRDA:162,30,0,0
BRDA:162,30,1,0
BRDA:162,31,0,0
BRDA:162,31,1,0
BRDA:164,32,0,0
BRDA:164,32,1,0
BRDA:175,33,0,0
BRDA:175,33,1,0
BRDA:177,34,0,0
BRDA:177,34,1,0
BRDA:197,35,0,0
BRDA:197,35,1,0
BRDA:198,36,0,0
BRDA:198,36,1,0
BRDA:198,36,2,0
BRDA:198,36,3,0
BRDA:198,36,4,0
BRDA:198,36,5,0
BRDA:204,37,0,0
BRDA:204,37,1,0
BRDA:231,38,0,0
BRF:80
BRH:0
end_of_record
TN:
SF:src\common\ws\ws-auth.ts
FN:6,requireUser
FNF:1
FNH:0
FNDA:0,requireUser
DA:1,0
DA:6,0
DA:7,0
DA:8,0
DA:10,0
LF:5
LH:0
BRDA:7,0,0,0
BRDA:7,0,1,0
BRF:2
BRH:0
end_of_record
TN:
SF:src\common\ws\ws-jwt-auth.service.ts
FN:9,(anonymous_11)
FN:11,(anonymous_12)
FN:24,(anonymous_13)
FN:33,(anonymous_14)
FN:42,(anonymous_15)
FN:54,(anonymous_16)
FN:66,(anonymous_17)
FNF:7
FNH:0
FNDA:0,(anonymous_11)
FNDA:0,(anonymous_12)
FNDA:0,(anonymous_13)
FNDA:0,(anonymous_14)
FNDA:0,(anonymous_15)
FNDA:0,(anonymous_16)
FNDA:0,(anonymous_17)
DA:1,0
DA:2,0
DA:3,0
DA:8,0
DA:9,0
DA:13,0
DA:14,0
DA:16,0
DA:18,0
DA:19,0
DA:21,0
DA:25,0
DA:26,0
DA:27,0
DA:29,0
DA:34,0
DA:35,0
DA:36,0
DA:38,0
DA:43,0
DA:44,0
DA:45,0
DA:46,0
DA:47,0
DA:48,0
DA:51,0
DA:55,0
DA:56,0
DA:58,0
DA:59,0
DA:60,0
DA:62,0
DA:68,0
DA:69,0
DA:70,0
DA:72,0
LF:36
LH:0
BRDA:13,0,0,0
BRDA:13,0,1,0
BRDA:13,0,2,0
BRDA:13,0,3,0
BRDA:14,1,0,0
BRDA:14,1,1,0
BRDA:14,1,2,0
BRDA:16,2,0,0
BRDA:16,2,1,0
BRDA:18,3,0,0
BRDA:18,3,1,0
BRDA:34,4,0,0
BRDA:34,4,1,0
BRDA:43,5,0,0
BRDA:43,5,1,0
BRDA:44,6,0,0
BRDA:44,6,1,0
BRDA:45,7,0,0
BRDA:45,7,1,0
BRDA:45,8,0,0
BRDA:45,8,1,0
BRDA:47,9,0,0
BRDA:47,9,1,0
BRDA:47,10,0,0
BRDA:47,10,1,0
BRDA:55,11,0,0
BRDA:55,11,1,0
BRDA:55,12,0,0
BRDA:55,12,1,0
BRDA:68,13,0,0
BRDA:68,13,1,0
BRDA:69,14,0,0
BRDA:69,14,1,0
BRDA:9,15,0,0
BRDA:9,15,1,0
BRDA:9,16,0,0
BRDA:9,16,1,0
BRF:37
BRH:0
end_of_record
TN:
SF:src\common\ws\ws-route-registry.service.ts
FN:24,(anonymous_1)
FN:34,(anonymous_2)
FNF:2
FNH:0
FNDA:0,(anonymous_1)
FNDA:0,(anonymous_2)
DA:1,0
DA:21,0
DA:22,0
DA:25,0
DA:26,0
DA:28,0
DA:29,0
DA:31,0
DA:35,0
LF:9
LH:0
BRDA:25,0,0,0
BRDA:25,0,1,0
BRDA:25,1,0,0
BRDA:25,1,1,0
BRDA:28,2,0,0
BRDA:28,2,1,0
BRF:6
BRH:0
end_of_record
TN:
SF:src\common\ws\ws-routing.module.ts
FNF:0
FNH:0
DA:1,0
DA:2,0
DA:3,0
DA:10,0
LF:4
LH:0
BRF:0
BRH:0
end_of_record
TN:
SF:src\database\entities.ts
FNF:0
FNH:0
DA:1,0
DA:2,0
DA:3,0
DA:4,0
DA:5,0
DA:6,0
DA:7,0
DA:9,0
LF:8
LH:0
BRF:0
BRH:0
end_of_record
TN:
SF:src\game\game.module.ts
FNF:0
FNH:0
DA:1,0
DA:2,0
DA:3,0
DA:8,0
LF:4
LH:0
BRF:0
BRH:0
end_of_record
TN:
SF:src\game\core\core.module.ts
FNF:0
FNH:0
DA:1,10
DA:2,10
DA:3,10
DA:4,10
DA:5,10
DA:6,10
DA:7,10
DA:8,10
DA:9,10
DA:10,10
DA:11,10
DA:12,10
DA:30,10
LF:13
LH:13
BRF:0
BRH:0
end_of_record
TN:
SF:src\game\core\services\game-core.service.ts
FN:13,(anonymous_1)
FN:44,(anonymous_2)
FN:55,(anonymous_3)
FN:65,(anonymous_4)
FN:67,(anonymous_5)
FN:77,(anonymous_6)
FN:90,(anonymous_7)
FN:94,(anonymous_8)
FNF:8
FNH:2
FNDA:0,(anonymous_1)
FNDA:91,(anonymous_2)
FNDA:80,(anonymous_3)
FNDA:0,(anonymous_4)
FNDA:0,(anonymous_5)
FNDA:0,(anonymous_6)
FNDA:0,(anonymous_7)
FNDA:0,(anonymous_8)
DA:1,11
DA:8,11
DA:9,11
DA:12,11
DA:14,0
DA:15,0
DA:20,0
DA:21,0
DA:23,0
DA:24,0
DA:27,0
DA:45,91
DA:56,80
DA:60,80
DA:61,80
DA:62,80
DA:66,0
DA:67,0
DA:68,0
DA:77,0
DA:78,0
DA:87,0
DA:91,0
DA:98,0
LF:24
LH:9
BRDA:14,0,0,0
BRDA:14,0,1,0
BRDA:16,1,0,0
BRDA:16,1,1,0
BRDA:24,2,0,0
BRDA:24,2,1,0
BRDA:36,3,0,0
BRDA:36,3,1,0
BRDA:47,4,0,91
BRDA:47,4,1,29
BRDA:48,5,0,91
BRDA:48,5,1,0
BRDA:49,6,0,62
BRDA:49,6,1,29
BRDA:50,7,0,91
BRDA:50,7,1,0
BRDA:51,8,0,5
BRDA:51,8,1,86
BRDA:91,9,0,0
BRDA:91,9,1,0
BRF:20
BRH:8
end_of_record
TN:
SF:src\game\engine\engine.module.ts
FNF:0
FNH:0
DA:1,0
DA:2,0
DA:3,0
DA:4,0
DA:5,0
DA:6,0
DA:7,0
DA:8,0
DA:9,0
DA:10,0
DA:11,0
DA:26,0
LF:12
LH:0
BRF:0
BRH:0
end_of_record
TN:
SF:src\game\engine\game-plugins.module.ts
FN:11,(anonymous_10)
FN:17,(anonymous_11)
FN:26,(anonymous_12)
FN:43,(anonymous_13)
FN:60,(anonymous_14)
FN:85,(anonymous_15)
FN:89,(anonymous_16)
FNF:7
FNH:0
FNDA:0,(anonymous_10)
FNDA:0,(anonymous_11)
FNDA:0,(anonymous_12)
FNDA:0,(anonymous_13)
FNDA:0,(anonymous_14)
FNDA:0,(anonymous_15)
FNDA:0,(anonymous_16)
DA:1,0
DA:2,0
DA:3,0
DA:8,0
DA:9,0
DA:12,0
DA:13,0
DA:14,0
DA:16,0
DA:17,0
DA:20,0
DA:27,0
DA:28,0
DA:29,0
DA:32,0
DA:34,0
DA:35,0
DA:36,0
DA:37,0
DA:38,0
DA:40,0
DA:44,0
DA:45,0
DA:52,0
DA:53,0
DA:54,0
DA:57,0
DA:61,0
DA:62,0
DA:63,0
DA:64,0
DA:65,0
DA:66,0
DA:67,0
DA:68,0
DA:69,0
DA:70,0
DA:72,0
DA:73,0
DA:74,0
DA:78,0
DA:82,0
DA:86,0
DA:87,0
DA:88,0
DA:89,0
DA:91,0
DA:92,0
DA:94,0
DA:96,0
DA:99,0
LF:51
LH:0
BRDA:13,0,0,0
BRDA:13,0,1,0
BRDA:28,1,0,0
BRDA:28,1,1,0
BRDA:46,2,0,0
BRDA:46,2,1,0
BRDA:53,3,0,0
BRDA:53,3,1,0
BRDA:53,4,0,0
BRDA:53,4,1,0
BRDA:68,5,0,0
BRDA:68,5,1,0
BRDA:72,6,0,0
BRDA:72,6,1,0
BRDA:73,7,0,0
BRDA:73,7,1,0
BRDA:74,8,0,0
BRDA:74,8,1,0
BRDA:75,9,0,0
BRDA:75,9,1,0
BRDA:89,10,0,0
BRDA:89,10,1,0
BRDA:91,11,0,0
BRDA:91,11,1,0
BRDA:97,12,0,0
BRDA:97,12,1,0
BRF:26
BRH:0
end_of_record
TN:
SF:src\game\engine\game-registry.module.ts
FNF:0
FNH:0
DA:1,10
DA:2,10
DA:9,10
LF:3
LH:3
BRF:0
BRH:0
end_of_record
TN:
SF:src\game\engine\abstract\abstract-game.service.ts
FN:33,(anonymous_2)
FN:39,(anonymous_3)
FN:66,(anonymous_4)
FN:74,(anonymous_5)
FN:75,(anonymous_6)
FN:83,(anonymous_7)
FN:96,(anonymous_8)
FN:101,(anonymous_9)
FN:108,(anonymous_10)
FN:117,(anonymous_11)
FN:124,(anonymous_12)
FNF:11
FNH:3
FNDA:7,(anonymous_2)
FNDA:0,(anonymous_3)
FNDA:35,(anonymous_4)
FNDA:0,(anonymous_5)
FNDA:0,(anonymous_6)
FNDA:0,(anonymous_7)
FNDA:0,(anonymous_8)
FNDA:0,(anonymous_9)
FNDA:0,(anonymous_10)
FNDA:35,(anonymous_11)
FNDA:0,(anonymous_12)
DA:1,7
DA:8,7
DA:21,7
DA:33,7
DA:40,0
DA:67,35
DA:68,35
DA:75,0
DA:76,0
DA:84,0
DA:85,0
DA:86,0
DA:88,0
DA:89,0
DA:100,0
DA:101,0
DA:109,0
DA:110,0
DA:111,0
DA:118,35
DA:125,0
LF:21
LH:7
BRDA:68,0,0,0
BRDA:68,0,1,35
BRDA:75,1,0,0
BRDA:75,1,1,0
BRDA:76,2,0,0
BRDA:76,2,1,0
BRDA:84,3,0,0
BRDA:84,3,1,0
BRDA:85,4,0,0
BRDA:85,4,1,0
BRDA:100,5,0,0
BRDA:100,5,1,0
BRDA:101,6,0,0
BRDA:101,6,1,0
BRDA:109,7,0,0
BRDA:109,7,1,0
BRDA:110,8,0,0
BRDA:110,8,1,0
BRDA:118,9,0,35
BRDA:118,9,1,0
BRDA:125,10,0,0
BRDA:125,10,1,0
BRDA:33,11,0,7
BRDA:33,11,1,0
BRDA:33,12,0,7
BRDA:33,12,1,7
BRF:26
BRH:5
end_of_record
TN:
SF:src\game\engine\abstract\base-presenter.service.ts
FN:26,(anonymous_0)
FN:59,(anonymous_1)
FN:88,(anonymous_2)
FN:93,(anonymous_3)
FN:108,(anonymous_4)
FN:118,(anonymous_5)
FN:128,(anonymous_6)
FN:138,(anonymous_7)
FN:148,(anonymous_8)
FN:177,(anonymous_9)
FN:195,(anonymous_10)
FN:229,(anonymous_11)
FN:265,(anonymous_12)
FNF:13
FNH:11
FNDA:4,(anonymous_0)
FNDA:4,(anonymous_1)
FNDA:8,(anonymous_2)
FNDA:29,(anonymous_3)
FNDA:29,(anonymous_4)
FNDA:13,(anonymous_5)
FNDA:9,(anonymous_6)
FNDA:21,(anonymous_7)
FNDA:8,(anonymous_8)
FNDA:0,(anonymous_9)
FNDA:4,(anonymous_10)
FNDA:4,(anonymous_11)
FNDA:0,(anonymous_12)
DA:15,4
DA:30,4
DA:31,4
DA:32,4
DA:34,4
DA:35,4
DA:36,4
DA:37,4
DA:39,4
DA:64,4
DA:65,4
DA:66,4
DA:68,4
DA:69,4
DA:70,4
DA:71,4
DA:73,4
DA:93,29
DA:109,29
DA:119,13
DA:129,9
DA:139,21
DA:149,8
DA:150,8
DA:181,0
DA:199,4
DA:235,4
DA:271,0
LF:28
LH:26
BRDA:34,0,0,4
BRDA:34,0,1,1
BRDA:68,1,0,4
BRDA:68,1,1,4
BRDA:96,2,0,29
BRDA:96,2,1,10
BRDA:119,3,0,13
BRDA:119,3,1,0
BRDA:129,4,0,9
BRDA:129,4,1,0
BRDA:139,5,0,21
BRDA:139,5,1,0
BRDA:150,6,0,0
BRDA:150,6,1,8
BRDA:150,7,0,8
BRDA:150,7,1,0
BRF:16
BRH:11
end_of_record
TN:
SF:src\game\engine\dto\game-action.dto.ts
FN:30,(anonymous_2)
FNF:1
FNH:0
FNDA:0,(anonymous_2)
DA:1,0
DA:2,0
DA:14,0
DA:16,0
DA:20,0
DA:24,0
DA:27,0
DA:30,0
DA:31,0
LF:9
LH:0
BRDA:20,0,0,0
BRDA:20,0,1,0
BRDA:20,1,0,0
BRDA:20,1,1,0
BRDA:24,2,0,0
BRDA:24,2,1,0
BRDA:24,3,0,0
BRDA:24,3,1,0
BRF:8
BRH:0
end_of_record
TN:
SF:src\game\engine\dto\validated-action.dto.ts
FN:47,(anonymous_2)
FN:59,validateAction
FN:90,validateActions
FN:135,formatValidationErrors
FN:153,sanitizeAction
FN:174,sanitizePayload
FN:207,(anonymous_8)
FNF:7
FNH:6
FNDA:0,(anonymous_2)
FNDA:11,validateAction
FNDA:3,validateActions
FNDA:4,formatValidationErrors
FNDA:5,sanitizeAction
FNDA:11,sanitizePayload
FNDA:100,(anonymous_8)
DA:1,2
DA:12,2
DA:13,2
DA:18,2
DA:25,2
DA:31,2
DA:35,2
DA:39,2
DA:45,2
DA:47,0
DA:48,2
DA:59,2
DA:63,11
DA:64,11
DA:70,11
DA:71,4
DA:72,4
DA:79,7
DA:90,2
DA:94,3
DA:95,1
DA:102,2
DA:103,2
DA:105,2
DA:106,4
DA:107,4
DA:111,3
DA:113,1
DA:114,1
DA:116,0
DA:121,2
DA:122,1
DA:129,1
DA:136,4
DA:138,4
DA:139,4
DA:140,4
DA:142,4
DA:143,0
DA:147,4
DA:153,2
DA:156,5
DA:160,5
DA:161,5
DA:164,5
DA:165,0
DA:168,5
DA:178,11
DA:179,11
DA:181,11
DA:182,1
DA:185,10
DA:187,10
DA:189,12
DA:190,2
DA:194,10
DA:195,10
DA:196,1
DA:200,9
DA:201,6
DA:205,3
DA:207,1
DA:208,100
DA:209,0
DA:211,100
DA:215,2
DA:219,10
LF:67
LH:62
BRDA:35,0,0,0
BRDA:35,0,1,2
BRDA:35,1,0,2
BRDA:35,1,1,0
BRDA:39,2,0,0
BRDA:39,2,1,2
BRDA:39,3,0,2
BRDA:39,3,1,0
BRDA:61,4,0,7
BRDA:70,5,0,4
BRDA:70,5,1,7
BRDA:92,6,0,3
BRDA:94,7,0,1
BRDA:94,7,1,2
BRDA:113,8,0,1
BRDA:113,8,1,0
BRDA:121,9,0,1
BRDA:121,9,1,1
BRDA:139,10,0,4
BRDA:139,10,1,0
BRDA:142,11,0,0
BRDA:142,11,1,4
BRDA:142,12,0,4
BRDA:142,12,1,4
BRDA:160,13,0,5
BRDA:160,13,1,0
BRDA:160,14,0,5
BRDA:160,14,1,5
BRDA:164,15,0,0
BRDA:164,15,1,5
BRDA:164,16,0,5
BRDA:164,16,1,0
BRDA:176,17,0,5
BRDA:181,18,0,1
BRDA:181,18,1,10
BRDA:189,19,0,2
BRDA:189,19,1,10
BRDA:195,20,0,1
BRDA:195,20,1,9
BRDA:195,21,0,10
BRDA:195,21,1,10
BRDA:200,22,0,6
BRDA:200,22,1,3
BRDA:200,23,0,9
BRDA:200,23,1,9
BRDA:200,23,2,7
BRDA:205,24,0,1
BRDA:205,24,1,2
BRDA:208,25,0,0
BRDA:208,25,1,100
BRDA:208,26,0,100
BRDA:208,26,1,100
BRF:52
BRH:41
end_of_record
TN:
SF:src\game\engine\gateways\game.gateway.ts
FN:37,(anonymous_2)
FN:41,(anonymous_3)
FN:51,(anonymous_4)
FN:63,(anonymous_5)
FN:64,(anonymous_6)
FN:66,(anonymous_7)
FN:67,(anonymous_8)
FN:84,(anonymous_9)
FN:104,(anonymous_10)
FN:150,(anonymous_11)
FN:164,(anonymous_12)
FN:185,(anonymous_13)
FN:205,(anonymous_14)
FN:217,(anonymous_15)
FN:254,(anonymous_16)
FN:273,(anonymous_17)
FN:278,(anonymous_18)
FN:292,(anonymous_19)
FN:313,(anonymous_20)
FN:318,(anonymous_21)
FNF:20
FNH:0
FNDA:0,(anonymous_2)
FNDA:0,(anonymous_3)
FNDA:0,(anonymous_4)
FNDA:0,(anonymous_5)
FNDA:0,(anonymous_6)
FNDA:0,(anonymous_7)
FNDA:0,(anonymous_8)
FNDA:0,(anonymous_9)
FNDA:0,(anonymous_10)
FNDA:0,(anonymous_11)
FNDA:0,(anonymous_12)
FNDA:0,(anonymous_13)
FNDA:0,(anonymous_14)
FNDA:0,(anonymous_15)
FNDA:0,(anonymous_16)
FNDA:0,(anonymous_17)
FNDA:0,(anonymous_18)
FNDA:0,(anonymous_19)
FNDA:0,(anonymous_20)
FNDA:0,(anonymous_21)
DA:1,0
DA:2,0
DA:8,0
DA:9,0
DA:12,0
DA:13,0
DA:24,0
DA:28,0
DA:30,0
DA:31,0
DA:32,0
DA:33,0
DA:34,0
DA:35,0
DA:38,0
DA:39,0
DA:41,0
DA:42,0
DA:45,0
DA:52,0
DA:53,0
DA:54,0
DA:55,0
DA:57,0
DA:63,0
DA:64,0
DA:66,0
DA:67,0
DA:68,0
DA:69,0
DA:70,0
DA:71,0
DA:72,0
DA:74,0
DA:75,0
DA:80,0
DA:81,0
DA:85,0
DA:86,0
DA:87,0
DA:88,0
DA:89,0
DA:90,0
DA:91,0
DA:92,0
DA:96,0
DA:97,0
DA:98,0
DA:99,0
DA:101,0
DA:105,0
DA:106,0
DA:107,0
DA:108,0
DA:110,0
DA:111,0
DA:112,0
DA:113,0
DA:115,0
DA:116,0
DA:117,0
DA:118,0
DA:119,0
DA:121,0
DA:122,0
DA:124,0
DA:125,0
DA:127,0
DA:128,0
DA:130,0
DA:131,0
DA:133,0
DA:134,0
DA:137,0
DA:138,0
DA:146,0
DA:151,0
DA:152,0
DA:153,0
DA:154,0
DA:159,0
DA:160,0
DA:161,0
DA:165,0
DA:166,0
DA:167,0
DA:168,0
DA:169,0
DA:171,0
DA:172,0
DA:177,0
DA:182,0
DA:186,0
DA:187,0
DA:188,0
DA:189,0
DA:191,0
DA:192,0
DA:195,0
DA:202,0
DA:206,0
DA:207,0
DA:208,0
DA:209,0
DA:212,0
DA:213,0
DA:214,0
DA:218,0
DA:219,0
DA:220,0
DA:221,0
DA:222,0
DA:223,0
DA:224,0
DA:225,0
DA:227,0
DA:228,0
DA:229,0
DA:230,0
DA:232,0
DA:233,0
DA:234,0
DA:235,0
DA:236,0
DA:238,0
DA:239,0
DA:241,0
DA:244,0
DA:260,0
DA:261,0
DA:262,0
DA:264,0
DA:265,0
DA:266,0
DA:268,0
DA:269,0
DA:270,0
DA:274,0
DA:275,0
DA:279,0
DA:280,0
DA:281,0
DA:283,0
DA:284,0
DA:285,0
DA:293,0
DA:294,0
DA:295,0
DA:296,0
DA:297,0
DA:298,0
DA:299,0
DA:301,0
DA:303,0
DA:304,0
DA:306,0
DA:307,0
DA:309,0
DA:314,0
DA:315,0
DA:319,0
LF:161
LH:0
BRDA:53,0,0,0
BRDA:53,0,1,0
BRDA:68,1,0,0
BRDA:68,1,1,0
BRDA:69,2,0,0
BRDA:69,2,1,0
BRDA:70,3,0,0
BRDA:70,3,1,0
BRDA:86,4,0,0
BRDA:86,4,1,0
BRDA:86,5,0,0
BRDA:86,5,1,0
BRDA:89,6,0,0
BRDA:89,6,1,0
BRDA:91,7,0,0
BRDA:91,7,1,0
BRDA:97,8,0,0
BRDA:97,8,1,0
BRDA:106,9,0,0
BRDA:106,9,1,0
BRDA:110,10,0,0
BRDA:110,10,1,0
BRDA:110,11,0,0
BRDA:110,11,1,0
BRDA:116,12,0,0
BRDA:116,12,1,0
BRDA:119,13,0,0
BRDA:119,13,1,0
BRDA:119,13,2,0
BRDA:119,13,3,0
BRDA:119,13,4,0
BRDA:137,14,0,0
BRDA:137,14,1,0
BRDA:139,15,0,0
BRDA:139,15,1,0
BRDA:140,16,0,0
BRDA:140,16,1,0
BRDA:141,17,0,0
BRDA:141,17,1,0
BRDA:144,18,0,0
BRDA:144,18,1,0
BRDA:151,19,0,0
BRDA:151,19,1,0
BRDA:151,19,2,0
BRDA:152,20,0,0
BRDA:152,20,1,0
BRDA:165,21,0,0
BRDA:165,21,1,0
BRDA:165,21,2,0
BRDA:166,22,0,0
BRDA:166,22,1,0
BRDA:166,22,2,0
BRDA:167,23,0,0
BRDA:167,23,1,0
BRDA:167,24,0,0
BRDA:167,24,1,0
BRDA:186,25,0,0
BRDA:186,25,1,0
BRDA:186,25,2,0
BRDA:187,26,0,0
BRDA:187,26,1,0
BRDA:187,26,2,0
BRDA:188,27,0,0
BRDA:188,27,1,0
BRDA:188,28,0,0
BRDA:188,28,1,0
BRDA:192,29,0,0
BRDA:192,29,1,0
BRDA:206,30,0,0
BRDA:206,30,1,0
BRDA:206,30,2,0
BRDA:207,31,0,0
BRDA:207,31,1,0
BRDA:207,31,2,0
BRDA:208,32,0,0
BRDA:208,32,1,0
BRDA:208,33,0,0
BRDA:208,33,1,0
BRDA:220,34,0,0
BRDA:220,34,1,0
BRDA:223,35,0,0
BRDA:223,35,1,0
BRDA:228,36,0,0
BRDA:228,36,1,0
BRDA:229,37,0,0
BRDA:229,37,1,0
BRDA:232,38,0,0
BRDA:232,38,1,0
BRDA:233,39,0,0
BRDA:233,39,1,0
BRDA:247,40,0,0
BRDA:247,40,1,0
BRDA:248,41,0,0
BRDA:248,41,1,0
BRDA:249,42,0,0
BRDA:249,42,1,0
BRDA:250,43,0,0
BRDA:250,43,1,0
BRDA:260,44,0,0
BRDA:260,44,1,0
BRDA:260,45,0,0
BRDA:260,45,1,0
BRDA:265,46,0,0
BRDA:265,46,1,0
BRDA:274,47,0,0
BRDA:274,47,1,0
BRDA:279,48,0,0
BRDA:279,48,1,0
BRDA:294,49,0,0
BRDA:294,49,1,0
BRDA:296,50,0,0
BRDA:296,50,1,0
BRDA:298,51,0,0
BRDA:298,51,1,0
BRDA:298,52,0,0
BRDA:298,52,1,0
BRDA:298,52,2,0
BRDA:303,53,0,0
BRDA:303,53,1,0
BRDA:28,54,0,0
BRDA:28,54,1,0
BRDA:28,55,0,0
BRDA:28,55,1,0
BRDA:38,56,0,0
BRDA:38,56,1,0
BRDA:38,57,0,0
BRDA:38,57,1,0
BRDA:38,58,0,0
BRDA:38,58,1,0
BRDA:38,59,0,0
BRDA:38,59,1,0
BRF:131
BRH:0
end_of_record
TN:
SF:src\game\engine\services\action-dispatcher.service.ts
FN:59,(anonymous_1)
FN:76,(anonymous_2)
FN:77,(anonymous_3)
FN:90,(anonymous_4)
FN:118,(anonymous_5)
FN:127,(anonymous_6)
FN:136,(anonymous_7)
FNF:7
FNH:4
FNDA:14,(anonymous_1)
FNDA:2,(anonymous_2)
FNDA:14,(anonymous_3)
FNDA:17,(anonymous_4)
FNDA:0,(anonymous_5)
FNDA:0,(anonymous_6)
FNDA:0,(anonymous_7)
DA:1,2
DA:4,2
DA:50,2
DA:51,2
DA:60,14
DA:62,14
DA:63,0
DA:68,14
DA:77,14
DA:95,17
DA:96,17
DA:98,17
DA:99,0
DA:109,17
DA:119,0
DA:128,0
DA:137,0
LF:17
LH:12
BRDA:62,0,0,0
BRDA:62,0,1,14
BRDA:95,1,0,17
BRDA:95,1,1,0
BRDA:98,2,0,0
BRDA:98,2,1,17
BRF:6
BRH:3
end_of_record
TN:
SF:src\game\engine\services\engine-services.module.ts
FNF:0
FNH:0
DA:1,4
DA:2,4
DA:12,4
LF:3
LH:3
BRF:0
BRH:0
end_of_record
TN:
SF:src\game\engine\services\game-content-loader.service.ts
FN:72,(anonymous_10)
FN:72,(anonymous_11)
FN:81,(anonymous_12)
FN:81,(anonymous_13)
FN:97,(anonymous_14)
FN:97,(anonymous_15)
FN:98,(anonymous_16)
FN:107,(anonymous_17)
FN:107,(anonymous_18)
FN:120,(anonymous_19)
FN:120,(anonymous_20)
FN:130,(anonymous_21)
FN:130,(anonymous_22)
FN:159,(anonymous_23)
FN:211,(anonymous_24)
FN:222,(anonymous_25)
FN:233,(anonymous_26)
FN:244,(anonymous_27)
FN:256,(anonymous_28)
FN:273,(anonymous_29)
FNF:20
FNH:11
FNDA:874,(anonymous_10)
FNDA:20,(anonymous_11)
FNDA:874,(anonymous_12)
FNDA:20,(anonymous_13)
FNDA:0,(anonymous_14)
FNDA:0,(anonymous_15)
FNDA:0,(anonymous_16)
FNDA:51,(anonymous_17)
FNDA:2,(anonymous_18)
FNDA:0,(anonymous_19)
FNDA:0,(anonymous_20)
FNDA:0,(anonymous_21)
FNDA:0,(anonymous_22)
FNDA:874,(anonymous_23)
FNDA:0,(anonymous_24)
FNDA:20,(anonymous_25)
FNDA:874,(anonymous_26)
FNDA:854,(anonymous_27)
FNDA:20,(anonymous_28)
FNDA:0,(anonymous_29)
DA:1,4
DA:2,4
DA:3,4
DA:4,4
DA:64,4
DA:65,4
DA:71,4
DA:72,874
DA:73,20
DA:74,0
DA:81,874
DA:82,20
DA:83,0
DA:88,20
DA:89,0
DA:97,0
DA:98,0
DA:99,0
DA:100,0
DA:107,51
DA:108,2
DA:109,0
DA:120,0
DA:121,0
DA:122,0
DA:130,0
DA:131,0
DA:132,0
DA:160,874
DA:163,874
DA:164,854
DA:165,854
DA:166,854
DA:171,20
DA:173,20
DA:175,20
DA:178,20
DA:181,20
DA:184,20
DA:190,20
DA:191,6
DA:198,20
DA:200,0
DA:212,0
DA:213,0
DA:223,20
DA:224,20
DA:234,874
DA:245,854
DA:246,0
DA:260,20
DA:261,20
DA:262,42
DA:275,0
DA:276,0
DA:280,0
DA:281,0
LF:57
LH:35
BRDA:73,0,0,0
BRDA:73,0,1,20
BRDA:73,1,0,20
BRDA:73,1,1,20
BRDA:81,2,0,144
BRDA:82,3,0,0
BRDA:82,3,1,20
BRDA:88,4,0,0
BRDA:88,4,1,20
BRDA:88,5,0,20
BRDA:88,5,1,14
BRDA:99,6,0,0
BRDA:99,6,1,0
BRDA:108,7,0,0
BRDA:108,7,1,2
BRDA:121,8,0,0
BRDA:121,8,1,0
BRDA:121,9,0,0
BRDA:121,9,1,0
BRDA:131,10,0,0
BRDA:131,10,1,0
BRDA:131,11,0,0
BRDA:131,11,1,0
BRDA:163,12,0,854
BRDA:163,12,1,20
BRDA:165,13,0,854
BRDA:165,13,1,0
BRDA:181,14,0,0
BRDA:181,14,1,20
BRDA:190,15,0,6
BRDA:190,15,1,14
BRDA:223,16,0,20
BRDA:223,16,1,20
BRDA:245,17,0,854
BRDA:245,17,1,0
BRDA:260,18,0,0
BRDA:260,18,1,20
BRDA:275,19,0,0
BRDA:275,19,1,0
BRDA:280,20,0,0
BRDA:280,20,1,0
BRDA:280,21,0,0
BRDA:280,21,1,0
BRDA:286,22,0,0
BRDA:286,22,1,0
BRF:45
BRH:19
end_of_record
TN:
SF:src\game\engine\services\game-content.service.ts
FN:13,(anonymous_11)
FN:15,(anonymous_12)
FN:31,(anonymous_13)
FNF:3
FNH:0
FNDA:0,(anonymous_11)
FNDA:0,(anonymous_12)
FNDA:0,(anonymous_13)
DA:1,0
DA:2,0
DA:3,0
DA:6,0
DA:7,0
DA:11,0
DA:13,0
DA:16,0
DA:17,0
DA:18,0
DA:19,0
DA:21,0
DA:24,0
DA:25,0
DA:30,0
DA:31,0
DA:32,0
DA:33,0
DA:34,0
DA:35,0
DA:36,0
DA:38,0
DA:44,0
DA:45,0
DA:46,0
DA:48,0
LF:26
LH:0
BRDA:16,0,0,0
BRDA:16,0,1,0
BRDA:17,1,0,0
BRDA:17,1,1,0
BRDA:18,2,0,0
BRDA:18,2,1,0
BRDA:19,3,0,0
BRDA:19,3,1,0
BRDA:21,4,0,0
BRDA:21,4,1,0
BRDA:24,5,0,0
BRDA:24,5,1,0
BRDA:32,6,0,0
BRDA:32,6,1,0
BRDA:32,7,0,0
BRDA:32,7,1,0
BRDA:35,8,0,0
BRDA:35,8,1,0
BRDA:45,9,0,0
BRDA:45,9,1,0
BRDA:13,10,0,0
BRDA:13,10,1,0
BRDA:13,11,0,0
BRDA:13,11,1,0
BRF:24
BRH:0
end_of_record
TN:
SF:src\game\engine\services\game-engine-state.store.ts
FN:14,(anonymous_2)
FN:30,(anonymous_3)
FN:34,(anonymous_4)
FN:60,(anonymous_5)
FN:70,(anonymous_6)
FN:84,(anonymous_7)
FN:91,(anonymous_8)
FN:108,(anonymous_9)
FN:113,(anonymous_10)
FN:127,(anonymous_11)
FN:131,(anonymous_12)
FNF:11
FNH:7
FNDA:2,(anonymous_2)
FNDA:2,(anonymous_3)
FNDA:1,(anonymous_4)
FNDA:1,(anonymous_5)
FNDA:0,(anonymous_6)
FNDA:0,(anonymous_7)
FNDA:0,(anonymous_8)
FNDA:2,(anonymous_9)
FNDA:0,(anonymous_10)
FNDA:2,(anonymous_11)
FNDA:1,(anonymous_12)
DA:1,2
DA:2,2
DA:8,2
DA:9,2
DA:10,2
DA:11,2
DA:12,2
DA:14,2
DA:16,2
DA:21,2
DA:22,2
DA:24,0
DA:31,2
DA:38,1
DA:39,1
DA:40,1
DA:41,0
DA:43,1
DA:44,0
DA:46,1
DA:47,1
DA:48,1
DA:49,1
DA:50,1
DA:51,1
DA:53,0
DA:56,0
DA:65,1
DA:66,1
DA:67,1
DA:71,0
DA:72,0
DA:73,0
DA:74,0
DA:75,0
DA:77,0
DA:88,0
DA:95,0
DA:96,0
DA:97,0
DA:99,0
DA:103,0
DA:105,0
DA:109,2
DA:111,2
DA:112,2
DA:113,2
DA:114,0
DA:116,2
DA:117,2
DA:119,0
DA:123,0
DA:128,2
DA:135,1
DA:136,1
DA:137,1
DA:144,0
LF:57
LH:35
BRDA:16,0,0,2
BRDA:16,0,1,0
BRDA:16,0,2,0
BRDA:16,0,3,0
BRDA:16,0,4,0
BRDA:21,1,0,2
BRDA:21,1,1,0
BRDA:40,2,0,0
BRDA:40,2,1,1
BRDA:43,3,0,0
BRDA:43,3,1,1
BRDA:48,4,0,0
BRDA:48,4,1,1
BRDA:73,5,0,0
BRDA:73,5,1,0
BRDA:96,6,0,0
BRDA:96,6,1,0
BRDA:96,7,0,0
BRDA:96,7,1,0
BRDA:99,8,0,0
BRDA:99,8,1,0
BRDA:100,9,0,0
BRDA:100,9,1,0
BRDA:100,10,0,0
BRDA:100,10,1,0
BRDA:135,11,0,0
BRDA:135,11,1,1
BRDA:14,12,0,2
BRDA:14,12,1,0
BRDA:14,13,0,2
BRDA:14,13,1,2
BRF:31
BRH:9
end_of_record
TN:
SF:src\game\engine\services\game-engine.service.ts
FN:48,(anonymous_2)
FN:52,(anonymous_3)
FN:69,(anonymous_4)
FN:94,(anonymous_5)
FN:122,(anonymous_6)
FN:131,(anonymous_7)
FN:146,(anonymous_8)
FN:210,(anonymous_9)
FN:291,(anonymous_10)
FN:298,(anonymous_11)
FN:309,(anonymous_12)
FN:341,(anonymous_13)
FN:363,(anonymous_14)
FN:376,(anonymous_15)
FN:480,(anonymous_16)
FN:484,(anonymous_17)
FN:489,(anonymous_18)
FN:504,(anonymous_19)
FN:548,(anonymous_20)
FN:567,(anonymous_21)
FN:571,(anonymous_22)
FN:579,(anonymous_23)
FN:582,(anonymous_24)
FN:586,(anonymous_25)
FN:605,(anonymous_26)
FN:637,(anonymous_27)
FN:665,(anonymous_28)
FN:669,(anonymous_29)
FN:686,(anonymous_30)
FN:698,(anonymous_31)
FN:711,(anonymous_32)
FN:718,(anonymous_33)
FN:733,(anonymous_34)
FN:737,(anonymous_35)
FN:753,(anonymous_36)
FN:795,(anonymous_37)
FN:837,(anonymous_38)
FN:845,(anonymous_39)
FN:933,(anonymous_40)
FN:947,(anonymous_41)
FN:959,(anonymous_42)
FN:968,(anonymous_43)
FNF:42
FNH:5
FNDA:0,(anonymous_2)
FNDA:1,(anonymous_3)
FNDA:0,(anonymous_4)
FNDA:1,(anonymous_5)
FNDA:0,(anonymous_6)
FNDA:0,(anonymous_7)
FNDA:1,(anonymous_8)
FNDA:0,(anonymous_9)
FNDA:0,(anonymous_10)
FNDA:0,(anonymous_11)
FNDA:0,(anonymous_12)
FNDA:0,(anonymous_13)
FNDA:0,(anonymous_14)
FNDA:0,(anonymous_15)
FNDA:0,(anonymous_16)
FNDA:0,(anonymous_17)
FNDA:0,(anonymous_18)
FNDA:0,(anonymous_19)
FNDA:0,(anonymous_20)
FNDA:0,(anonymous_21)
FNDA:0,(anonymous_22)
FNDA:0,(anonymous_23)
FNDA:0,(anonymous_24)
FNDA:0,(anonymous_25)
FNDA:0,(anonymous_26)
FNDA:0,(anonymous_27)
FNDA:0,(anonymous_28)
FNDA:0,(anonymous_29)
FNDA:0,(anonymous_30)
FNDA:0,(anonymous_31)
FNDA:0,(anonymous_32)
FNDA:0,(anonymous_33)
FNDA:1,(anonymous_34)
FNDA:0,(anonymous_35)
FNDA:0,(anonymous_36)
FNDA:0,(anonymous_37)
FNDA:0,(anonymous_38)
FNDA:0,(anonymous_39)
FNDA:0,(anonymous_40)
FNDA:0,(anonymous_41)
FNDA:0,(anonymous_42)
FNDA:1,(anonymous_43)
DA:1,1
DA:7,1
DA:9,1
DA:15,1
DA:18,1
DA:19,1
DA:20,1
DA:21,1
DA:22,1
DA:26,1
DA:31,1
DA:34,1
DA:40,1
DA:42,1
DA:43,1
DA:44,1
DA:45,1
DA:46,1
DA:49,0
DA:53,1
DA:54,1
DA:55,1
DA:56,1
DA:57,1
DA:58,1
DA:59,1
DA:60,1
DA:72,0
DA:98,1
DA:99,0
DA:127,0
DA:128,0
DA:136,0
DA:137,0
DA:138,0
DA:143,0
DA:151,1
DA:152,1
DA:154,0
DA:155,0
DA:156,0
DA:158,0
DA:160,1
DA:161,1
DA:164,1
DA:165,1
DA:167,0
DA:168,0
DA:169,0
DA:170,0
DA:174,0
DA:180,0
DA:186,0
DA:187,0
DA:188,0
DA:193,0
DA:194,0
DA:197,0
DA:198,0
DA:199,0
DA:201,0
DA:202,0
DA:203,0
DA:210,0
DA:217,0
DA:218,0
DA:219,0
DA:224,0
DA:225,0
DA:227,0
DA:228,0
DA:229,0
DA:234,0
DA:235,0
DA:237,0
DA:242,0
DA:243,0
DA:246,0
DA:247,0
DA:252,0
DA:253,0
DA:298,0
DA:299,0
DA:316,0
DA:324,0
DA:325,0
DA:327,0
DA:328,0
DA:330,0
DA:331,0
DA:332,0
DA:334,0
DA:335,0
DA:339,0
DA:340,0
DA:341,0
DA:344,0
DA:345,0
DA:346,0
DA:347,0
DA:351,0
DA:352,0
DA:356,0
DA:357,0
DA:363,0
DA:372,0
DA:376,0
DA:395,0
DA:396,0
DA:400,0
DA:401,0
DA:402,0
DA:403,0
DA:406,0
DA:407,0
DA:408,0
DA:409,0
DA:410,0
DA:414,0
DA:415,0
DA:416,0
DA:417,0
DA:420,0
DA:421,0
DA:422,0
DA:428,0
DA:429,0
DA:431,0
DA:442,0
DA:455,0
DA:484,0
DA:485,0
DA:493,0
DA:494,0
DA:499,0
DA:500,0
DA:502,0
DA:503,0
DA:504,0
DA:506,0
DA:507,0
DA:511,0
DA:514,0
DA:516,0
DA:519,0
DA:524,0
DA:530,0
DA:531,0
DA:539,0
DA:540,0
DA:541,0
DA:544,0
DA:548,0
DA:562,0
DA:563,0
DA:564,0
DA:568,0
DA:569,0
DA:570,0
DA:571,0
DA:572,0
DA:573,0
DA:576,0
DA:580,0
DA:581,0
DA:582,0
DA:583,0
DA:591,0
DA:592,0
DA:593,0
DA:600,0
DA:601,0
DA:603,0
DA:604,0
DA:605,0
DA:606,0
DA:607,0
DA:608,0
DA:610,0
DA:611,0
DA:612,0
DA:614,0
DA:616,0
DA:617,0
DA:618,0
DA:619,0
DA:629,0
DA:630,0
DA:632,0
DA:638,0
DA:639,0
DA:640,0
DA:642,0
DA:643,0
DA:645,0
DA:646,0
DA:647,0
DA:651,0
DA:661,0
DA:663,0
DA:665,0
DA:675,0
DA:676,0
DA:678,0
DA:679,0
DA:681,0
DA:683,0
DA:686,0
DA:687,0
DA:688,0
DA:689,0
DA:693,0
DA:694,0
DA:700,0
DA:701,0
DA:703,0
DA:704,0
DA:706,0
DA:708,0
DA:711,0
DA:712,0
DA:713,0
DA:714,0
DA:722,0
DA:723,0
DA:724,0
DA:725,0
DA:727,0
DA:734,1
DA:743,0
DA:744,0
DA:745,0
DA:749,0
DA:750,0
DA:758,0
DA:760,0
DA:763,0
DA:764,0
DA:766,0
DA:767,0
DA:771,0
DA:772,0
DA:774,0
DA:775,0
DA:776,0
DA:778,0
DA:786,0
DA:791,0
DA:792,0
DA:801,0
DA:802,0
DA:803,0
DA:804,0
DA:805,0
DA:806,0
DA:808,0
DA:809,0
DA:814,0
DA:815,0
DA:821,0
DA:822,0
DA:831,0
DA:833,0
DA:837,0
DA:840,0
DA:841,0
DA:842,0
DA:843,0
DA:844,0
DA:846,0
DA:850,0
DA:859,0
DA:864,0
DA:865,0
DA:866,0
DA:867,0
DA:869,0
DA:870,0
DA:873,0
DA:874,0
DA:879,0
DA:880,0
DA:881,0
DA:882,0
DA:883,0
DA:885,0
DA:890,0
DA:891,0
DA:895,0
DA:896,0
DA:897,0
DA:903,0
DA:904,0
DA:905,0
DA:906,0
DA:913,0
DA:914,0
DA:924,0
DA:927,0
DA:930,0
DA:939,0
DA:940,0
DA:941,0
DA:944,0
DA:951,0
DA:952,0
DA:953,0
DA:954,0
DA:956,0
DA:960,0
DA:961,0
DA:962,0
DA:969,1
DA:970,1
DA:971,1
DA:975,1
DA:976,1
LF:317
LH:39
BRDA:138,0,0,0
BRDA:138,0,1,0
BRDA:140,1,0,0
BRDA:140,1,1,0
BRDA:155,2,0,0
BRDA:155,2,1,0
BRDA:160,3,0,1
BRDA:160,3,1,0
BRDA:161,4,0,1
BRDA:161,4,1,0
BRDA:161,5,0,1
BRDA:161,5,1,1
BRDA:168,6,0,0
BRDA:168,6,1,0
BRDA:169,7,0,0
BRDA:169,7,1,0
BRDA:170,8,0,0
BRDA:170,8,1,0
BRDA:174,9,0,0
BRDA:174,9,1,0
BRDA:175,10,0,0
BRDA:175,10,1,0
BRDA:175,10,2,0
BRDA:175,10,3,0
BRDA:175,10,4,0
BRDA:198,11,0,0
BRDA:198,11,1,0
BRDA:199,12,0,0
BRDA:199,12,1,0
BRDA:201,13,0,0
BRDA:201,13,1,0
BRDA:201,14,0,0
BRDA:201,14,1,0
BRDA:202,15,0,0
BRDA:202,15,1,0
BRDA:208,16,0,0
BRDA:208,16,1,0
BRDA:210,17,0,0
BRDA:210,17,1,0
BRDA:217,18,0,0
BRDA:217,18,1,0
BRDA:217,19,0,0
BRDA:217,19,1,0
BRDA:227,20,0,0
BRDA:227,20,1,0
BRDA:227,21,0,0
BRDA:227,21,1,0
BRDA:296,22,0,0
BRDA:314,23,0,0
BRDA:324,24,0,0
BRDA:324,24,1,0
BRDA:327,25,0,0
BRDA:327,25,1,0
BRDA:327,26,0,0
BRDA:327,26,1,0
BRDA:331,27,0,0
BRDA:331,27,1,0
BRDA:331,28,0,0
BRDA:331,28,1,0
BRDA:331,28,2,0
BRDA:334,29,0,0
BRDA:334,29,1,0
BRDA:334,30,0,0
BRDA:334,30,1,0
BRDA:339,31,0,0
BRDA:339,31,1,0
BRDA:344,32,0,0
BRDA:344,32,1,0
BRDA:345,33,0,0
BRDA:345,33,1,0
BRDA:345,34,0,0
BRDA:345,34,1,0
BRDA:346,35,0,0
BRDA:346,35,1,0
BRDA:351,36,0,0
BRDA:351,36,1,0
BRDA:356,37,0,0
BRDA:356,37,1,0
BRDA:361,38,0,0
BRDA:361,38,1,0
BRDA:366,39,0,0
BRDA:366,39,1,0
BRDA:368,40,0,0
BRDA:368,40,1,0
BRDA:386,41,0,0
BRDA:386,41,1,0
BRDA:386,41,2,0
BRDA:395,42,0,0
BRDA:395,42,1,0
BRDA:414,43,0,0
BRDA:414,43,1,0
BRDA:414,44,0,0
BRDA:414,44,1,0
BRDA:433,45,0,0
BRDA:433,45,1,0
BRDA:445,46,0,0
BRDA:445,46,1,0
BRDA:449,47,0,0
BRDA:449,47,1,0
BRDA:451,48,0,0
BRDA:451,48,1,0
BRDA:503,49,0,0
BRDA:503,49,1,0
BRDA:506,50,0,0
BRDA:506,50,1,0
BRDA:506,51,0,0
BRDA:506,51,1,0
BRDA:511,52,0,0
BRDA:511,52,1,0
BRDA:514,53,0,0
BRDA:514,53,1,0
BRDA:514,54,0,0
BRDA:514,54,1,0
BRDA:516,55,0,0
BRDA:516,55,1,0
BRDA:516,56,0,0
BRDA:516,56,1,0
BRDA:519,57,0,0
BRDA:519,57,1,0
BRDA:520,58,0,0
BRDA:520,58,1,0
BRDA:520,58,2,0
BRDA:530,59,0,0
BRDA:530,59,1,0
BRDA:530,60,0,0
BRDA:530,60,1,0
BRDA:534,61,0,0
BRDA:534,61,1,0
BRDA:554,62,0,0
BRDA:554,62,1,0
BRDA:563,63,0,0
BRDA:563,63,1,0
BRDA:568,64,0,0
BRDA:568,64,1,0
BRDA:572,65,0,0
BRDA:572,65,1,0
BRDA:580,66,0,0
BRDA:580,66,1,0
BRDA:581,67,0,0
BRDA:581,67,1,0
BRDA:592,68,0,0
BRDA:592,68,1,0
BRDA:593,69,0,0
BRDA:593,69,1,0
BRDA:594,70,0,0
BRDA:594,70,1,0
BRDA:594,70,2,0
BRDA:594,70,3,0
BRDA:594,70,4,0
BRDA:604,71,0,0
BRDA:604,71,1,0
BRDA:606,72,0,0
BRDA:606,72,1,0
BRDA:606,73,0,0
BRDA:606,73,1,0
BRDA:610,74,0,0
BRDA:610,74,1,0
BRDA:610,75,0,0
BRDA:610,75,1,0
BRDA:614,76,0,0
BRDA:614,76,1,0
BRDA:623,77,0,0
BRDA:623,77,1,0
BRDA:629,78,0,0
BRDA:629,78,1,0
BRDA:630,79,0,0
BRDA:630,79,1,0
BRDA:638,80,0,0
BRDA:638,80,1,0
BRDA:639,81,0,0
BRDA:639,81,1,0
BRDA:642,82,0,0
BRDA:642,82,1,0
BRDA:642,83,0,0
BRDA:642,83,1,0
BRDA:645,84,0,0
BRDA:645,84,1,0
BRDA:646,85,0,0
BRDA:646,85,1,0
BRDA:647,86,0,0
BRDA:647,86,1,0
BRDA:648,87,0,0
BRDA:648,87,1,0
BRDA:672,88,0,0
BRDA:678,89,0,0
BRDA:678,89,1,0
BRDA:683,90,0,0
BRDA:683,90,1,0
BRDA:688,91,0,0
BRDA:688,91,1,0
BRDA:688,92,0,0
BRDA:688,92,1,0
BRDA:693,93,0,0
BRDA:693,93,1,0
BRDA:693,94,0,0
BRDA:693,94,1,0
BRDA:693,94,2,0
BRDA:703,95,0,0
BRDA:703,95,1,0
BRDA:708,96,0,0
BRDA:708,96,1,0
BRDA:713,97,0,0
BRDA:713,97,1,0
BRDA:713,98,0,0
BRDA:713,98,1,0
BRDA:713,98,2,0
BRDA:724,99,0,0
BRDA:724,99,1,0
BRDA:743,100,0,0
BRDA:743,100,1,0
BRDA:747,101,0,0
BRDA:747,101,1,0
BRDA:760,102,0,0
BRDA:760,102,1,0
BRDA:763,103,0,0
BRDA:763,103,1,0
BRDA:766,104,0,0
BRDA:766,104,1,0
BRDA:775,105,0,0
BRDA:775,105,1,0
BRDA:801,106,0,0
BRDA:801,106,1,0
BRDA:802,107,0,0
BRDA:802,107,1,0
BRDA:803,108,0,0
BRDA:803,108,1,0
BRDA:804,109,0,0
BRDA:804,109,1,0
BRDA:805,110,0,0
BRDA:805,110,1,0
BRDA:808,111,0,0
BRDA:808,111,1,0
BRDA:821,112,0,0
BRDA:821,112,1,0
BRDA:826,113,0,0
BRDA:826,113,1,0
BRDA:827,114,0,0
BRDA:827,114,1,0
BRDA:828,115,0,0
BRDA:828,115,1,0
BRDA:841,116,0,0
BRDA:841,116,1,0
BRDA:841,117,0,0
BRDA:841,117,1,0
BRDA:843,118,0,0
BRDA:843,118,1,0
BRDA:845,119,0,0
BRDA:845,119,1,0
BRDA:846,120,0,0
BRDA:846,120,1,0
BRDA:852,121,0,0
BRDA:852,121,1,0
BRDA:854,122,0,0
BRDA:854,122,1,0
BRDA:855,123,0,0
BRDA:855,123,1,0
BRDA:856,124,0,0
BRDA:856,124,1,0
BRDA:869,125,0,0
BRDA:869,125,1,0
BRDA:873,126,0,0
BRDA:873,126,1,0
BRDA:873,127,0,0
BRDA:873,127,1,0
BRDA:880,128,0,0
BRDA:880,128,1,0
BRDA:881,129,0,0
BRDA:881,129,1,0
BRDA:890,130,0,0
BRDA:890,130,1,0
BRDA:896,131,0,0
BRDA:896,131,1,0
BRDA:904,132,0,0
BRDA:904,132,1,0
BRDA:909,133,0,0
BRDA:909,133,1,0
BRDA:913,134,0,0
BRDA:913,134,1,0
BRDA:913,135,0,0
BRDA:913,135,1,0
BRDA:918,136,0,0
BRDA:918,136,1,0
BRDA:919,137,0,0
BRDA:919,137,1,0
BRDA:920,138,0,0
BRDA:920,138,1,0
BRDA:924,139,0,0
BRDA:924,139,1,0
BRDA:941,140,0,0
BRDA:941,140,1,0
BRDA:951,141,0,0
BRDA:951,141,1,0
BRDA:952,142,0,0
BRDA:952,142,1,0
BRDA:953,143,0,0
BRDA:953,143,1,0
BRDA:960,144,0,0
BRDA:960,144,1,0
BRDA:961,145,0,0
BRDA:961,145,1,0
BRDA:961,146,0,0
BRDA:961,146,1,0
BRDA:963,147,0,0
BRDA:963,147,1,0
BRDA:53,148,0,1
BRDA:53,148,1,0
BRDA:53,149,0,1
BRDA:53,149,1,1
BRDA:53,150,0,1
BRDA:53,150,1,0
BRDA:53,151,0,1
BRDA:53,151,1,1
BRDA:54,152,0,1
BRDA:54,152,1,0
BRDA:54,153,0,1
BRDA:54,153,1,1
BRDA:55,154,0,1
BRDA:55,154,1,0
BRDA:55,155,0,1
BRDA:55,155,1,1
BRDA:56,156,0,1
BRDA:56,156,1,0
BRDA:56,157,0,1
BRDA:56,157,1,1
BRDA:57,158,0,1
BRDA:57,158,1,0
BRDA:57,159,0,1
BRDA:57,159,1,1
BRDA:58,160,0,1
BRDA:58,160,1,0
BRDA:58,161,0,1
BRDA:58,161,1,1
BRDA:59,162,0,1
BRDA:59,162,1,0
BRDA:59,163,0,1
BRDA:59,163,1,1
BRF:336
BRH:28
end_of_record
TN:
SF:src\game\engine\services\game-registry.service.ts
FN:18,(anonymous_11)
FN:25,(anonymous_12)
FN:29,(anonymous_13)
FN:33,(anonymous_14)
FN:37,(anonymous_15)
FN:54,(anonymous_16)
FN:65,(anonymous_17)
FN:71,(anonymous_18)
FN:89,(anonymous_19)
FN:107,(anonymous_20)
FN:127,(anonymous_21)
FN:170,(anonymous_22)
FN:179,(anonymous_23)
FNF:13
FNH:3
FNDA:10,(anonymous_11)
FNDA:30,(anonymous_12)
FNDA:10,(anonymous_13)
FNDA:0,(anonymous_14)
FNDA:0,(anonymous_15)
FNDA:0,(anonymous_16)
FNDA:0,(anonymous_17)
FNDA:0,(anonymous_18)
FNDA:0,(anonymous_19)
FNDA:0,(anonymous_20)
FNDA:0,(anonymous_21)
FNDA:0,(anonymous_22)
FNDA:0,(anonymous_23)
DA:1,11
DA:2,11
DA:3,11
DA:10,11
DA:11,10
DA:13,10
DA:14,10
DA:15,10
DA:16,10
DA:19,10
DA:20,10
DA:21,10
DA:25,30
DA:27,10
DA:29,10
DA:34,0
DA:38,0
DA:39,0
DA:42,0
DA:44,0
DA:45,0
DA:46,0
DA:50,0
DA:51,0
DA:55,0
DA:57,0
DA:60,0
DA:61,0
DA:64,0
DA:65,0
DA:66,0
DA:67,0
DA:68,0
DA:72,0
DA:73,0
DA:74,0
DA:76,0
DA:90,0
DA:91,0
DA:92,0
DA:93,0
DA:96,0
DA:97,0
DA:98,0
DA:99,0
DA:100,0
DA:101,0
DA:104,0
DA:108,0
DA:109,0
DA:110,0
DA:111,0
DA:112,0
DA:115,0
DA:116,0
DA:117,0
DA:118,0
DA:119,0
DA:120,0
DA:124,0
DA:131,0
DA:132,0
DA:133,0
DA:134,0
DA:135,0
DA:138,0
DA:140,0
DA:141,0
DA:142,0
DA:145,0
DA:148,0
DA:149,0
DA:150,0
DA:151,0
DA:153,0
DA:165,0
DA:166,0
DA:171,0
DA:172,0
DA:175,0
DA:180,0
LF:81
LH:15
BRDA:22,0,0,0
BRDA:22,0,1,10
BRDA:28,1,0,10
BRDA:28,1,1,0
BRDA:29,2,0,10
BRDA:29,2,1,10
BRDA:38,3,0,0
BRDA:38,3,1,0
BRDA:45,4,0,0
BRDA:45,4,1,0
BRDA:45,5,0,0
BRDA:45,5,1,0
BRDA:55,6,0,0
BRDA:55,6,1,0
BRDA:57,7,0,0
BRDA:57,7,1,0
BRDA:60,8,0,0
BRDA:60,8,1,0
BRDA:73,9,0,0
BRDA:73,9,1,0
BRDA:78,10,0,0
BRDA:78,10,1,0
BRDA:79,11,0,0
BRDA:79,11,1,0
BRDA:80,12,0,0
BRDA:80,12,1,0
BRDA:81,13,0,0
BRDA:81,13,1,0
BRDA:82,14,0,0
BRDA:82,14,1,0
BRDA:83,15,0,0
BRDA:83,15,1,0
BRDA:91,16,0,0
BRDA:91,16,1,0
BRDA:91,17,0,0
BRDA:91,17,1,0
BRDA:100,18,0,0
BRDA:100,18,1,0
BRDA:117,19,0,0
BRDA:117,19,1,0
BRDA:119,20,0,0
BRDA:119,20,1,0
BRDA:119,21,0,0
BRDA:119,21,1,0
BRDA:134,22,0,0
BRDA:134,22,1,0
BRDA:136,23,0,0
BRDA:136,23,1,0
BRDA:136,23,2,0
BRDA:143,24,0,0
BRDA:143,24,1,0
BRDA:143,24,2,0
BRDA:146,25,0,0
BRDA:146,25,1,0
BRDA:146,25,2,0
BRDA:148,26,0,0
BRDA:148,26,1,0
BRDA:148,26,2,0
BRDA:149,27,0,0
BRDA:149,27,1,0
BRDA:155,28,0,0
BRDA:155,28,1,0
BRDA:155,29,0,0
BRDA:155,29,1,0
BRDA:157,30,0,0
BRDA:157,30,1,0
BRDA:158,31,0,0
BRDA:158,31,1,0
BRDA:158,31,2,0
BRDA:171,32,0,0
BRDA:171,32,1,0
BRF:71
BRH:4
end_of_record
TN:
SF:src\game\games\actions\vents-infinis\mission-nemesis\mission-nemesis.module.ts
FNF:0
FNH:0
DA:1,1
DA:2,1
DA:3,1
DA:4,1
DA:5,1
DA:6,1
DA:7,1
DA:8,1
DA:9,1
DA:22,1
LF:10
LH:10
BRF:0
BRH:0
end_of_record
TN:
SF:src\game\games\actions\vents-infinis\mission-nemesis\mission-nemesis.service.ts
FN:28,(anonymous_11)
FN:39,(anonymous_12)
FN:49,(anonymous_13)
FN:53,(anonymous_14)
FN:61,(anonymous_15)
FN:68,(anonymous_16)
FN:76,(anonymous_17)
FNF:7
FNH:3
FNDA:1,(anonymous_11)
FNDA:0,(anonymous_12)
FNDA:1,(anonymous_13)
FNDA:0,(anonymous_14)
FNDA:0,(anonymous_15)
FNDA:0,(anonymous_16)
FNDA:1,(anonymous_17)
DA:1,1
DA:2,1
DA:9,1
DA:10,1
DA:11,1
DA:12,1
DA:13,1
DA:14,1
DA:17,1
DA:18,1
DA:19,1
DA:20,1
DA:21,1
DA:22,1
DA:23,1
DA:24,1
DA:25,1
DA:29,1
DA:30,1
DA:31,1
DA:32,1
DA:33,1
DA:36,1
DA:40,0
DA:41,0
DA:44,0
DA:46,0
DA:50,1
DA:57,0
DA:58,0
DA:65,0
DA:73,0
DA:77,1
LF:33
LH:25
BRDA:40,0,0,0
BRDA:40,0,1,0
BRDA:29,1,0,1
BRDA:29,1,1,0
BRDA:29,2,0,1
BRDA:29,2,1,1
BRDA:29,3,0,1
BRDA:29,3,1,0
BRDA:29,4,0,1
BRDA:29,4,1,1
BRDA:30,5,0,1
BRDA:30,5,1,0
BRDA:30,6,0,1
BRDA:30,6,1,1
BRDA:31,7,0,1
BRDA:31,7,1,0
BRDA:31,8,0,1
BRDA:31,8,1,1
BRDA:32,9,0,1
BRDA:32,9,1,0
BRDA:32,10,0,1
BRDA:32,10,1,1
BRDA:33,11,0,1
BRDA:33,11,1,0
BRDA:33,12,0,1
BRDA:33,12,1,1
BRF:26
BRH:18
end_of_record
TN:
SF:src\game\games\actions\vents-infinis\mission-nemesis\actions\mission-nemesis-action.service.ts
FN:7,(anonymous_1)
FNF:1
FNH:0
FNDA:0,(anonymous_1)
DA:1,1
DA:6,1
DA:11,0
LF:3
LH:2
BRF:0
BRH:0
end_of_record
TN:
SF:src\game\games\actions\vents-infinis\mission-nemesis\definitions\game.definition.ts
FNF:0
FNH:0
DA:2,0
DA:8,0
LF:2
LH:0
BRF:0
BRH:0
end_of_record
TN:
SF:src\game\games\actions\vents-infinis\mission-nemesis\definitions\rules.definition.ts
FNF:0
FNH:0
DA:2,0
DA:4,0
LF:2
LH:0
BRF:0
BRH:0
end_of_record
TN:
SF:src\game\games\actions\vents-infinis\mission-nemesis\definitions\victory.definition.ts
FNF:0
FNH:0
DA:1,0
LF:1
LH:0
BRF:0
BRH:0
end_of_record
TN:
SF:src\game\games\actions\vents-infinis\mission-nemesis\phases\mission-nemesis-phase.service.ts
FN:6,(anonymous_1)
FNF:1
FNH:0
FNDA:0,(anonymous_1)
DA:1,1
DA:5,1
DA:7,0
LF:3
LH:2
BRF:0
BRH:0
end_of_record
TN:
SF:src\game\games\actions\vents-infinis\mission-nemesis\presenter\mission-nemesis-presenter.service.ts
FN:8,(anonymous_1)
FNF:1
FNH:1
FNDA:1,(anonymous_1)
DA:1,1
DA:7,1
DA:9,1
DA:10,1
LF:4
LH:4
BRDA:9,0,0,1
BRDA:9,0,1,0
BRDA:14,1,0,1
BRDA:14,1,1,0
BRF:4
BRH:2
end_of_record
TN:
SF:src\game\games\actions\vents-infinis\mission-nemesis\rulebook\rulebook.ts
FN:5,getAvailableActions
FN:12,validateAction
FNF:2
FNH:0
FNDA:0,getAvailableActions
FNDA:0,validateAction
DA:3,1
DA:5,1
DA:9,0
DA:12,1
DA:16,0
DA:17,0
LF:6
LH:3
BRDA:16,0,0,0
BRDA:16,0,1,0
BRF:2
BRH:0
end_of_record
TN:
SF:src\game\games\actions\vents-infinis\mission-nemesis\setup\mission-nemesis-setup.service.ts
FN:7,(anonymous_1)
FNF:1
FNH:1
FNDA:1,(anonymous_1)
DA:1,1
DA:6,1
DA:8,1
DA:14,1
LF:4
LH:4
BRDA:9,0,0,1
BRDA:9,0,1,1
BRDA:16,1,0,1
BRDA:16,1,1,1
BRF:4
BRH:4
end_of_record
TN:
SF:src\game\games\jeux-de-cartes\vents-dansants\dame-nature\dame-nature.module.ts
FNF:0
FNH:0
DA:1,2
DA:2,2
DA:3,2
DA:4,2
DA:5,2
DA:6,2
DA:7,2
DA:8,2
DA:9,2
DA:10,2
DA:11,2
DA:12,2
DA:13,2
DA:14,2
DA:15,2
DA:16,2
DA:17,2
DA:18,2
DA:19,2
DA:55,2
LF:20
LH:20
BRF:0
BRH:0
end_of_record
TN:
SF:src\game\games\jeux-de-cartes\vents-dansants\dame-nature\dame-nature.service.ts
FN:98,(anonymous_11)
FN:120,(anonymous_12)
FN:122,(anonymous_13)
FN:136,(anonymous_14)
FN:142,(anonymous_15)
FN:156,(anonymous_16)
FN:170,(anonymous_17)
FN:183,(anonymous_18)
FN:202,(anonymous_19)
FN:234,(anonymous_20)
FN:249,(anonymous_21)
FN:285,(anonymous_22)
FN:289,(anonymous_23)
FN:302,(anonymous_24)
FN:308,(anonymous_25)
FN:333,(anonymous_26)
FN:422,(anonymous_27)
FN:429,(anonymous_28)
FN:439,(anonymous_29)
FN:451,(anonymous_30)
FN:463,(anonymous_31)
FN:472,(anonymous_32)
FN:494,(anonymous_33)
FN:502,(anonymous_34)
FN:505,(anonymous_35)
FN:507,(anonymous_36)
FN:533,(anonymous_37)
FN:553,(anonymous_38)
FN:556,(anonymous_39)
FN:617,(anonymous_40)
FN:619,(anonymous_41)
FN:632,(anonymous_42)
FN:660,(anonymous_43)
FN:728,(anonymous_44)
FN:729,(anonymous_45)
FN:751,(anonymous_46)
FN:763,(anonymous_47)
FN:777,(anonymous_48)
FN:810,(anonymous_49)
FN:826,(anonymous_50)
FN:866,(anonymous_51)
FN:871,(anonymous_52)
FN:875,(anonymous_53)
FN:883,(anonymous_54)
FN:906,(anonymous_55)
FN:945,(anonymous_56)
FN:959,(anonymous_57)
FN:960,(anonymous_58)
FN:973,(anonymous_59)
FN:992,(anonymous_60)
FN:998,(anonymous_61)
FN:1005,(anonymous_62)
FN:1008,(anonymous_63)
FN:1049,(anonymous_64)
FN:1061,(anonymous_65)
FN:1074,(anonymous_66)
FN:1077,(anonymous_67)
FN:1122,(anonymous_68)
FN:1124,(anonymous_69)
FN:1128,(anonymous_70)
FN:1138,(anonymous_71)
FN:1142,(anonymous_72)
FN:1149,(anonymous_73)
FN:1161,(anonymous_74)
FN:1187,(anonymous_75)
FNF:65
FNH:50
FNDA:2,(anonymous_11)
FNDA:2,(anonymous_12)
FNDA:7,(anonymous_13)
FNDA:5,(anonymous_14)
FNDA:4,(anonymous_15)
FNDA:0,(anonymous_16)
FNDA:0,(anonymous_17)
FNDA:1,(anonymous_18)
FNDA:0,(anonymous_19)
FNDA:70,(anonymous_20)
FNDA:14,(anonymous_21)
FNDA:28,(anonymous_22)
FNDA:14,(anonymous_23)
FNDA:35,(anonymous_24)
FNDA:35,(anonymous_25)
FNDA:35,(anonymous_26)
FNDA:0,(anonymous_27)
FNDA:27,(anonymous_28)
FNDA:0,(anonymous_29)
FNDA:0,(anonymous_30)
FNDA:7,(anonymous_31)
FNDA:9,(anonymous_32)
FNDA:5,(anonymous_33)
FNDA:6,(anonymous_34)
FNDA:5,(anonymous_35)
FNDA:24,(anonymous_36)
FNDA:4,(anonymous_37)
FNDA:4,(anonymous_38)
FNDA:8,(anonymous_39)
FNDA:2,(anonymous_40)
FNDA:2,(anonymous_41)
FNDA:2,(anonymous_42)
FNDA:2,(anonymous_43)
FNDA:1,(anonymous_44)
FNDA:1,(anonymous_45)
FNDA:11,(anonymous_46)
FNDA:13,(anonymous_47)
FNDA:6,(anonymous_48)
FNDA:9,(anonymous_49)
FNDA:35,(anonymous_50)
FNDA:62,(anonymous_51)
FNDA:142,(anonymous_52)
FNDA:34,(anonymous_53)
FNDA:14,(anonymous_54)
FNDA:35,(anonymous_55)
FNDA:1,(anonymous_56)
FNDA:1,(anonymous_57)
FNDA:2,(anonymous_58)
FNDA:1,(anonymous_59)
FNDA:0,(anonymous_60)
FNDA:0,(anonymous_61)
FNDA:0,(anonymous_62)
FNDA:0,(anonymous_63)
FNDA:0,(anonymous_64)
FNDA:0,(anonymous_65)
FNDA:0,(anonymous_66)
FNDA:0,(anonymous_67)
FNDA:52,(anonymous_68)
FNDA:81,(anonymous_69)
FNDA:11,(anonymous_70)
FNDA:1,(anonymous_71)
FNDA:4,(anonymous_72)
FNDA:5,(anonymous_73)
FNDA:10,(anonymous_74)
FNDA:0,(anonymous_75)
DA:1,2
DA:2,2
DA:11,2
DA:12,2
DA:14,2
DA:15,2
DA:16,2
DA:20,2
DA:24,2
DA:25,2
DA:26,2
DA:27,2
DA:28,2
DA:29,2
DA:31,2
DA:32,2
DA:33,2
DA:34,2
DA:35,2
DA:36,2
DA:38,2
DA:39,2
DA:40,2
DA:41,2
DA:42,2
DA:43,2
DA:85,2
DA:86,2
DA:87,2
DA:88,2
DA:89,2
DA:90,2
DA:91,2
DA:92,2
DA:94,2
DA:96,2
DA:100,2
DA:101,2
DA:102,2
DA:103,2
DA:104,2
DA:105,2
DA:106,2
DA:107,2
DA:108,2
DA:109,2
DA:110,2
DA:111,2
DA:113,2
DA:114,2
DA:122,2
DA:127,7
DA:133,7
DA:136,2
DA:140,5
DA:142,2
DA:147,4
DA:153,4
DA:156,2
DA:161,0
DA:167,0
DA:170,2
DA:175,0
DA:176,0
DA:183,2
DA:188,1
DA:189,1
DA:195,1
DA:202,2
DA:207,0
DA:213,0
DA:217,2
DA:239,70
DA:240,70
DA:251,14
DA:252,14
DA:258,14
DA:262,14
DA:263,14
DA:281,14
DA:285,28
DA:287,14
DA:288,14
DA:289,14
DA:291,14
DA:299,14
DA:306,35
DA:307,35
DA:308,35
DA:309,35
DA:311,35
DA:313,35
DA:317,0
DA:318,0
DA:319,0
DA:328,35
DA:330,35
DA:337,35
DA:339,35
DA:341,35
DA:342,35
DA:344,35
DA:349,1
DA:351,35
DA:352,35
DA:353,35
DA:354,35
DA:355,35
DA:357,35
DA:361,35
DA:362,35
DA:364,35
DA:365,35
DA:366,0
DA:373,0
DA:375,35
DA:376,18
DA:383,18
DA:385,17
DA:390,0
DA:397,0
DA:399,17
DA:400,17
DA:402,0
DA:408,0
DA:413,17
DA:414,17
DA:417,0
DA:419,17
DA:426,0
DA:433,27
DA:444,0
DA:456,0
DA:468,7
DA:469,7
DA:470,7
DA:472,9
DA:473,7
DA:475,0
DA:476,0
DA:478,7
DA:479,7
DA:480,7
DA:485,7
DA:486,7
DA:488,7
DA:489,1
DA:491,6
DA:499,5
DA:500,5
DA:502,6
DA:503,5
DA:504,5
DA:505,5
DA:506,5
DA:507,24
DA:508,5
DA:510,5
DA:511,5
DA:512,5
DA:513,5
DA:514,5
DA:520,5
DA:525,5
DA:526,5
DA:530,5
DA:538,4
DA:539,4
DA:541,4
DA:545,4
DA:550,4
DA:551,4
DA:553,4
DA:555,4
DA:556,8
DA:558,4
DA:560,0
DA:573,4
DA:574,4
DA:575,0
DA:578,4
DA:579,4
DA:580,1
DA:592,3
DA:593,1
DA:605,2
DA:606,0
DA:616,2
DA:617,2
DA:619,2
DA:620,2
DA:621,0
DA:631,2
DA:632,2
DA:634,2
DA:635,0
DA:647,2
DA:652,2
DA:660,2
DA:661,2
DA:662,1
DA:675,1
DA:676,0
DA:677,0
DA:681,0
DA:689,0
DA:694,0
DA:703,0
DA:706,1
DA:711,1
DA:723,1
DA:728,1
DA:729,1
DA:730,1
DA:731,1
DA:734,1
DA:738,1
DA:748,1
DA:752,11
DA:753,11
DA:755,11
DA:756,11
DA:758,0
DA:760,11
DA:762,11
DA:763,13
DA:765,11
DA:766,11
DA:767,11
DA:768,6
DA:771,5
DA:772,0
DA:776,5
DA:777,6
DA:779,5
DA:784,5
DA:804,5
DA:810,9
DA:811,5
DA:812,5
DA:822,5
DA:823,5
DA:827,35
DA:829,35
DA:830,35
DA:831,35
DA:867,62
DA:868,62
DA:872,142
DA:876,34
DA:877,34
DA:878,34
DA:880,0
DA:894,14
DA:895,14
DA:896,14
DA:897,14
DA:907,35
DA:908,0
DA:909,0
DA:910,0
DA:911,0
DA:936,0
DA:942,0
DA:951,1
DA:952,1
DA:953,1
DA:954,1
DA:955,0
DA:957,1
DA:958,1
DA:959,1
DA:960,2
DA:961,1
DA:962,0
DA:963,0
DA:965,1
DA:966,1
DA:967,1
DA:968,1
DA:972,1
DA:973,1
DA:974,1
DA:981,1
DA:990,1
DA:992,0
DA:993,0
DA:997,0
DA:998,0
DA:999,0
DA:1000,0
DA:1001,0
DA:1003,0
DA:1004,0
DA:1005,0
DA:1007,0
DA:1008,0
DA:1009,0
DA:1010,0
DA:1011,0
DA:1012,0
DA:1018,0
DA:1022,0
DA:1023,0
DA:1024,0
DA:1025,0
DA:1033,0
DA:1040,0
DA:1045,0
DA:1049,0
DA:1050,0
DA:1058,0
DA:1067,0
DA:1068,0
DA:1069,0
DA:1070,0
DA:1071,0
DA:1073,0
DA:1074,0
DA:1076,0
DA:1077,0
DA:1078,0
DA:1080,0
DA:1081,0
DA:1082,0
DA:1088,0
DA:1089,0
DA:1095,0
DA:1100,0
DA:1106,0
DA:1111,0
DA:1119,0
DA:1123,52
DA:1124,81
DA:1125,52
DA:1133,11
DA:1134,11
DA:1135,11
DA:1139,1
DA:1146,4
DA:1151,5
DA:1152,5
DA:1153,5
DA:1154,5
DA:1158,5
DA:1162,10
DA:1163,10
DA:1164,10
DA:1165,10
DA:1168,0
DA:1169,0
DA:1174,0
DA:1181,0
DA:1184,0
DA:1194,0
LF:355
LH:258
BRDA:131,0,0,7
BRDA:131,0,1,0
BRDA:151,1,0,4
BRDA:151,1,1,0
BRDA:165,2,0,0
BRDA:165,2,1,0
BRDA:175,3,0,0
BRDA:175,3,1,0
BRDA:188,4,0,1
BRDA:188,4,1,0
BRDA:193,5,0,1
BRDA:193,5,1,0
BRDA:211,6,0,0
BRDA:211,6,1,0
BRDA:239,7,0,70
BRDA:239,7,1,0
BRDA:241,8,0,70
BRDA:241,8,1,70
BRDA:242,9,0,70
BRDA:242,9,1,0
BRDA:243,10,0,70
BRDA:243,10,1,0
BRDA:244,11,0,70
BRDA:244,11,1,0
BRDA:253,12,0,14
BRDA:253,12,1,14
BRDA:255,13,0,0
BRDA:255,13,1,14
BRDA:255,14,0,14
BRDA:255,14,1,0
BRDA:262,15,0,14
BRDA:262,15,1,0
BRDA:266,16,0,14
BRDA:266,16,1,0
BRDA:271,17,0,14
BRDA:271,17,1,0
BRDA:274,18,0,14
BRDA:274,18,1,14
BRDA:276,19,0,14
BRDA:276,19,1,0
BRDA:287,20,0,14
BRDA:287,20,1,0
BRDA:293,21,0,14
BRDA:293,21,1,0
BRDA:295,22,0,14
BRDA:295,22,1,0
BRDA:296,23,0,14
BRDA:296,23,1,0
BRDA:313,24,0,0
BRDA:313,24,1,35
BRDA:314,25,0,35
BRDA:314,25,1,35
BRDA:318,26,0,0
BRDA:318,26,1,0
BRDA:320,27,0,0
BRDA:320,27,1,0
BRDA:321,28,0,0
BRDA:321,28,1,0
BRDA:337,29,0,0
BRDA:337,29,1,35
BRDA:344,30,0,1
BRDA:344,30,1,34
BRDA:345,31,0,35
BRDA:345,31,1,35
BRDA:345,31,2,1
BRDA:351,32,0,35
BRDA:351,32,1,0
BRDA:357,33,0,35
BRDA:357,33,1,35
BRDA:357,33,2,35
BRDA:361,34,0,35
BRDA:361,34,1,1
BRDA:361,34,2,1
BRDA:364,35,0,35
BRDA:364,35,1,18
BRDA:364,35,2,0
BRDA:365,36,0,0
BRDA:365,36,1,35
BRDA:365,37,0,35
BRDA:365,37,1,1
BRDA:365,38,0,1
BRDA:365,38,1,1
BRDA:375,39,0,18
BRDA:375,39,1,17
BRDA:375,40,0,35
BRDA:375,40,1,18
BRDA:375,40,2,18
BRDA:385,41,0,0
BRDA:385,41,1,17
BRDA:386,42,0,17
BRDA:386,42,1,1
BRDA:386,42,2,0
BRDA:388,43,0,0
BRDA:388,43,1,0
BRDA:400,44,0,0
BRDA:400,44,1,17
BRDA:400,45,0,17
BRDA:400,45,1,0
BRDA:468,46,0,7
BRDA:468,46,1,0
BRDA:470,47,0,7
BRDA:470,47,1,0
BRDA:472,48,0,7
BRDA:472,48,1,0
BRDA:473,49,0,0
BRDA:473,49,1,7
BRDA:481,50,0,7
BRDA:481,50,1,7
BRDA:483,51,0,7
BRDA:483,51,1,0
BRDA:485,52,0,7
BRDA:485,52,1,0
BRDA:488,53,0,1
BRDA:488,53,1,6
BRDA:500,54,0,5
BRDA:500,54,1,0
BRDA:502,55,0,5
BRDA:502,55,1,0
BRDA:504,56,0,0
BRDA:504,56,1,5
BRDA:504,57,0,5
BRDA:504,57,1,5
BRDA:506,58,0,0
BRDA:506,58,1,5
BRDA:510,59,0,5
BRDA:510,59,1,0
BRDA:528,60,0,5
BRDA:528,60,1,1
BRDA:541,61,0,4
BRDA:541,61,1,0
BRDA:541,61,2,0
BRDA:545,62,0,4
BRDA:545,62,1,1
BRDA:545,62,2,1
BRDA:545,62,3,1
BRDA:545,62,4,1
BRDA:551,63,0,4
BRDA:551,63,1,0
BRDA:553,64,0,4
BRDA:553,64,1,0
BRDA:555,65,0,4
BRDA:555,65,1,0
BRDA:558,66,0,0
BRDA:558,66,1,4
BRDA:558,67,0,4
BRDA:558,67,1,4
BRDA:558,67,2,4
BRDA:566,68,0,0
BRDA:566,68,1,0
BRDA:566,68,2,0
BRDA:573,69,0,4
BRDA:573,69,1,0
BRDA:574,70,0,0
BRDA:574,70,1,4
BRDA:579,71,0,1
BRDA:579,71,1,3
BRDA:586,72,0,1
BRDA:586,72,1,1
BRDA:586,72,2,0
BRDA:592,73,0,1
BRDA:592,73,1,2
BRDA:599,74,0,1
BRDA:599,74,1,1
BRDA:599,74,2,0
BRDA:605,75,0,0
BRDA:605,75,1,2
BRDA:609,76,0,0
BRDA:609,76,1,0
BRDA:609,76,2,0
BRDA:619,77,0,2
BRDA:619,77,1,0
BRDA:620,78,0,0
BRDA:620,78,1,2
BRDA:624,79,0,0
BRDA:624,79,1,0
BRDA:624,79,2,0
BRDA:631,80,0,2
BRDA:631,80,1,0
BRDA:632,81,0,2
BRDA:632,81,1,0
BRDA:634,82,0,0
BRDA:634,82,1,2
BRDA:634,83,0,2
BRDA:634,83,1,2
BRDA:641,84,0,0
BRDA:641,84,1,0
BRDA:641,84,2,0
BRDA:656,85,0,2
BRDA:656,85,1,0
BRDA:656,86,0,0
BRDA:656,86,1,0
BRDA:658,87,0,2
BRDA:658,87,1,0
BRDA:661,88,0,1
BRDA:661,88,1,1
BRDA:668,89,0,1
BRDA:668,89,1,1
BRDA:668,89,2,0
BRDA:675,90,0,0
BRDA:675,90,1,1
BRDA:690,91,0,0
BRDA:690,91,1,0
BRDA:690,91,2,0
BRDA:700,92,0,0
BRDA:700,92,1,0
BRDA:724,93,0,1
BRDA:724,93,1,1
BRDA:724,93,2,0
BRDA:729,94,0,1
BRDA:729,94,1,0
BRDA:731,95,0,1
BRDA:731,95,1,0
BRDA:744,96,0,1
BRDA:744,96,1,0
BRDA:753,97,0,0
BRDA:753,97,1,11
BRDA:755,98,0,11
BRDA:755,98,1,0
BRDA:756,99,0,0
BRDA:756,99,1,11
BRDA:756,100,0,11
BRDA:756,100,1,11
BRDA:760,101,0,11
BRDA:760,101,1,0
BRDA:762,102,0,11
BRDA:762,102,1,0
BRDA:765,103,0,11
BRDA:765,103,1,0
BRDA:767,104,0,6
BRDA:767,104,1,5
BRDA:767,105,0,11
BRDA:767,105,1,11
BRDA:771,106,0,0
BRDA:771,106,1,5
BRDA:771,107,0,5
BRDA:771,107,1,0
BRDA:776,108,0,5
BRDA:776,108,1,0
BRDA:781,109,0,5
BRDA:781,109,1,0
BRDA:794,110,0,5
BRDA:794,110,1,0
BRDA:811,111,0,5
BRDA:811,111,1,0
BRDA:829,112,0,35
BRDA:829,112,1,0
BRDA:830,113,0,35
BRDA:830,113,1,0
BRDA:838,114,0,35
BRDA:838,114,1,0
BRDA:838,114,2,0
BRDA:840,115,0,35
BRDA:840,115,1,0
BRDA:841,116,0,35
BRDA:841,116,1,0
BRDA:842,117,0,35
BRDA:842,117,1,0
BRDA:843,118,0,35
BRDA:843,118,1,0
BRDA:845,119,0,35
BRDA:845,119,1,0
BRDA:847,120,0,0
BRDA:847,120,1,0
BRDA:855,121,0,35
BRDA:855,121,1,8
BRDA:856,122,0,35
BRDA:856,122,1,35
BRDA:857,123,0,35
BRDA:857,123,1,35
BRDA:858,124,0,35
BRDA:858,124,1,17
BRDA:877,125,0,34
BRDA:877,125,1,0
BRDA:877,126,0,34
BRDA:877,126,1,34
BRDA:878,127,0,34
BRDA:878,127,1,0
BRDA:894,128,0,14
BRDA:894,128,1,0
BRDA:907,129,0,35
BRDA:907,129,1,0
BRDA:908,130,0,0
BRDA:908,130,1,0
BRDA:908,131,0,0
BRDA:908,131,1,0
BRDA:910,132,0,0
BRDA:910,132,1,0
BRDA:915,133,0,0
BRDA:915,133,1,0
BRDA:917,134,0,0
BRDA:917,134,1,0
BRDA:921,135,0,0
BRDA:921,135,1,0
BRDA:923,136,0,0
BRDA:923,136,1,0
BRDA:923,137,0,0
BRDA:923,137,1,0
BRDA:926,138,0,0
BRDA:926,138,1,0
BRDA:938,139,0,0
BRDA:938,139,1,0
BRDA:940,140,0,0
BRDA:940,140,1,0
BRDA:951,141,0,1
BRDA:951,141,1,0
BRDA:953,142,0,0
BRDA:953,142,1,1
BRDA:954,143,0,0
BRDA:954,143,1,1
BRDA:954,144,0,1
BRDA:954,144,1,1
BRDA:961,145,0,0
BRDA:961,145,1,1
BRDA:961,146,0,1
BRDA:961,146,1,1
BRDA:966,147,0,1
BRDA:966,147,1,0
BRDA:967,148,0,1
BRDA:967,148,1,0
BRDA:979,149,0,1
BRDA:979,149,1,0
BRDA:987,150,0,1
BRDA:987,150,1,0
BRDA:993,151,0,0
BRDA:993,151,1,0
BRDA:997,152,0,0
BRDA:997,152,1,0
BRDA:1003,153,0,0
BRDA:1003,153,1,0
BRDA:1007,154,0,0
BRDA:1007,154,1,0
BRDA:1024,155,0,0
BRDA:1024,155,1,0
BRDA:1046,156,0,0
BRDA:1046,156,1,0
BRDA:1055,157,0,0
BRDA:1055,157,1,0
BRDA:1067,158,0,0
BRDA:1067,158,1,0
BRDA:1069,159,0,0
BRDA:1069,159,1,0
BRDA:1070,160,0,0
BRDA:1070,160,1,0
BRDA:1070,161,0,0
BRDA:1070,161,1,0
BRDA:1076,162,0,0
BRDA:1076,162,1,0
BRDA:1078,163,0,0
BRDA:1078,163,1,0
BRDA:1079,164,0,0
BRDA:1079,164,1,0
BRDA:1088,165,0,0
BRDA:1088,165,1,0
BRDA:1091,166,0,0
BRDA:1091,166,1,0
BRDA:1097,167,0,0
BRDA:1097,167,1,0
BRDA:1097,168,0,0
BRDA:1097,168,1,0
BRDA:1097,168,2,0
BRDA:1102,169,0,0
BRDA:1102,169,1,0
BRDA:1108,170,0,0
BRDA:1108,170,1,0
BRDA:1108,171,0,0
BRDA:1108,171,1,0
BRDA:1108,171,2,0
BRDA:1117,172,0,0
BRDA:1117,172,1,0
BRDA:1125,173,0,52
BRDA:1125,173,1,0
BRDA:1133,174,0,11
BRDA:1133,174,1,0
BRDA:1151,175,0,5
BRDA:1151,175,1,0
BRDA:1152,176,0,5
BRDA:1152,176,1,0
BRDA:1162,177,0,0
BRDA:1162,177,1,10
BRDA:1162,178,0,10
BRDA:1162,178,1,0
BRDA:1164,179,0,10
BRDA:1164,179,1,0
BRDA:1164,180,0,10
BRDA:1164,180,1,0
BRDA:1168,181,0,0
BRDA:1168,181,1,0
BRDA:1172,182,0,0
BRDA:1172,182,1,0
BRDA:1181,183,0,0
BRDA:1181,183,1,0
BRDA:1191,184,0,0
BRDA:99,185,0,2
BRDA:99,185,1,0
BRDA:99,186,0,2
BRDA:99,186,1,2
BRDA:99,187,0,2
BRDA:99,187,1,0
BRDA:99,188,0,2
BRDA:99,188,1,2
BRDA:100,189,0,2
BRDA:100,189,1,0
BRDA:100,190,0,2
BRDA:100,190,1,2
BRDA:101,191,0,2
BRDA:101,191,1,0
BRDA:101,192,0,2
BRDA:101,192,1,2
BRDA:102,193,0,2
BRDA:102,193,1,0
BRDA:102,194,0,2
BRDA:102,194,1,2
BRDA:103,195,0,2
BRDA:103,195,1,0
BRDA:103,196,0,2
BRDA:103,196,1,2
BRDA:104,197,0,2
BRDA:104,197,1,0
BRDA:104,198,0,2
BRDA:104,198,1,2
BRDA:105,199,0,2
BRDA:105,199,1,0
BRDA:105,200,0,2
BRDA:105,200,1,2
BRDA:106,201,0,2
BRDA:106,201,1,0
BRDA:106,202,0,2
BRDA:106,202,1,2
BRDA:107,203,0,2
BRDA:107,203,1,0
BRDA:107,204,0,2
BRDA:107,204,1,2
BRDA:108,205,0,2
BRDA:108,205,1,0
BRDA:108,206,0,2
BRDA:108,206,1,2
BRDA:109,207,0,2
BRDA:109,207,1,0
BRDA:109,208,0,2
BRDA:109,208,1,2
BRDA:110,209,0,2
BRDA:110,209,1,0
BRDA:110,210,0,2
BRDA:110,210,1,2
BRF:444
BRH:218
end_of_record
TN:
SF:src\game\games\jeux-de-cartes\vents-dansants\dame-nature\actions\answer-ask-card.action-handler.ts
FN:11,(anonymous_0)
FN:20,(anonymous_1)
FNF:2
FNH:2
FNDA:6,(anonymous_0)
FNDA:1,(anonymous_1)
DA:10,2
DA:12,6
DA:13,6
DA:25,1
LF:4
LH:4
BRF:0
BRH:0
end_of_record
TN:
SF:src\game\games\jeux-de-cartes\vents-dansants\dame-nature\actions\answer-quiz.action-handler.ts
FN:13,(anonymous_0)
FN:21,(anonymous_1)
FNF:2
FNH:1
FNDA:2,(anonymous_0)
FNDA:0,(anonymous_1)
DA:10,2
DA:11,2
DA:14,2
DA:26,0
LF:4
LH:3
BRF:0
BRH:0
end_of_record
TN:
SF:src\game\games\jeux-de-cartes\vents-dansants\dame-nature\actions\ask-card.action-handler.ts
FN:13,(anonymous_0)
FN:21,(anonymous_1)
FNF:2
FNH:2
FNDA:2,(anonymous_0)
FNDA:4,(anonymous_1)
DA:10,2
DA:11,2
DA:14,2
DA:26,4
LF:4
LH:4
BRF:0
BRH:0
end_of_record
TN:
SF:src\game\games\jeux-de-cartes\vents-dansants\dame-nature\actions\dame-nature-action.service.ts
FN:16,(anonymous_2)
FN:24,(anonymous_3)
FN:39,(anonymous_4)
FN:204,(anonymous_5)
FN:218,(anonymous_6)
FN:250,(anonymous_7)
FN:274,(anonymous_8)
FN:278,(anonymous_9)
FN:313,(anonymous_10)
FN:355,(anonymous_11)
FNF:10
FNH:7
FNDA:2,(anonymous_2)
FNDA:15,(anonymous_3)
FNDA:7,(anonymous_4)
FNDA:1,(anonymous_5)
FNDA:6,(anonymous_6)
FNDA:0,(anonymous_7)
FNDA:0,(anonymous_8)
FNDA:0,(anonymous_9)
FNDA:1,(anonymous_10)
FNDA:1,(anonymous_11)
DA:1,2
DA:3,2
DA:4,2
DA:9,2
DA:10,2
DA:11,2
DA:12,2
DA:15,2
DA:17,2
DA:18,2
DA:19,2
DA:20,2
DA:21,2
DA:29,15
DA:30,15
DA:51,7
DA:52,0
DA:61,7
DA:62,7
DA:72,7
DA:73,0
DA:77,0
DA:82,0
DA:89,0
DA:91,7
DA:92,1
DA:96,1
DA:102,1
DA:103,1
DA:113,1
DA:115,6
DA:117,1
DA:118,0
DA:119,0
DA:125,0
DA:135,0
DA:137,1
DA:138,1
DA:149,1
DA:153,1
DA:161,1
DA:163,5
DA:164,5
DA:165,5
DA:170,5
DA:174,5
DA:175,5
DA:176,5
DA:177,1
DA:185,1
DA:191,5
DA:201,5
DA:215,1
DA:229,6
DA:230,6
DA:231,6
DA:232,6
DA:233,4
DA:234,4
DA:235,4
DA:236,4
DA:237,4
DA:238,4
DA:240,6
DA:241,6
DA:242,2
DA:247,6
DA:259,0
DA:260,0
DA:261,0
DA:272,0
DA:274,0
DA:275,0
DA:277,0
DA:278,0
DA:279,0
DA:280,0
DA:281,0
DA:282,0
DA:283,0
DA:287,0
DA:288,0
DA:289,0
DA:290,0
DA:298,0
DA:304,0
DA:306,0
DA:310,0
DA:320,1
DA:322,1
DA:323,1
DA:324,1
DA:325,1
DA:326,1
DA:330,1
DA:341,1
DA:342,0
DA:347,0
DA:352,1
DA:360,1
DA:361,1
DA:362,1
LF:102
LH:70
BRDA:29,0,0,15
BRDA:29,0,1,0
BRDA:31,1,0,15
BRDA:31,1,1,15
BRDA:32,2,0,15
BRDA:32,2,1,0
BRDA:33,3,0,15
BRDA:33,3,1,0
BRDA:34,4,0,15
BRDA:34,4,1,0
BRDA:51,5,0,0
BRDA:51,5,1,7
BRDA:51,6,0,7
BRDA:51,6,1,0
BRDA:72,7,0,0
BRDA:72,7,1,7
BRDA:91,8,0,1
BRDA:91,8,1,6
BRDA:100,9,0,1
BRDA:100,9,1,0
BRDA:110,10,0,1
BRDA:110,10,1,0
BRDA:115,11,0,1
BRDA:115,11,1,5
BRDA:117,12,0,0
BRDA:117,12,1,1
BRDA:122,13,0,0
BRDA:122,13,1,0
BRDA:123,14,0,0
BRDA:123,14,1,0
BRDA:131,15,0,0
BRDA:131,15,1,0
BRDA:144,16,0,1
BRDA:144,16,1,0
BRDA:145,17,0,1
BRDA:145,17,1,0
BRDA:159,18,0,1
BRDA:159,18,1,0
BRDA:176,19,0,1
BRDA:176,19,1,4
BRDA:232,20,0,10
BRDA:232,20,1,0
BRDA:235,21,0,0
BRDA:235,21,1,4
BRDA:241,22,0,2
BRDA:241,22,1,4
BRDA:260,23,0,0
BRDA:260,23,1,0
BRDA:260,24,0,0
BRDA:260,24,1,0
BRDA:260,24,2,0
BRDA:267,25,0,0
BRDA:267,25,1,0
BRDA:275,26,0,0
BRDA:275,26,1,0
BRDA:277,27,0,0
BRDA:277,27,1,0
BRDA:289,28,0,0
BRDA:289,28,1,0
BRDA:317,29,0,0
BRDA:320,30,0,1
BRDA:320,30,1,0
BRDA:324,31,0,1
BRDA:324,31,1,0
BRDA:324,32,0,1
BRDA:324,32,1,1
BRDA:325,33,0,1
BRDA:325,33,1,0
BRDA:341,34,0,0
BRDA:341,34,1,1
BRDA:360,35,0,1
BRDA:360,35,1,0
BRDA:17,36,0,2
BRDA:17,36,1,0
BRDA:17,37,0,2
BRDA:17,37,1,2
BRDA:17,38,0,2
BRDA:17,38,1,0
BRDA:17,39,0,2
BRDA:17,39,1,2
BRDA:18,40,0,2
BRDA:18,40,1,0
BRDA:18,41,0,2
BRDA:18,41,1,2
BRDA:19,42,0,2
BRDA:19,42,1,0
BRDA:19,43,0,2
BRDA:19,43,1,2
BRDA:20,44,0,2
BRDA:20,44,1,0
BRDA:20,45,0,2
BRDA:20,45,1,2
BRF:92
BRH:47
end_of_record
TN:
SF:src\game\games\jeux-de-cartes\vents-dansants\dame-nature\actions\dame-nature-books.service.ts
FN:8,(anonymous_2)
FN:10,(anonymous_3)
FN:23,(anonymous_4)
FN:24,(anonymous_5)
FN:25,(anonymous_6)
FN:35,(anonymous_7)
FNF:6
FNH:6
FNDA:2,(anonymous_2)
FNDA:5,(anonymous_3)
FNDA:395,(anonymous_4)
FNDA:110,(anonymous_5)
FNDA:527,(anonymous_6)
FNDA:5,(anonymous_7)
DA:1,2
DA:3,2
DA:7,2
DA:8,2
DA:20,5
DA:21,5
DA:22,5
DA:23,395
DA:24,100
DA:25,527
DA:27,100
DA:28,1
DA:31,5
DA:32,4
DA:34,1
DA:35,5
DA:36,1
DA:37,1
LF:18
LH:18
BRDA:27,0,0,1
BRDA:27,0,1,99
BRDA:27,1,0,100
BRDA:27,1,1,1
BRDA:31,2,0,4
BRDA:31,2,1,1
BRDA:8,3,0,2
BRDA:8,3,1,0
BRDA:8,4,0,2
BRDA:8,4,1,2
BRF:10
BRH:9
end_of_record
TN:
SF:src\game\games\jeux-de-cartes\vents-dansants\dame-nature\actions\dame-nature-pollution.service.ts
FN:11,(anonymous_1)
FN:15,(anonymous_2)
FN:35,(anonymous_3)
FNF:3
FNH:3
FNDA:8,(anonymous_1)
FNDA:1,(anonymous_2)
FNDA:1,(anonymous_3)
DA:1,2
DA:10,2
DA:12,8
DA:25,1
DA:26,1
DA:27,1
DA:28,1
DA:32,1
[...]
TN:
SF:src\room\dto\rooms-public.dto.ts
FNF:0
FNH:0
DA:1,0
DA:9,0
DA:13,0
DA:16,0
DA:19,0
LF:5
LH:0
BRF:0
BRH:0
end_of_record
TN:
SF:src\room\entities\room-bot.entity.ts
FN:16,(anonymous_2)
FNF:1
FNH:0
FNDA:0,(anonymous_2)
DA:1,1
DA:9,1
DA:12,1
DA:14,1
DA:16,0
DA:18,1
DA:21,1
DA:24,1
LF:8
LH:7
BRDA:18,0,0,0
BRDA:18,0,1,1
BRDA:18,1,0,1
BRDA:18,1,1,0
BRDA:24,2,0,1
BRDA:24,2,1,0
BRDA:24,3,0,1
BRDA:24,3,1,1
BRF:8
BRH:5
end_of_record
TN:
SF:src\room\entities\room-participant.entity.ts
FN:17,(anonymous_2)
FN:21,(anonymous_3)
FNF:2
FNH:0
FNDA:0,(anonymous_2)
FNDA:0,(anonymous_3)
DA:1,1
DA:9,1
DA:10,1
DA:13,1
DA:15,1
DA:17,0
DA:19,1
DA:21,0
DA:23,1
DA:26,1
DA:29,1
DA:32,1
LF:12
LH:10
BRDA:19,0,0,0
BRDA:19,0,1,1
BRDA:19,1,0,1
BRDA:19,1,1,0
BRDA:23,2,0,1
BRDA:23,2,1,0
BRDA:23,3,0,1
BRDA:23,3,1,1
BRDA:29,4,0,1
BRDA:29,4,1,0
BRDA:29,5,0,1
BRDA:29,5,1,1
BRF:12
BRH:8
end_of_record
TN:
SF:src\room\entities\room.entity.ts
FN:34,(anonymous_2)
FN:44,(anonymous_3)
FN:44,(anonymous_4)
FN:47,(anonymous_5)
FN:47,(anonymous_6)
FNF:5
FNH:0
FNDA:0,(anonymous_2)
FNDA:0,(anonymous_3)
FNDA:0,(anonymous_4)
FNDA:0,(anonymous_5)
FNDA:0,(anonymous_6)
DA:1,1
DA:10,1
DA:11,1
DA:12,1
DA:15,1
DA:17,1
DA:20,1
DA:23,1
DA:26,1
DA:29,1
DA:32,1
DA:34,0
DA:36,1
DA:39,1
DA:42,1
DA:44,0
DA:45,1
DA:47,0
DA:48,1
LF:19
LH:16
BRDA:39,0,0,1
BRDA:39,0,1,0
BRDA:39,1,0,1
BRDA:39,1,1,1
BRF:4
BRH:3
end_of_record
TN:
SF:src\room\gateways\room-directory-ws.handler.ts
FN:30,(anonymous_4)
FN:41,(anonymous_5)
FN:45,(anonymous_6)
FN:53,(anonymous_7)
FN:77,(anonymous_8)
FN:88,(anonymous_9)
FN:105,(anonymous_10)
FN:120,(anonymous_11)
FN:170,(anonymous_12)
FNF:9
FNH:0
FNDA:0,(anonymous_4)
FNDA:0,(anonymous_5)
FNDA:0,(anonymous_6)
FNDA:0,(anonymous_7)
FNDA:0,(anonymous_8)
FNDA:0,(anonymous_9)
FNDA:0,(anonymous_10)
FNDA:0,(anonymous_11)
FNDA:0,(anonymous_12)
DA:1,0
DA:6,0
DA:7,0
DA:8,0
DA:10,0
DA:11,0
DA:12,0
DA:13,0
DA:14,0
DA:18,0
DA:22,0
DA:23,0
DA:24,0
DA:25,0
DA:26,0
DA:29,0
DA:31,0
DA:32,0
DA:33,0
DA:34,0
DA:35,0
DA:36,0
DA:38,0
DA:42,0
DA:43,0
DA:44,0
DA:45,0
DA:47,0
DA:48,0
DA:53,0
DA:54,0
DA:67,0
DA:68,0
DA:70,0
DA:71,0
DA:74,0
DA:78,0
DA:79,0
DA:80,0
DA:81,0
DA:82,0
DA:89,0
DA:90,0
DA:91,0
DA:92,0
DA:93,0
DA:98,0
DA:99,0
DA:106,0
DA:107,0
DA:108,0
DA:109,0
DA:110,0
DA:114,0
DA:121,0
DA:122,0
DA:123,0
DA:127,0
DA:128,0
DA:130,0
DA:131,0
DA:133,0
DA:134,0
DA:136,0
DA:143,0
DA:144,0
DA:149,0
DA:151,0
DA:152,0
DA:164,0
DA:171,0
DA:172,0
DA:173,0
DA:174,0
DA:175,0
DA:184,0
DA:185,0
DA:187,0
DA:188,0
DA:189,0
DA:199,0
DA:205,0
DA:206,0
DA:207,0
DA:208,0
DA:214,0
LF:86
LH:0
BRDA:47,0,0,0
BRDA:47,0,1,0
BRDA:47,1,0,0
BRDA:47,1,1,0
BRDA:67,2,0,0
BRDA:67,2,1,0
BRDA:92,3,0,0
BRDA:92,3,1,0
BRDA:109,4,0,0
BRDA:109,4,1,0
BRDA:127,5,0,0
BRDA:127,5,1,0
BRDA:130,6,0,0
BRDA:130,6,1,0
BRDA:130,7,0,0
BRDA:130,7,1,0
BRDA:133,8,0,0
BRDA:133,8,1,0
BRDA:143,9,0,0
BRDA:143,9,1,0
BRDA:151,10,0,0
BRDA:151,10,1,0
BRDA:174,11,0,0
BRDA:174,11,1,0
BRDA:184,12,0,0
BRDA:184,12,1,0
BRDA:187,13,0,0
BRDA:187,13,1,0
BRDA:31,14,0,0
BRDA:31,14,1,0
BRDA:31,15,0,0
BRDA:31,15,1,0
BRDA:31,16,0,0
BRDA:31,16,1,0
BRDA:31,17,0,0
BRDA:31,17,1,0
BRDA:32,18,0,0
BRDA:32,18,1,0
BRDA:32,19,0,0
BRDA:32,19,1,0
BRDA:33,20,0,0
BRDA:33,20,1,0
BRDA:33,21,0,0
BRDA:33,21,1,0
BRDA:34,22,0,0
BRDA:34,22,1,0
BRDA:34,23,0,0
BRDA:34,23,1,0
BRDA:35,24,0,0
BRDA:35,24,1,0
BRDA:35,25,0,0
BRDA:35,25,1,0
BRDA:36,26,0,0
BRDA:36,26,1,0
BRDA:36,27,0,0
BRDA:36,27,1,0
BRF:56
BRH:0
end_of_record
TN:
SF:src\room\gateways\room-ws.registrar.ts
FN:7,(anonymous_2)
FN:12,(anonymous_3)
FN:13,(anonymous_4)
FN:16,(anonymous_5)
FN:19,(anonymous_6)
FN:22,(anonymous_7)
FN:25,(anonymous_8)
FN:28,(anonymous_9)
FNF:8
FNH:0
FNDA:0,(anonymous_2)
FNDA:0,(anonymous_3)
FNDA:0,(anonymous_4)
FNDA:0,(anonymous_5)
FNDA:0,(anonymous_6)
FNDA:0,(anonymous_7)
FNDA:0,(anonymous_8)
FNDA:0,(anonymous_9)
DA:1,0
DA:2,0
DA:3,0
DA:6,0
DA:8,0
DA:9,0
DA:13,0
DA:14,0
DA:16,0
DA:17,0
DA:19,0
DA:20,0
DA:22,0
DA:23,0
DA:25,0
DA:26,0
DA:28,0
DA:29,0
LF:18
LH:0
BRDA:8,0,0,0
BRDA:8,0,1,0
BRDA:8,1,0,0
BRDA:8,1,1,0
BRDA:8,2,0,0
BRDA:8,2,1,0
BRDA:8,3,0,0
BRDA:8,3,1,0
BRF:8
BRH:0
end_of_record
TN:
SF:src\room\gateways\room.gateway.ts
FN:30,(anonymous_4)
FN:38,(anonymous_5)
FN:49,(anonymous_6)
FN:76,(anonymous_7)
FN:113,(anonymous_8)
FN:114,(anonymous_9)
FN:121,(anonymous_10)
FN:142,(anonymous_11)
FN:145,(anonymous_12)
FN:151,(anonymous_13)
FN:169,(anonymous_14)
FN:179,(anonymous_15)
FN:210,(anonymous_16)
FN:215,(anonymous_17)
FN:230,(anonymous_18)
FN:252,(anonymous_19)
FN:286,(anonymous_20)
FN:292,(anonymous_21)
FN:298,(anonymous_22)
FN:307,(anonymous_23)
FN:317,(anonymous_24)
FN:332,(anonymous_25)
FN:391,(anonymous_26)
FN:426,(anonymous_27)
FN:458,(anonymous_28)
FN:470,(anonymous_29)
FN:480,(anonymous_30)
FN:489,(anonymous_31)
FN:32,(anonymous_32)
FNF:29
FNH:0
FNDA:0,(anonymous_4)
FNDA:0,(anonymous_5)
FNDA:0,(anonymous_6)
FNDA:0,(anonymous_7)
FNDA:0,(anonymous_8)
FNDA:0,(anonymous_9)
FNDA:0,(anonymous_10)
FNDA:0,(anonymous_11)
FNDA:0,(anonymous_12)
FNDA:0,(anonymous_13)
FNDA:0,(anonymous_14)
FNDA:0,(anonymous_15)
FNDA:0,(anonymous_16)
FNDA:0,(anonymous_17)
FNDA:0,(anonymous_18)
FNDA:0,(anonymous_19)
FNDA:0,(anonymous_20)
FNDA:0,(anonymous_21)
FNDA:0,(anonymous_22)
FNDA:0,(anonymous_23)
FNDA:0,(anonymous_24)
FNDA:0,(anonymous_25)
FNDA:0,(anonymous_26)
FNDA:0,(anonymous_27)
FNDA:0,(anonymous_28)
FNDA:0,(anonymous_29)
FNDA:0,(anonymous_30)
FNDA:0,(anonymous_31)
FNDA:0,(anonymous_32)
DA:1,0
DA:8,0
DA:9,0
DA:10,0
DA:11,0
DA:12,0
DA:13,0
DA:21,0
DA:25,0
DA:27,0
DA:28,0
DA:31,0
DA:32,0
DA:33,0
DA:35,0
DA:38,0
DA:39,0
DA:40,0
DA:43,0
DA:44,0
DA:45,0
DA:50,0
DA:51,0
DA:52,0
DA:53,0
DA:54,0
DA:57,0
DA:58,0
DA:59,0
DA:60,0
DA:61,0
DA:62,0
DA:63,0
DA:64,0
DA:67,0
DA:68,0
DA:70,0
DA:72,0
DA:73,0
DA:74,0
DA:76,0
DA:77,0
DA:78,0
DA:79,0
DA:80,0
DA:82,0
DA:83,0
DA:87,0
DA:88,0
DA:92,0
DA:100,0
DA:101,0
DA:108,0
DA:109,0
DA:111,0
DA:113,0
DA:114,0
DA:116,0
DA:117,0
DA:122,0
DA:123,0
DA:124,0
DA:125,0
DA:126,0
DA:127,0
DA:128,0
DA:129,0
DA:130,0
DA:131,0
DA:133,0
DA:137,0
DA:138,0
DA:144,0
DA:145,0
DA:151,0
DA:152,0
DA:153,0
DA:154,0
DA:155,0
DA:157,0
DA:158,0
DA:159,0
DA:160,0
DA:162,0
DA:170,0
DA:171,0
DA:172,0
DA:173,0
DA:185,0
DA:190,0
DA:191,0
DA:192,0
DA:193,0
DA:194,0
DA:195,0
DA:197,0
DA:198,0
DA:200,0
DA:201,0
DA:202,0
DA:211,0
DA:212,0
DA:216,0
DA:217,0
DA:219,0
DA:220,0
DA:222,0
DA:223,0
DA:231,0
DA:232,0
DA:233,0
DA:234,0
DA:235,0
DA:236,0
DA:237,0
DA:239,0
DA:241,0
DA:242,0
DA:244,0
DA:245,0
DA:246,0
DA:248,0
DA:257,0
DA:258,0
DA:259,0
DA:261,0
DA:262,0
DA:264,0
DA:265,0
DA:267,0
DA:268,0
DA:270,0
DA:271,0
DA:273,0
DA:274,0
DA:276,0
DA:277,0
DA:279,0
DA:280,0
DA:282,0
DA:287,0
DA:288,0
DA:289,0
DA:293,0
DA:294,0
DA:295,0
DA:299,0
DA:300,0
DA:301,0
DA:308,0
DA:309,0
DA:310,0
DA:314,0
DA:318,0
DA:319,0
DA:324,0
DA:329,0
DA:337,0
DA:338,0
DA:339,0
DA:340,0
DA:342,0
DA:343,0
DA:346,0
DA:347,0
DA:348,0
DA:349,0
DA:352,0
DA:354,0
DA:361,0
DA:363,0
DA:364,0
DA:368,0
DA:371,0
DA:372,0
DA:374,0
DA:377,0
DA:388,0
DA:397,0
DA:398,0
DA:399,0
DA:401,0
DA:407,0
DA:408,0
DA:415,0
DA:416,0
DA:417,0
DA:423,0
DA:428,0
DA:429,0
DA:430,0
DA:431,0
DA:432,0
DA:433,0
DA:434,0
DA:435,0
DA:436,0
DA:437,0
DA:442,0
DA:448,0
DA:450,0
DA:451,0
DA:455,0
DA:459,0
DA:460,0
DA:461,0
DA:462,0
DA:463,0
DA:464,0
DA:467,0
DA:471,0
DA:472,0
DA:473,0
DA:474,0
DA:475,0
DA:477,0
DA:481,0
DA:482,0
DA:483,0
DA:484,0
DA:485,0
DA:487,0
DA:489,0
DA:490,0
DA:492,0
LF:225
LH:0
BRDA:44,0,0,0
BRDA:44,0,1,0
BRDA:52,1,0,0
BRDA:52,1,1,0
BRDA:57,2,0,0
BRDA:57,2,1,0
BRDA:57,3,0,0
BRDA:57,3,1,0
BRDA:58,4,0,0
BRDA:58,4,1,0
BRDA:59,5,0,0
BRDA:59,5,1,0
BRDA:60,6,0,0
BRDA:60,6,1,0
BRDA:62,7,0,0
BRDA:62,7,1,0
BRDA:76,8,0,0
BRDA:76,8,1,0
BRDA:78,9,0,0
BRDA:78,9,1,0
BRDA:78,10,0,0
BRDA:78,10,1,0
BRDA:79,11,0,0
BRDA:79,11,1,0
BRDA:100,12,0,0
BRDA:100,12,1,0
BRDA:108,13,0,0
BRDA:108,13,1,0
BRDA:116,14,0,0
BRDA:116,14,1,0
BRDA:124,15,0,0
BRDA:124,15,1,0
BRDA:127,16,0,0
BRDA:127,16,1,0
BRDA:129,17,0,0
BRDA:129,17,1,0
BRDA:137,18,0,0
BRDA:137,18,1,0
BRDA:144,19,0,0
BRDA:144,19,1,0
BRDA:153,20,0,0
BRDA:153,20,1,0
BRDA:159,21,0,0
BRDA:159,21,1,0
BRDA:164,22,0,0
BRDA:164,22,1,0
BRDA:187,23,0,0
BRDA:187,23,1,0
BRDA:191,24,0,0
BRDA:191,24,1,0
BRDA:193,25,0,0
BRDA:193,25,1,0
BRDA:211,26,0,0
BRDA:211,26,1,0
BRDA:216,27,0,0
BRDA:216,27,1,0
BRDA:232,28,0,0
BRDA:232,28,1,0
BRDA:234,29,0,0
BRDA:234,29,1,0
BRDA:236,30,0,0
BRDA:236,30,1,0
BRDA:236,31,0,0
BRDA:236,31,1,0
BRDA:236,31,2,0
BRDA:241,32,0,0
BRDA:241,32,1,0
BRDA:258,33,0,0
BRDA:258,33,1,0
BRDA:259,34,0,0
BRDA:259,34,1,0
BRDA:259,34,2,0
BRDA:259,34,3,0
BRDA:259,34,4,0
BRDA:259,34,5,0
BRDA:259,34,6,0
BRDA:259,34,7,0
BRDA:308,35,0,0
BRDA:308,35,1,0
BRDA:318,36,0,0
BRDA:318,36,1,0
BRDA:318,36,2,0
BRDA:337,37,0,0
BRDA:337,37,1,0
BRDA:339,38,0,0
BRDA:339,38,1,0
BRDA:339,39,0,0
BRDA:339,39,1,0
BRDA:342,40,0,0
BRDA:342,40,1,0
BRDA:347,41,0,0
BRDA:347,41,1,0
BRDA:348,42,0,0
BRDA:348,42,1,0
BRDA:354,43,0,0
BRDA:354,43,1,0
BRDA:354,43,2,0
BRDA:354,43,3,0
BRDA:354,43,4,0
BRDA:354,43,5,0
BRDA:361,44,0,0
BRDA:361,44,1,0
BRDA:363,45,0,0
BRDA:363,45,1,0
BRDA:371,46,0,0
BRDA:371,46,1,0
BRDA:382,47,0,0
BRDA:382,47,1,0
BRDA:397,48,0,0
BRDA:397,48,1,0
BRDA:398,49,0,0
BRDA:398,49,1,0
BRDA:399,50,0,0
BRDA:399,50,1,0
BRDA:399,50,2,0
BRDA:401,51,0,0
BRDA:401,51,1,0
BRDA:403,52,0,0
BRDA:403,52,1,0
BRDA:407,53,0,0
BRDA:407,53,1,0
BRDA:420,54,0,0
BRDA:420,54,1,0
BRDA:428,55,0,0
BRDA:428,55,1,0
BRDA:428,55,2,0
BRDA:428,55,3,0
BRDA:429,56,0,0
BRDA:429,56,1,0
BRDA:429,56,2,0
BRDA:436,57,0,0
BRDA:436,57,1,0
BRDA:438,58,0,0
BRDA:438,58,1,0
BRDA:438,58,2,0
BRDA:443,59,0,0
BRDA:443,59,1,0
BRDA:443,59,2,0
BRDA:443,59,3,0
BRDA:450,60,0,0
BRDA:450,60,1,0
BRDA:452,61,0,0
BRDA:452,61,1,0
BRDA:459,62,0,0
BRDA:459,62,1,0
BRDA:460,63,0,0
BRDA:460,63,1,0
BRDA:461,64,0,0
BRDA:461,64,1,0
BRDA:461,65,0,0
BRDA:461,65,1,0
BRDA:463,66,0,0
BRDA:463,66,1,0
BRDA:463,67,0,0
BRDA:463,67,1,0
BRDA:473,68,0,0
BRDA:473,68,1,0
BRDA:474,69,0,0
BRDA:474,69,1,0
BRDA:483,70,0,0
BRDA:483,70,1,0
BRDA:484,71,0,0
BRDA:484,71,1,0
BRDA:489,72,0,0
BRDA:489,72,1,0
BRDA:490,73,0,0
BRDA:490,73,1,0
BRDA:25,74,0,0
BRDA:25,74,1,0
BRDA:25,75,0,0
BRDA:25,75,1,0
BRDA:151,76,0,0
BRDA:151,76,1,0
BRDA:151,77,0,0
BRDA:151,77,1,0
BRDA:31,78,0,0
BRDA:31,78,1,0
BRDA:31,79,0,0
BRDA:31,79,1,0
BRDA:31,80,0,0
BRDA:31,80,1,0
BRDA:31,81,0,0
BRDA:31,81,1,0
BRDA:33,82,0,0
BRDA:33,82,1,0
BRDA:33,83,0,0
BRDA:33,83,1,0
BRDA:34,84,0,0
BRDA:34,84,1,0
BRDA:34,85,0,0
BRDA:34,85,1,0
BRF:191
BRH:0
end_of_record
TN:
SF:src\room\services\room-invite.service.ts
FN:18,(anonymous_1)
FN:32,(anonymous_2)
FN:42,(anonymous_3)
FN:52,(anonymous_4)
FN:59,(anonymous_5)
FN:63,(anonymous_6)
FNF:6
FNH:0
FNDA:0,(anonymous_1)
FNDA:0,(anonymous_2)
FNDA:0,(anonymous_3)
FNDA:0,(anonymous_4)
FNDA:0,(anonymous_5)
FNDA:0,(anonymous_6)
DA:1,0
DA:2,0
DA:14,0
DA:15,0
DA:16,0
DA:19,0
DA:20,0
DA:28,0
DA:29,0
DA:33,0
DA:34,0
DA:35,0
DA:36,0
DA:37,0
DA:39,0
DA:43,0
DA:44,0
DA:45,0
DA:46,0
DA:49,0
DA:53,0
DA:54,0
DA:55,0
DA:56,0
DA:60,0
DA:64,0
DA:65,0
DA:66,0
DA:67,0
LF:29
LH:0
BRDA:33,0,0,0
BRDA:33,0,1,0
BRDA:34,1,0,0
BRDA:34,1,1,0
BRDA:35,2,0,0
BRDA:35,2,1,0
BRDA:45,3,0,0
BRDA:45,3,1,0
BRDA:45,4,0,0
BRDA:45,4,1,0
BRDA:54,5,0,0
BRDA:54,5,1,0
BRDA:66,6,0,0
BRDA:66,6,1,0
BRF:14
BRH:0
end_of_record
TN:
SF:src\room\services\room.service.ts
FN:26,(anonymous_4)
FN:30,(anonymous_5)
FN:37,(anonymous_6)
FN:49,(anonymous_7)
FN:84,(anonymous_8)
FN:129,(anonymous_9)
FN:183,(anonymous_10)
FN:191,(anonymous_11)
FN:205,(anonymous_12)
FN:222,(anonymous_13)
FN:230,(anonymous_14)
FN:241,(anonymous_15)
FN:251,(anonymous_16)
FN:258,(anonymous_17)
FN:259,(anonymous_18)
FN:260,(anonymous_19)
FN:266,(anonymous_20)
FN:277,(anonymous_21)
FN:285,(anonymous_22)
FN:293,(anonymous_23)
FN:304,(anonymous_24)
FN:310,(anonymous_25)
FN:314,(anonymous_26)
FN:42,(anonymous_27)
FN:44,(anonymous_28)
FNF:25
FNH:0
FNDA:0,(anonymous_4)
FNDA:0,(anonymous_5)
FNDA:0,(anonymous_6)
FNDA:0,(anonymous_7)
FNDA:0,(anonymous_8)
FNDA:0,(anonymous_9)
FNDA:0,(anonymous_10)
FNDA:0,(anonymous_11)
FNDA:0,(anonymous_12)
FNDA:0,(anonymous_13)
FNDA:0,(anonymous_14)
FNDA:0,(anonymous_15)
FNDA:0,(anonymous_16)
FNDA:0,(anonymous_17)
FNDA:0,(anonymous_18)
FNDA:0,(anonymous_19)
FNDA:0,(anonymous_20)
FNDA:0,(anonymous_21)
FNDA:0,(anonymous_22)
FNDA:0,(anonymous_23)
FNDA:0,(anonymous_24)
FNDA:0,(anonymous_25)
FNDA:0,(anonymous_26)
FNDA:0,(anonymous_27)
FNDA:0,(anonymous_28)
DA:1,1
DA:7,1
DA:8,1
DA:9,1
DA:10,1
DA:11,1
DA:12,1
DA:14,1
DA:15,1
DA:16,1
DA:17,1
DA:20,1
DA:27,0
DA:31,0
DA:32,0
DA:38,0
DA:40,0
DA:41,0
DA:42,0
DA:43,0
DA:44,0
DA:45,0
DA:46,0
DA:56,0
DA:57,0
DA:58,0
DA:60,0
DA:61,0
DA:62,0
DA:63,0
DA:65,0
DA:74,0
DA:75,0
DA:80,0
DA:81,0
DA:89,0
DA:90,0
DA:91,0
DA:93,0
DA:94,0
DA:96,0
DA:97,0
DA:98,0
DA:99,0
DA:100,0
DA:102,0
DA:105,0
DA:107,0
DA:109,0
DA:114,0
DA:118,0
DA:120,0
DA:134,0
DA:135,0
DA:136,0
DA:139,0
DA:140,0
DA:141,0
DA:143,0
DA:144,0
DA:145,0
DA:148,0
DA:149,0
DA:151,0
DA:153,0
DA:154,0
DA:155,0
DA:156,0
DA:157,0
DA:159,0
DA:160,0
DA:162,0
DA:163,0
DA:168,0
DA:169,0
DA:170,0
DA:172,0
DA:173,0
DA:178,0
DA:180,0
DA:184,0
DA:185,0
DA:186,0
DA:187,0
DA:188,0
DA:192,0
DA:193,0
DA:194,0
DA:195,0
DA:196,0
DA:197,0
DA:199,0
DA:200,0
DA:201,0
DA:202,0
DA:206,0
DA:207,0
DA:208,0
DA:209,0
DA:211,0
DA:212,0
DA:213,0
DA:214,0
DA:215,0
DA:223,0
DA:224,0
DA:225,0
DA:226,0
DA:227,0
DA:231,0
DA:235,0
DA:236,0
DA:238,0
DA:242,0
DA:251,0
DA:258,0
DA:259,0
DA:260,0
DA:267,0
DA:271,0
DA:272,0
DA:274,0
DA:278,0
DA:279,0
DA:280,0
DA:282,0
DA:286,0
DA:287,0
DA:295,0
DA:296,0
DA:298,0
DA:299,0
DA:305,0
DA:311,0
DA:315,0
DA:318,0
DA:319,0
DA:320,0
DA:322,0
DA:323,0
LF:140
LH:12
BRDA:54,0,0,0
BRDA:57,1,0,0
BRDA:57,1,1,0
BRDA:57,2,0,0
BRDA:57,2,1,0
BRDA:62,3,0,0
BRDA:62,3,1,0
BRDA:66,4,0,0
BRDA:66,4,1,0
BRDA:66,5,0,0
BRDA:66,5,1,0
BRDA:68,6,0,0
BRDA:68,6,1,0
BRDA:68,7,0,0
BRDA:68,7,1,0
BRDA:90,8,0,0
BRDA:90,8,1,0
BRDA:90,9,0,0
BRDA:90,9,1,0
BRDA:93,10,0,0
BRDA:93,10,1,0
BRDA:99,11,0,0
BRDA:99,11,1,0
BRDA:105,12,0,0
BRDA:105,12,1,0
BRDA:139,13,0,0
BRDA:139,13,1,0
BRDA:143,14,0,0
BRDA:143,14,1,0
BRDA:149,15,0,0
BRDA:149,15,1,0
BRDA:156,16,0,0
BRDA:156,16,1,0
BRDA:162,17,0,0
BRDA:162,17,1,0
BRDA:162,18,0,0
BRDA:162,18,1,0
BRDA:168,19,0,0
BRDA:168,19,1,0
BRDA:196,20,0,0
BRDA:196,20,1,0
BRDA:200,21,0,0
BRDA:200,21,1,0
BRDA:208,22,0,0
BRDA:208,22,1,0
BRDA:235,23,0,0
BRDA:235,23,1,0
BRDA:251,24,0,0
BRDA:251,24,1,0
BRDA:254,25,0,0
BRDA:254,25,1,0
BRDA:257,26,0,0
BRDA:257,26,1,0
BRDA:260,27,0,0
BRDA:260,27,1,0
BRDA:271,28,0,0
BRDA:271,28,1,0
BRDA:279,29,0,0
BRDA:279,29,1,0
BRDA:286,30,0,0
BRDA:286,30,1,0
BRDA:286,31,0,0
BRDA:286,31,1,0
BRDA:295,32,0,0
BRDA:295,32,1,0
BRDA:298,33,0,0
BRDA:298,33,1,0
BRDA:322,34,0,0
BRDA:322,34,1,0
BRDA:38,35,0,1
BRDA:38,35,1,0
BRDA:38,36,0,1
BRDA:38,36,1,1
BRDA:38,37,0,1
BRDA:38,37,1,0
BRDA:38,38,0,1
BRDA:38,38,1,1
BRDA:40,39,0,1
BRDA:40,39,1,0
BRDA:40,40,0,1
BRDA:40,40,1,1
BRDA:41,41,0,1
BRDA:41,41,1,0
BRDA:41,42,0,1
BRDA:41,42,1,1
BRDA:43,43,0,1
BRDA:43,43,1,0
BRDA:43,44,0,1
BRDA:43,44,1,1
BRDA:45,45,0,1
BRDA:45,45,1,0
BRDA:45,46,0,1
BRDA:45,46,1,1
BRF:93
BRH:18
end_of_record
TN:
SF:src\room\utils\room-directory.utils.ts
FN:15,isRoomOpenStatus
FN:22,countActiveParticipants
FN:23,(anonymous_2)
FN:26,buildPublicRoomList
FN:35,(anonymous_4)
FN:55,(anonymous_5)
FN:84,(anonymous_6)
FN:85,(anonymous_7)
FNF:8
FNH:8
FNDA:9,isRoomOpenStatus
FNDA:16,countActiveParticipants
FNDA:8,(anonymous_2)
FNDA:6,buildPublicRoomList
FNDA:12,(anonymous_4)
FNDA:7,(anonymous_5)
FNDA:1,(anonymous_6)
FNDA:6,(anonymous_7)
DA:1,1
DA:16,9
DA:17,9
DA:23,16
DA:26,1
DA:33,6
DA:34,6
DA:36,12
DA:37,0
DA:39,12
DA:40,1
DA:42,11
DA:43,1
DA:45,10
DA:46,1
DA:48,9
DA:49,0
DA:51,9
DA:52,9
DA:53,9
DA:56,7
DA:57,7
DA:58,7
DA:72,6
DA:73,6
DA:74,7
DA:75,7
DA:76,7
DA:77,1
DA:79,6
DA:83,6
DA:84,1
DA:85,6
DA:87,6
LF:34
LH:32
BRDA:16,0,0,9
BRDA:16,0,1,0
BRDA:23,1,0,16
BRDA:23,1,1,0
BRDA:36,2,0,0
BRDA:36,2,1,12
BRDA:36,3,0,12
BRDA:36,3,1,12
BRDA:39,4,0,1
BRDA:39,4,1,11
BRDA:39,5,0,12
BRDA:39,5,1,2
BRDA:42,6,0,1
BRDA:42,6,1,10
BRDA:45,7,0,1
BRDA:45,7,1,9
BRDA:48,8,0,0
BRDA:48,8,1,9
BRDA:52,9,0,9
BRDA:52,9,1,0
BRDA:57,10,0,7
BRDA:57,10,1,0
BRDA:66,11,0,0
BRDA:66,11,1,7
BRDA:74,12,0,7
BRDA:74,12,1,0
BRDA:76,13,0,1
BRDA:76,13,1,6
BRF:28
BRH:20
end_of_record
TN:
SF:src\user\user.module.ts
FNF:0
FNH:0
DA:1,0
DA:2,0
DA:3,0
DA:4,0
DA:5,0
DA:6,0
DA:7,0
DA:8,0
DA:21,0
LF:9
LH:0
BRF:0
BRH:0
end_of_record
TN:
SF:src\user\dto\login.dto.ts
FNF:0
FNH:0
DA:1,0
DA:3,0
DA:5,0
DA:9,0
LF:4
LH:0
BRF:0
BRH:0
end_of_record
TN:
SF:src\user\dto\register.dto.ts
FNF:0
FNH:0
DA:1,0
DA:10,0
DA:12,0
DA:21,0
DA:25,0
DA:29,0
LF:6
LH:0
BRF:0
BRH:0
end_of_record
TN:
SF:src\user\entities\user.entity.ts
FNF:0
FNH:0
DA:1,1
DA:9,1
DA:11,1
DA:14,1
DA:17,1
DA:20,1
DA:23,1
DA:26,1
DA:29,1
DA:32,1
DA:35,1
DA:38,1
DA:41,1
LF:13
LH:13
BRDA:41,0,0,1
BRDA:41,0,1,0
BRDA:41,1,0,1
BRDA:41,1,1,1
BRF:4
BRH:3
end_of_record
TN:
SF:src\user\services\user.auth.service.ts
FN:19,(anonymous_13)
FN:33,(anonymous_14)
FN:58,(anonymous_15)
FN:108,(anonymous_16)
FN:140,(anonymous_17)
FNF:5
FNH:0
FNDA:0,(anonymous_13)
FNDA:0,(anonymous_14)
FNDA:0,(anonymous_15)
FNDA:0,(anonymous_16)
FNDA:0,(anonymous_17)
DA:1,0
DA:7,0
DA:8,0
DA:9,0
DA:10,0
DA:11,0
DA:12,0
DA:15,0
DA:20,0
DA:21,0
DA:23,0
DA:24,0
DA:25,0
DA:29,0
DA:30,0
DA:38,0
DA:39,0
DA:40,0
DA:42,0
DA:43,0
DA:46,0
DA:47,0
DA:55,0
DA:59,0
DA:60,0
DA:61,0
DA:63,0
DA:64,0
DA:68,0
DA:69,0
DA:70,0
DA:73,0
DA:74,0
DA:76,0
DA:77,0
DA:79,0
DA:80,0
DA:82,0
DA:83,0
DA:84,0
DA:85,0
DA:90,0
DA:105,0
DA:109,0
DA:131,0
DA:132,0
DA:134,0
DA:135,0
DA:136,0
DA:141,0
DA:142,0
DA:143,0
LF:52
LH:0
BRDA:24,0,0,0
BRDA:24,0,1,0
BRDA:24,1,0,0
BRDA:24,1,1,0
BRDA:42,2,0,0
BRDA:42,2,1,0
BRDA:42,3,0,0
BRDA:42,3,1,0
BRDA:60,4,0,0
BRDA:60,4,1,0
BRDA:63,5,0,0
BRDA:63,5,1,0
BRDA:64,6,0,0
BRDA:64,6,1,0
BRDA:76,7,0,0
BRDA:76,7,1,0
BRDA:79,8,0,0
BRDA:79,8,1,0
BRDA:82,9,0,0
BRDA:82,9,1,0
BRDA:82,10,0,0
BRDA:82,10,1,0
BRDA:84,11,0,0
BRDA:84,11,1,0
BRDA:93,12,0,0
BRDA:93,12,1,0
BRDA:131,13,0,0
BRDA:131,13,1,0
BRDA:135,14,0,0
BRDA:135,14,1,0
BRDA:142,15,0,0
BRDA:142,15,1,0
BRDA:20,16,0,0
BRDA:20,16,1,0
BRDA:20,17,0,0
BRDA:20,17,1,0
BRDA:20,18,0,0
BRDA:20,18,1,0
BRDA:20,19,0,0
BRDA:20,19,1,0
BRF:40
BRH:0
end_of_record
TN:
SF:src\user\services\user.service.ts
FN:8,(anonymous_4)
FN:12,(anonymous_5)
FN:27,(anonymous_6)
FNF:3
FNH:0
FNDA:0,(anonymous_4)
FNDA:0,(anonymous_5)
FNDA:0,(anonymous_6)
DA:1,0
DA:2,0
DA:3,0
DA:4,0
DA:7,0
DA:9,0
DA:13,0
DA:28,0
DA:40,0
DA:41,0
DA:43,0
LF:11
LH:0
BRDA:40,0,0,0
BRDA:40,0,1,0
BRDA:9,1,0,0
BRDA:9,1,1,0
BRDA:9,2,0,0
BRDA:9,2,1,0
BRF:6
BRH:0
end_of_record
TN:
SF:src\user\ws\auth-ws.handler.ts
FN:9,(anonymous_2)
FN:14,(anonymous_3)
FN:20,(anonymous_4)
FNF:3
FNH:0
FNDA:0,(anonymous_2)
FNDA:0,(anonymous_3)
FNDA:0,(anonymous_4)
DA:1,0
DA:2,0
DA:3,0
DA:4,0
DA:5,0
DA:8,0
DA:10,0
DA:11,0
DA:15,0
DA:16,0
DA:17,0
DA:21,0
DA:22,0
DA:23,0
LF:14
LH:0
BRDA:10,0,0,0
BRDA:10,0,1,0
BRDA:10,1,0,0
BRDA:10,1,1,0
BRDA:10,2,0,0
BRDA:10,2,1,0
BRDA:10,3,0,0
BRDA:10,3,1,0
BRF:8
BRH:0
end_of_record
TN:
SF:src\user\ws\user-ws.handler.ts
FN:8,(anonymous_2)
FN:13,(anonymous_3)
FN:18,(anonymous_4)
FNF:3
FNH:0
FNDA:0,(anonymous_2)
FNDA:0,(anonymous_3)
FNDA:0,(anonymous_4)
DA:1,0
DA:2,0
DA:3,0
DA:4,0
DA:7,0
DA:9,0
DA:10,0
DA:14,0
DA:15,0
DA:19,0
DA:20,0
DA:21,0
LF:12
LH:0
BRDA:9,0,0,0
BRDA:9,0,1,0
BRDA:9,1,0,0
BRDA:9,1,1,0
BRDA:9,2,0,0
BRDA:9,2,1,0
BRDA:9,3,0,0
BRDA:9,3,1,0
BRF:8
BRH:0
end_of_record
TN:
SF:src\user\ws\user-ws.registrar.ts
FN:8,(anonymous_2)
FN:14,(anonymous_3)
FN:15,(anonymous_4)
FN:18,(anonymous_5)
FN:21,(anonymous_6)
FN:22,(anonymous_7)
FNF:6
FNH:0
FNDA:0,(anonymous_2)
FNDA:0,(anonymous_3)
FNDA:0,(anonymous_4)
FNDA:0,(anonymous_5)
FNDA:0,(anonymous_6)
FNDA:0,(anonymous_7)
DA:1,0
DA:2,0
DA:3,0
DA:4,0
DA:7,0
DA:9,0
DA:10,0
DA:11,0
DA:15,0
DA:16,0
DA:18,0
DA:19,0
DA:21,0
DA:22,0
DA:23,0
LF:15
LH:0
BRDA:9,0,0,0
BRDA:9,0,1,0
BRDA:9,1,0,0
BRDA:9,1,1,0
BRDA:9,2,0,0
BRDA:9,2,1,0
BRDA:9,3,0,0
BRDA:9,3,1,0
BRDA:10,4,0,0
BRDA:10,4,1,0
BRDA:10,5,0,0
BRDA:10,5,1,0
BRF:12
BRH:0
end_of_record
TN:
SF:src\user\ws\ws.dto.ts
FNF:0
FNH:0
DA:1,0
DA:3,0
DA:6,0
LF:3
LH:0
BRF:0
BRH:0
end_of_record
